абревіятура /n10
авіякомпанія /n10.p1
авіяція /n10
аґресивний /adj
аритметика /n10
Бетговен /n20.a.<+
большевицький /adj
варіянт /n20.a.p
варіяція /n10.p1
геніяльний /adj
діябет /n20
діягноз /n20.p
діягональний /adj
діягональ /n32
діяграма /n10.p1
діялект /n20.p
діяпазон /n20.p
Евромайдан /n20
Европа /n10
европейський /adj
еґалітарний /adj \
 +cs=еґалітарніший
идол /n20.a.p.ke.<
икавка /n10
икати /v2.cf.advp :imperf
инакодумець /n22.p.a.<
инакше adv
индик /n20.a.p.<>
инколи adv
иноді adv
инопланетянин /n20.a.p.<
инородець /n22.p.a.<
инший /adj
иншомовний /adj
иржавіти /v1.cf.advp :imperf
иржати /v1.cf.advp :imperf
иржа /n10
ирій /n20
ирод /n20.a.p.ke.<
інтеґрація /n10
клясичний /adj
коаліціяда /n10.p1
консулят /n20
лавреат /n20.a.p.ke.<
лямпа /n10.p1
матеріялізований /adj ^adjp:pasv:imperf:perf
матеріялізувати /v1.cf.advp.impers0 :imperf:perf
матеріялізуватися /vr1.cf.advp :imperf:perf
матеріяльний /adj
матеріял /n20.p
мікроренґен /n20.p
мітинґ /n20.p
мітичний /adj
міт /n20.p
ориґінальний /adj
переинакшений /adj ^adjp:pasv:perf
переинакшити /v1.impers0 :perf
переинакшитися /vr1 :perf
плагіят /n20
по-европейському adv
проєкт /n20.p
пропаґанда /n10
реґіональний /adj
рентґен /n20.a :xp1    # одиниця виміру; апарат
рентґен /n20 :xp2    # проміння; просвічування
Санкт-Петербурґ /n20.a
соціяльний /adj.adv
спеціялізуватися /vr1.cf.advp :imperf
спеціяльний /adj
тривіяльний /adj
уніятський /adj
уніят /n20.a.p.ke.<
хемік /n20.a.p.<
хеміотерапія /n10
хемічний /adj
хемія /n10
Юґославія /n10
