аби-м adv
абись conj:subord
аби-сь adv
абож adv
абсолюторій /n20.p
абшит /n20
автобусовий /adj
ади intj
адміраліція /n10.p1
адонічний /adj
айбо айбо conj:coord
акі conj:subord
алеж conj:coord
алілуйко /n20.p.<
альбо conj:coord
алькир /n20.a.p.ke
аляр /n20.ke
ангол /n20.a.p.ke.<
анголик /n20.a.p.<
анголя /n40.p.<
анголятко /n2n.p2.ovi.<
анголяточко /n2n.p2.ovi.<
аннамець /n22.a.p.<
аннамка /n10.p2.<
антал /n20.p
антенати /np2.<
антипко /n20.<
арідник /n20.a.p.ke.<
атентат /n20.p
ачей part
ачень part
багатоцінний /adj
багнути /v1.cf :imperf
бадіка /n10.<m
банно adv:&predic
баталіон /n20.p
батова /n10
баяти /v1.cf :imperf
бевка /n10
бездільно adv
безкомпромісово adv
безлічно adv
белендіти /v1.cf.advp :imperf
березіль /n21.a
беседа /n10.p1                          # бе́седа
бздура /n10
билень /n22.a.p
би-м part
бистрота /n10
би-сь part
би-сьмо part
би-сьте part
біжка adv
бісиця /n10.p1.ko.<
благовість /n32
благовіщення /n2n
благоліпний /adj
благоліпність /n30
благоподібний /adj
благоподібність /n30
благородіє /n2n.p1
благущий /adj
блигий /adj
блигомий /adj
бликавка /n10.p2
блиндар /n24.a.p.ke.<
блудилище /n2n.p1
боднар /n24.a.p.ku.<
бокло /n2n
болярин /n20.a.pyn.<
бомага /n10
бомбастичний /adj
босака adv
босорканя /n10.p1.<
босоркун /n20.a.p.<
ботей /n20.p
боцюн /n20.a.p.<>
боясть /n32
братанич /n20.a.p.<
брейцара /n10
бритійський /adj
бублій /n20.a.p.<
булдимка /n10.p2
бухгальтерський /adj
вагадло /n2n.p1
ваганки /np2
вагом adv
вадитися /vr1.cf.advp :imperf
вазка /n10.p2
ваканцьовий /adj
валящий /adj
вандри /np2
вандрівець /n22.a.p.<
вандрівка /n10.p2
вандрівний /adj
вандрівник /n20.a.p.<
вандрувати /v1.cf.advp :imperf
варгатий /adj
варґатий /adj
варівкий /adj
варівко adv:&predic
варстат /n20.a.p
вартний /adj
варувати /v1.cf.advp :imperf
варуватися /vr1.cf.advp :imperf
варунок /n22.p
варцаб /n20.a.p
варцаба /n10.p1
вашеський /adj
вашець /n32.<
вашецький /adj
вбийник /n20.a.p.<
вбиття /n2n
вбійництво /n2n
вбільшки adv
вбожати /v2.cf.advp :imperf
вбратий /adj :&adjp:pasv:perf
ввечорі adv:v-u
вгаватися /vr2.cf.advp :imperf
вгадництво /n2n
вдавлина /n10.p1
вдвійзі adv
вдвійці adv:v-u
вдовш adv
вдовшки adv
вдолину adv
веларій /n20.a.p.<
велико adv
великодень noun:m:v_naz/v_zna               # lim
вельон /n20.p
венгерське /n2adj1
верстачний /adj
верствак /n20.a.p.<
верчичок /n22.a.p
веселувати /v1.cf.advp :imperf
вздрівати /v2.cf.advp :imperf
взнеслий /adj :&adjp:pasv:perf
взрушити /v1.is0.it0 :perf
вибірати /v2.cf.advp :imperf
вивідка /n10
вигибти /v3 :perf
видайність /n30
видвигнути /v1 :perf
виділовий /adj
видіти /v1.cf.advp.is0 :imperf
видітися /vr1 :perf p=3
виємно adv
вижаліти /v2 :perf
визір /n20.ke
виїмково adv
вийняток /n22.p
викарати /v2.isNo :perf
викушати /v2.isNo :perf
вилочний /adj
вимантити /v1 :perf
вимикування /n2n
вимикувати /v1.cf.advp :imperf
виміна /n10.p1
вимічати /v2.cf.advp :imperf
винаймити /v1.it1 :perf
випечатати /v2.isNo :perf
вирло /n2n.p1
виробня /n10
вирощати /v2 :imperf
виряжати /v2.cf.advp :imperf
висліпати /v2 :perf
висліпувати /v1.cf.advp :imperf
висмівати /v2.cf.advp :imperf
висміватися /vr2.cf.advp :imperf
високоблагородіє /n2n.p1
високопреосвященніший /adj
високорівня /n10
високородіє /n2n.<
височиня /n10
виставовий /adj
вистіг /n20
вистреляти /v2 :perf
виступач /n20.a.p.<
витолковувати /v1.cf.advp :imperf
витрудити /v1 :perf
виховавчий /adj
виховзнути /v1 :perf
виховзнутися /vr1 :perf
виховзувати /v1.cf.advp :imperf
виховзуватися /vr1.cf.advp :imperf
виховок /n22
виходеньки /np3
вичути /v2 :perf
вишатирити /v1 :perf
вишинк /n20
вишній /adj
вівериця /n10.p1.<>
відвіт /n20
відвітний /adj
відвічальний /adj
відвічальність /n30
відвічати /v2.cf.advp :imperf
відгал /n20
відговір /n21.ke
віддалеку adv
віджалуваний /adj :&adjp:pasv:perf
віджалувати /v1.is0 :perf
відзисканий /adj
відзискання /n2n
відзискати /v2 :perf
відзискувати /v1.cf.advp :imperf
відзов /n20
відіткати /v2 :perf
відквітати /v2.cf.advp :imperf
відквітувати /v1.cf.advp :imperf
відки adv
відкись adv
відкликнути /v1 :perf
відкликнутися /vr1 :perf
відклінне /n2adj1
відклонятися /vr2.cf.advp :imperf
відкрутка /n10.p2
віднехотя adv
віднехочу adv
відогравати /v1.cf.advp :imperf
відограти /v2.isNo :perf
відпихнути /v1 :perf
відпір /n21
відповіт /n20
відповіщати /v2.cf.advp :imperf
відрібок /n22
відрізан /n20
відробітний /adj
відрятування /n2n
відрятувати /v1 :perf
відскік /n21.p
відсторона /n10
відступця /n10.p1.<m
відтам adv
відти adv
відторік adv
відумерти /v1 :perf
відумерщина /n10
відхвалюватися /vr1.cf.advp :imperf
відхватити /v1.it1 :perf
відціля adv
відчеп /n20.a.p
відчитний /adj
відьмур /n24.a.p.ke.<
візита /n10
війстя /n2n
вінувати /v1.cf.advp :imperf
вірлиний /adj
вірлиця /n10.p1.<>
вірлячий /adj
вірнянка /n10.p2.<
вірняночка /n10.p2.<
вірьовочка /n10.p2
вірьовчаний /adj
вісень /n32
вісний /adj
вісьта intj
вітериця /n10
вітець /n22.a.p.ke.<
вітливий /adj
віточка /n10.p2
вітців /adj_ev
вітчина /n10.p1
вішатель /n20.a.p.<
в'їжно в'їжно adv:&predic
в'їздовий /adj
вказівець /n22.a
вколо вколо prep|adv        # rv_rod
вконтентований /adj :&adjp:pasv:perf:v-u    # past
вконтентовувати /v1.cf.advp :imperf
вконтентовуватися /vr1.cf.advp :imperf
вконтентувати /v1.is0 :perf
вконтентуватися /vr1 :perf
вкорочати /v2.isNo :perf
властивець /n22.a.p.<
вліжно adv:&predic
вовкодух /n20.a.p.<
вогнястий /adj
воєвідство /n2n.p1
возговорити /v1 :perf
воздавати /v1.cf.advp :imperf
воздати /v3.isNo :perf
возсідати /v2.cf.advp :imperf
возсміятися /vr1.cf.advp :imperf
возьме взяти verb:perf:futr:s:3
волити /v1.cf.advp :imperf
володільник /n20.a.p.<
вольно adv
вомпити /v1.cf.advp :imperf
вонпити /v1 :perf
воплотитися /vr1.it1 :perf
воплощатися /vr1.cf.advp :imperf
воркотливий /adj
воркотливість /n30
воркотливо adv
воротній /adj
воскресення /n2n
вотще adv
воцарити /v1 :perf
воцаряти /v2.cf.advp :imperf
вош noun:f:v_naz:anim                   # lim
вперве adv
впервину adv
вперебіжку adv
впереваж adv
впирскування /n2n.p1
впирскувати /v1.cf.advp :imperf
впирснути /v1 :perf
впімнути /v1 :perf
впімнутися /vr1 :perf
вповання /n2n.p1
вповати /v2.cf.advp :imperf
вповздовж adv
впомки adv
вправді adv
врем'я /n2n
врікати /v2.cf :imperf
врічливий /adj
всилу adv:v-u
вспівати /v2.cf.advp :imperf
вспомин /n20.p
встид /n20
вступлення /n2n
втека /n10
втеком adv
втеряти /v2.isNo :perf
втіки /np2
вуголь /n22
вузьмина /n10.p1
вуй /n20.a.<
вуйна /n10.p1.<
вулень /n22.a.p
вуставка /n10.p2
вуставковий /adj
вутінка /n10.p2.<>
вутка /n10.p2.<>
вхорканий /adj :&adjp:pasv:perf:v-u    # past
вчиття /n2n
газард /n20
гайстер /n20.a.p.ke.<>
гандель /n22
гардувати /v1.cf.advp :imperf
гарматня /n10
гаслівний /adj
гаслування /n2n
гаслувати /v1.cf.advp :imperf
гейби conj:subord
гет adv|intj
гибіти /v2.cf.advp :imperf
гиндик /n20.a.p.<>
глагол /n20.p
глибочиня /n10
глітний /adj.adv
гнічений /adj
головочка /n10
голосівка /n10.p2
голосниця /n10.p1
господе господь noun:anim:m:v_kly:prop
готовизна /n10
градський /adj
громадно adv
громадяне громадянин noun:anim:p:v_naz
гряничний /adj
губземуправління /n2n.p1
гумно /n2n.p2
гурок /n22.a.p
ґердан /n20.p
ґрунь /n20.a.p
Даждьбог /n20.a.<
далебіг adv:&insert
далечиня /n10
дальніший /adj
дараба /n10.p1
дармо adv
дармовіс /n20.a.p
даромщина /n10
датка /n10.p2
двайдцять /numr
дворець /n22.p.a
д'горі adv
дебра /n10.p1
дев'ятдесят /numr
де-інде adv
дей intj
дейко noninfl:&predic
декуди adv
деревляний /adj
дзядзьо /n20.<
дивогляд /n20
дихавиця /n10
дівство /n2n
дільчий /adj
дневник /n20.a.p
Дніпр noun:m:v_naz/v_zna:prop:geo       # lim
довг /n20
довг /n20.p
довготерпливий /adj
довготерпливість /n30
довжиня /n10
довжник /n20.a.p.<
догад /n20.p
доживотність /n30
доїжджачий /adj
докіль adv|conj:subord
докладач /n20.a.p.<
доконувати /v1.cf.advp :imperf
докраю adv
долів adv
домінія /n10.p1
доперва adv|part
доправди adv
доста adv:&predic
доставати /v1.cf.advp :imperf
достати /v3 :perf
досяг /n20
дотовп /n20
драб /n20.a.<
дрожка /n10.p2
дряглий /adj
дряглість /n30
дукиня /n10.p1.<
ексцеленція /n10.p1
ефектовність /n30
єден /numr ^adj :&numr
жалуватися /vr1.cf.advp :imperf
жалько adv
жандар /n24.a.p.ke.< /n20.a.p.ke.<
жантильний /adj
жартовливий /adj.adv
жаскуватий /adj.adv
жеби conj:subord
женщина /n10.p1.<
жерело /n2n.p1
живжик /n20.a.p.<
животатий /adj
жиє жити verb:imperf:pres:s:3
жовняр /n20.a.p.ke.<
жупа /n10.p1                # солеварня
жупанат /n20
жупний /adj
забарва /n10
завгорити /v1 :perf
завгорювати /v1.cf.advp :imperf
завидка adv
завідатель /n20.a.p.<
завідателька /n10.p2.<
завішення /n2n
заводня /n10
загомзатися /vr2 :perf
заєдно adv
заздалегоди adv
заздрування /n2n
зазив /n20.p
зазлісно adv
зазлість /n30
зазнимкований /adj :&adjp:pasv:perf
зазнимкувати /v1.is0 :perf
зазнимкуватися /vr1 :perf
заки conj:subord
заким conj:subord
замісто prep        # rv_rod
замісць prep                         # rv_rod:rv_inf
занехати /v2.isNo :perf
запевне adv:&insert
запіяти /v2 :perf
заплинути /v1 :perf
заповідуваний /adj :&adjp:pasv:imperf
заповідувати /v1.cf.advp :imperf
запросний /adj
зарев /n20
зарівно adv:&predic
засов /n20.a.u.p
засовець /n22.a
заспорити /v1 :perf
застужати /v2.cf.advp :imperf
засуд /n20
засяг /n20
затанчити /v1 :perf
затахлувати /v1 :perf
затемперувати /v1.is0 :perf
затого adv
затривоження /n2n
захланник /n20.a.p.<
захорування /n2n
захорування /n2n.p1
зацний /adj
зачеркувати /v1.cf.advp :imperf
зачувати /v2.cf :imperf
зашанувати /v1 :perf
збігці /np2.<
збірати /v2.cf.advp :imperf
збіратися /vr2.cf.advp :imperf
зброєння /n2n
зверх зверх adv
зверх зверх prep                     # rv_rod
звідколи adv:&pron:int:rel
звідома adv
зв'язь /n32
згиблий /adj
зглибока adv
згук /n20.p
зґарда /n10.p1
здійманий /adj
здобича noun:f:v_naz        # lim
здобіль adv
здогонити /v1 :perf
здоровля /n2n
здрінка /n10.p2
здрянка /n10.p2
землевпорядковання /n2n
зиськати /v2 :imperf
зідхання /n2n.p1
зіпсути /v2.isTo :perf
зіпсутися /vr2 :perf
зірний /adj
зірно adv:&predic
зіставатися /vr1.cf.advp :imperf
зістатися /vr3 :perf
злато /n2n
зложення /n2n
злотник /n20.a.p.<
злочестя /n2n
змаг /n20
з-межи prep             # rv_rod
змирятися /vr2.cf.advp :imperf
знадвірний /adj
знакомець /n22.a.p.<
знезнавки adv
знетямки adv
знимка /n10.p2
знимкування /n2n
знимкувати /v1.cf.advp :imperf
знимкуватися /vr1.cf.advp :imperf
з-позаду з-позаду adv
зрабований /adj :&adjp:pasv:perf
зрадувати /v1 :perf
зрадуватися /vr1 :perf
зсилати /v2.cf.advp :imperf
зсилатися /vr2.cf.advp :imperf
зумисно adv
зцілювач /n20.a.p.<
ізвідки adv:&pron:int:rel
ізгадатися /vr2 :perf p=4
із'їсти /v4.is3 :perf
ізлизати /v1.isNo :perf
ізлизнути /v1 :perf
ізнадвору adv
ізсохнути /v3 :perf
ізсохнутися /vr3 :perf
інструменталь /n20
ірій /n20
істнування /n2n
істнувати /v1.cf.advp :imperf
істнуючий /adj :&adjp:actv:imperf
їдак /n20.a.p.<
їден /numr ^adj :&pron:dem:ind
їмосць /n32.<
їстівець /n22.a
йменований /adj :&adjp:pasv:imperf
йото part
кайстра /n10
калабалик /n20
кально adv:&predic
капельмайстер /n20.a.p.ke.<
касарня /n10.p2
катмає noninfl:&predic
кватиря /n10
ке intj:&predic
керовник /n20.a.p.<
керовництво /n2n.p1
керовничий /adj
керовнік /n20.a.p.<
кете intj:&predic
киндя /n10.p2.piv
кип'ячка /n10
кілько numr:p:v_naz/v_zna
кількоро adv
коби conj:subord
когут /n20.a.p.<>
кождий /adj :&pron:gen
колгоспівський /adj
колет /n20.a.p.@
коляса /n10.p1
комбід /n20.p
комбідівець /n22.a.p.<
компромісово adv
консерватист /n20.a.p.<
консерватистка /n10.p2.ko.<
користання /n2n
коршма /n10
которий /adj.long :&pron:int:rel
коц /n20.a.p
кравчий /n2adj1.p.<
крайчий /n2adj1.p.<
кричучи advp:imperf
кріпость /n32.p
кружляк /n20.a.p                            # корабель
лапоть /n22.a.p
ледаякий /adj
леда-який /adj :&pron:ind
ледви adv
ледво adv
лещетар /n24.a.p.ku.<
лещетарський /adj
ломлення /n2n
лотр /n20.a.p.ke.<
любля noninfl:&predic
любовник /n20.a.p.<
любовниця /n10.p1.<
люде людина noun:anim:p:v_naz
людовий /adj
мабіть adv:&insert
магазинер /n20.a.p.ke.<
магайбі intj
майбуть adv:&insert
малорусин /n20.a.p.<
манастир /n24.a.p.ku
маняк /n20.a.p
масакра /n10.p1
машерувати /v1.cf.advp :imperf
мебля /n10
метанина /n10
меценас /n20.a.p.<
милостина /n10.p1
мід noun:m:v_naz/v_zna                          # lim
мізок /n22
міліард /n20.a.p
мінька adv
міньки adv
мість prep        # rv_rod
мо adv:&insert
можний /adj
можний /n2adj1.p.<
морехід /n21.a.p.<
мосьпан /n20.a.<
мосьпані /<f
моторити /v1 :imperf
моцний /adj \
 +cs=моцніший
моцно adv
муравлиний /adj
мусів мусіти verb:imperf:past:m
мусівши мусівши advp:imperf
мусіла мусіти verb:imperf:past:f
мусіли мусіти verb:imperf:past:p
мусіло мусіти verb:imperf:past:n
мусімо мусіти verb:imperf:impr:p:1
мусіти мусіти verb:imperf:inf                   # lim
мусітиме мусіти verb:imperf:futr:s:3
мусітимем мусіти verb:imperf:futr:p:1
мусітимемо мусіти verb:imperf:futr:p:1
мусітимете мусіти verb:imperf:futr:p:2
мусітимеш мусіти verb:imperf:futr:s:2
мусітиму мусіти verb:imperf:futr:s:1
мусітимуть мусіти verb:imperf:futr:p:3
мусіть мусіти verb:imperf:impr:p:2
набіл /n20
навперед prep        # rv_rod
навпослі adv
навручки навручки adv
нагородженість /n30
надійсь adv:&insert
надісь adv:&insert
надогад adv
надолину adv
надцять /numr
назавсігди adv
назавсіди adv
наклонити /v1 :perf
намість намість adv
намість намість prep        # rv_rod
нанашка /n10.p2.<
напруго adv
напружливий /adj
напудитися /vr1.it0 :perf
нарід noun:m:v_naz/v_zna            # lim
нарошне adv
наскінчу adv
настарчити /v1 :perf
настрічу adv
начальний /adj
небір /n21.a.ke.<
невіста /n10.p1.<
невміч adv:&predic
невпотріб noninfl:&predic
невправка /n10
невпрогорт adv
неке part
некористь /n32
неложний /adj
немать noninfl:&predic
неможний /adj
немощний /adj
ненарошне adv
неньо /n20.<
необавки adv
неоглядки adv
неоглядком adv
неохая /n10.< :+m
неперечний /adj
неправно adv
непремінно adv
непутити /v1.cf.advp :imperf
нераз adv
нерозрадний /adj
несогірше adv
нестямливий /adj
неякийсь /adj :&pron:ind
нинька adv
ниньки adv
нищильник /n20.a.p
нівець /n22.a
нігде adv:&pron:emph
нігде adv:&pron:neg
ніже conj:coord
ніже part
ніже-ні part
нікоторий /adj :&pron:neg
ніт noninfl:&predic
ніц noun:n:inanim:v_rod/v_zna:&pron:neg
нічтоже noninfl
нумер /n20.a.p.ke
оба numr:m:v_naz/v_zna
обезвічений /adj :&adjp:pasv:perf
обичай /n20.p
обі numr:f:v_naz/v_zna
обіт /n20.p
обітування /n2n
обманити /v1.it1 :perf
обов'язувати /v1.cf.advp :imperf
обруч adv
обсіч adv
обутритися /vr1 :perf p=3
овид /n20
огірчити /v1 :perf
оглав /n20.p
оглядітися /vr1.it0 :perf
огник /n20.a.p
огонь /n22.p
одати /v2.cf.advp.shrt :imperf
одбивання /n2n.p1
одбирання /n2n.p1
одбиток /n22.a.p
одбиття /n2n.p2
одбігання /n2n
одбігти /v1 :perf
одбій /n21.p
одбілити /v1.is0 :perf
одбілитися /vr1 :perf
одбір /n21.p.ke
одблиск /n20.p
одборонити /v1.is0 :perf
одборонитися /vr1 :perf
одбороняти /v2.cf.advp :imperf
одборонятися /vr2.cf.advp :imperf
одбрехатися /vr1 :perf
одбрикуватися /vr1.cf.advp :imperf
одбрити /v2.isTo :perf
одбріхуватися /vr1.cf.advp :imperf
одбування /n2n.p1
одбуватися /vr2.cf.advp :imperf
одбудовування /n2n.p1
одбудовувати /v1.cf.advp.isNo :imperf
одбудування /n2n.p1
одбудувати /v1.is0 :perf
одбутися /vr1 :perf
одбуток /n22
одвадити /v1.it0 :perf
одважений /adj :&adjp:pasv:perf                # :past
одважити /v1.it0.is0 :perf
одважувати /v1.cf.advp :imperf
одважуватися /vr1.cf.advp :imperf
одвал /n20 :xp2                                # дія
одвал /n20.p :xp1                              # насип
одвалений /adj :&adjp:pasv:perf                # :past
одвалити /v1.it1.is0 :perf
одвалюватися /vr1.cf.advp :imperf
одвантаження /n2n.p1
одвар /n20.p.ke
одварити /v1.it1.is0 :perf
одведення /n2n.p1
одвернення /n2n.p1
одвертання /n2n
одвестися /vr4 :perf
одвзаємнити /v1 :perf
одвзаємнитися /vr1 :perf
одвикання /n2n
одвикати /v2.cf.advp :imperf                   # rv_inf
одвиклий /adj :&adjp:actv:perf
одвикнути /v3 :perf                            # rv_inf
одвисати /v2.cf.advp :imperf
одвихнутися /vr1 :perf
одвичка /n10
одвід /n21.p
одвідання /n2n.p1
одвідач /n20.a.p.<
одвідний /adj
одвідування /n2n.p1
одвідувач /n20.a.p.<
одвідувачка /n10.p2.ko.<
одвійки /np3
одвір adv
одвісити /v1.is0 :perf
одвіт /n20
одвітити /v1 :perf
одвітний /adj
одвітувати /v1 :perf
одвіювати /v1.cf.advp.isNo :imperf
одвіяти /v1.isNo :perf
одводити /v1.it0.cf.advp :imperf
одводитися /vr1.it0.cf.advp :imperf
одвойований /adj :&adjp:pasv:perf              # :past
одвойовувати /v1.cf.advp.isNo :imperf
одволікання /n2n.p1
одволікати /v2.cf.advp :imperf                 # rv_inf
одволікатися /vr2.cf.advp :imperf
одволікти /v1 :perf                            # rv_inf
одволога /n10
одвологлий /adj :&adjp:actv:perf
одволодати /v2 :perf
одволожений /adj :&adjp:pasv:perf              # :past
одволожити /v1.is0 :perf
одволожувати /v1.cf.advp :imperf
одволокти /v1.is0 :perf
одворожувати /v1.cf.advp :imperf
одвоювати /v1.is0 :perf
одвоюватися /vr1 :perf
одв'язатися /vr1 :perf
одв'язувати /v1.cf.advp.isNo :imperf
одгадати /v2.isNo :perf
одгадка /n10.p2
одгадування /n2n.p1
одгадувати /v1.cf.advp :imperf
одгалуження /n2n.p1
одганяти /v2.cf.advp :imperf
одгвинтити /v1.is0.it1 :perf
одгвинчувати /v1.cf.advp.isNo :imperf
одгін /n21 :xp2                                # дія
одгін /n21.p :xp1                              # продукт
одговітися /vr2 :perf
одговорити /v1.is0 :perf
одговоритися /vr1 :perf
одговорювати /v1.cf.advp :imperf
одговоряти /v2.cf.advp :imperf:rare
одгодований /adj :&adjp:pasv:perf              # :past
одгодованість /n30
одгодовування /n2n.p1
одгодовувати /v1.cf.advp :imperf
одголос /n20.p
одгомін /n21.p
одгонити /v1 :imperf
одгорнути /v1.is0.isTo :perf
одгорнутий /adj :&adjp:pasv:perf               # :past
одгороджений /adj :&adjp:pasv:perf             # :past
одгороджуватися /vr1.cf.advp :imperf
одгородити /v1.it1.is0 :perf
одгородитися /vr1.it1 :perf
одгортання /n2n
одгортати /v2.cf.advp.shrt :imperf
одгравати /v1.cf.advp :imperf
одгребти /v1 :perf
одгребтися /vr1 :perf
одгризання /n2n
одгризати /v2.cf.advp :imperf
одгризти /v1.is0 :perf
одгризтися /vr1 :perf
одгриміти /v1 :perf
одгрібати /v2.cf.advp :imperf
одгрібатися /vr2.cf.advp :imperf
одгук /n20.p.zi
одгукнутися /vr1 :perf
одгул /n20 :xp2:np                             # відгомін
одгул /n20.p :xp1                              # звільнення від роботи
одгуляти /v2.isNo :perf
оддавання /n2n
оддаватися /vr1.cf.advp :imperf
оддавен adv
оддавити /v1.it1.is0 :perf
оддалений /adj.adv :&&adjp:pasv:perf           # :past
оддалі adv
оддаль /n32.p
оддаля adv
оддаляти /v2.cf.advp :imperf
оддалятися /vr2.cf.advp :imperf
одданиця /n10.p1.<
оддання /n2n.p1
оддарування /n2n
оддарувати /v1.is0 :perf
оддатися /vr3 :perf
оддерти /v1.isTo :perf
оддертий /adj :&adjp:pasv:perf                 # :past
оддзвеніти /v1 :perf
оддзвонити /v1 :perf
оддирати /v2.cf.advp :imperf
оддих /n20.p
оддихання /n2n.p1
оддихати /v2 :perf:xp2                         # відди́хати
оддихати /v2.cf.advp :imperf:xp1               # віддиха́ти
оддихатися /vr2 :perf:xp2                      # відди́хатися
оддихатися /vr2.cf.advp :imperf:xp1            # віддиха́тися
оддихнути /v1 :perf
одділ /n20
одділений /adj :&adjp:pasv:perf                # :past
одділення /n2n.p1
одділити /v1.it1.is0 :perf
одділитися /vr1.it1 :perf
одділовий /adj
одділяти /v2.cf.advp :imperf
одділятися /vr2.cf.advp :imperf
оддубасити /v1 :perf
оддуватися /vr2.cf.advp :imperf
оддухопелити /v1.it0 :perf
оддячити /v1.it0.is0 :perf
оддячитися /vr1 :perf
оддячувати /v1.cf.advp :imperf
од'єднаний /adj :&adjp:pasv:perf               # :past
од'єднатися /vr2 :perf
од'ємний /adj
од'ємно adv
оджартуватися /vr1 :perf
оджатися /vr4 :perf
оджахнути /v1 :perf
оджбурнути /v1 :perf
одже part:&insert|conj:subord
оджибве noninfl
одживати /v2.cf.advp.shrt :imperf
одживлення /n2n
одзвичаїти /v1.is0 :perf
одзвичаїтися /vr1 :perf
одзвичаюватися /vr1.cf.advp :imperf
одзвітувати /v1.is0 :perf
одзволити /v1.it1 :perf:rare
одземок /n22.a.p
одзиватися /vr2.cf.advp :imperf
одзивний /adj
одзимки /np2
одзнака /n10.p1
одзначений /adj :&adjp:pasv:perf               # :past
одзначення /n2n.p1
одзначити /v1.it0.is0 :perf:xp1                # відзна́чити
одзначити /v1.it1.is0 :perf:xp2                # відзначи́ти
одзначувати /v1.cf.advp.isNo :imperf
одзняти /v1.isTo :perf
одзнятий /adj :&adjp:pasv:perf
одібрання /n2n.p1
одігнання /n2n
одігнатися /vr3 :perf
одігнути /v1.isTo :perf
одігнутий /adj :&adjp:pasv:perf                # :past
одіграний /adj :&adjp:pasv:perf                # :past
одіграти /v2.isNo :perf
одігратися /vr2 :perf
одігрівати /v2.cf.advp :imperf
одігріти /v2.isTo :perf
одігрітий /adj :&adjp:pasv:perf                # :past
одігрітися /vr2 :perf
одігруватися /vr1.cf.advp :imperf
одідрати /v3.isNo :perf
одіж /n32
одізвання /n2n :rare
одізвати /v2.isNo :perf
одізватися /vr1 :perf
одіймати /v2.cf.advp :imperf
одійняти /v1 :perf
одімстити /v1.is0.it1 :perf
одімщати /v2.cf.advp :imperf:rare
одіпрати /v3.isNo :perf
одіпхнутий /adj :&adjp:pasv:perf               # :past
одіпхнутися /vr1 :perf
одірвання /n2n
одісланий /adj :&adjp:pasv:perf
одіслання /n2n
одіслати /v1.isNo :perf
одіспатися /vr1 :perf
одітий /adj :&adjp:pasv:perf    # past
одіткнути /v1.isTo :perf
одітхнути /v1 :perf
од'їдати /v2.cf.advp :imperf
од'їжджати /v2.cf.advp :imperf
од'їзд /n20
од'їздити /v1 :perf:xp2                        # од'ї́здити
од'їздити /v1.cf :imperf:xp1                   # од'їзди́ти
од'їстися /vr4 :perf
од'їхати /v4 :perf
одказ /n20
одказуватися /vr1.cf.advp :imperf
одкалатати /v2.isNo :perf
одкараскатися /vr2 :perf
одкарбувати /v1.is0 :perf
одкасник /n20.a
одкачувати /v1.cf.advp :imperf
одкашлятися /vr2 :perf
одквітнути /v3 :perf
одкид /n20.p
одкиданий /adj :&adjp:pasv:imperf              # :past
одкидання /n2n.p1
одкидатися /vr2.cf.advp :imperf
одкинення /n2n
одкіль adv
одклад /n20.p
одкладати /v2.cf.advp :imperf
одкладений /adj :&adjp:pasv:perf               # :past
одклеєний /adj :&adjp:pasv:perf                # :past
одклеюватися /vr1.cf.advp :imperf
одкликання /n2n.p1
одкликатися /vr2.cf.advp :imperf               # відклика́ти
одкол /n20.p
одколоти /v1.is0.isTo :perf
одколошматити /v1.it0 :perf
одколупнути /v1.isTo :perf
одколупувати /v1.cf.advp.isNo :imperf
одколювати /v1.cf.advp.isNo :imperf
одкопати /v2.isNo :perf
одкопування /n2n.p1
одкопувати /v1.cf.advp.isNo :imperf
одкоркувати /v1.is0 :perf
одкотити /v1.it1.is0 :perf
одкотитися /vr1.it1 :perf
одкочувати /v1 :perf:xp2                       # відкочува́ти
одкочувати /v1.cf.advp.isNo :imperf:xp1        # відко́чувати
одкраювати /v1.cf.advp.isNo :imperf
одкраяний /adj :&adjp:pasv:perf                # :past
одкраяти /v1.isNo :perf
одкреслити /v1.it0.it1.is0 :perf
одкривати /v2.cf.advp :imperf
одкриватися /vr2.cf.advp :imperf
одкрити /v2.isTo :perf
одкритися /vr2 :perf
одкриття /n2n.p2
одкрутити /v1.it1.is0 :perf
одкрутитися /vr1.it1 :perf
одкручений /adj :&adjp:pasv:perf               # :past
одкручувати /v1.cf.advp.isNo :imperf
одкуп /n20.p
одкупатися /vr2.cf.advp :imperf
одкупити /v1.it1.is0 :perf
одкупитися /vr1.it1 :perf
одкупляти /v2.cf.advp :imperf
одкуплятися /vr2.cf.advp :imperf
одкуповуватися /vr1.cf.advp :imperf
одкушений /adj :&adjp:pasv:perf                # :past
одлакований /adj :&adjp:pasv:perf              # :past
одламаний /adj :&adjp:pasv:perf                # :past
одламати /v2.isNo :perf
одламувати /v1.cf.advp :imperf
одлатати /v2.isNo :perf
одлеглість /n30
одлежаний /adj :&adjp:pasv:perf                # :past
одлежатися /vr1.it0 :perf
одлежувати /v1.cf.advp :imperf
одлежуватися /vr1.cf.advp :imperf
одливання /n2n.p1
одливати /v2.cf.advp.isNo :imperf
одлига /n10.p1
одлинути /v1 :perf
одлитий /adj :&adjp:pasv:perf                  # :past
одліпити /v1.it1.is0 :perf
одліплений /adj :&adjp:pasv:perf               # :past
одлітати /v2.shrt :perf:xp2                    # закінчити літати
одлітати /v2.cf.advp :imperf:xp1               # летіти геть; зникати; відскакувати
одлічувати /v1.cf.advp.isNo :imperf
одломити /v1.is0 :perf
одломлювати /v1.cf.advp :imperf
одлунати /v2 :perf
одлуння /n2n.p1
одлупити /v1.is0 :perf
одлупцьований /adj :&adjp:pasv:perf
одлупцювати /v1.is0 :perf
одлучати /v2.cf.advp :imperf
одлучатися /vr2.cf.advp :imperf
одлучений /adj :&adjp:pasv:perf                # :past
одлучення /n2n.p1
одлучити /v1.it1.is0 :perf
одлучитися /vr1.it1 :perf
одлюбити /v1.it1 :perf                          # rv_inf
одлюдник /n20.a.p.<
одлюдок /n22.a.p.<
одлюдько /n20.p.<
одлягати /v2.cf.advp :imperf
одлягти /v1 :perf
одлякати /v2.isNo :perf
одлякувати /v1.cf.advp :imperf
одляск /n20.p
одмагання /n2n
одмагатися /vr2.cf.advp :imperf
одмалку adv
одмалювати /v1.is0 :perf
одманити /v1 :perf
одмах /n20
одмахати /v2 :perf
одмахатися /vr2 :perf
одмахнути /v1 :perf
одмахнутися /vr1 :perf
одмахування /n2n.p1
одмахуватися /vr1.cf.advp :imperf
одмежований /adj :&adjp:pasv:perf              # :past
одмежовування /n2n.p1
одмежовувати /v1.cf.advp.isNo :imperf
одмежування /n2n.p1
одмежувати /v1.is0 :perf
одмежуватися /vr1 :perf
одмерлий /adj :&adjp:actv:perf
одмерти /v1 :perf
одмести /v1.is1 :perf
одметений /adj :&adjp:pasv:perf                # :past
одмивання /n2n.p1
одмивати /v2.cf.advp :imperf
одмиватися /vr2.cf.advp :imperf
одмикати /v2.cf.advp.isNo :imperf
одмирання /n2n.p1
одмирати /v2.cf.advp :imperf
одмити /v2.isTo :perf
одмитися /vr2 :perf
одміна /n10
одмінений /adj :&adjp:pasv:perf                # :past
одмінитися /vr1 :perf                          # xv2
одмінно noun:n:nv
одмінок /n22.a.p
одмінюватися /vr1.cf.advp :imperf              # xv2
одміняти /v2.cf.advp :imperf
одмінятися /vr2.cf.advp :imperf                # xv2
одмірювати /v1.cf.advp.isNo :imperf
одмітати /v2.cf.advp.shrt :imperf
одмітина /n10.p1
одмітити /v1.is0 :perf
одмічати /v2.cf.advp :imperf
одмічений /adj :&adjp:pasv:perf                # :past
одмовитися /vr1 :perf
одмовлення /n2n.p1
одмовляння /n2n.p1
одмовляти /v2.cf.advp.isNo :imperf             # rv_inf
одмовлятися /vr2.cf.advp :imperf               # rv_inf
одмогтися /vr1 :perf
одмолити /v1.it1.is0 :perf
одмолювати /v1.cf.advp.isNo :imperf
одморожений /adj :&adjp:pasv:perf              # :past
одмороження /n2n.p1
одморожувати /v1.cf.advp.isNo :imperf
одморозити /v1.it0.is0 :perf
одмотувати /v1.cf.advp.isNo :imperf
однайти /v4.is0 :perf
однакий /adj
однако adv:&predic
однедавна adv
одниця /n10.p1
однімання /n2n.p1
однімати /v2.cf.advp.isNo.shrt :imperf
одновити /v1.it1.is0 :perf
одновлювання /n2n
односини /np1
односитися /vr1.cf.it0.advp :imperf
одношення /n2n.p1
одокремитися /vr1.it0 :perf
одокремлення /n2n.p1
одокремлювати /v1.cf.advp.isNo :imperf
одомстити /v1.it1.is0 :perf
одпадати /v2.cf.advp :imperf
одпадіння /n2n
одпарити /v1.it0.is0 :perf
одпарювати /v1.cf.advp.isNo :imperf
одпасти /v4 :perf:xp2                          # од: па́дати
одпасти /v2 :perf:xp1                          # пасучи, вгодувати худобу
одпасувати /v1.cf :imperf:xp1                  # одпа́сувати
одпасувати /v1.is0 :perf:xp2                   # одпасува́ти
одпаювати /v1.is0 :perf:xp2                    # одпаюва́ти
одпаювати /v1.cf.advp.isNo :imperf:xp1         # одпа́ювати
одпекуватися /vr1.cf.advp :imperf
одперти /v1.isTo :perf
одпертий /adj :&adjp:pasv:perf                 # :past
одпивати /v2.cf.advp :imperf
одпилювати /v1.cf.advp :imperf
одпиляти /v2.isNo :perf
одпирання /n2n.p1                              # xv2
одпиратися /vr2.cf.advp :imperf                # xv2
одписка /n10.p2
одписування /n2n
одпихати /v2.cf.advp.shrt :imperf
одпихатися /vr2.cf.advp :imperf
одплатити /v1.it1.is0 :perf
одплачувати /v1.cf.advp :imperf
одплачуватися /vr1.cf.advp :imperf
одплив /n20.p
одпливати /v2.cf.advp.shrt :imperf
одпливти /v1 :perf
одплисти /v4 :perf
одплиття /n2n.p2
одплюватися /vr1 :perf
одповзати /v2.cf.advp :imperf
одповзти /v1 :perf
одповідальний /adj
одповідання /n2n
одповідність /n30.p
одпокутувати /v1.cf.advp :imperf
одполірований /adj :&adjp:pasv:perf            # :past
одпочивальня /n10.p2
одпочивання /n2n
одпочивок /n22 :coll
одпоювати /v1.cf.advp :imperf
одправити /v1.it0.is0 :perf
одправитися /vr1.it0 :perf
одправлений /adj :&adjp:pasv:perf              # :past rv_dav
одправлення /n2n.p1
одправляти /v2.cf.advp :imperf
одпроваджений /adj :&adjp:pasv:perf
одпровадити /v1.it0.is0 :perf
одпросити /v1.it1.is0 :perf
одпроситися /vr1.it1 :perf
одпрошувати /v1.cf.advp.isNo :imperf
одпрошуватися /vr1.cf.advp :imperf
одпрягати /v2.cf.advp :imperf
одпряжений /adj :&adjp:pasv:perf               # :past
одпуск /n20
одпускний /adj
одпускні /n2adj1
одпуст /n20.p :rare
одпустити /v1.it1.is0 :perf
одпущений /adj :&adjp:pasv:perf                # :past rv_dav
одпущеник /n20.a.p.< :rare
одпущення /n2n.p1
одрада /n10
одраджувати /v1.cf.advp.isNo :imperf                # rv_inf
одрадити /v1.is0.it0 :perf                         # rv_inf
одрадісно adv:rare
одрадість /n30 :rare
одрапортувати /v1.is0 :perf
одраховувати /v1.cf.advp :imperf
одрахувати /v1.is0 :perf
одраювати /v1.cf.advp :imperf:rare
одраяти /v1 :perf
одрекомендувати /v1.is0 :perf
одрекомендуватися /vr1 :perf
одректи /v1 :perf
одректися /vr1 :perf
одремонтований /adj :&adjp:pasv:perf           # :past
одремонтувати /v1.is0 :perf
одречення /n2n.p1
одрив /n20.p
одривання /n2n                                 # xv2
одригувати /v1.cf.advp.isNo :imperf
одрижка /n10.p2
одріз /n20 :xp2                                # відрізання
одріз /n20.a.p :xp1                            # шматок тканини; обрізана гвинтівка
одрізання /n2n.p1
одрізнення /n2n
одрізнити /v1.it1.is0 :perf
одрізнитися /vr1.it1 :perf
одрізнювання /n2n
одрізок /n22.a.p
одрізувати /v1.cf.advp.isNo :imperf
одрікатися /vr2.cf.advp :imperf
одро /n2n.p2
одробити /v1.it1.is0 :perf
одробіток /n22.p
одробляти /v2.cf.advp :imperf
одроджений /adj :&adjp:pasv:perf               # :past
одродження /n2n.p1
одроду adv
одрослий /adj :&adjp:actv:perf
одростати /v2.cf.advp :imperf
одрости /v1 :perf
одруб /n20 :xp2                                # дія
одруб /n20.p :xp1                              # переріз дерева; ділянка землі
одрубність /n30.p
одрубно adv
одрубок /n22.a.p
одрубом adv
одрубування /n2n.p1
одрубувати /v1.cf.advp.isNo :imperf
одружіння /n2n
одрух /n20.zi.p
одрухово adv
одряджений /adj :&adjp:pasv:perf               # :past
одрядити /v1.it1.is0 :perf
одсапати /v2.isNo :perf
одсапатися /vr2 :perf
одсапнути /v1.isTo :perf
одсахнутися /vr1 :perf
одсвіжити /v1.is0 :perf
одсвіт /n20.p
одсвітити /v1.is0 :perf
одсвічений /adj :&adjp:pasv:perf               # :past
одсвічування /n2n.p1
одсвічувати /v1.cf.advp :imperf
одсвяткований /adj :&adjp:pasv:perf            # :past
одсвяткувати /v1.is0 :perf
одсиджування /n2n.p1
одсиджувати /v1.cf.advp :imperf
одсиджуватися /vr1.cf.advp :imperf
одсидіти /v1.it0.is0 :perf
одсидітися /vr1.it0 :perf
одсилання /n2n.p1
одсилати /v2.cf.advp.isNo :imperf
одсипати /v1.isNo :perf:xp2                    # одси́пати
одсипати /v2.cf.advp :imperf:xp1               # одсипа́ти
одсипатися /vr1 :perf:xp2                      # одси́патися
одсипатися /vr2.cf.advp :imperf:xp1            # одсипа́тися xv2
одсихати /v2.cf.advp :imperf
одсів /n20
одсік /n20.p.zi
одсікати /v2.cf.advp :imperf
одсікти /v1.is0 :perf
одсіль adv
одсіч /n32
одсічений /adj :&adjp:pasv:perf                # :past
одсіяти /v1.isNo :perf
одскакувати /v1.cf.advp :imperf
одслонення /n2n.p1
одслонити /v1.it1.is0 :perf
одслужити /v1.it1.is0 :perf
одслужувати /v1 :imperf
одсмикнути /v1 :perf
одсмикувати /v1.cf.advp :imperf
одсовувати /v1.cf.advp.isNo :imperf
одсовуватися /vr1.cf.advp :imperf
одспівати /v2.isNo :perf
одспівувати /v1.cf.advp.isNo :imperf
одставання /n2n.p1
одставити /v1.it0.is0 :perf                    # rv_inf
одставка /n10.p2
одставлений /adj :&adjp:pasv:perf              # :past
одставляти /v2.cf.advp :imperf                 # rv_inf
одставний /adj
одсталий /adj :&&adjp:actv:perf
одсталість /n30.p
одстань /n32.p
одстати /v3 :perf
одстебнути /v1.isTo :perf
одстібати /v2.cf.advp :imperf
одстібнутися /vr1 :perf
одстовбурчений /adj :&adjp:pasv:perf           # :past
одсторонений /adj.adv :&&adjp:pasv:perf        # :past
одсторонитися /vr1.it1 :perf
одсторонь adv
одстоювання /n2n.p1
одстоювати /v1.cf.advp.isNo :imperf
одстояний /adj :&adjp:pasv:perf                # :past
одстояти /v1.isNo :perf
одстрашити /v1.it1.is0 :perf
одстрелюватися /vr1.cf.advp :imperf
одстріл /n20.p
одстрілювання /n2n
одстрілюватися /vr1.cf.advp :imperf
одстріляти /v2.isNo :perf
одстрілятися /vr2 :perf
одстрочення /n2n.p1
одстрочити /v1.is0 :perf
одстрочка /n10.p2
одступання /n2n
одступати /v2.cf.advp.shrt :imperf
одступатися /vr2.cf.advp :imperf
одступитися /vr1.it1 :perf
одступлення /n2n
одступник /n20.a.p.<
одступництво /n2n.p1
одступство /n2n
одсування /n2n
одсувати /v2.cf.advp.shrt.isNo :imperf
одсуджувати /v1.cf.advp.isNo :imperf
одсунення /n2n
одсутність /n30.p
одсьогодні adv
одтавати /v1.cf.advp :imperf
одтак adv
одталь /n32
одтанцювати /v1 :perf
одтарабанений /adj :&adjp:pasv:perf
одтарабанити /v1.it1.is0 :perf
одтворити /v1.it1.is0 :perf
одтепер adv:&pron:dem
одтерпіти /v1 :perf
одтерти /v1.isTo :perf
одтикати /v1.isNo :perf:xp2                    # одти́кати
одтикати /v2.cf.advp :imperf:xp1               # одтика́ти
одтин /n20
одтинати /v2.cf.advp :imperf
одтирання /n2n
одтирати /v2.cf.advp :imperf
одтиск /n20.p
одтиснений /adj :&adjp:pasv:perf               # :past
одтиснення /n2n.p1
одтиснути /v1.is0.isTo :perf
одтиснутий /adj :&adjp:pasv:perf               # :past
одтінити /v1.is0.it1 :perf
одтінок /n22.p
одтінь /n32
одтіснити /v1.is0 :perf
одтісняти /v2.cf.advp :imperf
одтоді adv:&pron:dem
одторгнути /v1.is0.isTo :perf
одторгнутий /adj :&adjp:pasv:perf              # :past
одточування /n2n.p1
одточувати /v1.cf.advp.isNo :imperf
одтрутити /v1.is0 :perf
одтручувати /v1.cf.advp :imperf
одтягати /v2.cf.advp :imperf
одтягнути /v1.is0.isTo :perf
одтягти /v3 :perf
одтягувати /v1.cf.advp :imperf
одусіль adv
одучити /v1.it1.is0 :perf
одушевлення /n2n.p1
одхаючувати /v1.cf.advp :imperf:rare
одхилення /n2n.p1
одхиляння /n2n.p1
одхиляти /v2.cf.advp :imperf
одхилятися /vr2.cf.advp :imperf
одхитнутися /vr1 :perf
одхід /n21.p
одхідливий /adj
одхлинути /v1 :perf                            # xv2
одходжувати /v1.cf.advp.isNo :imperf
одходити /v1.it1 :perf:xp2                     # одходи́ти
одходити /v1.it0.cf.advp :imperf:xp1           # одхо́дити
одхопити /v1.it1.is0 :perf
одхреститися /vr1.it1 :perf
одхрещування /n2n
одхрещуватися /vr1.cf.advp :imperf
одцвітання /n2n
одцвітати /v2.cf.advp.shrt :imperf
одцурання /n2n
одцуратися /vr2 :perf
одчайний /adj.adv
одчайність /n30
одчаровувати /v1.cf.advp :imperf
одчарувати /v1 :perf
одчахнути /v1.isTo :perf
одчаяка /n10.p1.ko.< :+m
одчеплювати /v1.cf.advp :imperf
одчепно adv
одчикрижити /v1.is0.it0 :perf
одчинення /n2n
одчитати /v2.isNo :perf
одчитування /n2n
одчитувати /v1.cf.advp.isNo :imperf
одчищення /n2n
одчіплювати /v1.cf.advp.isNo :imperf
одчіплятися /vr2.cf.advp :imperf
одчування /n2n.p1
одчувати /v2.cf.advp.shrt.isNo :imperf
одчуження /n2n.p1
одчужувати /v1.cf.advp.isNo :imperf
одчути /v2.isTo :perf
одчуття /n2n.p2
одчухрати /v2.isNo :perf
одшептати /v1 :perf
одшиб /n20
одшити /v2.isTo :perf
одшіптувати /v1.cf.advp.isNo :imperf
одшкодовання /n2n
одшліфований /adj :&&adjp:pasv:perf            # :past
одшліфувати /v1.is0 :perf
одшліхтований /adj :&adjp:pasv:perf            # :past
одшмагати /v2.isNo :perf
одшпарити /v1.it0 :perf
одшпилювати /v1.cf.advp.isNo :imperf
одшпурнути /v1 :perf
одштовхнути /v1.is0.isTo :perf
одштовхнутися /vr1 :perf
одштовхувати /v1.cf.advp.isNo :imperf
одштовхуватися /vr1.cf.advp :imperf
одшукання /n2n.p1
одшукати /v2.isNo.shrt :perf
одшукатися /vr2 :perf
одшукування /n2n
одшукувати /v1.cf.advp.isNo :imperf
одшумілий /adj :&adjp:actv:perf
одшуміти /v1 :perf
одщеплення /n2n.p1
одщепнути /v1.isTo :perf
одщипнути /v1.is0.isTo :perf
озутий /adj :&adjp:pasv:perf    # past
ойчизна /n10.p1
оказуватися /vr1.cf.advp :imperf
околяса adv
околясом adv
окроме prep        # rv_rod
окуп /n20.p
олжа /n10
олтар /n24.a.p.ke
омочений /adj :&adjp:pasv:perf              #> обмочений
онакий /adj :&pron:def
опізнитися /vr1.it1 :perf
опізнюватися /vr1.cf.advp :imperf
опірений /adj :&adjp:pasv:perf    # past
опостін adv|prep        # rv_rod
опріснок /n20.a.p
опріче adv|prep        # rv_rod
опроче adv|prep        # rv_rod
опуст /n20
оп'ять adv
оріх /n20.a.p
орудка /n10.p2
осе part
оселець /n22.a.p.<
оснування /n2n
осьмий /adj
осьо part
осяг /n20
осяги /np2
отворити /v1.is0 :perf
отсе part
отсе отсей adj:n:v_naz/v_zna:&pron:dem
отсей отсей adj:m:v_naz/v_zn2:&pron:dem
отсим отсей adj:m:v_oru//n:v_oru//p:v_dav:&pron:dem
отсими отсей adj:p:v_oru:&pron:dem
отсих отсей adj:p:v_rod/v_zn1/v_mis:&pron:dem
отсі отсей adj:p:v_naz/v_zn2/v_mis:&pron:dem
отсієї отсей adj:f:v_rod:&pron:dem
отсією отсей adj:f:v_oru:&pron:dem
отсій отсей adj:f:v_dav/v_mis:&pron:dem
отсім отсей adj:m:v_mis//n:v_mis:&pron:dem
отсього отсей adj:m:v_rod/v_zn1//n:v_rod:&pron:dem
отсьому отсей adj:m:v_dav/v_mis//n:v_dav/v_mis:&pron:dem
отсю отсей adj:f:v_zna:&pron:dem
отся отсей adj:f:v_naz:&pron:dem
отта оттой adj:f:v_naz:&pron:dem
отте оттой adj:n:v_naz/v_zna:&pron:dem
оттим conj:subord
оттим оттой adj:m:v_oru//n:v_oru//p:v_dav:&pron:dem
оттими оттой adj:p:v_oru:&pron:dem
оттих оттой adj:p:v_rod/v_zn1/v_mis:&pron:dem
отті оттой adj:p:v_naz/v_zn2:&pron:dem
оттієї оттой adj:f:v_rod:&pron:dem
оттією оттой adj:f:v_oru:&pron:dem
оттій оттой adj:f:v_dav/v_mis:&pron:dem
оттім оттой adj:m:v_mis//n:v_mis:&pron:dem
отто part
оттого оттой adj:m:v_rod/v_zn1//n:v_rod:&pron:dem
оттої оттой adj:f:v_rod:&pron:dem
оттой оттой adj:m:v_naz/v_zn2:&pron:dem
оттому оттой adj:m:v_dav/v_mis//n:v_dav/v_mis:&pron:dem
оттою оттой adj:f:v_oru:&pron:dem
отту оттой adj:f:v_zna:&pron:dem
отце отцей adj:n:v_naz/v_zna:&pron:dem
отце part
отцей отцей adj:m:v_naz/v_zn2:&pron:dem
отцим отцей adj:m:v_oru//n:v_oru//p:v_dav:&pron:dem
отцими отцей adj:p:v_oru:&pron:dem
отцих отцей adj:p:v_rod/v_zn1/v_mis:&pron:dem
отці отцей adj:p:v_naz/v_zn2/v_mis:&pron:dem
отцієї отцей adj:f:v_rod:&pron:dem
отцією отцей adj:f:v_oru:&pron:dem
отцій отцей adj:f:v_dav/v_mis:&pron:dem
отцім отцей adj:m:v_mis//n:v_mis:&pron:dem
отцього отцей adj:m:v_rod/v_zn1//n:v_rod:&pron:dem
отцьому отцей adj:m:v_dav/v_mis//n:v_dav/v_mis:&pron:dem
отцю отцей adj:f:v_zna:&pron:dem
отця отцей adj:f:v_naz:&pron:dem
отьмарений /adj :&adjp:pasv:perf          # :past
охітніше adv:compc
охоронитель /n20.a.<
очами око noun:inanim:p:v_oru
пакілля /n2n
памка /n10
панянство /n2n
пасажирний /adj
пахати /v2.cf :xp2:imperf                   # па́хати
пашпорт /n20.a.p
пеняти /v2.cf.advp :imperf
переіначений /adj :&adjp:pasv:perf
переіначення /n2n
переіначити /v1.is0.it0 :perf
переіначування /n2n
переіначувати /v1.cf.advp :imperf
переймом adv
переказовий /adj
перекладчик /n20.a.p.<
перелім noun:m:v_naz/v_zna                  # lim
переселянин /n20.a.pyn.<
перстінь /n23.p
пестієчка /n10.<
п'єц /n20.a.p
писачок /n22.a.p
пискувати /v1.cf.advp :imperf
питайко /n20.<
півперек prep        # rv_rod
півтретя /n2adj1
підвишка /n10
підогрів /n20
підогрівальний /adj
підогрівний /adj
підогрітий /adj :&adjp:pasv:perf    # past
підпомагати /v2.cf.advp :imperf
підпомогти /v1.is0 :perf
підсичувати /v1.cf.advp :imperf
підход /n20.p
підчинити /v1.it1 :perf
підчинитися /vr1 :perf
пімста /n10
пірвати /v1.isNo :perf
післанець /n22.a.p.<
післаний /adj :&adjp:pasv:perf                  # :past rv_dav
післанництво /n2n
піяцтво /n2n
платничий /n2adj1.<
плоскоденка /n10.p2
плоскоденний /adj
плястер /n22.a.p.ke
побідити /v1 :perf
побойовисько /n2n
по-великопанськи adv
повергнення /n2n
поверховно adv
повідання /n2n
повновласник /n20.a.p.<
повозовий /adj
поворітний /adj
поворотець /n22.a.p.<
поворотка /n10
повстримність /n30
погибати /v2.cf.advp :imperf
погуба /n10
подобати /v2.cf.advp :imperf
подовш adv|prep        # rv_rod
подячно adv
поєдині adv
пожитний /adj
позавгорідно adv
познимкуватися /vr1 :perf
позустріти /v3.isTo :perf
покійно adv
поконець prep        # rv_rod
полагода /n10
поладнання /n2n
полегша /n10.p1
поличник /n20.a.p
поліцист /n20.a.p.<
поломання /n2n
полудне /n2adj1
полумінь /n23.a
помісь conj:subord
помісь part
помісь /n32.p
понеже conj:subord
попереіначуваний /adj :&adjp:pasv:perf
попереіначувати /v1.isNo :perf
попоштувати /v1 :perf
попоштуватися /vr1 :perf
попроз попроз prep        # rv_zna
порозуміти /v2 :perf
поруйновник /n20.a.p.<
поряду adv
посереду prep        # rv_rod
посестриця /n10.p1.<
посланіє /n2n.p1
посполу adv
поставець /n22.a.p
постанець /n22.a.p.<>
постілець /n22.a.p
постоянець /n22.a.p.<
постоянка /n10.p2
постріш /n32.p
поступцем adv
потверджувальний /adj
потрібувати /v2.cf.advp :imperf
потрішку adv
потурнак /n20.a.p.<
поуз поуз prep        # rv_rod:rv_zna
поховзнутися /vr1 :perf
поховзтися /vr1 :perf
почасту adv
почерез prep        # rv_zna
почутити /v1 :perf
пощо adv:&pron:int:rel
правобіч adv
предложити /v1 :perf
предсідник /n20.a.p.<
предстати /v3 :perf
преображений /adj :&adjp:pasv:perf    # :past
прибгати /v2 :perf
привозовий /adj
придверний /adj
придверник /n20.a.p.<
призвід /n21
призволяще /adj
приказ /n20.p
принайменше adv
приступлення /n2n
притім conj:subord:bad
притуга /n10
прихилля /n2n
прищіпляти /v2.cf.advp :imperf
приявність /n30
прітьма adv
пріч prep|adv:&predic        # rv_rod
пробуття /n2n
прозвисько /n2n.p1
промфінплян /n20
просмик /n20
простибі adv:&insert
простибіг adv:&insert
простирядно /n2n
против prep        # rv_rod
протяжко adv
прочитний /adj
прошення /n2n.p1
райця /n10.piv.<m
регіментар /n24.a.p.ke.<
регістратор /n20.a.p.ke.<
реферантеса /n10.p1.<
речинець /n22.a.p
речівник /n20.a.p
речінець /n22.a
рівнання /n2n.p1
рівновартний /adj
різнощі /np2
рік-річно рік-річно adv
рішений /adj :&adjp:pasv:perf
робіння /n2n
роботизна /n10
рожденний /adj
розповінь /n32
розповня /n10
розслідити /v1.is0.it1 :perf
руч-об-руч adv
рушатися /vr2.cf.advp :imperf
салган /n20.p
салдат /n20.a.p.<
самовластя /n2n
самовродок /n22.a.p
самокидка /n10.p2
саф'янець /n22.a.p
свіжистий /adj
світач /n20.a.p
свойого свій adj:m:v_rod/v_zn1:&pron:pos
свойого свій adj:n:v_rod:&pron:pos
святешний /adj
святешно adv
се part
сеї сей adj:f:v_rod:&pron:dem
сей /adj_pron.long :&pron:dem
сельбище /n2n.p1
сельбудинок /n22.a.p
селькор /n20.a.p.ke.<
сельрада /n10.p1
селяне селянин noun:anim:p:v_naz
сербіянин /n20.a.pyn.<
сестрінка /n10.p2.<
сильветка /n10.p2
силяти /v2.cf.advp :imperf
сількось adv:&insert
скіко numr:p:v_naz/v_zna
скілька numr:p:v_naz/v_zna
скількість /n30
скілько numr:p:v_naz/v_zna
скочки adv
сливе adv
слуп /n20.a.p.ke
сопух /n20.a
соромицький /adj
сояшник /n20.a.p
сояшниковий /adj
сперед adv
співдіяння /n2n
сповістя /n2n
сподібний /adj \
 +cs=сподібніший
сподоба /n10
споміж prep        # rv_rod
спосеред prep        # rv_rod
сродний /adj
сродність /n30
старати /v2.cf.advp :imperf
статочний /adj
стежа /n10.p1
стежі /np2.<
стейт /n20.p                          # діаспорне слово
стейтовий /adj
стерятися /vr2 :perf
стійковий /adj
стіки adv:&pron:dem
сторонка /n10.p2
сторонництво /n2n
стосувати /v1.cf.advp :imperf
страм /n20
стрийна /n10.<
стріл /n20
стрільно /n2n                               # снаряд
стрітити /v1.it0 :perf
стріча /n10
судово adv
сукенька /n10.p2
сумежити /v1.cf :imperf
сумняшеся noninfl
суперека /n10.p1
сутий /adj
сутяжно adv
суціль adv
сьогодня adv
ся part
таж conj:subord|part
таже conj:subord|part
тайно adv
тепера adv:&pron:dem
теперка adv:&pron:dem
теперки adv
тіко adv
тілько adv|conj:subord|part
тогди adv:&pron:dem
тогді adv:&pron:dem
толкування /n2n.p1
толкувати /v1.cf.advp :imperf
тотой /adj_pron :&pron:dem  #> той
тра noninfl:&predic
трансфлюксор /n20.a.p.ke
трачиння /n2n
тридесять /numr
трясцяма noninfl:&predic
тузінь /n20.a.p
туто adv
туточки adv
тя noun:anim:s:v_rod/v_zna:&pron:pers:2     #> тебе
тяготіти /v2.cf.advp :imperf
убійник /n20.a.p.<
убільшки adv
увечорі adv:v-u
увидіти /v1 :perf
удвійці adv:v-u
удвурядь adv
узад adv
узвишковий /adj
узгіднювати /v1.cf.advp :imperf
уздогін adv
узимі adv
уїжно adv:&predic
уїхати /v4 :perf
уйматися /vr2.cf.advp :imperf
укруть adv
улиця /n10.p1
уліжно adv:&predic
уліті adv
уложений /adj :&adjp:pasv:perf
умкнути /v1 :perf
умоцований /adj
уподібний /adj \
 +cs=уподібніший
упоминати /v2.cf.advp :imperf
упоминатися /vr2.cf.advp :imperf
упомки noninfl:&predic
упомку noninfl:&predic
упруг /n20.a.p
урадуваний /adj :&adjp:pasv:perf    # past
урем'я /n40.yu
урікати /v2.cf :imperf
урльоп /n20.p
уряджений /adj :&adjp:pasv:perf    # past
урядово adv
усамперед adv
усилу adv:v-u
усіми усі noun:anim:p:v_oru:&pron:gen
успокоєний /adj :&adjp:pasv:perf    # past
устидно adv:&predic
устійнення /n2n
устріть adv
ухорканий /adj :&adjp:pasv:perf:v-u    # past
ученик /n20.a.p.<
учительний /adj
фашистівський /adj
ферії /np1
фершалка /n10.p2.ko.<
фестини /np1
фіра /n10.p1
француський /adj
фрунт /n20
хватаний /adj
хибань part
хлост /n20
хляпавка /n10
холєра noninfl:&insert:coll
холєра /n10 :coll
холоднаво adv:&predic
хорий /adj
хорість /n30
хороба /n10.p1
хоробливий /adj
хоробливість /n30
хоробливо adv
хоровитий /adj
хоровитість /n30
хорувати /v1.cf.advp :imperf
хоть conj:subord
хоть part
хотя part
хресійбо intj
хургон /n20.a.p
цаль /n20.a.p
цвітник /n20.a.p
цего noun:inanim:n:v_rod:&pron:dem  #> цього
цеї цей adj:f:v_rod:&pron:dem
ци conj:coord:subord        #> чи
циганів циган noun:anim:p:v_rod/v_zna
цилюрник /n20.a.p.<
цилюрня /n10.p2
цина /n10
циновий /adj
цирулик /n20.a.p.<
цитаделя noun:f:v_naz                   # lim
цифір /n32
цілево adv
цукриця /n10
цьоця /n10.ku.<
часть /n32.p
чей part
чень part
черлений /adj
чимборше adv
чміль /n23.a.p.<>
човно /n2n
чортма noninfl:&predic
чорт-ма noninfl:&predic
чортмає noninfl:&predic
чорт-мало noninfl:&predic
чорт-матиме noninfl:&predic
чура /n10.<m
чуткість /n30
шаговий /adj
шампан /n20
швидче adv
широчиня /n10
шияка /n10
шкатула /n10.p1
шкварко adv:&predic
шкло /n2n                      #> скло
шкляний /adj
шклянка /n10.p2
шкульно adv:&predic
шматяр /n24.a.p.ke.<
шпихлір /n20.a.p.ke
штерлінґ /n20.a.p
штири numr:p:v_naz/v_zna
штирнадцять /numr
штудерний /adj.adv \
 +cs=штудерніший
шутер /n22 /n20 :xp1                     # щебінь
шушон /n20.a.p
щіль /n32.p
щотиждень adv
ювілят /n20.a.p.<
