альт-саксофон /n20.a.p
арт-акція /n10.p1
артаукціон /n20.p
артбаза /n10
артбомонд /n20
арт-галерея /n10.p1
артгалерея /n10.p1
арт-дилер /n20.a.p.ke.<
артдилер /n20.a.p.ke.<
арт-директор /n20.a.p.ke.<
артдиректор /n20.a.p.ke.<
арт-кафе noun:n:nv
арт-критик /n20.a.p.<
арт-менеджер /n20.a.p.ke.<
артменеджер /n20.a.p.ke.<
артмісія /n10.p1
арт-об'єкт /n20.a.p
арт-проект /n20.p
артпроект /n20.p
арт-простір /n20.p
артпростір /n20.p
арт-процес /n20.p
арт-ринок /n22.p
артринок /n22.p
арт-рок /n20
артрок /n20
артсистема /n10.p1
артсклад /n20.p
арт-сцена /n10.p1
артсцена /n10.p1
арт-терапія /n10
арттерапія /n10
арт-фестиваль /n20.p
артфестиваль /n20.p
арт-форум /n20.p
артфорум /n20.p
арт-хаузний /adj
артхаузний /adj
арт-хаус /n20
артхаус /n20
арт-центр /n20.p
артцентр /n20.p
арт-шоу noun:n:nv
артшоу noun:n:nv
арт-ярмарок /n22.p
артярмарок /n22.p
афро-рок /n20
афророк /n20
байкер-стиль /n20
байкер-шоу noun:n:nv
балкан-біт /n20
балканбіт /n20
бард-академія /n10.p1
бас-гітарист /n20.a.p.ke.<
бебі-бум /n20
бебібум /n20
бек-вокалістка /n10.p2.ko.<
беквокалістка /n10.p2.ko.<
бек-вокаліст /n20.a.p.ke.<
беквокаліст /n20.a.p.ke.<
бек-вокал /n20.p
беквокал /n20.p
біг-бенд /n20.a.p
бігбенд /n20.a.p
біг-борд /n20.a.p
бігборд /n20.a.p
бігмак /n20.p
бізнес-абонент /n20.a.p.ke.<
бізнес-авіація /n10
бізнес-аналітика /n10
бізнес-асоціація /n10.p1
бізнес-верхівка /n10
бізнес-вумен noun:f:nv
бізнесвумен noun:f:nv
бізнес-група /n10.p1
бізнес-діалог /n20.zi
бізнес-діяльність /n30
бізнес-еліта /n10.p1
бізнес-завдання /n2n.p1
бізнес-замовлення /n2n.p1
бізнес-ідея /n10.p1
бізнес-імперія /n10
бізнес-інтерес /n20.p
бізнес-кар'єра /n10
бізнес-картка /n10.p2
бізнес-клієнт /n20.a.p.ke.<
бізнес-користувач /n20.a.p.<
бізнес-крило /n2n
бізнес-леді noun:f:nv:anim
бізнес-модель /n32
бізнес-новини /np1
бізнес-оточення /n2n
бізнес-партнер /n20.a.p.ke.<
бізнес-планування /n2n
бізнес-план /n20.p
бізнес-початківець /n22.p.a.<
бізнес-практика /n10
бізнес-практик /n20.a.p.<
бізнес-привабливість /n30
бізнес-проект /n20.p
бізнес-процес /n20.p
бізнес-середовище /n2n
бізнес-сторона /n10.p2
бізнес-стратегія /n10.p1
бізнес-структура /n10.p1
бізнес-схема /n10.p1
бізнес-технологія /n10.p1
бізнес-форум /n20.p
бізнес-центр /n20.p
бізнес-школа /n10.p2
біт-група /n10.p1
бітгрупа /n10.p1
біт-клуб /n20.a.p
бітклуб /n20.a.p
біт-музика /n10
бітмузика /n10
блек-джек /n20
блекджек /n20
бліцвікторина /n10.p1
бліц-спілкування /n2n
блюз-рок /n20
блюзрок /n20
бодибілдер /n20.a.p.<
бодибілдинг /n20
боді-арт /n20
бодіарт /n20
бодібілдинг /n20
бокс-офіс /n20.p
брейк-данс /n20
брейн-ринг /n20
брит-поп /n20
БТА-банк /n20.a.p
вай-фай /n20
вайфай /n20
вебадреса /n10.p1
вебархів /n20.p
веббраузер /n20.a.p
вебвміст /n20
вебдизайн /n20
вебжурнал /n20.p
веб-камера /n10.p1
вебкамера /n10.p1
вебклієнт /n20.a.p
вебколаж /n20.p
вебконференція /n10.p1
вебкрамниця /n10.p1
вебмайстер /n22.p.a.ke.<
вебпанель /n32.p
вебпортал /n20.p
вебпрезентація /n10.p1
вебпрограма /n10.p1
веб-програміст /n20.a.p.ke.<
вебсайт /n20.p
вебсемінар /n20.p
вебсервер /n20.a.p
вебслужба /n10.p1
вебстільниця /n10.p1
вебсторінка /n10.p2
вебтека /n10.p1
веб-форма /n10
вебформа /n10.p1
вебхостинг /n20
вебщоденник /n20.a.p
вектор-функція /n10.p1
відео-арт /n20
відеоарт /n20
вікенд /n20.p
ВІЛ-інфікований /adj.< g=mfp ^noun
віл-інфікований /adj.< g=mfp ^noun
віпзал /n20.p
віпклієнт /n20.a.p.ke.<
гей-клуб /n20.a.p
гей-парад /n20.p
гей-тема /n10
гель-лак /n20.p
глем-рок /n20
глемрок /n20
гранд-готель /n20.a.p
гранд-шоу noun:n:nv
гран-прі noun:n:nv
гранпрі noun:n:nv
грін-карта /n10.p1
грінкарт noun:f:nv
ГТС-консорціум /n20.p
дайвпослуги /np1
дата-центр /n20.a.p
демоверсія /n10.p1
джаз-оркестр /n20.p
джазоркестр /n20.p
джаз-ритм /n20
джазритм /n20
джаз-рок /n20
джазрок /n20
джаз-фестиваль /n20.p
джазфестиваль /n20.p
джем-сешн noun:m:nv:np
джемсешн noun:m:nv:np
джентльмен-клуб /n20.p
джентльмен-шоу noun:n:nv
диво-машина /n10.p1
диджей /n20.a.p.<
дизайн-архітектура /n10
дизайн-студія /n10
диск-жокей /n20.a.p.<
ді-джей /n20.a.p.<
дог-шоу noun:n:nv
допінг-офіцер /n20.a.p.ke.<
дрес-код /n20
дрескод /n20
екзит-пол /n20.p
екзитпол /n20.p
економ-житло /n2n
економ-клас /n20
економклас /n20
економ-сегмент /n20
експрес-дезінфекція /n10
експрес-діагностика /n10
експрес-лабораторія /n10.p1
експрес-тестування /n2n
елітклас /n20
етно-рок /n20
етнорок /n20
жлоб-арт /n20
жлобарт /n20
інді-поп /n20
інді-рок /n20
індірок /n20
інтернет-адреса /n10.p1
інтернет-банкінг /n20
інтернет-бібліотека /n10.p1
інтернетбібліотека /n10.p1
інтернет-версія /n10.p1
інтернет-видання /n2n.p1
інтернетвидання /n2n.p1
інтернет-газета /n10.p1
інтернетгазета /n10.p1
інтернет-голосування /n2n.p1
інтернет-громадськість /n30
інтернет-залежність /n30
інтернетзалежність /n30
інтернет-залицяльник /n20.a.p.<
інтернет-зв'язок /n22
інтернетзв'язок /n22
інтернет-індустрія /n10
інтернет-клуб /n20.p
інтернетклуб /n20.p
інтернет-коментатор /n20.a.p.ke.<
інтернет-консультант /n20.a.p.ke.<
інтернет-консультація /n10.p1
інтернет-конференція /n10.p1
інтернетконференція /n10.p1
інтернет-користувач /n20.a.p.<
інтернеткористувач /n20.a.p.<
інтернет-крамниця /n10.p1
інтернеткрамниця /n10.p1
інтернет-магазин /n20.p
інтернетмагазин /n20.p
інтернет-опитування /n2n.p1
інтернетопитування /n2n.p1
інтернет-портал /n20.p
інтернетпортал /n20.p
інтернет-провайдер /n20.a.p
інтернет-проект /n20.p
інтернетпроект /n20.p
інтернет-простір /n21
інтернетпростір /n21
інтернет-протокол /n20.p
інтернет-ресурс /n20.p
інтернетресурс /n20.p
інтернет-сайт /n20.p
інтернетсайт /n20.p
інтернет-система /n10.p1
інтернетсистема /n10.p1
інтернет-спільнота /n10.p1
інтернет-сторінка /n10.p2
інтернет-телефонія /n10
інтернет-телефон /n20.p
інтернет-технологія /n10.p1
інтернеттехнологія /n10.p1
інтернет-трансляція /n10
інтернеттрансляція /n10
інтернет-трафік /n20
інтернеттрафік /n20
інтернет-форум /n20.p
інтернетфорум /n20.p
інтернет-щоденник /n20.a.p
кавер-версія /n10.p1
Карнегі-хол /n20
квазіпартія /n10.p1
квік-степ /n20
кібер-атака /n10.p1
кібератака /n10.p1
кіндер-сюрприз /n20.p
кіндерсюрприз /n20.p
кіокушин-карате noun:n:nv
клімат-контроль /n20
кол-центр /n20.p
колцентр /n20.p
комік-трупа /n10.p1
компакт-диск /n20.a.p
компактдиск /n20.a.p
компакт-камера /n10.p1
компакт-кар /n20
компакт-касета /n10.p1
компакт-клас /n20
ком'юніті-центр /n20.p
контакт-центр /n20.p
контактцентр /n20.p
контент-аналіз /n20
конференц-зала /n10.p1
конференцзала /n10.p1
конференц-зал /n20.p
конференцзал /n20.p
концепт-кар /n20.a.p
концерт-хол /n20.p
крес-салат /n20.p
креш-тест /n20.p
кріобанк /n20.p
крос-асемблер /n20.a.p
кросасемблер /n20.a.p
крос-компілятор /n20.a.p
кроскомпілятор /n20.a.p
крос-субсидування /n2n
круїз-контроль /n20
лейб-гвардія /n10
люкс-категорія /n10.p1
максимально-мінімальний /adj
мас-медіа noun:p:nv:ns
масмедіа noun:p:nv:ns
мас-медійний /adj
медіавласність /n30
медіаексперт /n20.a.p.ke.<
медіаіндустрія /n10
медіамагнат /n20.a.p.ke.<
медіапіратство /n2n
медіа-пристрій /n21.p
медіапристрій /n21.p
медіапродукт /n20.p
медіапростір /n21
медіапрофспілка /n10.p2
медіаресурс /n20.p
медіаринок /n22.p
медіахолдинг /n20.p
медіацентр /n20.p
мікс-зона /n10
націонал-демократія /n10
націонал-соціалізм /n20
нон-стоп adv
нонстоп adv
онлайн adv
он-лайн /n20
онлайн /n20
опен-турнір /n20.a.p
офіс-менеджер /n20.a.p.ke.<
оффлайн adv
оффлайн /n20
панк-рок /n20
панкрок /n20
пен-клуб /n20.p
перформанс-група /n10.p1
піарактивність /n30
піар-акція /n10.p1
піаракція /n10.p1
піар-атака /n10.p1
піаркампанія /n10.p1
піар-метод /n20.p
піарпроект /n20.p
піар-служба /n10.p1
піартехнологія /n10.p1
піар-хід /n21.p
піархід /n21.p
піт-стоп /n20
плейофівський /adj
плей-офф noun:m:nv
плейоф /n20
плей-оф noun:m:nv
поп-арт /n20
попгурт /n20.p
поп-корн /n20
попкорн /n20
попкультура /n10.p1
попмистецтво /n2n
попмузика /n10
попмюзикл /n20.p
попспівачка /n10.p2.ko.<
пост-комуніст /n20.a.p.ke.<
пост-модерніст /n20.a.p.ke.<
прайм-тайм /n20
праймтайм /n20
прайслист /n20.a.p
президент-готель /n20.a.p
прем'єр-дивізіон /n20.p
прем'єрдивізіон /n20.p
прем'єр-ліга /n10
прем'єрліга /n10
преміум-клас /n20
пресавтомат /n20.a.p
прес-аташе noun:m:nv
пресаташе noun:m:nv
пресбрифінг /n20.p
пресбюро noun:n:nv
пресвипуск /n20.p
пресгалерея /n10.p1
пресгрупа /n10.p1
прес-зала /n10
пресзала /n10
прес-зал /n20.p
пресзал /n20.p
прескліше noun:n:nv
пресклуб /n20.p
прес-конференція /n10.p1
пресконференція /n10.p1
прес-пап'є noun:n:nv
преспідбирач /n20.a.p
прес-реліз /n20.p
пресреліз /n20.p
прес-секретар /n24.a.p.<
прессекретар /n24.a.p.<
прес-служба /n10.p1
пресслужба /n10.p1
престайм /n20
прес-тур /n20
прес-центр /n20.p
пресцентр /n20.p
прима-балерина /n10
промо-акція /n10.p1
промоакція /n10.p1
промокампанія /n10.p1
ралі-рейд /n20
реал-політик noun:f:nv:np
рейтинг-лідер /n20.a.p.ke.<
рейтинг-фаворит /n20.a.p.ke.<
рентген-випромінювання /n2n
рентген-обстеження /n2n
реп-культура /n10
ризик-менеджер /n20.a.p.<
ризик-менеджмент /n20
ріал-шоу noun:n:nv
ріелтор /n20.a.p.ke.<
рок-немовля /n40.p.<
рок-н-рольний /adj
рок-сцена /n10
рок-товариство /n2n
ром-кола /n10
роуд-шоу noun:n:nv
секс-бомба /n10.p1.<
секс-бранка /n10.p2.<
секс-індустрія /n10
секс-інтрига /n10
секс-працівниця /n10.p1.<
секс-театр /n20.p
секс-турист /n20.a.p.ke.<
секс-шоп /n20.p
синтез-газ /n20
сім-карта /n10.p1
сімкарта /n10.p1
сім-картка /n10.p2
сімкартка /n10.p2
скан-копія /n10.p1
сканкопія /n10.p1
скіменг-обладнання /n2n
скотч-тер'єр /n20.a.p.<>
софт-рок /n22
софтрок /n22
спам-мережа /n10.p1
спаринг-партнер /n20.a.p.ke.<
спарингпартнер /n20.a.p.ke.<
спейс-рок /n20
спейсрок /n20
спікер-зона /n10
спліт-система /n10.p1
стенд-бай /n20.a.p
стрес-тест /n20.p
стрип-бар /n20.p
стрит-арт /n20
стритарт /n20
стьоб-аналітика /n10
талант-шоу noun:n:nv
телеком-оператор /n20.a.p
тенор-саксофоніст /n20.a.p.ke.<
тенор-саксофон /n20.a.p
топменеджерський /adj
топ-менеджер /n20.a.p.ke.<
топменеджер /n20.a.p.ke.<
топ-менеджмент /n20
топменеджмент /n20
топ-модель /n32.p.<
топмодель /n32.p.<
топ-новина /n10
топновина /n10
топ-тема /n10
топтема /n10
трансвестит-шоу noun:n:nv
уїк-енд /n20
фан-група /n10.p1
фан-зона /n10.p1
фанзона /n10.p1
фан-клуб /n20.p
фанклуб /n20.p
фан-меню noun:n:nv
фан-містечко /n2n.p2
фан-сектор /n20.a.p
фансектор /n20.a.p
фарм-клуб /n20.p
фармклуб /n20.p
фаст-фуд /n20.p
фастфуд /n20.p
фейсконтороль /n20
фейс-контроль /n20
фітнес-індустрія /n10
фітнесіндустрія /n10
фітнес-клуб /n20.p
фітнесклуб /n20.p
флеш-диск /n20.a.p
флешдиск /n20.a.p
флеш-карта /n10.p1
флешкарта /n10.p1
флеш-картка /n10.p2
флешкартка /n10.p2
флеш-моб /n20.p
флешмоб /n20.p
флеш-пам'ять /n32
флешпам'ять /n32
фокус-група /n10.p1
фокус-груповий /adj
фолк-рок /n20
фолкрок /n20
форсмажорний /adj
фуа-гра /n10
хард-рок /n20
хардрок /n20
хатха-йога /n10
хепі-енд /n20
хет-трик /n20
хіт-парад /n20.p
хітпарад /n20.p
хот-дог /n20.a.p
хотдог /n20.a.p
чемпіон-ліга /n10
шеф-редактор /n20.a.p.ke.<
шефредактор /n20.a.p.ke.<
шоубалет /n20
шоу-бізнесовий /adj
шоубізнесовий /adj
шоу-бізнес /n20
шоубізнес /n20
штрихкодування /n2n.p1
штрих-код /n20.p
штрихкод /n20.p
юрфірма /n10.p1
