# весь /adj_pron - весь /adj_pron :pron:gen
# увесь /adj_pron - увесь /adj_pron :pron:gen
автоклавник /n20.a.p.< - сушильник /n20.a.p.<
автомат /n20.a.p - пакувальник /n20.a.p !u-*
акула /n10.p1.<> - молот /n20.a.p
акула /n10.p1.<> - мако
ангел /n20.a.p.< - охоронець /n22.a.p.<
апаратник /n20.a.p.< - вальцевар /n20.a.p.ke.<
апаратник /n20.a.p.< - гідрометалург /n20.a.p.<
апаратник /n20.a.p.< - екстракторник /n20.a.p.<
апаратник /n20.a.p.< - заварювальник /n20.a.p.<
апаратник /n20.a.p.< - комплекторник /n20.a.p.<
апаратник /n20.a.p.< - конденсаторник /n20.a.p.<
апаратник /n20.a.p.< - лаковар /n20.a.p.ke.<
апаратник /n20.a.p.< - нейтралізаторник /n20.a.p.<
апаратник /n20.a.p.< - оліфовар /n20.a.p.ke.<
апаратник /n20.a.p.< - підшарувальник /n20.a.p.<
апаратник /n20.a.p.< - сикативовар /n20.a.p.ke.<
апаратник /n20.a.p.< - сульфувальник /n20.a.p.<
апаратник /n20.a.p.< - сульфітувальник /n20.a.p.<
апаратник /n20.a.p.< - сірнильник /n20.a.p.<
апаратник /n20.a.p.< - фарботерник /n20.a.p.<
апаратник /n20.a.p.< - фірнісовар /n20.a.p.ke.<
апаратник /n20.a.p.< - індуліновар /n20.a.p.ke.<
асфальтобетонник /n20.a.p.< - варильник /n20.a.p.<
баба /n10.p1.< - повитуха /n10.p1.<
баба /n10.p1.< - сповитуха /n10.p1.<
баба /n10.p1.< - пупорізка /n10.p2.<
баба /n10.p1.< - яга /n10.p1.<
баба /n10.< - дід /n20.a.< ^noun:p
баба /n10.< - дідо /n20.< ^noun:p
бабець /n22.a.p.<> - головач /n20.a.p.<>
бабуся /n10.< - дідусь /n20.a.< ^noun:p
багнет /n20.a.p - ніж /n21.a.p
бал /n20.p - маскарад /n20.p
банк /n20.p - еквайр /n20.p.ke
барометр /n20.a.p.ke - анероїд /n20.a.p
безпілотник /n20.a.p - шпигун /n20.a.p
брати /np2.< - православні /n2adj1.<
бринзороб /n20.a.p.ke.< - майстер /n20.a.p.ke.<
буття /n2n - в-собі
буття /n2n - для-іншого
буття /n2n - до-смерті
буття /n2n - у-світі
буття /n2n - для-себе
буття /n2n - в-світі
вагон /n20.a.p - ресторан /n20.a.p
вагон  /n20.a.p - цистерна /n10.p1
вальс /n20 - бостон /n20
вежі /np1 - близнюки /np2
виробник /n20.a.p.< - налагоджувальник /n20.a.p.<
відпарювач /n20.a.p.< - пресувальник /n20.a.p.<
гід /n20.a.p.< - перекладач /n20.a.p.<
грейдер /n20.a.p.ke - елеватор /n20.a.p.ke !u-u
грохотник /n20.a.p.< - шурувальник /n20.a.p.<
джинси /np2 - кльош
диво /n2n - дивне /adj ^noun
директор /n20.a.p.ke.< - розпорядник /n20.a.p.<
дівка /n10.p2.< - дзиґа /n10.p1.<
дід /n20.a.ku.< - баба /n10.< ^noun:p
дід /n20.a.p.ku.< - мороз /n20.a.p.<
дідо /n20.< - баба /n10.< ^noun:p
дідусі /np2.< - бабусі /np1.<
дідусь /n20.a.< - бабуся /n10.< ^noun:p
діти /np3.< - квіти /np2.<
довгий /adj - предовгий /adj
доводжувач /n20.a.p.< - притирник /n20.a.p.<
дозувальник /n20.a.p.< - змішувач /n20.a.p.<
дробильник /n20.a.p.< - розмелювач /n20.a.p.<
дрон /n20.a.p - камікадзе
друкар /n24.a.p.ku.< - тиснильник /n20.a.p.<
екс-президент /n20.a.p.< - втікач /n20.a.p.< :up92
електрогазозварник /n20.a.p.< - врізальник /n20.a.p.<
електромонтер /n20.a.p.ke.< - лінійник /n20.a.p.<
електромонтер /n20.a.p.ke.< - релейник /n20.a.p.<
електрослюсар /n24.a.p.ku.< - контактник /n20.a.p.<
живий /adj - здоровий /adj
жук /n20.a.p.<> - гнойовик /n20.a.p.<>
жук /n20.a.p.<> - носоріг /n21.a.p.ke.<>
жук /n20.a.p.<> - олень /n20.a.p.<>
жук /n20.a.p.<> - рогач /n20.a.p.<>
заливальник /n20.a.p.< - труболиварник /n20.a.p.<
заправник /n20.a.p.< - знімач /n20.a.p.<
знімач /n20.a.p.< - змивальник /n20.a.p.<
знімач /n20.a.p.< - розкрійник /n20.a.p.<
знімач /n20.a.p.< - укладальник /n20.a.p.<
зшивальник /n20.a.p.< - проклеювач /n20.a.p.<
іван /n20.a.p.< - покиван /n20.a.p.<
іванець /n22.a.p.< - покиванець /n22.a.p.<
іванець /n22.a.p.< - киванець /n22.a.p.<
ідея /n10.p1 - фікс
інженер /n20.a.p.ke.< - конструктор /n20.a.p.ke.<
інженер /n20.a.p.ke.< - механік /n20.a.p.<
інженер /n20.a.p.ke.< - технолог /n20.a.p.<
інженер /n20.a.p.ke.< - дефектоскопіст /n20.a.p.ke.<
інженер /n20.a.p.ke.< - електронік /n20.a.p.<
інженер /n20.a.p.ke.< - електрорадіонавігатор
інженер /n20.a.p.ke.< - кріогенник /n20.a.p.<
інструктор /n20.a.p.ke.< - дезінфектор /n20.a.p.ke.<
інфузорія /n10.p1.<> - туфелька /n10.p2.<>
Іскандер /n20.a.ke - М
кабельник /n20.a.p.< - спаювальник /n20.a.p.<
кабінник /n20.a.p.< - кантівник /n20.a.p.<
кава /n10 - чай /n20
Казимеж /n20.a - Дольний /n2adj1 :geo:town
калібрувальник /n20.a.p.< - прецизійник /n20.a.p.<
камера /n10.p1 - обскура /n10.p1
капітан /n20.a.p.ke.< - кранмейстер /n20.a.p.ke.<
капітан-лейтенант /n20.a.p.ke.< - інженер /n20.a.p.ke.< !u-u
карта /n10.p1 - схема /n10.p1
кафе noun:n:nv - кондитерська /n2adj1.p
кафе noun:n:nv - морозиво /n2n.p1
каша /n10 - малаша /n10
каширувальник /n20.a.p.< - фарбувальник /n20.a.p.<
кесонник /n20.a.p.< - апаратник /n20.a.p.<
кесонник /n20.a.p.< - електромонтажник /n20.a.p.<
кесонник /n20.a.p.< - прохідник /n20.a.p.<
кесонник /n20.a.p.< - слюсар /n24.a.p.ku.<
кислототривник /n20.a.p.< - вініпластник /n20.a.p.<
кислототривник /n20.a.p.< - гумувальник /n20.a.p.<
клеїльник /n20.a.p.< - обпресувальник /n20.a.p.<
клуб /n20.p - кафе
коваль /n20.a.p.< - бурозаправник /n20.a.p.<
коза /n10.<> - дереза /n10.<>
кокільник /n20.a.p.< - складальник /n20.a.p.<
комар /n20.a.ke.p4.<> - дзвінець /n22.a.p.<
контролер /n20.a.p.ke.< - візитажник /n20.a.p.<
королева /n10.< - консорт /n20.a.<
король /n20.a.< - сонце /n2n.ovi
котрий /adj - небудь :pron:ind
котрий /adj - будь :pron:ind
крісло /n2n.p2 - гойдалка /n10.p2
купівля /n10 - продаж /n20
кури /np3 - гриль
курка /n10.p2 - гриль
курочка /n10.p2 - гриль
кухня /n10.p2 - студія /n10.p1
лаборант /n20.a.p.ke.< - електроакустик /n20.a.p.<
лаборант /n20.a.p.ke.< - кристалооптик /n20.a.p.<
лаборант /n20.a.p.ke.< - металограф /n20.a.p.<
лаборант /n20.a.p.ke.< - полярографіст /n20.a.p.ke.<
лаборант /n20.a.p.ke.< - рентгеноструктурник /n20.a.p.<
лаборант /n20.a.p.ke.< - сенситометрист /n20.a.p.ke.<
лапонька /n10.p2.< - дочка /n10.p2.<
лапонька /n10.p2.< - донька /n10.p2.<
лапочка /n10.p2.< - дочка /n10.p2.<
лапочка /n10.p2.< - донька /n10.p2.<
латаний /adj - перелатаний /adj
лікар /n24.a.p.ku.< - куратор /n20.a.p.ke.<
лікар /n24.a.p.ku.< - дезінфекціоніст /n20.a.p.ke.<
літак /n20.a.p - розвідник /n20.a.p
льон /n20 - довгунець /n22.a
люмінофорник /n20.a.p.< - екранувальник /n20.a.p.<
магнезувальник /n20.a.p.< - вакуумник /n20.a.p.<
макак /n20.a.p.<> - резус /n20.a.p.<>
макака /n10.p1.<> - резус /n20.a.p.<>
макака /n10.p1.<> - резус /n20.a.p.<> ^noun:m
мама /n10.< - тато /n20.< ^noun:p
марксизм /n20 - ленінізм /n20 !u-u
мармеладник /n20.a.p.< - пастильник /n20.a.p.<
матінка /n10.ko - природа /n10.ko
матч /n20.p - реванш /n20.p
машиніст /n20.a.p.ke.< - таблетувальник /n20.a.p.<
мед /n20 - вино /n2n
мед /n20 - пиво /n2n
місто /n2n.p1 - сад /n20.p
молодий /adj - зелений /adj
музей /n20.p - заповідник /n20.a.p
музика /n10.p1.<m - аматор /n20.a.p.ke.<
музика /n10.p1.<m - любитель /n20.a.p.<
наважувач /n20.a.p.< - готувач /n20.a.p.<
навальник /n20.a.p.< - штабелювальник /n20.a.p.<
ненька /n10.< - Україна /n10.<
ніхто /n_pron.< - ніхто /n_pron.< :pron:neg
обіцянка /n10.p2 - цяцянка /n10.p2
один /numr ^adj - єдиний /adj :numr
один /numr ^adj - однісінький /adj :numr
один /numr ^adj - другий /adj :numr
один /numr g=m - півтора
один /numr g=n - півтора
один /numr g=f - півтори
оксидувальник /n20.a.p.< - вакуумник /n20.a.p.<
опера /n10.p1 - буф
опера /n10.p1 - буфа
опера /n10.p1 - буффа
опера /n10.p1 - буффо
оператор /n20.a.p.ke.< - намазувальник /n20.a.p.<
оправник /n20.a.p.< - чистильник /n20.a.p.<
орлан /n20.a.p.<> - білохвіст /n21.a.p.<>
ортезист /n20.a.p.ke.< - гіпсовиливальник /n20.a.p.<
оцинковувач /n20.a.p.< - хромувальник /n20.a.p.<
паличка /n10.p2 - виручалочка /n10.p2
паличка /n10.p2 - стукалочка /n10.p2
пан /n20.a.p.ke.< - брат /n20.a.p.ke.< !u-u
перебирач /n20.a.p - зволожувач /n20.a.p
перший /adj - ліпший /adj
піша /n2adj1.< - пішаниця /n10.<m
піший /n2adj1.p.< - пішаниця /n10.p1.<m
плісирувальник /n20.a.p.< - гофрувальник /n20.a.p.<
пресувальник /n20.a.p.< - віджимач /n20.a.p.<           #> пресувальник-відтискач
пресувальник /n20.a.p.< - видувник /n20.a.p.<
пресувальник /n20.a.p.< - освинцювальник /n20.a.p.<
пресувальник /n20.a.p.< - відтискач /n20.a.p.<
прима /n10.p1.< - балерина /n10.p1.<
пробивальник /n20.a.p.< - продувальник /n20.a.p.<
програма /n10.p1 - мінімум
промивальник /n20.a.p.< - пропарювач /n20.a.p.<
радий /adj - радісінький /adj
радист /n20.a.p.ke.< - радіолокаторник /n20.a.p.<
рахунок /n22.a.p - фактура /n10.p1
риба /n10.p1.<> - голка /n10.p2
риба /n10.p1.<> - меч /n20.a.p
риба /n10.p1.<> - молот /n20.a.p
розкатник /n20.a.p.< - сортувальник /n20.a.p.<
розливальник /n20.a.p.< - загладжувальник /n20.a.p.<
розмелювач /n20.a.p.< - дозувальник /n20.a.p.<
Ростов /n20.a - на-Дону :geo:town
сам /adj_pron - самісінький /adj :pron:def
сам /adj_pron - один /numr ^adj :pron:def
свердлувальник /n20.a.p.< - пневматик /n20.a.p.<
свинка /n10.p2 - скарбничка /n10.p2
сила /n10 - силенна /adj g=f
сила /n10 - силюща /adj g=f
сім'я /n10 - вихователька /n10
склеювач /n20.a.p.< - фарбувальник /n20.a.p.<
скруберник /n20.a.p.< - насосник /n20.a.p.<
скручувальник /n20.a.p.< - ізолювальник /n20.a.p.<
слюсар /n24.a.p.ku.< - обпресувальник /n20.a.p.<
слюсар /n24.a.p.ku.< - проводник /n20.a.p.<
сон /n22.p - мрія /n10.p1
сортувальник /n20.a.p.< - розбирач /n20.a.p.<
спеціаліст /n20.a.p.ke.< - вибуховик /n20.a.p.<
спідниця /n10.p1 - кльош
стабілізаторник /n20.a.p.< - дефібринувальник /n20.a.p.<
ставильник /n20.a.p.< - вибірник /n20.a.p.<
старий /adj - добрий /adj
статус /n20 - кво :bad
стійка /n10.p2 - журавель /n22.a.p
Стугна /n10 - П
суднокорпусник /n20.a.p.< - ремонтник /n20.a.p.<
сукня /n10.p2 - міді
сукня /n10.p2 - міні
сукня /n10.p2 - максі
сумний /adj - пресумний /adj
суп /n20.p - пюре
сякий /adj - такий /adj :pron:def
такий /adj - сякий /adj :pron:def
такий /adj.long - собі :pron:dem:bad
тато /n20.< - мама /n10.< ^noun:p
тендер /n20.a.p.ke - конденсатор /n20.a.p.ke
технік /n20.a.p.< - аерофотограметрист /n20.a.p.ke.<
технік /n20.a.p.< - фотограмметрист /n20.a.p.ke.<
токар /n24.a.p.ku.< - затилувальник /n20.a.p.<
токар /n24.a.p.ku.< - напівавтоматник /n20.a.p.<
токар /n24.a.p.ku.< - револьверник /n20.a.p.<
токар /n24.a.p.ku.< - розточувальник /n20.a.p.<
труболиварник /n20.a.p.< - формувальник /n20.a.p.<
тьма /n10 - тьмуща /adj g=f
тьма /n10 - тменна /adj g=f
укладальник /n20.a.p - розбирач /n20.a.p
фіглі /np2 - міглі /np2
Франкфурт /n20.a - на-Майні :geo:town
футерувальник /n20.a.p.< - муляр /n20.a.p.ke.<
футерувальник /n20.a.p.< - шамотник /n20.a.p.<
харки /np2 - макогоники /np2 :coll
хліб /n20.a - сіль /n30 :+m
хто /n_pron.< - небудь :pron:ind
хто /n_pron.< - будь :pron:ind
художник /n20.a.p.< - зарисовник /n20.a.p.<
художник /n20.a.p.< - окопротезист /n20.a.p.ke.<
цап /n20.a.p.<> - відбувайло /n20.p.<>
цяця /n10.<m - хлопчик /n20.a.<
чай /n20 - кава /n10
чий /adj_pron - небудь :pron:ind
чий /adj_pron - будь :pron:ind
член /n20.a.p.< - кореспондент /n20.a.p.< !u-u          # :xp1
чудо /n2n.p1.< - юдо /n2n.p1.<
шапка /n10.p2 - невидимка /n10.p2
шафа /n10.p1 - купе
шламівник /n20.a.p.< - басейник /n20.a.p.<
шура /n10 - буря /n10
шури /np2 - мури /np2
шуря /n10 - буря /n10
що /n_pron - небудь :pron:ind
що /n_pron - будь :pron:ind
ювелір /n20.a.p.ke.< - браслетник /n20.a.p.<
ювелір /n20.a.p.ke.< - закріпник /n20.a.p.<
ювелір /n20.a.p.ke.< - ланцюжковик /n20.a.p.<
який /adj - небудь :pron:ind
який /adj - будь :pron:ind
