агатово-чорний /adj
аквамариново-синій /adj
антрацитово-чорний /adj
багряно-золотий /adj
багряно-золотистий /adj
багряно-синій /adj
багряно-червоний /adj
багряно-чорний /adj
барвінково-зелений /adj
бежево-коричневий /adj
бездонно-блакитний /adj
бездонно-синій /adj
білий-білесенький /adj
білий-білісінький /adj
біло-білий /adj
біло-біло adv:predic
біло-восковий /adj
біло-голубий /adj
біло-жовтий /adj
біло-зелений /adj
біло-золотавий /adj
біло-золотий /adj
біло-золотистий /adj
біло-коричневий /adj
біло-мармуровий /adj
біло-молочний /adj
біло-рожевий /adj
біло-рудий /adj
біло-сивий /adj
біло-сірий /adj
білосніжно-білий /adj
біло-сріблястий /adj
біло-срібний /adj
біло-фіолетовий /adj
біло-червоний /adj
біло-чорний /adj
білувато-блакитний /adj
білувато-голубий /adj
білувато-рожевий /adj
більче-золотівський /adj
біляво-золотистий /adj
біляво-пшеничний /adj
біляво-рудий /adj
білясто-блакитний /adj
білясто-синій /adj
бірюзово-блакитний /adj
бірюзово-голубий /adj
бірюзово-зелений /adj
бірюзово-синій /adj
блакитний-блакитний /adj
блакитно-білий /adj
блакитно-бірюзовий /adj
блакитно-бузковий /adj
блакитно-голубий /adj
блакитно-жовтий /adj
блакитно-зеленавий /adj
блакитно-зелений /adj
блакитно-зеленуватий /adj
блакитно-золотий /adj
блакитно-помаранчевий /adj
блакитно-рожевий /adj
блакитно-рудавий /adj
блакитно-сизий /adj
блакитно-синій /adj
блакитно-сірий /adj
блакитно-сріблястий /adj
блакитно-срібний /adj
блакитно-сталевий /adj
блакитно-фіолетовий /adj
блакитно-червоний /adj
блакитно-чорний /adj
блакитнувато-зелений /adj
блакитнувато-сірий /adj
блакитнявий /adj
блискучо-синій /adj
блискучо-чорний /adj
блідий-блідий /adj
блідо-бежевий /adj
блідо-бежовий /adj
блідо-білий /adj
блідо-блакитний /adj
блідо-бузковий /adj
блідо-голубий /adj
блідо-жовтий /adj
блідо-зелений /adj
блідо-золотий /adj
блідо-золотистий /adj
блідо-коричневий /adj
блідо-ліловий /adj
блідо-половий /adj
блідо-помаранчевий /adj
блідо-рожевий /adj
блідо-салатовий /adj
блідо-синій /adj
блідо-синявий /adj
блідо-сірий /adj
блідо-фіалковий /adj
блідо-фіолетовий /adj
блідо-червоний /adj
блякло-блакитний /adj
блякло-синій /adj
блякло-сірий /adj
болотно-зелений /adj
бордово-коричневий /adj
бордово-синій /adj
бордово-червоний /adj
брудно-білий /adj
брудно-блакитний /adj
брудно-брунатний /adj
брудно-голубий /adj
брудно-жовтий /adj
брудно-зелений /adj
брудно-коричневий /adj
брудно-оливковий /adj
брудно-помаранчевий /adj
брудно-рожевий /adj
брудно-рудий /adj
брудно-синій /adj
брудно-сірий /adj
брудно-фіолетовий /adj
брудно-червоний /adj
брунатно-жовтий /adj
брунатно-зелений /adj
брунатно-зеленуватий /adj
брунатно-червоний /adj
брунатнуватий /adj
брунатнувато-жовтий /adj
брунатнувато-золотисто-жовтий /adj
брунатнувато-оранжевий /adj
брунатнувато-сірий /adj
брунатуватий /adj
бузково-голубий /adj
бузково-рожевий /adj
бузково-синій /adj
бузково-сірий /adj
бузково-фіолетовий /adj
буйно-зелений /adj
буро-жовтий /adj
буро-зелений /adj
буро-коричневий /adj
буро-сірий /adj
буро-червоний /adj
буро-чорний /adj
бурувато-коричневий /adj
бурувато-сірий /adj
бурштиново-жовтий /adj
буряково-червоний /adj
васильково-синій /adj
весняно-зелений /adj
вицвіло-блакитний /adj
вицвіло-синій /adj
вогненно-гнідий /adj
вогненно-жовтий /adj
вогненно-рудий /adj
вогненно-червоний /adj
вогняно-рудий /adj
вогняно-червоний /adj
водяво-блакитний /adj
водянисто-блакитний /adj
водянисто-голубий /adj
водянисто-сірий /adj
волошково-блакитний /adj
волошково-синій /adj
восково-жовтий /adj
восково-сірий /adj
вугільно-чорний /adj
вугляно-сірий /adj
гірчично-жовтий /adj
глибинно-блакитний /adj
глибоко-синій /adj
глибоко-червоний /adj
гнило-зелений /adj
голубий-голубий /adj
голубий-преголубий /adj
голубо-зелений /adj
голубуватий /adj
голубувато-білий /adj
голубувато-зелений /adj
голубувато-іскристий /adj
голубувато-сизий /adj
голубувато-синій /adj
голубувато-сірий /adj
голубувато-фіолетовий /adj
горіхово-брунатний /adj
горіхово-карий /adj
горобинно-червоний /adj
гранатово-синій /adj
гранатово-червоний /adj
густо-блакитний /adj
густо-брунатний /adj
густо-зелений /adj
густо-золотий /adj
густо-коричневий /adj
густо-рожевий /adj
густо-синій /adj
густо-фіолетовий /adj
густо-червоний /adj
густо-чорний /adj
димчасто-блакитний /adj
димчасто-синій /adj
димчасто-сірий /adj
драглисто-зелений /adj
електрично-синій /adj
жнив'яно-золотий /adj
жовтаво-білий /adj
жовтаво-блідий /adj
жовтаво-брунатний /adj
жовтаво-зелений /adj
жовтаво-коричневий /adj
жовтаво-рожевий /adj
жовтаво-сірий /adj
жовтаво-червоний /adj
жовтий-жовтий /adj
жовтий-прежовтий /adj
жовто-багряний /adj
жовто-білий /adj
жовто-блакитний /adj
жовто-блідий /adj
жовто-брунатний /adj
жовто-бузковий /adj
жовто-бурий /adj
жовто-вохристий /adj
жовто-голубий /adj
жовто-зелений /adj
жовто-зеленуватий /adj
жовто-золотавий /adj
жовто-золотий /adj
жовто-золотистий /adj
жовто-коричневий /adj
жовто-оливковий /adj
жовто-оранжевий /adj
жовто-палевий /adj
жовто-помаранчевий /adj
жовто-рожевий /adj
жовто-рудий /adj
жовто-русявий /adj
жовто-рябий /adj
жовто-синій /adj
жовто-сірий /adj
жовто-фіолетовий /adj
жовто-червоний /adj
жовто-чорний /adj
жовтувато-білий /adj
жовтувато-бурий /adj
жовтувато-зелений /adj
жовтувато-зеленуватий /adj
жовтувато-коричневий /adj
жовтувато-рожевий /adj
жовтувато-сірий /adj
жовтувато-червоний /adj
зеленавий /adj
зеленаво-блакитний /adj
зеленаво-жовтий /adj
зеленаво-синій /adj
зеленастий /adj
зелений-зелений /adj
зеленистий /adj
зеленкуватий /adj
зеленкувато-блакитний /adj
зеленкувато-жовтий /adj
зеленкувато-карий /adj
зеленкувато-синій /adj
зеленкувато-сірий /adj
зелено-білий /adj
зелено-блакитний /adj
зелено-брунатний /adj
зелено-бурий /adj
зелено-вугільний /adj
зелено-голубий /adj
зелено-жовтий /adj
зелено-золотий /adj
зелено-карий /adj
зелено-коричневий /adj
зелено-рожевий /adj
зелено-синій /adj
зелено-сірий /adj
зелено-фіолетовий /adj
зелено-червоний /adj
зелено-чорний /adj
зеленувато-білий /adj
зеленувато-блакитний /adj
зеленувато-бурий /adj
зеленувато-голубий /adj
зеленувато-жовтий /adj
зеленувато-коричневий /adj
зеленувато-синій /adj
зеленувато-сірий /adj
зеленявий /adj
зеленястий /adj
золотаво-багряний /adj
золотаво-білий /adj
золотаво-блакитний /adj
золотаво-брунатний /adj
золотаво-жовтий /adj
золотаво-зелений /adj
золотаво-карий /adj
золотаво-каштановий /adj
золотаво-коричневий /adj
золотаво-рожевий /adj
золотаво-рудий /adj
золотаво-сріблястий /adj
золотаво-червоний /adj
золотаво-чорний /adj
золотисто-бронзовий /adj
золотисто-брунатний /adj
золотисто-жовтий /adj
золотисто-зелений /adj
золотисто-каштановий /adj
золотисто-медовий /adj
золотисто-оранжевий /adj
золотисто-рожевий /adj
золотисто-рудий /adj
золотисто-червоний /adj
золотисто-чорний /adj
золото-блакитний /adj
золото-срібний /adj
ізумрудно-зелений /adj
імператорсько-пурпуровий /adj
іржаво-коричневий /adj
іржаво-рудий /adj
каламутно-жовтий /adj
каламутно-зелений /adj
карамельно-коричневий /adj
каро-зелений /adj
квітково-білий /adj
кислотно-жовтий /adj
кислотно-зелений /adj
кислотно-рожевий /adj
кобальтово-синій /adj
коричнево-бежевий /adj
коричнево-білий /adj
коричнево-жовтий /adj
коричнево-зелений /adj
коричнево-оранжевий /adj
коричнево-рожевий /adj
коричнево-рудий /adj
коричнево-сірий /adj
коричнево-фіолетовий /adj
коричнево-чорний /adj
коричнювато-жовтий /adj
креветково-рожевий /adj
кремінно-сірий /adj
кремово-білий /adj
кремово-блакитний /adj
кремово-жовтий /adj
крем'яно-сірий /adj
криваво-багряний /adj
криваво-червоний /adj
криваво-чорний /adj
крижано-блакитний /adj
крижано-синій /adj
кришталево-блакитний /adj
лазурово-блакитний /adj
лаймово-зелений /adj
лимонно-жовтий /adj
лишайниково-зелений /adj
лілейно-білий /adj
лілейно-синій /adj
лісно-зелений /adj
майоліково-синій /adj
малахітово-зелений /adj
малиново-червоний /adj
малиново-чорний /adj
мармурово-білий /adj
матово-білий /adj
матово-зелений /adj
матово-синій /adj
матово-сірий /adj
матово-чорний /adj
медово-жовтий /adj
мертвенно-блідий /adj
мертво-блідий /adj
мертвотно-білий /adj
мертвотно-блакитний /adj
мертвотно-блідий /adj
мертвотно-синій /adj
мертвотно-сірий /adj
мідно-рудий /adj
мідно-червоний /adj
молочно-білий /adj
молочно-блакитний /adj
молочно-блідий /adj
молочно-голубий /adj
молочно-рожевий /adj
молочно-синій /adj
молочно-сірий /adj
мохово-зелений /adj
мутно-білий /adj
мутно-зелений /adj
мутно-сірий /adj
м'ятно-зелений /adj
насичено-білий /adj
насичено-блакитний /adj
насичено-жовтий /adj
насичено-зелений /adj
насичено-рожевий /adj
насичено-синій /adj
насичено-червоний /adj
небесно-блакитний /adj
небесно-голубий /adj
небесно-синій /adj
нейтрально-сірий /adj
неоново-жовтий /adj
неоново-зелений /adj
неоново-рожевий /adj
неоново-синій /adj
нефритово-зелений /adj
ніжно-бежевий /adj
ніжно-білий /adj
ніжно-бірюзовий /adj
ніжно-блакитний /adj
ніжно-бузковий /adj
ніжно-голубий /adj
ніжно-жовтий /adj
ніжно-зелений /adj
ніжно-кремовий /adj
ніжно-ліловий /adj
ніжно-малиновий /adj
ніжно-оливковий /adj
ніжно-пастельний /adj
ніжно-персиковий /adj
ніжно-рожевий /adj
ніжно-салатовий /adj
ніжно-синій /adj
ніжно-сірий /adj
ніжно-фіолетовий /adj
обрісниково-зелений /adj
оксамитово-синій /adj
оксамитово-чорний /adj
оливково-брунатний /adj
оливково-жовтий /adj
оливково-зелений /adj
оливково-сірий /adj
оливково-сірячинний /adj
олив'яно-сірий /adj
опівнічно-синій /adj
оранжево-білий /adj
оранжево-жовтий /adj
оранжево-зелений /adj
оранжево-коричневий /adj
оранжево-рожевий /adj
оранжево-синій /adj
оранжево-сірий /adj
оранжево-червоний /adj
оранжево-чорний /adj
отруйно-жовтий /adj
отруйно-зелений /adj
папоротно-зелений /adj
пастельно-блакитний /adj
пастельно-рожевий /adj
пастельно-синій /adj
перламутрово-білий /adj
перламутрово-синій /adj
перламутрово-сірий /adj
перлово-сірий /adj
печерично-білий /adj
полум'янисто-червоний /adj
полум'яно-рудий /adj
полум'яно-червоний /adj
помаранчево-білий /adj
помаранчево-блакитний /adj
помаранчево-жовтий /adj
помаранчево-коричневий /adj
помаранчево-лимонний /adj
помаранчево-малиновий /adj
помаранчево-рожевий /adj
помаранчево-синій /adj
помаранчево-червоний /adj
помаранчево-чорний /adj
помірно-червоний /adj
попелясто-білий /adj
попелясто-зелений /adj
попелясто-рожевий /adj
попелясто-русявий /adj
попелясто-синій /adj
попелясто-сірий /adj
порошково-синій /adj
приглушено-синій /adj
примарно-блакитний /adj
прозоро-білий /adj
прозоро-блакитний /adj
прозоро-голубий /adj
прозоро-жовтий /adj
прозоро-зелений /adj
прозоро-рожевий /adj
прозоро-синій /adj
пронизливо-блакитний /adj
пронизливо-голубий /adj
пронизливо-синій /adj
пудрово-синій /adj
рожево-бежевий /adj
рожево-білий /adj
рожево-блакитний /adj
рожево-брунатний /adj
рожево-бузковий /adj
рожево-голубий /adj
рожево-жовтий /adj
рожево-жовтогарячий /adj
рожево-зелений /adj
рожево-золотий /adj
рожево-золотистий /adj
рожево-коричневий /adj
рожево-ліловий /adj
рожево-малиновий /adj
рожево-помаранчевий /adj
рожево-синій /adj
рожево-сірий /adj
рожево-фіолетовий /adj
рожево-червоний /adj
рожево-чорний /adj
рожевуватий /adj
рожевувато-бузковий /adj
рожевувато-жовтий /adj
рожевувато-синій /adj
ртутно-білий /adj
рудо-жовтий /adj
рудо-червоний /adj
рудувато-білий /adj
рудувато-білявий /adj
рудувато-брунатний /adj
рудувато-бузковий /adj
рудувато-жовтий /adj
рудувато-каштановий /adj
рудувато-коричневий /adj
рудувато-сірий /adj
рудувато-чорний /adj
рутвяно-зелений /adj
салатно-зелений /adj
салатовий /adj
салатово-зелений /adj
сапфірово-синій /adj
свинцево-синій /adj
свинцево-сірий /adj
свіжо-зелений /adj
світанково-рожевий /adj
світло-бежевий /adj
світло-білий /adj
світло-бірюзовий /adj
світло-блакитний /adj
світло-брунатний /adj
світло-бузковий /adj
світло-бурий /adj
світло-бурштиновий /adj
світло-голубий /adj
світло-жовтий /adj
світло-зелений /adj
світло-золотавий /adj
світло-золотий /adj
світло-золотистий /adj
світло-кавовий /adj
світло-карий /adj
світло-каштановий /adj
світло-коричневий /adj
світло-кремовий /adj
світло-ліловий /adj
світло-оранжевий /adj
світло-пастельний /adj
світло-помаранчевий /adj
світло-попелястий /adj
світло-пурпуровий /adj
світло-рожевий /adj
світло-рудий /adj
світло-рудуватий /adj
світло-русий /adj
світло-русявий /adj
світло-салатовий /adj
світло-синій /adj
світло-сірий /adj
світло-солом'яний /adj
світло-сріблястий /adj
світло-фіолетовий /adj
світло-червоний /adj
сиво-блакитний /adj
сивувато-блакитний /adj
сизо-блакитний /adj
сизо-голубий /adj
сизо-зелений /adj
сизо-синій /adj
сизо-чорний /adj
сизувато-блакитний /adj
сизувато-голубий /adj
сизувато-синій /adj
сильно-брунатний /adj
синій-пресиній /adj
синій-синій /adj
синьо-багровий /adj
синьо-багряний /adj
синьо-білий /adj
синьо-біло-блакитний /adj
синьо-біло-червоний /adj
синьо-бірюзовий /adj
синьо-блакитний /adj
синьо-блідий /adj
синьо-брудний /adj
синьо-бузковий /adj
синьо-волошковий /adj
синьо-голубий /adj
синьо-гранатовий /adj
синьо-жовтий /adj
синьо-жовто adv
синьо-зелений /adj
синьо-золотий /adj
синьо-коричневий /adj
синьо-лазуровий /adj
синьо-ліловий /adj
синьо-помаранчевий /adj
синьо-попелястий /adj
синьо-рожевий /adj
синьо-сивий /adj
синьо-синій /adj
синьо-синьо adv
синьо-сірий /adj
синьо-сріблястий /adj
синьо-срібний /adj
синьо-темний /adj
синьо-фіалковий /adj
синьо-фіолетовий /adj
синьо-червоний /adj
синьо-чорний /adj
синювато-білий /adj
синювато-блакитний /adj
синювато-блідий /adj
синювато-зелений /adj
синювато-сірий /adj
синювато-сталевий /adj
синювато-фіолетовий /adj
синювато-чорний /adj
синявий /adj
синяво-голубий /adj
синяво-зелений /adj
синяво-олив'яний /adj
синяво-рожевий /adj
синяво-сірий /adj
синяво-сріблястий /adj
синяво-червоний /adj
синяво-чорний /adj
сіро-бежевий /adj
сіро-білий /adj
сіро-блакитний /adj
сіро-брудний /adj
сіро-брунатний /adj
сіро-бузковий /adj
сіро-бурий /adj
сіро-голубий /adj
сіро-жовтий /adj
сіро-зелений /adj
сіро-землистий /adj
сіро-золотий /adj
сіро-коричневий /adj
сіро-мурий /adj
сіро-оливковий /adj
сіро-попелястий /adj
сіро-рожевий /adj
сіро-рудий /adj
сіро-сивий /adj
сіро-синій /adj
сіро-смугастий /adj
сіро-сріблястий /adj
сіро-срібний /adj
сіро-сталевий /adj
сіро-темний /adj
сіро-фіалковий /adj
сіро-фіолетовий /adj
сіро-червоний /adj
сіро-чорний /adj
сірувато-білий /adj
сірувато-блакитний /adj
сірувато-брунатний /adj
сірувато-жовтий /adj
сірувато-зелений /adj
сірувато-коричневий /adj
сірувато-мутний /adj
сірувато-рожевий /adj
сірувато-синій /adj
сірувато-чорний /adj
сірявий /adj
сіряво-брунатний /adj
сіряво-жовтий /adj
сіряво-зелений /adj
сіряво-синій /adj
сіряво-фіалковий /adj
сіряво-червоний /adj
сланцево-синій /adj
сліпучо-білий /adj
сліпучо-блакитний /adj
сліпучо-голубий /adj
сліпучо-жовтий /adj
сліпучо-зелений /adj
сліпучо-синій /adj
смарагдово-блакитний /adj
смарагдово-зелений /adj
смарагдово-синій /adj
сніжно-білий /adj
сніжно-блакитний /adj
соковито-зелений /adj
солом'яно-жовтий /adj
сонячно-жовтий /adj
сосново-зелений /adj
сріблисто-білий /adj
сріблисто-блакитний /adj
сріблисто-синій /adj
сріблисто-сірий /adj
сріблясто-білий /adj
сріблясто-блакитний /adj
сріблясто-блискучий /adj
сріблясто-голубий /adj
сріблясто-зелений /adj
сріблясто-золотий /adj
сріблясто-рожевий /adj
сріблясто-сивий /adj
сріблясто-синій /adj
сріблясто-сірий /adj
сріблясто-чорний /adj
срібно-білий /adj
срібно-блакитний /adj
срібно-голубий /adj
срібно-зелений /adj
срібно-золотий /adj
срібно-синій /adj
срібно-сірий /adj
срібно-чорний /adj
сталево-блакитний /adj
сталево-синій /adj
сталево-сірий /adj
темно-багряний /adj
темно-бежевий /adj
темно-бірюзовий /adj
темно-блакитний /adj
темно-бордовий /adj
темно-бронзовий /adj
темно-брунатний /adj
темно-бузковий /adj
темно-бурий /adj
темно-бурштиновий /adj
темно-вишневий /adj
темно-волошковий /adj
темно-гнідий /adj
темно-голубий /adj
темно-горіховий /adj
темно-жовтий /adj
темно-жовтогарячий /adj
темно-зелений /adj
темно-золотавий /adj
темно-золотий /adj
темно-золотистий /adj
темно-карий /adj
темно-каштановий /adj
темно-коричневий /adj
темно-ліловий /adj
темно-малиновий /adj
темно-оливковий /adj
темно-оранжевий /adj
темно-помаранчевий /adj
темно-пурпурний /adj
темно-пурпуровий /adj
темно-рожевий /adj
темно-рубіновий /adj
темно-рудий /adj
темно-русий /adj
темно-русявий /adj
темно-сизий /adj
темно-синій /adj
темно-сірий /adj
темно-сірявий /adj
темно-сливовий /adj
темно-смарагдовий /adj
темно-сріблястий /adj
темно-срібний /adj
темно-темно-синій /adj
темно-фіалковий /adj
темно-фіолетовий /adj
темно-червоний /adj
темно-чорний /adj
темно-шоколадний /adj
тендітно-блакитний /adj
тендітно-рожевий /adj
тепло-жовтий /adj
терно-сливовий /adj
трав'янисто-зелений /adj
трав'яно-зелений /adj
трояндово-рожевий /adj
трояндово-червоний /adj
туманно-білий /adj
туманно-блакитний /adj
туманно-голубий /adj
тьмяно-блакитний /adj
тьмяно-брунатний /adj
тьмяно-голубий /adj
тьмяно-жовтий /adj
тьмяно-зелений /adj
тьмяно-рожевий /adj
тьмяно-сивуватий /adj
тьмяно-синій /adj
тьмяно-сірий /adj
тьмяно-червоний /adj
тютюново-брунатний /adj
устрично-білий /adj
фіалково-синій /adj
фіалково-червоний /adj
фіалково-чорний /adj
фіалкуватий /adj
фіалкувато-брунатний /adj
фіалкувато-синій /adj
фіалкувато-сірий /adj
фіалкувато-чорний /adj
фіолетово-блакитний /adj
фіолетово-голубий /adj
фіолетово-зелений /adj
фіолетово-пурпуровий /adj
фіолетово-рожевий /adj
фіолетово-синій /adj
фіолетово-сірий /adj
фіолетово-червоний /adj
фіолетово-чорний /adj
фісташково-зелений /adj
хромово-зелений /adj
червонавий /adj
червонаво-брунатний /adj
червонаво-жовтий /adj
червонаво-оранжевий /adj
червонаво-рожевий /adj
червонаво-синій /adj
червонаво-фіалковий /adj
червонастий /adj
червоно-багряний /adj
червоно-білий /adj
червоно-блакитний /adj
червоно-брунатний /adj
червоно-бузковий /adj
червоно-бурий /adj
червоно-голубий /adj
червоно-жовтий /adj
червоно-жовтогарячий /adj
червоно-зелений /adj
червоно-золотавий /adj
червоно-золотий /adj
червоно-золотистий /adj
червоно-коричневий /adj
червоно-кривавий /adj
червоно-малиновий /adj
червоно-оранжевий /adj
червоно-помаранчевий /adj
червоно-пурпуровий /adj
червоно-рожевий /adj
червоно-рудий /adj
червоно-рябий /adj
червоно-синій /adj
червоно-сірий /adj
червоно-фіалковий /adj
червоно-фіалкуватий /adj
червоно-фіолетовий /adj
червоно-червоний /adj
червоно-чорний /adj
червонувато-брунатний /adj
червонувато-бурий /adj
червонувато-жовтий /adj
червонувато-сірий /adj
червонувато-фіолетовий /adj
червонявий /adj
червоняво-брунатний /adj
чирково-синій /adj
чисто-білий /adj
чисто-блакитний /adj
чорнильно-синій /adj
чорнильно-чорний /adj
чорно-багряний /adj
чорно-білий /adj
чорно-брунатний /adj
чорно-бурий /adj
чорно-жовтий /adj
чорно-зелений /adj
чорно-золотий /adj
чорно-золотистий /adj
чорно-коричневий /adj
чорно-малиновий /adj
чорно-оранжевий /adj
чорно-помаранчевий /adj
чорно-рожевий /adj
чорно-рудий /adj
чорно-рябий /adj
чорно-салатовий /adj
чорно-сивий /adj
чорно-сизий /adj
чорно-синій /adj
чорно-сірий /adj
чорно-смоляний /adj
чорно-сріблястий /adj
чорно-срібний /adj
чорно-фіолетовий /adj
чорно-червоний /adj
чорнувато-синій /adj
шиферно-синій /adj
шиферно-сірий /adj
шиферно-чорний /adj
шоколадно-коричневий /adj
яблучно-зелений /adj
ядуче-жовтий /adj
ядуче-зелений /adj
ядуче-синій /adj
ядучо-зелений /adj
ядучо-синій /adj
ядучо-червоний /adj
янтарево-золотий /adj
яро-блакитний /adj
яро-зелений /adj
яро-фіалковий /adj
яро-червоний /adj
яскраво-багряний /adj
яскраво-барвистий /adj
яскраво-білий /adj
яскраво-бірюзовий /adj
яскраво-блакитний /adj
яскраво-вогнистий /adj
яскраво-голубий /adj
яскраво-жовтий /adj
яскраво-зелений /adj
яскраво-золотавий /adj
яскраво-золотий /adj
яскраво-кольоровий /adj
яскраво-коричневий /adj
яскраво-лимонний /adj
яскраво-ліловий /adj
яскраво-малиновий /adj
яскраво-оранжевий /adj
яскраво-помаранчевий /adj
яскраво-пурпуровий /adj
яскраво-рожевий /adj
яскраво-рудий /adj
яскраво-салатовий /adj
яскраво-синій /adj
яскраво-смарагдовий /adj
яскраво-фіолетовий /adj
яскраво-червоний /adj
яскраво-чорний /adj
ясно-блакитний /adj
ясно-брунатний /adj
ясно-бурячковий /adj
ясно-вишневий /adj
ясно-голубий /adj
ясно-жовтий /adj
ясно-зелений /adj
ясно-карий /adj
ясно-каштановий /adj
ясно-коричневий /adj
ясно-оливковий /adj
ясно-оранжевий /adj
ясно-рожевий /adj
ясно-синій /adj
ясно-сірий /adj
ясно-сірявий /adj
ясно-фіалковий /adj
ясно-червоний /adj
