Афанасьєв /n2adj2.<+ - Чужбинський /adj.<+ g=m
Білгород /n20.a - Дністровський /adj ^noun g=m
Бульба /n10.<+m - Боровець /n22.a.<+m
вежі /np1 - близнюки /np2
Володарськ /n20.a - Волинський /adj ^noun g=m
Володимир /n20.a - Волинський /adj ^noun g=m
Галичанка /n10 - ЛНУ
Гвінея /n10 - Бісау
Гута /n10 - Бушинська /adj ^noun g=f
Гута /n10 - Добринь /n32
Гута /n10 - Забілоцька /adj ^noun g=f
Гута /n10 - Зеленицька /adj ^noun g=f
Гута /n10 - Лісівська /adj ^noun g=f
Гута /n10 - Логанівська /adj ^noun g=f
Гута /n10 - Мовчанська /adj ^noun g=f
Гута /n10 - Морозівська /adj ^noun g=f
Гута /n10 - Потіївка /n10
Гута /n10 - Селицька /adj ^noun g=f
Гута /n10 - Стеблівська /adj ^noun g=f
Гута /n10 - Студенецька /adj ^noun g=f
Гута /n10 - Чугорська /adj ^noun g=f
Гута /n10 - Шершнівська /adj ^noun g=f
Гута /n10 - Юстинівка /n10
Гута /n10 - Яцьковецька /adj ^noun g=f
Жак /n20.a.< - Анрі
Жан /n20.a.ke.< - Жак /n20.a.<
Жан /n20.a.ke.< - Клод /n20.a.ke.<
Жан /n20.a.ke.< - Луї
Жан /n20.a.ke.< - Марі
Жан /n20.a.ke.< - Мішель /n20.a.<
Жан /n20.a.ke.< - П'єр /n20.a.ke.<
Захер /n20.a.<+ - Мазох /n20.a.<+
Зета /n10.<+ - Джонс
ідея /n10.p1 - фікс
інфузорія /n10.p1.<> - туфелька /n10.p2.<>
камера /n10 - обскура /n10
Карпенко /n20.<+ - Карий /adj.<+ g=m
Квітка /n10.<+m - Основ'яненко /n20.<+m
коза /n10.<> - дереза /n10.<>
король /n20.a.< - сонце /n2n
Куп'янськ /n20.a - Вузловий /adj ^noun g=m
кури /np3 - гриль
курка /n10.p2 - гриль
курочка /n10.p2 - гриль
макака /n10.p1.<> - резус
матінка /n10.ko - природа /n10.ko
Мельниця /n10 - Подільська /adj ^noun g=f
Мустафа /n10.<m - ефенді
Наталка /n10.< - Полтавка /n10.<
Нафтовик /n20.a - Укрнафта /n10
Немирович /n20.a.<+m - Данченко /n20.<+m
Нечуй /n20.a.<+ - Левицький /adj.<+ g=m
Новгород /n20.a - Сіверський /adj ^noun g=m
Новоград /n20.a - Волинський /adj ^noun g=m
номер /n20.a.p - люкс
обіцянка /n10 - цяцянка /n10
Одеса /n10 - мама /n10
пан /n20.a.ke.< - брат /n20.a.ke.<
Переяслав /n20.a - Хмельницький /adj ^noun g=m
перший /adj - ліпший /adj
П'єр /n20.a.ke.< - Марі
Полонська /adj.<+ g=f - Василенко
Рава /n10 - Руська /adj g=f
риба /n10.<> - меч /n20.a
риба /n10.p1.<> - голка /n10.p2.<>
Римський /adj.<+ g=m - Корсаков /n2adj2.<+m
сила /n10 - силенна /adj g=f
Склодовська /adj.<+ g=f - Кюрі
сумний /adj - пресумний /adj
сякий /adj - такий /adj :&pron:def
такий /adj - сякий /adj :&pron:def
тьма /n10 - тьмуща /adj g=f
фіглі /np2 - міглі /np2
член /n20.a.p.< - кореспондент /n20.a.p.<
чудо /n20.<> - юдо /n20.<> ^noun:n
шапка /n10.p2 - невидимка /n10.p2
шура /n10 - буря /n10
шури /np2 - мури /np2
