австралієць /n22.p.a.<
австралійка /n10.p2.ko.<
австралійський /adj
Австралія /n10.ko
австрієць /n22.p.a.<
австрійка /n10.p2.ko.<
австрійський /adj
Австрія /n10.ko
азербайджанець /n22.p.a.<
азербайджанка /n10.p2.ko.<
азербайджанський /adj
Азербайджан /n20
аландський /adj
албанець /n22.p.a.<
Албанія /n10
албанка /n10.p2.ko.<
албанський /adj
алжирець /n22.p.a.<
алжирка /n10.p2.ko.<
алжирський /adj
Алжир /n20.a :xp1    # місто
Алжир /n20 :xp2    # країна
американець /n22.p.a.<
американка /n10.p2.ko.< :xp1    # людина
американка /n10.p2 :xp2    # гра в більярд, парі
американський /adj
Америка /n10
ангільський /adj
Ангілья /n10
англієць /n22.p.a.<
англійка /n10.p2.ko.<
англійський /adj
Англія /n10.ko
Ангола /n10
анголець /n22.p.a.<
анголка /n10.p2.ko.<
ангольський /adj
Андорра /n10
андоррець /n22.p.a.<
андоррський /adj
Анегада /n10
анегадський /adj
Антарктида /n10
антарктидський /adj
Антигуа noun:f:nv:np
антильський /adj
аравієць /n22.p.a.<
аравійка /n10.p2.ko.<
аравійський /adj
Аравія /n10.ko
Аргентина /n10
аргентинець /n22.p.a.<
аргентинка /n10.p2.ko.<
аргентинський /adj
Аруба /n10
арубський /adj
Афганістан /n20
афганський /adj
африканець /n22.p.a.<
африканка /n10.p2.ko.<
африканський /adj
Африка /n10
багамець /n22.p.a.<
Багами /np2
багамка /n10.p2.ko.<
багамський /adj
бангладеський /adj
бангладешець /n22.p.a.<
бангладешка /n10.p2.ko.<
Бангладеш noun:m:nv:np
барбадосець /n22.p.a.<
барбадоска /n10.p2.ko.<
барбадоський /adj
Барбадос /n20
Барбуда /n10
барбудський /adj
бахрейнський /adj
Бахрейн /n20
белізець /n22.p.a.<
белізка /n10.p2.ko.<
белізький /adj
Беліз /n20
бельгієць /n22.p.a.<
бельгійка /n10.p2.ko.<
бельгійський /adj
Бельгія /n10
бенінський /adj
Бенін /n20
Бермуди /np2
бермудський /adj
білоруска /n10.p2.ko.<
білоруський /adj
Білорусь /n32
білорус /n20.a.p.ke.<
болгарин /n20.a.pyn.ke.<
Болгарія /n10
болгарка /n10.p2.ko.<
болгарський /adj
боліварський /adj
болівієць /n22.p.a.<
болівійка /n10.p2.ko.<
болівійський /adj
Болівія /n10
боснієць /n22.p.a.<
боснійка /n10.p2.ko.<
боснійський /adj
Боснія /n10
Ботсвана /n10
ботсванець /n22.p.a.<
ботсванка /n10.p2.ko.<
ботсванський /adj
бразилець /n22.p.a.<
бразилійка /n10.p2.ko.<
бразилійський /adj
Бразилія /n10
бразильський /adj
британець /n22.p.a.<
Британія /n10.ko
британка /n10.p2.ko.<
британський /adj
брунеєць /n22.p.a.<
Бруней-Даруссалам noun:m:nv:np
брунейка /n10.p2.ko.<
брунейський /adj
Бруней /n20
Буве noun:n:nv:np
Буркіна-Фасо noun:n:nv:np
бурундійський /adj
Бурунді noun:n:nv:np
бутанець /n22.p.a.<
бутанка /n10.p2.ko.<
бутанський /adj
Бутан /n20
валлієць /n22.p.a.<
валлійка /n10.p2.ko.<
валлійський /adj
Вануату noun:n:nv:np
ватиканець /n22.p.a.<
ватиканка /n10.p2.ko.<
ватиканський /adj
Ватикан /n20
великобританець /n22.p.a.<
Великобританія /n10
великобританка /n10.p2.ko.<
великобританський /adj
Венесуела /n10
венесуелець /n22.p.a.<
венесуелка /n10.p2.ko.<
венесуельський /adj
в'єтнамець /n22.p.a.<
в'єтнамка /n10.p2.ko.<
в'єтнамський /adj
В'єтнам /n20
віргінський /adj
вірменин /n20.a.pyn.ke.<
Вірменія /n10
вірменка /n10.p2.ko.<
вірменський /adj
вірмен /n20.a.p.ke.<
вкраїнський /adj
габонський /adj
Габон /n20
Гаїті noun:n:nv:np
гаїтянин /n20.a.pyn.ke.<
гаїтянка /n10.p2.ko.<
гаїтянський /adj
Гайана /n10
гайанець /n22.p.a.<
гайанка /n10.p2.ko.<
гайанський /adj
гамбієць /n22.p.a.<
гамбійка /n10.p2.ko.<
гамбіський /adj
Гамбія /n10
Гана /n10
ганець /n22.p.a.<
ганка /n10.p2.ko.<
ганський /adj
гарсієць /n22.p.a.<
гарсійка /n10.p2.ko.<
гарсійський /adj
Гваделупа /n10
гваделупський /adj
Гватемала /n10
гватемалець /n22.p.a.<
гватемалка /n10.p2.ko.<
гватемальський /adj
Гвіана /n10
гвіанець /n22.p.a.<
гвіанка /n10.p2.ko.<
гвіанський /adj
гвінеєць /n22.p.a.<
гвінейка /n10.p2.ko.<
гвінейський /adj
Гвінея /n10.ko
германський /adj
Герцеговина /n10
герцеговинець /n22.p.a.<
герцеговинка /n10.p2.ko.<
герцеговинський /adj
гібралтарець /n22.p.a.<
гібралтарка /n10.p2.ko.<
гібралтарський /adj
Гібралтар /n20.a :xp1    # місто
Гібралтар /n20 :xp2    # територія
голландець /n22.p.a.<
Голландія /n10
голландка /n10.p2.ko.<
голландський /adj
гондурасець /n22.p.a.<
гондураска /n10.p2.ko.<
гондураський /adj
Гондурас /n20
гонконгівський /adj
Гонконг /n20.zi
гонконзький /adj
грекиня /n10.p1.ko.<
грек /n20.a.p.<
Гренада /n10
гренадець /n22.p.a.<
гренадінець /n22.p.a.<
Гренадіни /np1
гренадінка /n10.p2.ko.<
гренадінський /adj
гренадка /n10.p2.ko.<
гренадський /adj
гренландець /n22.p.a.<
Гренландія /n10
гренландка /n10.p2.ko.<
гренландський /adj
Греція /n10
грецький /adj
гречанка /n10.p2.ko.<
грузинка /n10.p2.ko.<
грузинський /adj
грузин /n20.a.p.ke.<
Грузія /n10
данець /n22.p.a.<
Данія /n10
данка /n10.p2.ko.<
данський /adj
даруссаламський /adj
Даруссалам /n20
дезирадець /n22.p.a.<
дезирадка /n10.p2.ko.<
Дезирад noun:m:nv:np
джамахірієць /n22.p.a.<
джамахірійка /n10.p2.ko.<
джамахірійський /adj
Джамахірія /n10
Джибуті noun:n:nv:np
джибутський /adj
джорджійський /adj
Джорджія /n10
джостський /adj
Джост /n20
домініканець /n22.p.a.<
домініканка /n10.p2.ko.<
домініканський /adj
Домініка /n10 :xp2    # країна
еквадорець /n22.p.a.<
еквадорка /n10.p2.ko.<
еквадорський /adj
Еквадор /n20
Ель-Сальвадор /n20.a
еміратець /n22.p.a.<
Емірати /np2
еміратка /n10.p2.ko.<
еміратський /adj
еритреєць /n22.p.a.<
еритрейка /n10.p2.ko.<
еритрейський /adj
Еритрея /n10
естонець /n22.p.a.<
Естонія /n10
естонка /n10.p2.ko.<
естонський /adj
ефатський /adj
Ефат /n20
Ефіопія /n10
ефіопка /n10.p2.ko.<
ефіопський /adj
ефіоп /n20.a.p.ke.<
євразієць /n22.p.a.<
євразійка /n10.p2.ko.<
євразійський /adj
Євразія /n10
Європа /n10
європеєць /n22.p.a.<
європейка /n10.p2.ko.<
європейський /adj
єгипетський /adj
єгипетянин /n20.a.pyn
єгипетянка /n10.p2.ko.<
Єгипет /n22
єменець /n22.p.a.<
єменка /n10.p2.ko.<
єменський /adj
Ємен /n20
заїрський /adj
Заїр /n20.a
замбієць /n22.p.a.<
замбійка /n10.p2.ko.<
замбійський /adj
Замбія /n10
зеландець /n22.p.a.<
Зеландія /n10               # xv2
зеландка /n10.p2.ko.<
зеландський /adj
Зімбабве noun:n:nv:np
зімбабвієць /n22.p.a.<
зімбабвійка /n10.p2.ko.<
ізраїльський /adj
ізраїльтянин /n20.a.pyn.ke.<
ізраїльтянка /n10.p2.ko.<
Ізраїль /n20
індієць /n22.p.a.<
індійка /n10.p2.ko.<
індійський /adj
Індія /n10
індонезієць /n22.p.a.<
індонезійка /n10.p2.ko.<
індонезійський /adj
Індонезія /n10
іракець /n22.p.a.<
іракський /adj
іракця /n10.p1.ko.<
Ірак /n20
іранець /n22.p.a.<
іранка /n10.p2.ko.<
іранський /adj
Іран /n20
ірландець /n22.p.a.<
Ірландія /n10
ірландка /n10.p2.ko.<
ірландський /adj
ісландець /n22.p.a.<
Ісландія /n10
ісландка /n10.p2.ko.<
ісландський /adj
іспанець /n22.p.a.<
Іспанія /n10
іспанка /n10.p2.ko.<
іспанський /adj
італієць /n22.p.a.<
італійка /n10.p2.ko.<
італійський /adj
Італія /n10
йорданець /n22.p.a.<
Йорданія /n10
йорданка /n10.p2.ko.<
йорданський /adj
Кабо-Верде noun:f:nv:np
казахстанець /n22.p.a.<
казахстанка /n10.p2.ko.<
казахстанський /adj
Казахстан /n20
казахський /adj
казах /n20.a.p.<
казашка /n10.p2.ko.<
кайкоський /adj
Кайкос /n20
кайманець /n22.p.a.<
кайманка /n10.p2.ko.<
кайманський /adj
Кайман /n20
каледонієць /n22.p.a.<
каледонійка /n10.p2.ko.<
Каледонія /n10.ko
каледонський /adj
Камбоджа /n10
камбоджієць /n22.p.a.<
камбоджійка /n10.p2.ko.<
камбоджійський /adj
камерунець /n22.p.a.<
камерунка /n10.p2.ko.<
камерунський /adj
Камерун /n20
Канада /n10
канадець /n22.p.a.<
канадка /n10.p2.ko.<
канадський /adj
катарець /n22.p.a.<
катарка /n10.p2.ko.<
катарський /adj
Катар /n20
кенієць /n22.p.a.<
кенійка /n10.p2.ko.<
кенійський /adj
Кенія /n10
киргизка /n10.p2.ko.<
киргизстанець /n22.p.a.<
киргизстанка /n10.p2.ko.<
киргизстанський /adj
Киргизстан /n20
киргизький /adj
киргиз /n20.a.p.ke.<
китаєць /n22.p.a.<
китайський /adj
Китай /n20
китаянка /n10.p2.ko.<
Кілінг /n20
кілінзький /adj
кіпрський /adj
кіпрянин /n20.a.pyn.ke.<
кіпрянка /n10.p2.ko.<
Кіпр /n20
кірибатієць /n22.p.a.<
кірибатійка /n10.p2.ko.<
Кірибаті noun:n:nv:np
кірибатський /adj
кокосовський /adj
колумбієць /n22.p.a.<
колумбійка /n10.p2.ko.<
колумбійський /adj
Колумбія /n10.ko
Комори /np2
коморський /adj
конголезець /n22.p.a.<
конголезка /n10.p2.ko.<
конголезький /adj
Конго noun:f:nv:np|noun:n:nv:np
кореєць /n22.p.a.<
корейський /adj
кореянка /n10.p2.ko.<
Корея /n10
коста-риканський /adj
Коста-Рика /n10
Кот-д'Івуар /n20
Куба /n10
кубинець /n22.p.a.<
кубинка /n10.p2.ko.<
кубинський /adj
кувейтець /n22.p.a.<
кувейтка /n10.p2.ko.<
кувейтський /adj
Кувейт /n20
куканський /adj
Кука /n10
лаосець /n22.p.a.<
лаоска /n10.p2.ko.<
лаоський /adj
Лаос /n20
латвієць /n22.p.a.<
латвійка /n10.p2.ko.<
латвійський /adj
Латвія /n10
латиський /adj
латишка /n10.p2.ko.<
латиш /n20.a.p.<
Лесото noun:n:nv:np
Литва /n10
литовець /n22.p.a.<
литовка /n10.p2.ko.<
литовський /adj
ліберієць /n22.p.a.<
ліберійка /n10.p2.ko.<
ліберійський /adj
Ліберія /n10
ліванець /n22.p.a.<
ліванка /n10.p2.ko.<
ліванський /adj
Ліван /n20
лівієць /n22.p.a.<
лівійка /n10.p2.ko.<
лівійський /adj
Лівія /n10
ліхтенштейнський /adj
Ліхтенштейн /n20
Люксембург /n20.zi
люксембуржець /n22.p.a.<
люксембурзький /adj
маврикієць /n22.p.a.<
маврикійка /n10.p2.ko.<
маврикійський /adj
Маврикій /n20
мавританець /n22.p.a.<
Мавританія /n10
мавританка /n10.p2.ko.<
мавританський /adj
мадагаскарський /adj
Мадагаскар /n20
мадярка /n10.p2.ko.<
мадярський /adj
мадяр /n20.a.p.ke.<
маєнський /adj
Маєн /n20
Майотта /n10
майоттський /adj
Макао noun:n:nv:np
македонець /n22.p.a.<
Македонія /n10
македонка /n10.p2.ko.<
македонський /adj
малавіець /n22.p.a.<
малавіка /n10.p1.ko.<
Малаві noun:n:nv:np
малавський /adj
малаєць /n22.p.a.<
малайзієць /n22.p.a.<
малайзійка /n10.p2.ko.<
малайзійський /adj
малайзіський /adj
Малайзія /n10
малайка /n10.p2.ko.<
малайський /adj
малієць /n22.p.a.<
малійка /n10.p2.ko.<
малійський /adj
Малі noun:n:nv:np
мальвінський /adj
мальдівець /n22.p.a.<
Мальдіви /np2
мальдівський /adj
Мальта /n10
мальтієць /n22.p.a.<
мальтійка /n10.p2.ko.<
мальтійський /adj
марианський /adj
марокканець /n22.p.a.<
марокканка /n10.p2.ko.<
марокканський /adj
Марокко noun:n:nv:np
мартимський /adj
Мартим /n20
мартиніканець /n22.p.a.<
мартиніканка /n10.p2.ko.<
мартиніканський /adj
Мартиніка /n10
маршалловий /adj
мексиканець /n22.p.a.<
мексиканка /n10.p2.ko.<
мексиканський /adj
Мексика /n10
мікелонець /n22.p.a.<
мікелонка /n10.p2.ko.<
мікелонський /adj
Мікелон /n20
мікронезієць /n22.p.a.<
мікронезійка /n10.p2.ko.<
мікронезіський /adj
Мікронезія /n10
мозамбікець /n22.p.a.<
мозамбікський /adj
мозамбікця /n10.p1.ko.<
Мозамбік /n20
молдованин /n20.a.pyn.ke.<
молдованка /n10.p2.ko.<
Молдова /n10
молдовський /adj
Монако noun:n:nv:np
монакський /adj
Монголія /n10
монголка /n10.p2.ko.<
монгольський /adj
монгол /n20.a.p.ke.<
Монтсеррат /n20
М'янма /n10
м'янмський /adj
намібієць /n22.p.a.<
намібійка /n10.p2.ko.<
намібійський /adj
Намібія /n10
Науру noun:n:nv:np
НДР noun:f:nv:np
неамериканський /adj
непалець /n22.p.a.<
непалка /n10.p2.ko.<
непальський /adj
Непал /n20
неросійський /adj
нігерець /n22.p.a.<
нігерієць /n22.p.a.<
нігерійка /n10.p2.ko.<
нігерійський /adj
Нігерія /n10
нігерка /n10.p2.ko.<
нігерський /adj
Нігер /n20
нідерландець /n22.p.a.<
Нідерланди /np2
нідерландка /n10.p2.ko.<
нідерландський /adj
нікарагуанець /n22.p.a.<
нікарагуанка /n10.p2.ko.<
нікарагуанський /adj
Нікарагуа noun:n:nv:np|noun:f:nv:np
німецький /adj
німець /n22.p.a.<
Німеччина /n10
німка /n10.p2.ko.<
німкеня /n10.p1.ko.<
Ніуе noun:n:nv:np
новозеландець /n22.p.a.<
новозеландка /n10.p2.ko.<
новозеландський /adj
Норвегія /n10
норвежець /n22.p.a.<
норвежка /n10.p2.ko.<
норвезький /adj
нороньський /adj
Норонья /n10
норфолкський /adj
Норфолк /n20
оманський /adj
Оман /n20
пакистанець /n22.p.a.<
пакистанка /n10.p2.ko.<
пакистанський /adj
Пакистан /n20
Палау noun:n:nv:np
Палестина /n10
палестинський /adj
Панама /n10
панамець /n22.p.a.<
панамський /adj
парагваєць /n22.p.a.<
парагвайка /n10.p2.ko.<
парагвайський /adj
Парагвай /n20
ПАР noun:f:nv:np
перуанець /n22.p.a.<
перуанка /n10.p2.ko.<
перуанський /adj
Перу noun:n:nv:np
піткернський /adj
Піткерн /n20
полінезієць /n22.p.a.<
полінезійка /n10.p2.ko.<
полінезійський /adj
Полінезія /n10
польський /adj
Польща /n10
поляк /n20.a.p.<
полячка /n10.p2.ko.<
португалець /n22.p.a.<
Португалія /n10
португалка /n10.p2.ko.<
португальський /adj
Принсипі noun:n:nv:np
принсипський /adj
пуерториканець /n22.p.a.<
пуерториканка /n10.p2.ko.<
пуерто-риканський /adj
Пуерто-Рико noun:n:nv:np
російський /adj
росіянин /n20.a.pyn.ke.<
росіянка /n10.p2.ko.<
Росія /n10
РРФСР noun:f:nv:np
РСР noun:f:nv:np
Руанда /n10
руандієць /n22.p.a.<
руандійка /n10.p2.ko.<
руандійський /adj
Румунія /n10
румунка /n10.p2.ko.<
румунський /adj
румун /n20.a.p.ke.<
сальвадорець /n22.p.a.<
сальвадорка /n10.p2.ko.<
сальвадорський /adj
Сальвадор /n20
самоанець /n22.p.a.<
самоанський /adj
Самоа noun:n:nv:np|noun:f:nv:np
сандвічевий /adj
Сан-Марино noun:n:nv:np
сан-маринський /adj
Сан-Томе noun:n:nv:np
саудівський /adj
Сахара /n10
сахарський /adj
свазілендський /adj
Свазіленд /n20
свальбардський /adj
Свальбард noun:m:nv:np
сванетія /n10
сванка /n10.p2.ko.<
сванський /adj
сван /n20.a.p.ke.<
Сейшели /np2
сейшельський /adj
Сен-Бартельмі noun:f:nv:np
сенегалець /n22.p.a.<
сенегалка /n10.p2.ko.<
сенегальський /adj
Сенегал /n20
Сен-П'єр /n20
Сент-Вінсент /n20
Сент-Джон /n20
Сент-Кітс /n20
Сент-Круа noun:m:nv:np
Сент-Люсія /n10
Сент-Мартин /n20
Сент-Томас /n20
сербинка /n10.p2.ko.<
сербин /n20.a.ke.<
Сербія /n10
сербка /n10.p2.ko.<
сербський /adj
серб /n20.a.p.ke.<
сингапурець /n22.p.a.<
сингапурка /n10.p2.ko.<
сингапурський /adj
Сингапур /n20
сирієць /n22.p.a.<
сирійка /n10.p2.ko.<
сирійський /adj
Сирія /n10
словак /n20.a.p.<
словацький /adj
словачка /n10.p2.ko.<
Словаччина /n10
словенець /n22.p.a.<
Словенія /n10
словенка /n10.p2.ko.<
словенський /adj
соломоновий /adj
сомалієць /n22.p.a.<
сомалійка /n10.p2.ko.<
сомалійський /adj
сомалі noun:f:nv:np
сомалі noun:m:nv:anim|noun:f:nv:anim
Сомалі noun:n:nv:np
суданець /n22.p.a.<
суданка /n10.p2.ko.<
суданський /adj
Судан /n20
суринамець /n22.p.a.<
суринамка /n10.p2.ko.<
суринамський /adj
Суринам /n20
США noun:p:nv:ns
Сьєрра-Леоне noun:n:nv:np
таджикистанець /n22.p.a.<
таджикистанка /n10.p2.ko.<
таджикистанський /adj
Таджикистан /n20
таджик /n20.a.p.<
таджицький /adj
таджичка /n10.p2.ko.<
таїландець /n22.p.a.<
таїландка /n10.p2.ko.<
таїландський /adj
Таїланд /n20
тайванець /n22.p.a.<
тайванка /n10.p2.ko.<
тайванський /adj
Тайвань /n20
тайський /adj
танзанієць /n22.p.a.<
танзанійка /n10.p2.ko.<
танзанійський /adj
Танзанія /n10
теркський /adj
Теркс /n20
Тимор-Лешті noun:m:nv:np
Тобаго noun:n:nv:np
тобазький /adj
тоголезець /n22.p.a.<
тоголезка /n10.p2.ko.<
тоголезький /adj
Того noun:m:nv:np
Токелау noun:n:nv:np
Тонга /n10
тонзький /adj
Тортола /n10
тортольський /adj
тринідадський /adj
Тринідад /n20.ke
Тувалу noun:n:nv:np
тувальський /adj
тунісець /n22.p.a.<
туніска /n10.p2.ko.<
туніський /adj
Туніс /n20
турецький /adj
Туреччина /n10
туркеня /n10.p1.ko.<
туркменістанець /n22.p.a.<
туркменістанка /n10.p2.ko.<
туркменістанський /adj
Туркменістан /n20
туркменка /n10.p2.ko.<
туркменський /adj
туркмен /n20.a.p.ke.<
турок /n22.p.a.<
турчанка /n10.p2.ko.<
Уганда /n10
угандієць /n22.p.a.<
угандійка /n10.p2.ko.<
угандійський /adj
угорець /n22.p.a.<
угорка /n10.p2.ko.<
угорський /adj
Угорщина /n10
уельський /adj
уельсьці /np2.<
Уельс /n20.ke
узбекистанець /n22.p.a.<
узбекистанка /n10.p2.ko.<
узбекистанський /adj
Узбекистан /n20
узбек /n20.a.p.<
узбецький /adj
узбечка /n10.p2.ko.<
Україна /n10.p1.ko
українець /n22.p.a.<
українка /n10.p2.ko.<
український /adj
уоллійський /adj
Уолліс /n20
уругваєць /n22.p.a.<
уругвайка /n10.p2.ko.<
уругвайський /adj
Уругвай /n20
фарерський /adj
фіджієць /n22.p.a.<
фіджійка /n10.p2.ko.<
фіджійський /adj
Фіджі noun:n:nv:np
філіппінець /n22.p.a.<
Філіппіни /np1
філіппінка /n10.p2.ko.<
філіппінський /adj
фінка /n10.p2.ko.<
Фінляндія /n10
фінляндський /adj
фінський /adj
фін /n20.a.p.ke.<
фолклендський /adj
Франція /n10
француженка /n10.p2.ko.<
французький /adj
француз /n20.a.p.ke.<
ФРН noun:f:nv:np
Футуна /n10
футунський /adj
хагоський /adj
Хагос /n20
хашимітський /adj
хердський /adj
Херд /n20
Хорватія /n10
хорватка /n10.p2.ko.<
хорватський /adj
хорват /n20.a.p.ke.<
цейлонський /adj
центральноафриканський /adj
Чад /n20
чеський /adj
Чехія /n10
чех /n20.a.p.<
чешка /n10.p2.ko.<
чилієць /n22.p.a.<
чилійка /n10.p2.ko.<
чилійський /adj
Чилі noun:f:nv:np
чорногорець /n22.p.a.<
Чорногорія /n10
чорногорка /n10.p2.ko.<
чорногорський /adj
шведка /n10.p2.ko.<
шведський /adj
швед /n20.a.p.ke.<
швейцарець /n22.p.a.<
Швейцарія /n10
швейцарка /n10.p2.ko.<
швейцарський /adj
Швеція /n10
шотландець /n22.p.a.<
Шотландія /n10.ko
шотландка /n10.p2.ko.<
шотландський /adj
Шрі-Ланка /n10
шрі-ланкійський /adj
Югославія /n10
югославка /n10.p2.ko.<
югославський /adj
югослав /n20.a.p.ke.<
Ямайка /n10
ямайський /adj
Ян-Маєн noun:m:nv:np
японець /n22.p.a.<
Японія /n10
японка /n10.p2.ko.<
японський /adj
