роздути /v1 :perf    # + /v2.impers2 в base.lst
відмерти /v1 :perf
відперти /v1.impers2 :perf
відпертися /vr1 :perf
відтерти /v1.impers2 :perf
відтертися /vr1 :perf
обтерти /v1.impers2 :perf
обтертися /vr1 :perf
обперти /v1.impers2 :perf
обпертися /vr1 :perf
підперти /v1.impers2 :perf
підпертися /vr1 :perf
підтерти /v1.impers2 :perf
підтертися /vr1 :perf
пітися /vr4 p=3 :perf
приїстися /vr4 p=3 :perf
розтерти /v1.impers2 :perf
розтертися /vr1 :perf
сперти /v1.impers2 :perf
спертися /vr1 :perf
стерти /v1.impers2 :perf
стертися /vr1 :perf
увігнати /v3.impersW :perf:v-u
увігнатися /vr3 :perf:v-u
ввігнати /v3.impersW :perf:v-u
ввігнатися /vr3 :perf:v-u
увібрати /v3.impersW :perf:v-u
увібратися /vr3 :perf:v-u
ввібрати /v3.impersW :perf:v-u
ввібратися /vr3 :perf:v-u

# TODO
# *слатися має два друге значення -> *стелитися
