# Іменники
# !noun

# з тегами

# і - о + ь в кінці
якір якір noun:m:v_naz/v_zna
якоря якір noun:m:v_rod
якорю якір noun:m:v_dav/v_mis
якорем якір noun:m:v_oru
якореві якір noun:m:v_dav
якорі якір noun:m:v_mis//p:v_naz/v_zna
якорів якір noun:p:v_rod
якорям якір noun:p:v_dav
якорями якір noun:p:v_oru
якорях якір noun:p:v_mis

# 0 - о
Великдень Великдень noun:m:v_naz/v_zna
Великодня Великдень noun:m:v_rod
Великодню Великдень noun:m:v_dav/v_mis
Великоднем Великдень noun:m:v_oru
Великодні Великдень noun:p:v_naz/v_zna
Великоднів Великдень noun:p:v_rod
Великодням Великдень noun:p:v_dav
Великоднями Великдень noun:p:v_oru
Великоднях Великдень noun:p:v_mis

# 0 - о (р.в.мн.)
судорги судорга noun:p:v_naz/v_zna
судорог судорга noun:p:v_rod
судоргам судорга noun:p:v_dav
судоргами судорга noun:p:v_oru
судоргах судорга noun:p:v_mis


# власні
Євангеліє Євангеліє noun:n:v_naz/v_zna
Євангелія Євангеліє noun:n:v_rod//p:v_naz/v_zna
Євангелію Євангеліє noun:n:v_dav/v_mis
Євангелії Євангеліє noun:n:v_mis
Євангелієм Євангеліє noun:n:v_oru
Євангелій Євангеліє noun:p:v_rod
Євангеліям Євангеліє noun:n:v_dav
Євангеліями Євангеліє noun:n:v_oru
Євангеліях Євангеліє noun:n:v_mis


# додаткові форми
сосон сосна noun:p:v_rod
відьом відьма noun:p:v_rod/v_zna:anim
верстов верста noun:p:v_rod
одіж одежа noun:f:v_naz/v_zna
воріженьки вороженько noun:p:v_naz:anim:rare
очки очко noun:p:v_naz
воєн війна noun:p:v_rod
грошима гроші noun:p:v_oru:ns
грішми гроші noun:p:v_oru:ns
людоньки людоньки noun:p:v_naz:anim
басищеві басище noun:m:v_dav//n:v_dav
дровець дрівця noun:p:v_rod:ns

крильми крило noun:p:v_oru
слізьми сльоза noun:p:v_oru
коліньми коліно noun:p:v_oru
гістьми гість noun:p:v_oru:anim
кістьми кість noun:p:v_oru
свиньми свиня noun:p:v_oru:anim
ворітьми ворота noun:p:v_oru:ns
воротям ворота noun:p:v_dav:ns
воротях ворота noun:p:v_mis:ns

губів губа noun:p:v_rod
зморщок зморшка noun:p:v_rod
легенів легеня noun:p:v_rod
льоту літ noun:m:v_rod/v_dav/v_mis
панотче панотець noun:m:v_kly:anim
персні перстень noun:p:v_naz/v_zna
старче старець noun:m:v_kly:anim
чернець ченець noun:m:v_naz:anim
мамів мама noun:p:v_rod:anim

панове пан noun:p:v_kly:anim
вуса вуса noun:p:v_naz/v_zna

яловець ялівець noun:m:v_naz/v_zna
стос стіс noun:m:v_naz/v_zna:rare

відом відом noun:m:v_naz:rare
відома відом noun:m:v_rod
відому відом noun:m:v_dav:rare
відом відом noun:m:v_zna:rare
відомом відом noun:m:v_oru
відомі відом noun:m:v_mis:rare

штаням штани noun:p:v_dav:ns
штаньми штани noun:p:v_oru:ns
штанями штани noun:p:v_oru:ns
штанях штани noun:p:v_mis:ns

дошки дошка noun:p:v_naz/v_zna
дощок дошка noun:p:v_rod
дошкам дошка noun:p:v_dav
дошками дошка noun:p:v_oru
дошках дошка noun:p:v_mis


Божечко Божечко noun:m:v_kly:anim
Божечку Божечко noun:m:v_kly:anim

# давні форми
житіє житіє noun:n:v_naz/v_zna
бельмес бельмес noun:m:v_naz:rare
бельмеса бельмес noun:m:v_rod
язицех язик noun:p:v_mis
властен властен predic

давніх-давен давніх-давен noun:p:v_rod:ns

Руси Русь noun:f:v_rod:alt
Кишиневі Кишинів noun:m:v_mis
роб роб noun:m:v_naz/v_zna
робом роб noun:m:v_oru

очі око noun:p:v_naz/v_zna
очей око noun:p:v_rod
очам око noun:p:v_dav
очима око noun:p:v_oru
очах око noun:p:v_mis
вічі око noun:p:v_zna

вісь вісь noun:f:v_naz/v_zna
осі вісь noun:f:v_rod/v_dav/v_mis//p:v_naz/v_zna
віссю вісь noun:f:v_oru
осей вісь noun:p:v_rod
осям вісь noun:p:v_dav
осях вісь noun:p:v_mis
осями вісь noun:p:v_oru
піввісь піввісь noun:f:v_naz/v_zna
півосі піввісь noun:f:v_rod/v_dav/v_mis//p:v_naz/v_zna
піввіссю піввісь noun:f:v_oru
півосей піввісь noun:p:v_rod
півосям піввісь noun:p:v_dav
півосях піввісь noun:p:v_mis
півосями піввісь noun:p:v_oru

овес овес noun:m:v_naz/v_zna
вівса овес noun:m:v_rod//p:v_naz/v_zna
вівсу овес noun:m:v_dav
вівсом овес noun:m:v_oru
вівсі овес noun:m:v_mis
вівси овес noun:p:v_naz/v_zna
вівсів овес noun:p:v_rod
вівсам овес noun:p:v_dav
вівсами овес noun:p:v_oru
вівсах овес noun:p:v_mis

вівці вівця noun:p:v_naz/v_zna:anim
овець вівця noun:p:v_rod/v_zna:anim
вівцям вівця noun:p:v_dav:anim
вівцями вівця noun:p:v_oru:anim
вівцях вівця noun:p:v_mis:anim


дідуньо дідунь noun:m:v_naz:anim
татуньо татунь noun:m:v_naz:anim
татусьо татусь noun:m:v_naz:anim

ігри гра noun:p:v_naz/v_zna
ігор гра noun:p:v_rod
іграм гра noun:p:v_dav
іграми гра noun:p:v_oru
іграх гра noun:p:v_mis
відеоігри відеогра noun:p:v_naz/v_zna
відеоігор відеогра noun:p:v_rod
відеоіграм відеогра noun:p:v_dav
відеоіграми відеогра noun:p:v_oru
відеоіграх відеогра noun:p:v_mis

літ літ noun:m:v_naz/v_zna
лету літ noun:m:v_rod/v_dav/v_mis
льоту літ noun:m:v_rod/v_dav/v_mis
летові літ noun:m:v_dav
летом літ noun:m:v_oru
льотом літ noun:m:v_oru
льоті літ noun:m:v_mis
леті літ noun:m:v_mis

окові око noun:n:v_dav

Господь Господь noun:m:v_naz:anim
Господа Господь noun:m:v_rod:anim
Господові Господь noun:m:v_dav/v_mis:anim
Господеві Господь noun:m:v_dav/v_mis:anim
Господу Господь noun:m:v_dav:anim
Господом Господь noun:m:v_oru:anim
Господі Господь noun:m:v_mis:anim
Господи Господь noun:m:v_kly:anim

Христос Христос noun:m:v_naz:anim
Христа Христос noun:m:v_rod/v_zna:anim
Христу Христос noun:m:v_dav:anim
Христові Христос noun:m:v_dav/v_mis:anim
Христом Христос noun:m:v_oru:anim
Христі Христос noun:m:v_mis:anim
Христе Христос noun:m:v_kly:anim

Донець Донець noun:m:v_naz/v_zna
Дінця Донець noun:m:v_rod
Дінцю Донець noun:m:v_dav/v_mis
Дінцем Донець noun:m:v_oru
Дінці Донець noun:m:v_mis

четвер четвер noun:m:v_naz/v_zna
четверга четвер noun:m:v_rod
четвергу четвер noun:m:v_dav/v_mis
четвергові четвер noun:m:v_dav
четвергом четвер noun:m:v_oru
четверги четвер noun:p:v_naz/v_zna
четвергах четвер noun:p:v_mis
четвергів четвер noun:p:v_rod
четвергам четвер noun:p:v_dav

плечі плече noun:p:v_naz/v_zna
плечей плече noun:p:v_rod
пліч плече noun:p:v_rod
плечам плече noun:p:v_dav
плечима плече noun:p:v_oru
плечах плече noun:p:v_mis

зябра зябра noun:p:v_naz/v_zna
зябер зябра noun:p:v_rod
зябрам зябра noun:p:v_dav
зябрами зябра noun:p:v_oru
зябрах зябра noun:p:v_mis

хабарів хабар noun:p:v_rod
хабарам хабар noun:p:v_dav
хабарами хабар noun:p:v_oru
хабарах хабар noun:p:v_mis
хабарі хабар noun:p:v_naz
хабарі хабар noun:p:v_zna
комарів комар noun:p:v_rod:anim
комарів комар noun:p:v_zna:anim
комарам комар noun:p:v_dav:anim
комарами комар noun:p:v_oru:anim
комарах комар noun:p:v_mis:anim
комарі комар noun:p:v_naz:anim
пластирів пластир noun:p:v_rod
пластирам пластир noun:p:v_dav
пластирами пластир noun:p:v_oru
пластирах пластир noun:p:v_mis
пластирі пластир noun:p:v_naz
пластирі пластир noun:p:v_zna
лейкопластирів лейкопластир noun:p:v_rod
лейкопластирам лейкопластир noun:p:v_dav
лейкопластирами лейкопластир noun:p:v_oru
лейкопластирах лейкопластир noun:p:v_mis
лейкопластирі лейкопластир noun:p:v_naz
лейкопластирі лейкопластир noun:p:v_zna

гребню гребінь noun:m:v_dav
гребню гребінь noun:m:v_mis
гребневі гребінь noun:m:v_dav
гребнем гребінь noun:m:v_oru
гребні гребінь noun:m:v_mis
гребні гребінь noun:p:v_naz
гребні гребінь noun:p:v_zna
гребнів гребінь noun:p:v_rod
гребням гребінь noun:p:v_dav
гребнями гребінь noun:p:v_oru
гребнях гребінь noun:p:v_mis
гребня гребінь noun:m:v_rod

чоботи чобіт noun:p:v_naz/v_zna
чобіт чобіт noun:p:v_rod
чоботам чобіт noun:p:v_dav
чоботям чобіт noun:p:v_dav
чобітьми чобіт noun:p:v_oru
чоботами чобіт noun:p:v_oru
чоботах чобіт noun:p:v_mis
чоботях чобіт noun:p:v_mis

горщок горщок noun:m:v_naz/v_zna
горшка горщок noun:m:v_rod
горшку горщок noun:m:v_dav/v_mis
горшкові горщок noun:m:v_dav
горшком горщок noun:m:v_oru

війя війя noun:n:v_naz/v_rod/v_zna
війю війя noun:n:v_dav/v_mis
війям війя noun:n:v_oru
війї війя noun:n:v_mis

кінця-краю кінця-краю noun:m:v_rod
предку-віку предку-віку noun:m:v_zna

галай-балай галай-балай noun:m:v_naz/v_zna
усюди /np2.np1

дель дель part:pers
фон фон part:pers
бен бен part:pers


# Прислівники



#
# Дієслова
#
# !verb

бути бути verb:inf:imperf
буду бути verb:futr:s:1:imperf
будеш бути verb:futr:s:2:imperf
буде бути verb:futr:s:3:imperf
будемо бути verb:futr:p:1:imperf
будем бути verb:futr:p:1:imperf
будете бути verb:futr:p:2:imperf
будуть бути verb:futr:p:3:imperf
є бути verb:pres:p:1/2/3:imperf
є бути verb:pres:s:1/2/3:imperf
єси бути verb:pres:s:2:imperf:rare
суть бути verb:pres:p:3:imperf:rare
був бути verb:past:m:imperf
була бути verb:past:f:imperf
було бути verb:past:n:imperf
були бути verb:past:p:imperf
будь бути verb:impr:s:2:imperf
будьмо бути verb:impr:p:2:imperf
будьте бути verb:impr:p:3:imperf
бувши бути advp:imperf

підем піти verb:futr:p:2:perf
підім піти verb:impr:p:2:perf
ходім ходити verb:impr:p:2:imperf
боронь боронити verb:impr:s:2:imperf

засохти засохнути verb:inf:perf
загрузти загрузнути verb:inf:perf
заслабти заслабнути verb:inf:perf
досохти досохнути verb:inf:perf
замерзти замерзнути verb:inf:perf
вимокти вимокнути verb:inf:perf
заклякти заклякнути verb:inf:perf

житися житися verb:rev:inf:s:3:imperf
живеться житися verb:rev:pres:s:3:imperf
житиметься житися verb:rev:futr:s:3:imperf
жилося житися verb:rev:past:s:3:imperf
жилось житися verb:rev:past:s:3:imperf

# !verb:imperf
гнисти гнистиме гнистимеш гнистимуть гнистиму гнистимемо гнистимем гнистимете
загнисти загнисти verb:inf:perf
вичахти вичахти verb:inf:perf
вичахши вичахти advp:imperf
#замокти замокне замокнуть замок замокла замокло замокли замокши
замокти замокти verb:inf:perf

# !verb:perf
ввити ввив ввила ввило ввили ввий ввиймо ввийте ввито ввивши
# !verb:imperf
жати жну жнеш жне жнемо жнете жнуть
# !verb:perf
зжати зіжну зіжнеш зіжне зіжнемо зіжнете зіжнуть зжав зжало зжала зжали зжавши
нажати нажну нажнеш нажне нажнемо нажнете нажнуть нажавши
пожати пожну пожнеш пожне пожнемо пожнете пожнуть пожавши
пожати /v3 :perf

# !verb:imperf
ссати ссу ссеш ссе ссемо ссете ссуть ссав ссала ссало ссали ссавши
# !verb:perf
виникнути виникну виникнеш виникне виникнемо виникнете виникнуть виник виникла виникло виникли виникнувши
віссати віссу віссеш віссе віссемо віссете віссуть віссав віссала віссало віссали віссавши
виссати виссу виссеш виссе виссемо виссете виссуть виссав виссала виссало виссали виссавши
увіссати увіссу увіссеш увіссе увіссемо увіссете увіссуть увіссав увіссала увіссало увіссали увіссавши

ввібрати ввібрав ввібрала ввібрало ввібрали ввібратися ввібравсь ввібрався ввібралась ввібралася ввібралось ввібралося ввібрались ввібралися ввібравшись ввібравши
увібрати увібрав увібрала увібрало увібрали увібратися увібравсь увібрався увібралась увібралася увібралось увібралося увібрались увібралися увібравшись увібравши
ввігнати ввігнав ввігнала ввігнало ввігнали ввігнатися ввігнавсь ввігнався ввігналась ввігналася ввігналось ввігналося ввігнались ввігналися ввігнавши ввігнавшись
увігнати увігнав увігнала увігнало увігнали увігнатися увігнавсь увігнався увігналась увігналася увігналось увігналося увігнались увігналися увігнавши увігнавшись
відмерти відімру відімреш відімре відімремо відімрете відімруть відмерши
відперти відпертися відпертись відпер відперли відіпру відіпреш відіпре відіпремо відіпрете відіпруть відіпри відіпріть відіпрусь відіпруся відіпрешся відіпреться відіпремось відіпремося відіпруться відіпретесь відіпрись відіприся відіпріться відперши
відтерти відтертися відтертись відтер відтерли відітру відітреш відітре відітремо відітрете відітруть відітри відітріть відітрусь відітруся відітрешся відітреться відітремось відітремося відітруться відітретесь відітрись відітрися відітріться відтерши

обтерти обтертися обтертись обітру обітреш обітре обітремо обітрете обітруть обітри обітрімо обітріть обітрусь обітруся обітрешся обітреться обітремось обітремося обітретесь обітретеся обітруться обітрись обітрися обітрімось обітрімося обітріться обтерши обтерся
обперти обпертися обпертись обіпру обіпреш обіпре обіпремо обіпрете обіпруть обіпри обіпріть обіпрімо обіпрусь обіпруся обіпрешся обіпреться обіпремось обіпремося обіпретесь обіпретеся обіпруться обіпрись обіприся обіпрімось обіпрімося обіпріться обперши обперся обпершись

підперти підпертися підпертись підпер підперла підперло підперли підіпру підіпреш підіпре підіпремо підіпрете підіпруть підіпри підіпріть підіпрімо підіпрусь підіпруся підіпрешся підіпреться підіпремось підіпремося підіпретесь підіпретеся підіпруться підіпрись підіприся підіпрімось підіпрімося підіпріться підперши підпетро
підтерти підтертися підтертись підтер підтерла підтерло підтерли підітру підітреш підітре підітремо підітрете підітруть підітри підітріть підітрімо підітрусь підітруся підітрешся підітреться підітремось підітремося підітретесь підітретеся підітруться підітрись підітрися підітрімось підітрімося підітріться підтерши підтерто
розтерти розтертися розтертись розтер розтерла розтерли розтерло розітру розітреш розітре розітремо розітрете розітруть розітри розітріть розітрімо розітрусь розітруся розітрешся розітреться розітремось розітремося розітретесь розітретеся розітруться розітрись розітрися розітрімось розітрімося розітріться розтерши розтерто
сперти спер сперла сперли сперло зіпру зіпреш зіпре зіпремо зіпрете зіпруть зіпри зіпріть зіпрусь сперши сперто
спертися спертись зіпруся зіпрешся зіпреться зіпремось зіпремося зіпретесь зіпретеся зіпруться зіпрись зіпріться спершись
стерти стертися стертись стер стерла стерли стерло зітру зітреш зітре зітремо зітрете зітруть зітри зітріть стерши стерто
стертися стерлася стерлися стерлося стерся зітрусь зітруся зітрешся зітреться зітремось зітремося зітретесь зітретеся зітруться зітрись зітріться

# наказна фома є зайвою - не має сенсу значно ускладнювати правила???
# !verb:imperf
могти можеш можуть можу можемо могло могли міг може можете могла мігши
# !verb:perf
змогти зможеш зможуть зможу зможемо змогло змогли зміг зможе зможете змогла змігши

захотіти /v3 :perf
захотітися /vr3 :perf
розхотіти /v3 :perf
розхотітися /vr3 :perf
перехотіти /v3 :perf
перехотітися /vr3 :perf
схотіти /v3 :perf
схотітися /vr3 :perf
хотіти /v3.cf :imperf
хотітися /vr3.cf :imperf

тяти тяв тяла тяло тяли тну тнеш тне тнемо тнем тнете тнуть тни тнімо тнім тніть тятиму тятимеш тятиме тятимемо тятимем тятимете тятимуть тявши
витяти /v1 :perf
витятися /vr1 :perf
дотяти /v1 :perf

# теп. час - "сопеш" - виняток з /A
# !verb:imperf
сопіти соплю сопеш сопе сопемо сопете соплять сопів сопіла сопіло сопітиму сопітимеш сопітимемо сопітимем сопітимете сопітимуть сопівши
сопти сопу сопеш сопе сопемо сопем сопете сопуть сіп сопла сопло сопли соптиму соптимеш соптимемо соптимем соптимете соптимуть сіпши
# !verb:perf
засопти засопу засопеш засопе засопемо засопем засопете засопуть засіп засопла засопло засопли засіпши

# не працюють правила при повній заміні слів (чергування з початку слова)
# !verb:imperf
гнати гнала гнатиме жене гнатимете женете гнали жени гнало женімо гнатимемо женемо женіть гнатимуть женуть гнатимеш женеш гнавши гнатиму жену гнав
гнатися гналася гнатиметеся женетеся гналися женися гналося женімося гнатимемося женемося гнатимуся женуся гнався женіться гнатиметься женеться гнатимуться женуться гнатимешся женешся гнатись гналась гнатиметесь женетесь гнались женись гналось женімось гнатимемось женемось гнатимусь женусь гнавсь
слати шлю слала шле шлете слали шли слало шлімо шлемо слав шліть шлють шлеш славши

# обмежені форми
сутеніти /v5.cf :imperf
вечоріти /v5.cf :imperf
звечоріти /v5 :perf
завечоріти /v5 :perf
закортіти /v5 :perf
завесніти /v5 :perf
обвидніти /v5 :perf
фортунити /v5.cf :imperf
імжити /v5.cf :imperf
пофортунити /v5 :perf
таланити /v5.cf :imperf
вистарчити /v5 :perf
вистарчати /v5.cf :imperf
забракнути /v5 :perf
смеркнути /v5 :perf
задріматися /vr5 :perf

# лише наказова
стривати /v2 tag=:impr|:inf :imperf
прощавати /v2 tag=:impr|:inf :imperf

# !verb:perf
пітися пітись підеться підуться пішовся пішовсь пішлася пішлась пішлося пішлось пішлися пішлись пішовшись

# !verb:imperf
боліти болиш болить болять болів боліла боліло боліли болівши
# !verb:perf
зболіти зболить зболять зболів зболіла зболіло зболіли зболівши
# !verb:imperf
гудіти гуду гудеш гуде гудемо гудем гудете гудуть гуділо гуділа гудів гуділи гудучи
#пахтіти пахтить пахтять пахтітиме пахтітимуть пахтять пахтів пахтіла пахтіло пахтіли
пахтіти /v3.cf :imperf
пахтіти пахтять пахтить
# !verb:perf
приїстися приїсться приїдяться приївся приївсь приївшись
# !verb:imperf
буяти буяв буяла буяло буяли буяє буяєш буяють буявши буяючи
# !verb:perf
забуяти забуяв забуяла забуяло забуяли забуяє забуяєш забуяють забуявши
вибуяти вибуяв вибуяла вибуяло вибуяли вибуяє вибуяєш вибуяють вибуявши
побуяти побуяв побуяла побуяло побуяли побуяє побуяєш побуяють побуявши
заквітнути заквітне заквітнуть заквітнув заквітнула заквітла заквітло заквітнуло заквітли заквітнули заквітнувши
# !verb:imperf
дути дмуть дму дмеш дме дмете дмемо дувши
млоїти млоїтиме млоїтимуть млоїть млоять млоїло млоїла млоїв млоїли млоївши
# !verb:perf
відвологти відвологне відвологнуть відволог відвологла відвологло відвологли відвологши
приверзтися приверзтись приверзеться приверзуться привезся приверзлася приверзлась приверзлося приверзлось приверзлися приверзлись приверзшись
# !verb:imperf
діятися діятись діятиметься діятимуться діється діються діючись діялися діялись діявся діявсь діялася діялась діялося діялось діявшись

# паралельні
# !verb:perf
розідрати розідрав розідрала розідрало розідрали розідрано розідравши
розідратися розідратись розідрався розідравсь розідралася розідралась розідралося розідралось розідралися розідрались розідравшись
зідрати зідрав зідрала зідрало зідрали зідрано зідравши
підтяти підтяв підтяла підтяло підтяли підтято підтявши

# !verb:imperf
клясти клену кленеш клене кленемо кленем кленете кленуть клени кленімо кленім кленіть кленучи


# виняток для наказової: походить від неіснуючої форми на -нути
# !verb:perf
розверзтися розверся розверзлася розверзлося розверзлися

# нові

довити дов'ю дов'єш дов'є
# !verb:imperf
слатися слатись
густи гуду гудеш гуде гудемо гудем гудете гудуть гув гуло гула гули густиму густимеш густиме густимемо густимем густимете густимуть
# !verb:perf
відгусти відгуду відгудеш відгуде відгудемо відгудем відгудете відгудуть відгув відгуло відгула відгули
перегусти перегуду перегудеш перегуде перегудемо перегудем перегудете перегудуть перегув перегуло перегула перегули
нагустися нагудуся нагудусь нагудешся нагудеться нагудемося нагудемось нагудемсь нагудетеся нагудетесь нагудудться нагувшись нагувся нагулося нагулось нагулася нагулась нагулися нагулись


# короткі прикметники
безвинен безвинний adj:m:v_naz/v_zna:contr
благословен благословенний adj:m:v_naz/v_zna:contr
#блажен блаженний adj:m:v_naz/v_zna:contr
винен винний adj:m:v_naz/v_zna:contr
#вістен вістний adj:m:v_naz/v_zna:contr
вістен вісний adj:m:v_naz/v_zna:contr:rare
годен годний adj:m:v_naz/v_zna:contr:coll
дивен дивний adj:m:v_naz/v_zna:contr
достоїн достойний adj:m:v_naz/v_zna:contr
дрібен дрібний adj:m:v_naz/v_zna:contr
єхиден єхидний adj:m:v_naz/v_zna:contr
жаден жадний adj:m:v_naz/v_zna:contr:rare:&pron:neg
жив живий adj:m:v_naz/v_zna:contr
жоден жодний adj:m:v_naz/v_zna:contr
звістен звісний adj:m:v_naz/v_zna:contr
згоден згодний adj:m:v_naz/v_zna:contr
здатен здатний adj:m:v_naz/v_zna:contr
здоров здоровий adj:m:v_naz/v_zna:contr
зелен зелений adj:m:v_naz/v_zna:contr
золот золотий adj:m:v_naz/v_zna:contr
кожен кожний adj:m:v_naz/v_zna:contr
красен красний adj:m:v_naz/v_zna:contr
ладен ладний adj:m:v_naz/v_zna:contr
молод молодий adj:m:v_naz/v_zna:contr
невинен невинний adj:m:v_naz/v_zna:contr
негоден негідний adj:m:v_naz/v_zna:contr
незгоден незгодний adj:m:v_naz/v_zna:contr
неладен неладний adj:m:v_naz/v_zna:contr
немощен немощний adj:m:v_naz/v_zna:contr
ненавиден ненавидний adj:m:v_naz/v_zna:contr
ненавистен ненависний adj:m:v_naz/v_zna:contr
певен певний adj:m:v_naz/v_zna:contr
повен повний adj:m:v_naz/v_zna:contr
#повинен повинний adj:m:v_naz/v_zna:contr
#потрібен потрібний adj:m:v_naz/v_zna:contr
прекрасен прекрасний adj:m:v_naz/v_zna:contr
привинен привинний adj:m:v_naz/v_zna:contr
провинен провинний adj:m:v_naz/v_zna:contr
рад радий adj:m:v_naz/v_zna:contr
рівен рівний adj:m:v_naz/v_zna:contr
самітен самітний adj:m:v_naz/v_zna:contr
свят святий adj:m:v_naz/v_zna:contr
силен сильний adj:m:v_naz/v_zna:contr
славен славний adj:m:v_naz/v_zna:contr
смутен смутний adj:m:v_naz/v_zna:contr
срібен срібний adj:m:v_naz/v_zna:contr
чорен чорний adj:m:v_naz/v_zna:contr
ясен ясний adj:m:v_naz/v_zna:contr
менш мало adv:compr
щонайбільше багато adv:super
якнайбільше багато adv:super
більш багато adv:compr
якнайбільш багато adv:super
якнайменше мало adv:super
більше багато adv:compr
щонайменше мало adv:super
найменш мало adv:super
щонайбільш багато adv:super
якнайменш мало adv:super
щонайменш мало adv:super
менше мало adv:compr
найбільше багато adv:super
найбільш багато adv:super
найменше мало adv:super
