Асканія /n10 - Нова /n10
Банилів /n21.a - Підгірний /n2adj1
Баня /n10 - Березів /n21.a
Берізки /np3 - Бершадські /n2adj1
Берізки /np3 - Чечельницькі /n2adj1
Бистриця /n10 - Гірська /adj ^noun g=f
Білгород /n20.a - Дністровський /adj ^noun g=m
Біленьке /n2adj1 - Перше /n2adj1
Бір /n20 - Кунинський /adj ^noun g=m
Бринці /np2 - Загірні /n2adj1
Бринці /np2 - Церковні /n2adj1
Бровки /np3 - Другі /n2adj1
Бровки /np3 - Перші /n2adj1
Брошнів /n23.a - Осада /n10
Буда /n10 - Бабинецька /adj ^noun g=f
Буда /n10 - Бровахівська /adj ^noun g=f
Буда /n10 - Голубієвичі /np2
Буда /n10 - Горобіївська /adj ^noun g=f
Буда /n10 - Макіївка /n10
Буда /n10 - Полідарівська /adj ^noun g=f
Буда /n10 - Радинська /adj ^noun g=f
Будки /np2 - Кам'янські /n2adj1
Будки /np2 - Сновидовицькі /n2adj1
Булганак /n20.a - Західний /n2adj1
Булганак /n20.a - Східний /n2adj1
Бурчак /n20.a - Михайлівка /n10
В'язівське /n2adj1 - Водяне /n2adj1
Василівка /n10 - На-Дніпрі
Вербка /n10 - Мурована /n2adj1
Вербки /np2 - Осокорівка /n10
Верховина /n10 - Бистра /n2adj1
Вершина /n10 - Згарська /adj ^noun g=f
Вила /np1 - Ярузькі /n2adj1
Вілька /n10 - Підгородненська /adj ^noun g=f
Вілька /n10 - Садівська /adj ^noun g=f
Вільхівці /np2 - Лази /np2
Вільшана /n2adj1 - Слобідка /n10
Віта /n10 - Поштова /adj ^noun g=f
Вокзал /n20 - Городня /n10
Волиця /n10 - Барилова /adj ^noun g=f
Волиця /n10 - Гніздичівська /adj ^noun g=f
Волиця /n10 - Деревлянська /adj ^noun g=f
Волиця /n10 - Дружкопільська /adj ^noun g=f
Волиця /n10 - Керекешина /n2adj1                # чи n10??
Волиця /n10 - Лобачівська /adj ^noun g=f
Волиця /n10 - Морозовицька /adj ^noun g=f
Волиця /n10 - Польова /adj ^noun g=f
Володарськ /n20.a - Волинський /adj ^noun g=m     # декомунізовано
Володимир /n20.a.ke - Волинський /adj ^noun g=m
Воля /n10 - Баранецька /adj ^noun g=f
Воля /n10 - Бартатівська /adj ^noun g=f
Воля /n10 - Блажівська /adj ^noun g=f
Воля /n10 - Висоцька /adj ^noun g=f
Воля /n10 - Гомулецька /adj ^noun g=f
Воля /n10 - Добростанська /adj ^noun g=f
Воля /n10 - Довголуцька /adj ^noun g=f
Воля /n10 - Жовтанецька /adj ^noun g=f
Воля /n10 - Задеревацька /adj ^noun g=f
Воля /n10 - Ковельська /adj ^noun g=f
Воля /n10 - Любитівська /adj ^noun g=f
Воля /n10 - Облазницька /adj ^noun g=f
Воля /n10 - Садківська /adj ^noun g=f
Воля /n10 - Свійчівська /adj ^noun g=f
Воля /n10 - Старицька /adj ^noun g=f
Гаї /np2 - Гречинські /n2adj1
Гаї /np2 - Дітковецькі /n2adj1
Гаї /np2 - За-Рудою
Гаї /np2 - Лев'ятинські /n2adj1
Гаї /np2 - Розтоцькі /n2adj1
Гаї /np2 - Смоленські /n2adj1
Гаї /np2 - Суходільські /n2adj1
Гаї /np2 - Шевченківські /n2adj1
Гайки /np2 - Ситенські /n2adj1
Гай /n20 - Мошенка /n10
Галі /np2 - Горбатки /np3
Ганнівка /n10 - Вирівська /adj ^noun g=f
Ганнівка /n10 - Тернівська /adj ^noun g=f
Глухів /n21.a - Другий /n2adj1
Годи /np2 - Добровідка /n10
Гори /np2 - Стрийовецькі /n2adj1
Городище /n2n - Косівське /n2adj1
Городище /n2n - Пустоварівське /n2adj1
Гранки /np3 - Кути /np2
Гута /n10 - Блищанівська /adj ^noun g=f
Гута /n10 - Бобрицька /adj ^noun g=f
Гута /n10 - Боровенська /adj ^noun g=f
Гута /n10 - Бушинська /adj ^noun g=f
Гута /n10 - Глібівська /adj ^noun g=f
Гута /n10 - Добринь /n32
Гута /n10 - Забілоцька /adj ^noun g=f
Гута /n10 - Зеленицька /adj ^noun g=f
Гута /n10 - Камінська /adj ^noun g=f
Гута /n10 - Катюжанська /adj ^noun g=f
Гута /n10 - Ксаверівська /adj ^noun g=f
Гута /n10 - Лісівська /adj ^noun g=f
Гута /n10 - Логанівська /adj ^noun g=f
Гута /n10 - Межигірська /adj ^noun g=f
Гута /n10 - Мовчанська /adj ^noun g=f
Гута /n10 - Морозівська /adj ^noun g=f
Гута /n10 - Перейма /n10
Гута /n10 - Потіївка /n10
Гута /n10 - Селицька /adj ^noun g=f
Гута /n10 - Скляна /n2adj1
Гута /n10 - Стеблівська /adj ^noun g=f
Гута /n10 - Студенецька /adj ^noun g=f
Гута /n10 - Ткачова /adj ^noun g=f
Гута /n10 - Чугорська /adj ^noun g=f
Гута /n10 - Шершнівська /adj ^noun g=f
Гута /n10 - Юстинівка /n10
Гута /n10 - Яцьковецька /adj ^noun g=f
Дар /n20 - Надежда /n10
Дем'янка /n10 - Лісна /n2adj1
Дем'янка /n10 - Наддністрянська /adj ^noun g=f
День /n22.a - Добрий /n2adj1
Дністрик /n20.a - Дубовий /n2adj1
Довге /n2adj1 - Калуське /n2adj1
Драбове /n2adj1 - Барятинське /n2adj1
Завіт /n20 - Ленінський /adj ^noun g=m
Заставки /np3 - Яблунів /n23.a
Калинове /n2adj1 - Борщувате /n2adj1
Кам'яне /n2adj1 - Случанське /n2adj1
Кам'янець /n22.a - Подільський /adj ^noun g=m
Кам'янка /n10 - Бузька /n2adj1
Кам'янка /n10 - Дніпровська /adj ^noun g=f
Камінь /n23.a - Каширський /adj ^noun g=m
Караван /n20 - Солодкий /n2adj1
Карпове /n2adj1 - Кріпенське /n2adj1
Кізя /n10 - Кудринецька /adj ^noun g=f
Клебан /n20.a - Бик /n20.a
Колона /n10 - Межова /adj ^noun g=f
Комиш /n20.a - Зоря /n10
Кононове /n2adj1 - Івасів /n23.a
Конюшки /np3 - Королівські /n2adj1
Конюшки /np3 - Тулиголівські /n2adj1
Корсунь /n20.a - Шевченківський /adj ^noun g=m
Коси /np3 - Слобідка /n10
Кочине /n2adj1 - Розпасіївка /n10
Кролевець /n22.a - Слобідка /n10
Куп'янськ /n20.a - Вузловий /adj ^noun g=m
Лани /np2 - Соколівські /n2adj1
Лев /n20.a - Балка /n10
Лопушанка /n10 - Хомина /n2adj1
Лука /n10 - Барська /adj ^noun g=f
Лука /n10 - Мелешківська /adj ^noun g=f
Лука /n10 - Мовчанська /adj ^noun g=f
Луковець /n22.a - Вишнівський /adj ^noun g=m
Луковець /n22.a - Журівський /adj ^noun g=m
Мазарня /n10 - Каранська /adj ^noun g=f
Майдан /n20 - Бобрик /n20.a
Майдан /n20 - Вербецький /adj ^noun g=m
Майдан /n20 - Голенищівський /adj ^noun g=m
Майдан /n20 - Головчинський /adj ^noun g=m
Майдан /n20 - Гологірський /adj ^noun g=m
Майдан /n20 - Карачієвецький /adj ^noun g=m
Майдан /n20 - Лабунь /n32
Майдан /n20 - Липненський /adj ^noun g=m
Майдан /n20 - Морозівський /adj ^noun g=m
Майдан /n20 - Олександрівський /adj ^noun g=m
Майдан /n20 - Петрівський /adj ^noun g=m
Майдан /n20 - Сахнівський /adj ^noun g=m
Майдан /n20 - Чапельський /adj ^noun g=m
Майдан /n20 - Чернелевецький /adj ^noun g=m
Марія /n10 - Воля /n10
Мельники /np2 - Мостище /n2n
Мельники /np2 - Річицькі /n2adj1
Мельниця /n10 - Подільська /adj ^noun g=f
Микільське /n2adj1 - На-Дніпрі
Миколаівка /n10 - Тернівська /adj ^noun g=f
Миколаївка /n10 - Новоросійська /adj ^noun g=f
Михайлівка /n10 - Рубежівка /n10
Могилів /n23.a - Подільський /adj ^noun g=m
Монастир /n24.a - Дережицький /adj ^noun g=m
Монастир /n24.a - Лішнянський /adj ^noun g=m
Монастирок /n22.a - Оглядівський /adj ^noun g=m
Ниви /np1 - Губинські /n2adj1
Ниви /np1 - Золочівські /n2adj1
Новгород /n20.a - Сіверський /adj ^noun g=m
Новина /n10 - Добрятинська /adj ^noun g=f
Новоград /n20.a - Волинський /adj ^noun g=m
Новосілки /np3 - Гостинні /n2adj1
Новосілки /np3 - Опарські /n2adj1
Новостав /n20.a - Дальній /n2adj1
Оріхове /n2adj1 - Донецьке /n2adj1
Острівчик /n20.a - Пильний /n2adj1
Паладь /n32 - Комарівці /np2
Пасіки /np1 - Зубрицькі /n2adj1
Переяслав /n20.a - Хмельницький /adj ^noun g=m
Петрівка /n10 - Попівка /n10
Петрівка /n10 - Роменська /adj ^noun g=f
Пилипи /np2 - Борівські /n2adj1
Пилипи /np2 - Олександрівські /n2adj1
Пилипи /np2 - Хребтіївські /n2adj1
Піски /np2 - Радьківські /n2adj1
Піски /np2 - Річицькі /n2adj1
Піски /np2 - Удайські /n2adj1
Пологи /np2 - Вергуни /np2
Пологи /np2 - Низ /n20
Пологи /np2 - Чобітки /np2
Пологи /np2 - Яненки /np2
Поріччя /n2n - Грунтове /n2adj1
Посада /n10 - Новоміська /adj ^noun g=f
Посад /n20 - Покровське /n2adj1
Постав /n20 - Мука /n10
Рава /n10 - Руська /adj g=f
Рай /n20 - Олександрівка /n10
Рай /n20 - Оленівка /n10
Рахни /np2 - Польові /n2adj1
Рівчак /n20.a - Степанівка /n10
Рокитне /n2adj1 - Донівка /n10
Руда /n10 - Брідська /adj ^noun g=f
Руда /n10 - Гірчичнянська /adj ^noun g=f
Руда /n10 - Колтівська /adj ^noun g=f
Руда /n10 - Краковецька /adj ^noun g=f
Руда /n10 - Красна /adj ^noun g=f
Руда /n10 - Крехівська /adj ^noun g=f
Руда /n10 - Сілецька /adj ^noun g=f
Руденки /np2 - Гончарі /np2
Рудка /n10 - Козинська /adj ^noun g=f
Рудка /n10 - Миринська /adj ^noun g=f
Рудка /n10 - Червинська /adj ^noun g=f
Рудня /n10 - Базарська /adj ^noun g=f
Рудня /n10 - Бистра /adj ^noun g=f
Рудня /n10 - Білківська /adj ^noun g=f
Рудня /n10 - Вороб'ївська /adj ^noun g=f
Рудня /n10 - Гацьківка /n10
Рудня /n10 - Городецька /adj ^noun g=f
Рудня /n10 - Городище /n2n
Рудня /n10 - Городищенська /adj ^noun g=f
Рудня /n10 - Димерська /adj ^noun g=f
Рудня /n10 - Жеревці /np3
Рудня /n10 - Замисловицька /adj ^noun g=f
Рудня /n10 - Калинівка /n10
Рудня /n10 - Кам'янка /n10
Рудня /n10 - Карпилівська /adj ^noun g=f
Рудня /n10 - Левківська /adj ^noun g=f
Рудня /n10 - Миколаївка /n10
Рудня /n10 - Новенька /adj ^noun g=f
Рудня /n10 - Перганська /adj ^noun g=f
Рудня /n10 - Повчанська /adj ^noun g=f
Рудня /n10 - Пошта /n10
Рудня /n10 - Радовельська /adj ^noun g=f
Рудня /n10 - Сидорівська /n2adj1
Рудня /n10 - Тальська /n2adj1
Рудня /n10 - Ушомирська /n2adj1
Рудня /n10 - Фасова /n2adj1
Рудня /n10 - Хочинська /n2adj1
Рудня /n10 - Шляхова /n2adj1
Рудня /n10 - Шпилівська /adj ^noun g=f
Русава /n10 - Радянка /n10                              # декомунізовано
Рясне /n2adj1 - Руське /n2adj1
Садки /np2 - Строївка /n10
Самари /np1 - Оріхові /n2adj1
Сергієве /n2adj1 - Кринка /n10
Середина /n10 - Буда /n10
Сівка /n10 - Войнилівська /adj ^noun g=f
Сівка /n10 - Калуська /adj ^noun g=f
Сільця /n10 - Млинівські /n2adj1
Скала /n10 - Подільська /adj ^noun g=f
Сліпорід /n20 - Іванівка /n10
Слобідка /n10 - Балинська /adj ^noun g=f
Слобідка /n10 - Гірчичнянська /adj ^noun g=f
Слобідка /n10 - Глушковецька /adj ^noun g=f
Слобідка /n10 - Гуменецька /adj ^noun g=f
Слобідка /n10 - Залісецька /adj ^noun g=f
Слобідка /n10 - Кадиївська /adj ^noun g=f
Слобідка /n10 - Красилівська /adj ^noun g=f
Слобідка /n10 - Кульчієвецька /adj ^noun g=f
Слобідка /n10 - Малиновецька /adj ^noun g=f
Слобідка /n10 - Малієвецька /adj ^noun g=f
Слобідка /n10 - Мушкатівська /adj ^noun g=f
Слобідка /n10 - Охрімовецька /adj ^noun g=f
Слобідка /n10 - Рахнівська /adj ^noun g=f
Слобідка /n10 - Рихтівська /adj ^noun g=f
Слобідка /n10 - Скипчанська /adj ^noun g=f
Слобідка /n10 - Смотрицька /adj ^noun g=f
Слобідка /n10 - Чернелівська /adj ^noun g=f
Слобідка /n10 - Шелехівська /adj ^noun g=f
Слобода /n10 - Банилів /n21.a
Слобода /n10 - Болехівська /adj ^noun g=f
Слобода /n10 - Бушанська /adj ^noun g=f
Слобода /n10 - В'язівка /n10
Слобода /n10 - Гулівська /adj ^noun g=f
Слобода /n10 - Дашковецька /adj ^noun g=f
Слобода /n10 - Долинська /adj ^noun g=f
Слобода /n10 - Комарівці /np2
Слобода /n10 - Кустовецька /adj ^noun g=f
Слобода /n10 - Кухарська /adj ^noun g=f
Слобода /n10 - Межирівська /adj ^noun g=f
Слобода /n10 - Небилівська /adj ^noun g=f
Слобода /n10 - Новоселицька /adj ^noun g=f
Слобода /n10 - Носковецька /adj ^noun g=f
Слобода /n10 - Підлісівська /adj ^noun g=f
Слобода /n10 - Рівнянська /adj ^noun g=f
Слобода /n10 - Романівська /adj ^noun g=f
Слобода /n10 - Селець /n22.a
Слобода /n10 - Ходацька /adj ^noun g=f
Слобода /n10 - Чернятинська /adj ^noun g=f
Слобода /n10 - Шаргородська /adj ^noun g=f
Слобода /n10 - Шлишковецька /adj ^noun g=f
Слобода /n10 - Шоломківська /adj ^noun g=f
Слобода /n10 - Ялтушківська /adj ^noun g=f
Слобода /n10 - Яришівська /adj ^noun g=f
Смоляри /np2 - Світязькі /n2adj1
Сороки /np1 - Львівські /n2adj1
Став /n20.a - Слобода /n10
Труд /n20 - Гребеник /n20.a
Труд /n20 - Куток /n22.a
Хутір /n21.a - Будилів /n2adj1
Хутір /n21.a - Мокляки /np2
Хутір /n21.a - Хмільна /n2adj1
Хутори /np2 - Кривошиїнецькі /n2adj1
Чагарі /np2 - Збаразькі /n2adj1
Чемериси /np2 - Барські /n2adj1
Чернелів /n21.a - Руський /adj ^noun g=m
Чикош /n20.a - Горонда /n10
Шевченкове /n2adj1 - Кут /n20.a
Шура /n10 - Бондурівська /n2adj1
Шура /n10 - Копіївська /n2adj1
Шура /n10 - Мітлинецька /n2adj1
Яковенщина /n10 - Горова /n2adj1
Ясениця /n10 - Замкова /n2adj1
Ясениця /n10 - Сільна /n2adj1
Ясенів /n23.a - Пільний /n2adj1
Ясенка /n10 - Стецьова /adj ^noun g=f
Яцине /n2adj1 - Окарі /np2
