# 小谢芯胁薪懈泻 谐褨写褉芯薪褨屑褨胁 校泻褉邪褩薪懈, 袧邪褍泻芯胁邪 袛褍屑泻邪, 1979
# 袗薪写褉褨褩胁泻邪 /n10
# 袗褉斜褍蟹懈薪泻邪 /n10
# 袙懈卸褨胁泻邪 /n10
# 袙褨谢褜褕邪薪泻邪 /n10
# 袚褉械屑'褟褔泻邪 /n10
# 袚褍褌懈褋褜泻邪 /n10
# 袛芯褔 /n32
# 袟邪胁邪写泻邪 /n10
# 袣芯屑懈褕褍胁邪褏邪 /n10
# 袣芯薪芯锌械谢褜泻邪 /n10
# 袣芯褉懈褌薪邪 /n2adj1
# 袣芯褉褋褍薪泻邪 /n10
# 袣芯褌械谢褜胁邪 /n10
# 袣褉邪褋懈谢褨胁泻邪 /n10
# 袣褉邪褋薪邪 /n2adj1
# 袣褉邪褋薪褟薪泻邪 /n10
# 袣褉懈薪泻邪 /n10
# 袣褍谢褜薪邪 /n10
# 袥芯锌邪薪褜 /n32
# 袦邪褉泻褨胁泻邪 /n10
# 袦邪褟褔泻邪 /n10
# 袦械谢褜薪懈褑褟 /n10
# 袦懈褏邪泄谢褨胁泻邪 /n10
# 袦褍泻褕邪 /n10
# 袨褋芯褌邪 /n10
# 袪邪褔邪 /n10
# 袪芯泻懈褌薪邪 /n2adj1
# 小邪写卸邪胁泻邪 /n10
# 小懈褉芯胁邪褌泻邪 /n10
# 小泻胁懈褉泻邪 /n10
# 孝懈褋邪 /n10
# 孝芯泻屑邪褔泻邪 /n10
# 校谐芯谢褜泻邪 /n10
# 携谢懈 /np2
# 袥懈锌邪 /n10
# 啸褍褋褌械褑褜 /n22.a :xp2                         # 褉褨褔泻邪
# 袣芯蟹邪泻 /n20.a.ke :xp3                        # 褉褨褔泻邪
# 小谢褨锌芯褉褨写 /n21 :xp2                  # 褉褨褔泻邪
# 袙械褉械褋芯褔 /n32 :xp2                           # 褉褨褔泻邪
# 袘邪褟 /n10
# 袘褨谢邪 /n2adj1
袗写卸邪谢懈泻 /n20
袗写卸邪屑泻邪 /n10
袗泄写邪褉 /n20.ke :xp2                          # 褉褨褔泻邪
袗泻褔芯泻褉邪泻 /n20
袗谢褨褟谐邪 /n10
袗谢泻邪谢褨褟 /n10
袗谢褜屑邪 /n10
袗谢褜褌邪 /n10
袗锌邪薪谢懈 noun:f:nv:np
袗锌芯泻薪懈 noun:f:nv:np
袗锌褕懈褑褟 /n10
袗褉邪斜泻邪 /n10
袗褉褌芯锌芯谢芯褌 /n20
袗褉褏邪褉 /n20.ke
袘邪斜械泄 /n20
袘邪斜泻邪 /n10
袘邪斜褍褋褟 /n10
袘邪谐邪褌邪 /n2adj1
袘邪谐邪褌械薪褜泻邪 /n2adj1
袘邪蟹邪胁谢褍泻 /n20
袘邪蟹邪胁谢褍褔芯泻 /n22.a
袘邪泄写邪褉泻邪 /n10
袘邪泄谢芯胁邪 /n10
袘邪泄褔懈褑褟 /n10
袘邪泻褕邪谢邪 /n10
袘邪谢邪泄 /n20                              # 褉褨褔泻邪
袘邪谢邪泻谢褨泄泻邪 /n10
袘邪谢邪薪写邪 /n10
袘邪谢懈 /np2
袘邪屑褨胁褋褜泻懈泄 /n2adj1
袘邪薪写褍褉邪 /n10
袘邪褉 /n20.ke :xp2                           # 褉褨褔泻邪
袘邪褉邪斜芯泄 /n20 :xp2                           # 褉褨褔泻邪
袘邪褉邪薪泻邪 /n10
袘邪褉懈褕 /n20 :xp2                             # 褉褨褔泻邪
袘邪褌邪褉 /n24.ku
袘邪褌褨谐 /n21.a.zi                             # 褉褨褔泻邪
袘邪褏屑褍褌 /n20 :xp2                            # 褉褨褔泻邪
袘邪褏屑褍褌泻邪 /n10
袘邪褕褌邪 /n10
袘械蟹写薪邪 /n10
袘械蟹械谢械褑褜 /n22
袘械蟹褨屑械薪薪邪 /n2adj1
袘械谢械谢褍褟 /n10
袘械谢蟹械褑褜 /n22.a                              # 褉褨褔泻邪
袘械谢褜斜械泻 /n20
袘械褉斜械褉泻邪 /n10
袘械褉写邪 /n10
袘械褉械谐褨胁泻邪 /n10
袘械褉械卸邪薪泻邪 /n10
袘械褉械卸薪懈褑褟 /n10
袘械褉械蟹邪薪褜 /n32
袘械褉械蟹褨胁泻邪 /n10
袘械褉械蟹褨胁褋褜泻懈泄 /n2adj1                        # 屑褨褋褌芯 胁 袪芯褋褨褩
袘械褉械蟹泻邪 /n10
袘械褉械泻邪 /n10
袘械褉械褋褌懈薪邪 /n10
袘械褉械褋褌芯胁邪 /n2adj1
袘械褉械褋褌芯胁械薪褜泻邪 /n10
袘械褉谢邪写懈薪泻邪 /n10
袘械褕泻邪 /n10
袘械褕褌械褉械泻 /n20
袘懈斜械谢褜泻邪 /n10
袘懈泻 /n20.a                                  # 褉褨褔泻邪
袘懈褋褌褉懈泻 /n20.a :xp2                         # 褉褨褔泻邪
袘懈褋褌褉懈褑褟 /n10
袘懈褔懈褏邪 /n10
袘懈褔芯泻 /n22.a                                # 褉褨褔泻邪
袘懈褕泻褨薪褜 /n21.a :xp2                         # 褉褨褔泻邪
袘褨斜泻邪 /n10
袘褨卸 /n20 :xp2                               # 褉褨褔泻邪
袘褨谢泻邪 /n10
袘褨谢芯褋褌芯泻 /n20 :xp2                          # 褉褨褔泻邪
袘褨谢芯褍褋 /n20 :xp2                            # 褉褨褔泻邪
袘褨谢褍谐邪 /n10
袘褨谢褜褔懈薪泻邪 /n10
袘褨褉泻邪 /n10
袘褨褞泻-袣邪褉邪褋褍 noun:f:nv:np
袘褨褟薪泻邪 /n10
袘谢芯褖懈褑褟 /n10
袘芯斜械褉 /n20.a                                # 褉褨褔泻邪
袘芯胁胁邪薪械褑褜 /n22.a                            # 褉褨褔泻邪
袘芯谐芯写褍褕薪邪 /n2adj1
袘芯泻芯胁械薪褜泻邪 /n10
袘芯谢谐邪褉 /n20.ke                              # 褉褨褔泻邪
袘芯谢芯蟹褨胁泻邪 /n10
袘芯谢芯褌薪邪 /n2adj1
袘芯谢芯褌薪褟 /n10
袘芯谢芯褏褨胁泻邪 /n10
袘芯薪写邪褉懈褏邪 /n10
袘芯薪写邪褉泻邪 /n10
袘芯褉卸邪胁邪 /n10
袘芯褉蟹械薪泻邪 /n10
袘芯褉蟹薪邪 /n10
袘芯褉懈褋褌械薪 /n20                             # 袛薪褨锌褉芯
袘芯褉懈褋褎械薪 /n20
袘芯褉芯胁邪 /n2adj1
袘芯褉芯胁械薪褜泻邪 /n10
袘芯褉芯胁懈泻 /n20.a
袘芯褉芯蟹薪邪 /n10
袘芯褟褉泻邪 /n10
袘褉邪褌邪薪懈褑褟 /n10
袘褉邪褌械薪懈褑褟 /n10
袘褉械褔 /n32 :xp2                          # 褉褨褔泻邪
袘褉懈蟹 /n20
袘褉懈褌邪泄 /n20 :xp2                            # 褉褨褔泻邪
袘褉芯胁邪褉泻邪 /n10
袘褉芯胁薪懈泻 /n20.a
袘褍斜芯薪械褑褜 /n22.a
袘褍谐 /n20 :xp2                               # 褉褨褔泻邪
袘褍谐邪泄褔懈褏邪 /n10
袘褍写泻邪 /n10
袘褍卸芯泻 /n22.a :xp2                       # 褉褨褔泻邪
袘褍泄屑懈褉 /n20.a.ke
袘褍泻 /n20
袘褍谢邪胁懈薪泻邪 /n10
袘褍谢邪胁泻邪 /n10
袘褍谢谐邪薪邪泻 /n20.a
袘褍褉谢褍泻 /n20.a :xp2                      # 褉褨褔泻邪
袘褍褉谢褞泻 /n20.a
袘褍褉褌邪 /n10
袘褍褉褍谢褜褔邪 /n10
袘褍褌邪 /n10
袘褍褏 /n20
袘褍褏褌邪 /n10
袘褍褔邪 /n10
袘褍褔泻邪 /n10
袙邪谢褨胁褋褜泻械 /n2adj1
袙邪褉邪 /n10
袙写芯胁懈褑褟 /n10
袙械写屑械写懈褏邪 /n10
袙械写屑械卸邪 /n2adj1
袙械蟹褍褔泻邪 /n10
#袙械谢懈泻 /n20.a
袙械褉斜懈薪邪 /n10
袙械褉斜懈褔 /n20.a                               # 褉褨褔泻邪
袙械褉斜芯胁邪 /n2adj1
袙械褉械褋薪褟 /n10
袙械褉械褖懈褑褟 /n10
袙械褉褏薪褨泄 /n2adj1
袙械褉褏芯胁懈薪泻邪 /n10
袙械褉褕泻懈 /np2
袙械褋械谢褍褏邪 /n10
袙懈谢邪 /np1
袙懈褉 /n20.ke :xp2                            # 褉褨褔泻邪
袙懈褉胁邪 /n10
袙懈褉泻邪 /n10
袙懈褉芯泻 /n22
袙懈褋褍薪褜 /n32
袙懈褋褜 /n32
袙懈褌胁懈褑褟 /n10
袙懈褕薪械胁械褑褜泻邪 /n2adj1
袙懈褕薪褟 /n10
袙褨谐芯褉 /n20.ke
袙褨写薪芯谐邪 /n10
袙褨蟹薪褟 /n10
袙褨谢褨褟 /n10
袙褨谢褜谐邪 /n10
袙褨谢褜褏褨胁泻邪 /n10
袙褨谢褜褏芯胁械褑褜 /n24.a /n22.a :xp2               # 褉褨褔泻邪
袙褨谢褜褕邪薪邪 /n2adj1
袙褨褉泻邪 /n10                             # 褉褨褔泻邪
袙褨褌邪 /n10                              # 褉褨褔泻邪 胁 校泻褉邪褩薪褨
袙褨褌泻邪 /n10
袙褨褔邪 /n10
袙褨褕泻邪 /n10
袙谢邪褋褨胁褋褜泻懈泄 /n2adj1
袙屑懈胁邪谢褜薪褟 /n10
袙芯胁泻 /n20.a
袙芯胁薪褟 /n10
袙芯胁褔邪 /n2adj1
袙芯胁褔邪薪泻邪 /n10
袙芯胁褔芯泻 /n22.a :xp2                          # 褉褨褔泻邪
袙芯写褟薪邪 /n2adj1
袙芯写褟薪泻邪 /n10                                # 褉褨褔泻邪
袙芯谢薪芯胁邪褏邪 /n10
袙芯谢芯泻 /n20.a
袙芯谢芯褕泻邪 /n10                                # 褉褨褔泻懈
袙芯薪褞褔泻邪 /n10
袙芯褉芯泻 /n22.a
袙芯褉芯薪邪 /n2adj1 :xp2                         # 褉褨褔泻邪
袙芯褉芯薪泻邪 /n10
袙芯褉褋泻谢邪 /n10
袙芯褉褋泻谢懈褑褟 /n10
袙芯褋褍褕泻邪 /n10
袙褌芯褉邪 /n10
袙'褟蟹褨胁械褑褜 /n22.a
袙'褟蟹褨胁泻邪 /n10
袙'褟蟹芯胁懈泄 /n2adj1
袚邪泄褔褍褉 /n20.ke
袚邪谢褔懈薪 /n20.a
袚邪褉褟褔泻邪 /n10
袚胁懈薪褌褨胁泻邪 /n10
袚褨褉泻邪 /n2adj1 :xp2                          # 褉褨褔泻邪
袚谢懈斜芯褔芯泻 /n22.a :xp2                    # 褉褨褔泻邪
袚谢褍褏邪 /n2adj1
袚谢褍褕械褑褜 /n22.a                              # 褉褨褔泻邪/芯蟹械褉芯 胁 校泻褉邪褩薪褨
袚薪懈谢邪 /n2adj1
袚薪懈谢懈褑褟 /n10
袚薪懈谢芯胁褨写 /n21
袚薪懈谢芯胁芯写泻邪 /n10
袚薪懈谢芯锌'褟褌泻邪 /n10
袚薪懈谢芯锌'褟褌褜 /n32
袚薪懈谢褍褕邪 /n10
袚薪褨蟹写械褔薪邪 /n2adj1
袚薪褨蟹写褨胁泻邪 /n10
袚薪褨蟹薪邪 /n10
袚薪芯褟薪泻邪 /n10
袚芯胁褨褉泻邪 /n10
袚芯胁褌胁邪 /n10
袚芯谢芯褋泻褨胁褋褜泻懈泄 /n2adj1
袚芯谢褍斜泻邪 /n10
袚芯谢褟泻邪 /n10
袚芯褉斜邪褌泻邪 /n10
袚芯褉懈薪泻邪 /n10
袚芯褉懈薪褜 /n32
袚芯褉褨褏芯胁邪 /n2adj1
袚芯褉芯卸邪薪泻邪 /n10
袚芯褉芯褏褍胁邪褌泻邪 /n10
袚芯褉芯褕芯泻 /n22
袚褉邪斜邪褉泻邪 /n10
袚褉邪薪懈褑褟 /n10
袚褉械斜褨薪械褑褜 /n22.a
袚褉械蟹谢褟 /n10
袚褉械褔邪薪泻邪 /n10
袚褉械褔泻邪 /n10
袚褉懈胁泻邪 /n10
袚褉懈褕懈薪邪 /n2adj1
袚褉懈褕懈薪泻邪 /n10
谐褉芯屑芯泻谢褨泄褋褜泻懈泄 /adj
袚褉芯屑芯泻谢褨褟 /n10
袚褉褍写泻邪 /n10
袚褉褍蟹褜泻邪 /n2adj1
袚褉褍薪褜 /n32
袚褉褍薪褜-孝邪褕邪薪褜 /n32
袚褉褍薪褜-效械褉泻械褋 /n20.a
袚褉褍褕褨胁泻邪 /n10
袚褍斜懈薪懈褏邪 /n10
袚褍泄胁邪 /n10
袚褍褋泻邪 /n10
袚褍褋谢褟薪泻邪 /n10
袚褍褋芯褔泻邪 /n10
袛邪胁懈写褨胁泻邪 /n10
袛胁芯褉械褑褜 /n24.a
袛胁芯褉褨褔薪邪 /n2adj1
袛械屑械褉写卸褨 noun:f:nv:np
袛械褉械谐谢褍泄 /n20
袛械褉泻褍谢 /n20 :xp2                            # 褉褨褔泻邪
袛械褉谢芯 /n2n
袛械褋薪邪 /n10
袛卸邪谢邪褉 /n20.ke
袛卸邪褉写卸邪胁邪 /n10
写卸邪褉懈谢谐邪褑褜泻懈泄 /adj
袛卸邪褉懈谢谐邪褔 /n20.a                            # xv2
袛卸械泻械谢褜薪褟 /n10
袛卸褍褉懈薪 /n20.a
袛懈褔泻邪 /n10
袛褨写褨胁 /n21.a
袛褨写芯泻 /n22
袛褨泄薪懈褑褟 /n10
袛薪懈褖械 /n2n
#袛薪褨锌褉芯 /n20.ke
袛薪褨褋褌械褉 /n22.a.ke
写薪褨褋褌械褉褋褜泻懈泄 /adj
袛芯斜褉懈胁芯写泻邪 /n10
袛芯胁谐 /n20
#袛芯胁卸懈泻 /n20.a :xp2
袛芯屑邪 /n10
袛芯屑芯褌泻邪薪褜 /n32
袛芯屑褍蟹谢邪 /n10
#袛芯薪械褑褜 /n24.a
袛芯褏薪邪 /n10
袛芯褕泻邪 /n10
袛褉褨斜褍褕泻邪 /n10
袛褍斜械褑褜 /n22.a
袛褍胁邪薪泻邪 /n10
袛褍谢褨胁褋褜泻懈泄 /n2adj1
袛褍谢褜泻邪 /n10
袛褍屑泻邪 /n10
袛褍屑薪懈褑褟 /n10
袛褍薪邪泄 /n20
袛褍锌谢褟薪泻邪 /n10
袛褍褉薪懈褑褟 /n10
袛褟写懈薪邪 /n10
袝褋屑邪薪褜 /n32
袆胁褋褍谐 /n20.zi.ke :xp2                          # 褉褨褔泻邪
袆谢邪薪褔懈泻 /n20.a
袆屑褑械胁械 /n2adj1
袆薪懈泻 /n20.a
袆薪懈泻邪 /n10
袆褉懈泻 /n20.a
袞邪斜芯褌懈薪泻邪 /n10
袞邪褉懈褏邪 /n10
袞胁邪薪 /n20
袞胁邪薪褔懈泻 /n20.a :xp2                         # 褉褨褔泻邪
袞写械薪褨胁泻邪 /n10
袞械谢写械褑褜 /n22.a
袞械褉写褜 /n32
袞械褉写褟 /n10
袞械褉械斜械褑褜 /n22.a
袞械褉械斜薪邪 /n2adj1
袞械褉褨胁 /n23.a
袞懈谐邪谢泻邪 /n10
袞懈写褨胁泻邪 /n10
袞懈卸邪 /n10
袞懈卸邪胁邪 /n10
袞懈卸褨褟 /n10                                  # xv2
袞懈谢邪 /n10                                   # 褉褨褔泻邪
袞懈谢泻邪 /n10
袞懈谢芯褔泻邪 /n10
袞懈褉邪泻 /n20.a
袞芯胁褌邪 /n2adj1
袞芯胁褌邪薪械褑褜 /n22.a
袞芯胁褌械薪褜泻邪 /n2adj1
袞芯胁褌芯斜褉褞褏邪 /n10
袞芯谢芯薪褜 /n32
袞芯薪泻邪 /n10
袞褍褉邪胁械谢褜 /n22.a
袞褍褉邪胁泻邪 /n10
袞褍褉邪胁谢懈褑褟 /n10
袟邪谐芯褉芯写邪 /n10
袟邪泄褔懈泻 /n20.a
袟邪谢邪 /n10
袟邪谢懈胁邪 /n10
袟邪谢褨蟹泻芯 /n2n
袟邪屑谐谢邪泄 /n20 :xp2                           # 褉褨褔泻邪
袟邪屑懈褕褨胁泻邪 /n10
袟邪屑褔懈褋褜泻芯 /n2n
袟邪屑褕邪 /n10                                  # 芯蟹械褉芯
袟邪锌谢邪胁泻邪 /n10
袟邪褉褨褔芯泻 /n22
袟邪褋褍褕泻邪 /n10
袟邪褌懈薪 /n20
袟邪褌褨泻 /n21
袟斜褉褍卸 /n20
袟斜褉褍褔 /n20.a :xp2                       # 褉褨褔泻邪
袟胁褨蟹写邪谢褜 /n32
袟胁褨褉懈薪泻邪 /n10
袟谐邪褉 /n20.ke
袟谐邪褉芯泻 /n22.a
袟写胁懈卸 /n20
袟械谢械薪懈褑褟 /n10
袟褨薪褔懈褑褟 /n10
袟谢懈胁泻懈 /np2
袟谢芯写褨泄泻邪 /n10
袟屑褨泄泻邪 /n10
袟薪芯斜褨胁泻邪 /n10
袟芯谢芯褌芯薪芯褕泻邪 /n10
袟芯谢芯褔褨胁泻邪 /n10
袟芯薪 /n20
袟褍斜褉邪 /n10
袟褍斜褉懈薪泻邪 /n10
袟褍斜褉褟 /n10
袟褍谢褜薪褟 /n10
袟褍褟 /n10
袉胁芯褌泻邪 /n10
袉胁'褟薪泻邪 /n10
袉蟹褞屑械褑褜 /n22.a
袉泻胁邪 /n10
袉泻芯锌芯褌褜 /n32
#袉谢谢褟 /n10 ^noun:m
袉谢褌邪 /n10
袉谢褜褌懈褑褟 /n10
袉薪谐褍谢 /n20
袉薪谐褍谢械褑褜 /n22.a
袉薪写芯谢 /n20                                  # 袦芯泻褉懈泄, 小褍褏懈泄
袉褉胁邪薪械褑褜 /n22.a
袉褉泻谢褨泄 /n20
袉褉锌褨薪褜 /n23.a
袉褉褕邪 /n10
袉褉褕邪胁邪 /n10
袉褉褕邪胁泻邪 /n10
袉褔械薪褜泻邪 /n10
袣邪谐邪屑谢懈泻 /n20.a :xp2                    # 褉褨褔泻邪
袣邪谢邪斜邪薪褟 /n10
袣邪谢谐邪 /n10
袣邪谢泻邪 /n10                              # 袣邪谢褜褔懈泻
袣邪谢褜屑褨褍褋 /n20
袣邪谢褜褔懈泻 /n20.a
袣邪谢褞褋 /n20
袣邪屑'褟薪泻邪 /n10
袣邪褉邪谐邪褔 /n20.a
袣邪褉邪写卸邪 /n10                                # xv2
袣邪褉邪褦褑褜 /n22.a
袣邪褉邪薪褜 /n32
袣邪褉邪褋褨胁泻邪 /n10
袣邪褉邪褌懈褕 /n32
袣邪褉邪褌褞泻 /n20.a
袣邪褉薪邪褍褏褨胁泻邪 /n10
袣邪褌谢邪斜褍谐 /n20
袣邪褔邪 /n10
袣邪褕谢邪谐邪褔 /n20.a
袣懈褉谐懈卸 /n20
袣懈褉谐懈卸-袣懈褌邪泄 /n20
袣懈褌邪泄 /n20
袣褨蟹泻邪 /n10
袣褨谢褜褌懈褔褔褟 /n2n
袣褨谢褜褔械薪褜 /n32
袣褨谢褜褔械薪褜泻邪 /n10
袣褨薪褋褜泻邪 /n2adj1
袣褨锌褔邪泻 /n20.a
袣谢械斜邪薪褜-袘懈泻 /n20.a
袣谢械胁械薪褜 /n32
袣谢褞褔泻邪 /n10
袣薪褍褉 /n20.a.ke
袣芯斜懈谢懈褑褟 /n10
袣芯斜懈谢泻邪 /n10
袣芯斜懈谢褔懈薪邪 /n2adj1
袣芯斜懈谢褜薪懈褑褟 /n10
袣芯胁邪谢褨胁 /n23.a                               # 褉褨褔泻邪
袣芯胁斜邪薪褟 /n10
袣芯胁斜邪褋邪 /n10
袣芯胁斜邪褋泻邪 /n10
袣芯胁褉邪泄 /n20
袣芯胁褋褍谐 /n20
袣芯胁褌褜芯斜邪 /n10
袣芯胁褔 /n32
袣芯谐懈谢褜薪懈泻 /n20.a
袣芯写懈屑邪 /n10
袣芯蟹邪褉泻邪 /n10
袣芯蟹懈薪泻邪 /n10                                # xv2
袣芯蟹褍谢褟 /n10
袣芯谢懈褋泻邪 /n10
袣芯谢芯胁芯褉芯褌 /n20
袣芯谢芯写褟蟹薪懈泻 /n20.a
袣芯谢芯屑邪泻 /n20 :xp2                           # 褉褨褔泻邪
袣芯谢芯屑懈褦褑褜 /n22                               # 褉褨褔泻邪
袣芯谢芯屑懈泄泻邪 /n10
袣芯屑邪褉薪褟 /n10
袣芯屑懈褕薪邪 /n2adj1
袣芯屑懈褕褍胁邪褌邪 /n2adj1
袣芯薪褨胁泻邪 /n10
袣芯薪泻邪 /n10
袣芯薪芯褌芯锌 /n20 :xp2                           # 褉褨褔泻邪
袣芯薪褔邪泻 /n20                                 # 褉褨褔泻邪
袣芯锌邪褔褨 /np2                                 # xv2
袣芯褉邪斜械谢褜薪邪 /n2adj1
袣芯褉械薪懈褏邪 /n10
袣芯褉屑懈薪 /n20
袣芯褉芯斜芯褔泻邪 /n10
#袣芯褉芯锌械褑褜 /n22.a
袣芯褉芯褌褋褟薪泻邪 /n10
袣芯褉褋邪泻 /n20.a
袣芯褉褔懈泻 /n20.a :xp2                          # 褉褨褔泻邪
袣芯褉褔褍胁邪褌械 /n2adj1                           # xv2
袣芯褉褔褍胁邪褌懈泄 /n2adj1
泻芯褉褔褍胁邪褌褋褜泻懈泄 /adj
袣芯褋褨胁褋褜泻邪 /n2adj1
袣芯褕邪褔邪 /n2adj1
袣褉邪锌谢褟 /n10
袣褉械褏褨胁泻邪 /n10
袣褉懈胁懈褔 /n20.a
袣褉懈胁褍谢褟 /n10
袣褉懈泻褍褏邪 /n10
袣褉褨锌械薪褜泻邪 /n2adj1
袣褉褨锌泻邪 /n2adj1
袣褉芯锌懈胁薪邪 /n10 :xp2                          # 褉褨褔泻邪
袣褉芯锌懈胁薪懈泻 /n20.a
袣褉芯锌懈胁薪懈褑褟 /n10
袣褉褍谐谢械薪褜泻械 /n2adj1
袣褉褍褌褨泄 /n20
袣褉褍褌薪褟 /n10
袣褉褞泻褨胁 /n21.a
袣褉褞泻芯胁邪 /n2adj1
袣褍谢懈薪泻邪 /n10
袣褍屑邪 /n10
袣褍屑芯褔泻邪 /n10
袣褍薪写褍泻 /n20.a
袣褍锌邪谢邪 /n10                                 # 褉褨褔泻邪
袣褍锌谢械胁邪褌械 /n2adj1
袣褍锌薪邪 /n2adj1
袣褍褉懈褑褟 /n10
袣褍褉泻褍谢邪泻 /n20
袣褍褉褍褕邪薪 /n20.a
袣褍褔褍泻-袣邪褉邪褋褍 noun:f:nv:np
袣褍褔褍褉谐邪薪 /n20.a
袣褍褟谢褜薪懈泻 /n20.a
袥邪胁褉邪 /n10
袥邪胁褉懈泻 /n20.a                                 # 褉褨褔泻邪
袥邪蟹薪褟 /n10
袥邪薪薪邪 /n2adj1
袥邪锌泻邪 /n10
袥邪褌芯褉懈褑褟 /n10
袥邪褍褉邪 /n10                                   # 褉褨褔泻邪 胁 校泻褉邪褩薪褨
袥械斜械写懈薪械褑褜 /n22.a                           # 褉褨褔泻邪
袥械斜械写懈褏邪 /n10
袥械胁邪褔褨 /np2                                 # xv2
袥械屑褨褕 /n21.a
袥械褌邪 /n10
袥懈锌械褑褜 /n22.a
袥懈锌械褑褜泻邪 /n2adj1
袥懈锌'褟薪泻邪 /n10
袥懈褋泻邪 /n10
袥懈褋褌胁懈薪 /n20 :xp2                           # 褉褨褔泻邪
袥懈褋褍褏邪 /n10
袥懈褏胁邪 /n10
袥褨蟹薪邪 /n2adj1
袥褨屑薪懈褑褟 /n10
袥褨褋薪邪 /n2adj1
袥褨褌薪褟薪泻邪 /n10
袥芯蟹芯胁邪 /n2adj1
袥芯蟹芯胁械薪褜泻邪 /n10
袥芯蟹褍胁邪褌泻邪 /n10
袥芯泄芯泻 /n22
袥芯泻薪褟 /n10
袥芯屑邪泻邪 /n10
袥芯屑薪懈褑褟 /n10
袥芯锌邪褌邪 /n10
袥芯锌褍褕懈薪邪 /n10
袥芯褉懈薪邪 /n10                                 # 褉褨褔泻邪
袥芯褏胁懈褑褟 /n10
袥芯褏芯胁邪 /n2adj1
袥芯褕邪泻 /n20.a
袥芯褕懈褑褟 /n10
袥芯褖懈薪邪 /n10
袥褍谐邪 /n10
袥褍谐邪薪泻邪 /n10
袥褍谐邪薪褔懈泻 /n20.a
袥褍谐邪薪褜 /n32
袥褍卸邪薪泻邪 /n10
袥褍泻胁邪 /n10
袥褍泻胁懈褑褟 /n10
袥褍锌邪 /n10
袥褍褔泻褨胁 /n21.a
袥褜胁邪 /n10
袥褞斜邪薪褜 /n32                                 # xv2
袥褞斜芯薪褜泻邪 /n10
袥褞褌邪 /n2adj1
袥褞褌械薪褜泻邪 /n10
袥褞褔泻邪 /n10
袥褟写邪 /n10
袥褟写芯胁邪 /n10 :xp2
袦邪胁泻邪 /n10                                  # 褉褨褔泻邪
袦邪泻褕懈斜芯谢芯褌芯 /n2n.ovi
袦邪谢邪泄泻邪 /n10
袦邪谢懈泻 /n20.a                                # 褉褨褔泻邪
袦邪屑械褔 /n20 :xp2                             # 褉褨褔泻邪
袦邪褉褌邪 /n10                                   # 褉褨褔泻邪
袦邪褌懈褑褟 /n10
袦谐邪褉 /n20.ke :xp2                           # 褉褨褔泻邪
袦械写胁械写泻邪 /n10                               # xv2
袦械写胁械写芯泻 /n22.a                             # xv2
袦械写褍薪泻邪 /n10
袦械蟹褍薪泻邪 /n10
袦械谢邪薪泻邪 /n10
袦械薪邪 /n10
袦械薪褜芯泻 /n22.a
袦械褉褌胁芯胁褨写 /n21
袦械褉褔懈泻 /n20.a :xp2                          # 褉褨褔泻邪
袦卸邪 /n10
袦懈褋谢懈薪邪 /n10
袦懈褕邪泻 /n20.a
袦懈褕褨胁泻邪 /n10
袦褨谢泻械 /n2adj1
袦褨谢芯胁邪 /n10
袦褨褉芯褕薪懈泻 /n20.a                             # 褉褨褔泻邪
袦褨褍褋 /n20
袦褨褏芯胁邪 /n2adj1
袦褨褑褜 /n30
袦谢懈薪邪褉泻邪 /n10
袦谢懈薪械褑褜 /n22.a
袦谢懈薪褨胁泻邪 /n10
袦谢懈薪芯泻 /n22.a :xp2                          # 褉褨褔泻邪
袦薪芯谐邪 /n10
袦芯谐懈谢泻懈 /np3
袦芯谐懈谢褟薪褋褜泻懈泄 /n2adj1
袦芯泻褉懈褑褟 /n10
袦芯泻褉褟薪泻邪 /n10
袦芯谢芯泻懈褕 /n20
袦芯谢芯褔薪邪 /n2adj1
袦芯褋懈褉 /n20.ke :xp2                          # 褉褨褔泻邪
袦芯褋泻胁邪 /n10
袦芯褋泻芯胁泻邪 /n10
袦芯褋褌胁邪 /n10
袦芯褖邪薪泻邪 /n10
袦褍锌褉邪褕泻邪 /n10
袦褍褉邪胁邪 /n10
袦褍褉邪胁懈褑褟 /n10
袦褍褉邪褎邪 /n10
袦褍褉芯胁邪薪懈泄 /n2adj1
袦褍褉芯屑 /n20 :xp2                             # 褉褨褔泻邪
袦褍褌薪懈泄 /n2adj1
袦褍褏邪 /n10                                 # 褉褨褔泻邪
袦褍褏邪胁械褑褜 /n22.a
袧邪谐芯谢褜薪邪 /n2adj1
袧邪谐芯谢褜褔懈泻 /n20.a :xp2                       # 褉褨褔泻邪
袧邪锌褉邪褋薪邪 /n2adj1
袧邪褉邪褩胁泻邪 /n10
袧邪褋褌邪褋褨褟 /n10                             # 褉褨褔泻邪
袧械胁褨谢褜薪懈褑褟 /n10
袧械写褉邪 /n10
袧械屑懈褟 /n10
袧械褉械褌胁邪 /n10
袧械褉褍褕邪泄 /n20
袧械褌褉懈褍褋 /n20
袧懈胁泻邪 /n10
袧懈卸薪褟 /n10                                 # 褉褨褔泻邪 胁 校泻褉邪褩薪褨
袧懈褉泻邪 /n10
袧褨谢邪 /n10                                 # 褉褨褔泻邪
袧褨褉泻邪 /n10
袧褨褔谢邪胁邪 /n10
袧褨褔谢邪胁泻邪 /n10
袧芯卸懈泻 /n20.a
袧芯褉械褑褜 /n24.a
袧芯褉懈薪 /n20.a
袧褍褉械褑褜 /n22.a
袧褍褉泻邪 /n10
袨斜械褋褌邪 /n10
袨斜懈褌褨褔薪邪 /n2adj1
袨写懈薪械褑褜 /n22.a
袨蟹褨褉褑械 /n2n
袨蟹薪懈褑褟 /n10
袨泻褨薪泻邪 /n10
袨谢邪胁邪 /n10
袨谢械薪邪 /n10                                   # 褉褨褔泻邪
袨谢械薪褜 /n20.a
袨谢懈胁泻邪 /n10
袨谢褜褏褨胁泻邪 /n10
袨谢褜褕邪薪泻邪 /n10
袨屑械谢褟薪褨胁薪邪 /n10                             # 褉褨褔泻邪
袨锌褨褉 /n21.ke
袨褉械谢褜 /n32
袨褉卸懈褑褟 /n10
袨褉褨谢褜 /n31
袨褉褨谢褜泻邪 /n10
袨褉褨褏芯胁邪褌泻邪 /n10
袨褉谢懈褑褟 /n10
袨褉褔懈泻 /n20.a :xp2                           # 褉褨褔泻邪
袨褉褟胁褔懈泻 /n20.a
袨褋械谢械褑褜 /n24.a
袨褋懈泻芯胁邪 /n2adj1
袨褋懈薪邪 /n10
袨褋泻褨谢 /n21
袨褋泻芯谢 /n20                                  #> 袨褋泻褨谢
袨褋谢邪胁邪 /n10
袨褋薪褟谐邪 /n10
袨褋芯泻邪 /n10
袨褋芯泻芯褉褨胁泻邪 /n10
袨褋褌械褉 /n22.a.ke :xp2                        # 褉褨褔泻邪
袨褋褌褉褨胁褋褜泻邪 /n2adj1
袨褋褌褉芯胁芯泻 /n22.a
袨褔械褉械褌懈薪泻邪 /n10
袨褕褍泻邪 /n10
袩邪胁谢懈泻 /n20.a                             # 褉褨褔泻邪
袩邪胁谢褨胁泻邪 /n10
袩邪胁谢褨胁褋褜泻懈泄 /n2adj1
袩邪胁谢褞泻 /n20.a                             # 褉褨褔泻邪
袩邪薪邪谐褨褟 /n10
袩邪薪褟薪泻邪 /n10
袩邪褉芯胁懈褑褟 /n10
袩邪褉芯泻 /n22.a
袩邪褋褌褍褕邪 /n2adj1
袩械褉谐邪 /n10
袩械褉械斜褨谐 /n20
袩械褉械胁邪谢 /n20
袩械褉械胁褨写 /n21
袩械褉械写褨谢泻邪 /n10
袩械褉械褩蟹写泻邪 /n10
袩械褉械泻邪谢泻邪 /n10
袩械褉械谢褨褋泻邪 /n10
袩械褉械褉褨褋谢褜 /n30
袩械褉谢褨胁泻邪 /n10
袩械褉褕懈薪邪 /n10
袩械褔懈薪懈 /np2 :xp2                            # 褉褨褔泻邪
袩褨写泻邪屑褨薪褜 /n23 :xp2                         # 褉褨褔泻邪
袩褨写泻芯胁邪 /n10
袩褨薪邪 /n10
袩褨褋泻褍胁邪褏邪 /n10
袩褨褋薪褟 /n10
袩褨褋褌懈薪褜泻邪 /n10
袩褨褖邪薪械褑褜 /n22.a
袩谢邪胁 /n20
袩谢械褋 /n20 :xp2                              # 褉褨褔泻邪 胁 校泻褉邪褩薪褨
袩谢芯褋泻邪 /n2adj1
袩谢芯褌胁邪 /n10
袩谢芯褌懈褔泻邪 /n10
袩谢褟褕褨胁泻邪 /n10
袩芯谐邪薪懈薪 /n20.a
袩芯卸薪褟 /n10
袩芯谢懈褔薪邪 /n10
袩芯谢芯胁薪褟 /n10
袩芯谢芯薪泻邪 /n10
袩芯谢褌胁邪 /n10
袩芯谢褍蟹褨褉'褟 /n2n
袩芯屑懈泄薪懈褑褟 /n10
袩芯薪懈泻胁邪 /n10
袩芯薪芯褉邪 /n10
袩芯薪芯褉泻邪 /n10
袩芯锌褨胁泻邪 /n10
袩芯褉芯褋薪邪 /n2adj1
袩芯褋褌褨谢 /n20
袩芯褋褌芯谢芯胁邪 /n2adj1
袩芯褌邪褕 /n20 :xp2                             # 褉褨褔泻邪
袩芯褌褟谐邪 /n10
袩褉邪褔泻邪 /n10
袩褉懈斜谢褍写邪 /n10
袩褉懈胁芯褉芯褌 /n20
锌褉懈褨薪谐褍谢褜褋褜泻懈泄 /adj
袩褉懈泻褨谢 /n21.a :xp2                          # 褉褨褔泻邪
袩褉懈锌褍褌械薪褜泻邪 /n10
袩褉懈锌'褟褌褜 /n32
袩褉懈褋褌邪胁泻邪 /n10
袩褉芯胁邪谢谢褟 /n2n
袩褉芯谐褨薪 /n21
袩褉芯褩蟹写 /n20
袩褉芯薪芯褋 /n20
袩褉芯褉褨褕泻邪 /n10
袩褉芯褋械褉械写 /n20
袩褉芯褌胁邪 /n10
袩褉芯褌褨泻 /n20
袩褉芯褌芯泻邪 /n10
袩褉褍写薪懈泻 /n20.a
袩褉褍写芯泻 /n22.a
袩褉褍褌 /n20
袩褋械谢 /n22.a
袩褍褋褌芯褏邪 /n10
袩褍褋褌褍褏邪 /n10
袩褍褌懈谢邪 /n10
袩褍褌懈谢褨胁泻邪 /n10
袩褍褌褨胁泻邪 /n10
袩褍褌薪褟 /n10
袩褕械薪懈褔薪懈泻 /n20.a
袩'褟胁泻邪 /n10
袩'褟薪泻邪 /n2adj1
袪邪写芯屑谢褟 /n10
袪邪写芯褋褌邪胁泻邪 /n10
袪邪泄泻芯胁懈泄 /n2adj1
袪邪泻褍卸邪 /n10
袪邪屑邪蟹邪薪 /n20.a
袪邪褌邪 /n10
袪胁邪褔 /n20.a
袪械胁邪 /n10                                 # 褉褨褔泻邪
袪械胁薪邪 /n10
袪械胁褍薪 /n20.a
袪械胁褍褏邪 /n10
袪械胁褍褔懈泄 /n2adj1
袪械屑褨薪褜 /n23.a
袪械锌'褟褕芯泻 /n22.a
袪械褌褜 /n32
袪懈斜薪懈褑褟 /n10
袪懈薪谐邪褔 /n20.a
袪懈锌邪 /n10
袪懈锌懈薪泻邪 /n10
袪褨胁 /n21
袪褨蟹薪褟 /n10
袪褨泻邪 /n10
袪褨锌泻邪 /n10
袪芯胁械褑褜 /n24.a :xp2                          # 褉褨褔泻邪
袪芯胁懈薪邪 /n10
袪芯胁芯泻 /n22.a
袪芯谐邪褔懈泻 /n20.a :xp2                         # 褉褨褔泻邪
袪芯谐芯蟹邪 /n10
袪芯谐芯蟹褟薪泻邪 /n10
袪芯卸懈薪邪 /n10
袪芯蟹写褨谢褜薪邪 /n2adj1
袪芯蟹写芯谢懈 /np2
袪芯蟹泻芯锌泻邪 /n10
袪芯泻邪褔 /n20.a
袪芯屑邪 /n10
袪芯屑邪薪芯胁械褑褜 /n24.a
袪芯屑械薪 /n20                                 # 褉褨褔泻邪
袪芯褋邪胁邪 /n10
袪芯褋褌邪胁懈褑褟 /n10
袪芯褋褜 /n32
袪芯褋褜泻邪 /n10
袪芯褟褌懈薪 /n20 :xp2                            # 褉褨褔泻邪
袪褍谐邪 /n10
袪褍写邪 /n10 :xp2                              # 褉褨褔泻邪
袪褍写泻邪 /n10
袪褍褋邪胁邪 /n10
袪褍褔邪泄芯泻 /n22
袪褟斜芯泻 /n22
小邪胁芯薪懈褏邪 /n10
小邪胁褉邪薪泻邪 /n10
小邪谐邪 /n10
小邪卸邪胁泻邪 /n10
小邪卸邪谢泻邪 /n10
小邪泻邪 /n10
小邪泻褋邪谐邪薪褜 /n32
小邪谢胁邪 /n10
小邪谢谐懈褉 /n20.a.ke
小邪谢懈 noun:n:nv:np:xp2                       # 小邪谢懈虂: 褉褨褔泻邪
小邪谢芯谐褍斜褨胁褋褜泻懈泄 /n2adj1
小邪屑邪褉邪 /n10
小邪屑械褑褜 /n22.a
小邪屑芯褌泻邪薪褜 /n32
小邪锌邪谢邪褩胁泻邪 /n10
小邪褉邪褌邪 /n10
小邪褉懈褋褍 noun:f:nv:np
小邪褉薪邪 /n10
小邪褋懈泻 /n20
小邪褎'褟薪 /n20.a
小胁邪褏邪 /n10
小胁懈谐邪 /n10
小胁懈写芯胁械褑褜 /n24.a /n22.a
小胁懈薪泻褨胁泻邪 /n10
小胁懈薪芯谢褍卸泻邪 /n10
小胁懈薪芯褉懈褟 /n10
小胁懈薪褞褏邪 /n10
小胁懈薪褟 /n10
小胁懈薪褟褔泻邪 /n10
小胁懈褌械薪褜泻邪 /n10
小胁懈褌褟蟹褜 /n20.a
小胁褨褉 /n20.ke :xp1                           # 褉褨褔泻邪 胁 校泻褉邪褩薪褨
小胁褨褉 /n32.ke :xp2                           # 褉褨褔泻邪 胁 袪芯褋褨褩
小胁褨褉卸 /n20
小胁褨褌谢懈褑褟 /n10
小胁褨褔邪 /n10
小械胁邪褋褌褟薪褨胁泻邪 /n10
小械泄屑 /n20
小械谢械蟹械薪褜 /n22.a
小械谢褜薪懈褑褟 /n10
小械谢褟薪泻邪 /n10
小械褉械谐褨胁泻邪 /n10
小械褉械褌 /n20
小械褉械褌械谢褜 /n20
小械褉薪褟 /n2adj1
小械褋褌褉邪 /n10
小懈斜褨褉 /n20.ke
小懈胁邪褕 /n20.a :xp2                           # 褋懈褋褌械屑邪 蟹邪褌芯泻
小懈胁泻邪 /n10
小懈薪谐邪褩胁褋褜泻懈泄 /n2adj1                           # 褉褨褔泻邪
小懈薪械褑褜 /n22.a
小懈薪懈褑褟 /n10
小懈薪懈褔泻邪 /n10
小懈薪褜泻邪 /n10
小懈薪褞褏邪 /n10
小懈褉械薪褜 /n22.a :xp2                          # 褉褨褔泻邪
小懈褉械褑褜 /n22.a
小懈褉懈褑褟 /n10
小懈褌械薪褜泻邪 /n10
小懈褌褨胁泻邪 /n10
小褨胁泻邪 /n10
小褨谢褜薪懈褑褟 /n10
#小褨褉芯谐芯蟹懈 /np3               # 袙械谢懈泻褨 小褨褉芯谐芯蟹懈
小褨褋褌褉邪 /n10
小褨褔薪褟 /n10
小褨褟薪泻邪 /n10
小泻邪谢泻邪 /n10
小泻胁懈谢褟 /n10
小泻懈薪芯褋邪 /n10
小泻芯屑芯褉芯褏 /n20.a
小泻芯屑芯褉芯褏邪 /n10
小泻芯褉芯写薪邪 /n2adj1
小谢邪胁懈薪泻邪 /n10
小谢邪胁泻邪 /n10
小谢邪褌懈薪邪 /n10
小谢懈胁泻邪 /n10
小谢芯胁械褔薪邪 /n2adj1
小谢芯薪褨胁泻邪 /n10
小谢芯褌 /n20
小谢褍褔 /n32
小谢褜芯蟹邪 /n10
小屑褨谢泻邪 /n10
小屑芯卸 /n20
小屑芯谢泻邪 /n10
小屑芯谢褟卸 /n20 :xp2                            # 褉褨褔泻邪
小屑芯谢褟薪泻邪 /n10
小屑芯褉芯写懈薪泻邪 /n10
小屑芯褌褉懈褔 /n20
小屑褍谐邪 /n10
小屑褟褔 /n20 :xp2                      # 褉褨褔泻邪
小薪懈胁芯写邪 /n10
小薪芯胁 /n20
小薪芯胁褋褜泻懈泄 /n2adj1
小芯斜 /n20
小芯斜芯泻 /n22.a
小芯斜芯谢褜 /n20.a
小芯胁懈褑褟 /n10
小芯胁泻邪 /n10
小芯泻懈褉薪懈褑褟 /n10
小芯谢芯写懈褔 /n20.a
小芯谢芯泻褨褟 /n10
小芯谢芯屑泻褨胁褋褜泻懈泄 /n2adj1
小芯谢芯薪邪 /n2adj1
小芯谢芯薪械薪褜泻邪 /n2adj1
小芯谢芯薪懈褑褟 /n10
小芯谢芯薪褍胁邪褌懈泄 /n2adj1
小芯褉芯泻邪 /n10
小芯褉芯褔邪 /n2adj1
小芯褏邪 /n10
小芯褕械薪泻邪 /n10
小褉褨斜谢褟薪泻邪 /n10
小褌邪胁 /n20
小褌邪胁懈 /np2
小褌邪褉邪 /n2adj1
小褌邪褉懈薪泻邪 /n10
小褌邪褉芯褉褨褔褔褟 /n2n
小褌邪褉褍褏邪 /n10
小褌胁懈谐邪 /n10
小褌械薪邪胁泻邪 /n10
小褌懈褉 /n20.ke
小褌懈褉泻邪 /n10
小褌褨泻 /n21
小褌芯谐薪褨泄泻邪 /n10
小褌芯锌 /n20
小褌芯褏褨写 /n21
小褌褉邪卸邪 /n10
小褌褉懈胁褨谐芯褉 /n20.ke
小褌褉懈卸 /n20.a
小褌褉懈卸械薪褜 /n22.a
小褌褉懈泄 /n20 :xp2                         # 褉褨褔泻邪
小褌褉懈屑斜邪 /n10
小褌褉懈锌邪 /n10
小褌褉褨谢懈褑褟 /n10
小褌褉褨谢泻邪 /n10
小褌褍斜邪蟹泻邪 /n10
小褌褍斜谢邪 /n10
小褌褍谐薪邪 /n10
小褌褍写械薪懈褑褟 /n10
小褌褍写褟薪泻邪 /n10
小褌褍锌邪 /n10
小褍胁懈写 /n20 :xp2                             # 褉褨褔泻邪
小褍谐芯泻谢褨褟 /n10
小褍写邪泻 /n20.a :xp2                       # 褉褨褔泻邪
小褍写懈谢褨胁泻邪 /n10
小褍写芯褋褌褜 /n32
小褍-袉薪写芯谢 /n20
小褍泻褨谢褜 /n23
小褍谢邪 /n10
小褍谢懈褑褟 /n10
小褍屑邪 /n10
小褍屑泻邪 /n10
小褍薪懈褑褟 /n10
小褍锌褨泄 /n21
小褍褉邪 /n10
小褍褏邪 /n2adj1
小褍褏芯屑谢懈薪 /n20.a                         # 褉褨褔泻邪
小褍褏芯屑谢懈薪褨胁泻邪 /n10
小褍褔邪胁邪 /n10
小褞褉褞泻 /n20.a :xp2                       # 褉褨褔泻邪
小褟薪 /n20
孝邪谐邪屑谢懈泻 /n20.a :xp2                        # 褉褨褔泻邪
孝邪泄薪邪 /n10
孝邪谢褜 /n32
孝邪谢褜薪褟薪泻邪 /n10
孝邪薪邪褋褍 noun:f:nv:np
孝邪褉邪薪褜泻邪 /n10
孝邪褉谐邪薪 /n20.a :xp2                          # 褉褨褔泻邪
孝邪褉褌邪褑褜泻邪 /n2adj1
孝邪褌邪褉泻邪 /n10
孝邪褕斜褍薪邪褉 /n20.ke
孝邪褕谢懈泻 /n20.a :xp2                          # 褉褨褔泻邪
孝邪褕谢懈褔泻邪 /n10
孝邪褖械薪邪泻 /n20.a :xp2                             # 褉褨褔泻邪
孝械谢懈褑褟 /n10
孝械薪褜泻邪 /n10
孝械锌谢懈褔懈薪邪 /n10
孝械褉械斜谢褟 /n10
孝械褉械斜芯胁谢褟 /n10
孝械褉械泻 /n20
孝械褉械褋胁邪 /n10
孝械褉械褕褨胁泻邪 /n10
孝械褉械褕褨谢泻邪 /n10
孝械褉械褕泻邪 /n10
孝械褉薪 /n20
孝械褉薪邪胁邪 /n10
孝械褉薪褨胁泻邪 /n10
孝械褉褋邪 /n10
孝械褋 /n20
孝械褌械褉褨胁 /n23.a
孝械褌械褉褨胁泻邪 /n10
孝械褌懈胁邪 /n10
孝懈谢褨谐褍谢 /n20
孝懈褋屑械薪懈褑褟 /n10
孝懈褏褨薪 /n21.a                           # 褉褨褔泻邪
孝懈褏芯屑械谢褜 /n32 :xp2                          # 褉褨褔泻邪
孝褨泻邪褔 /n20.a
孝褨褔泻邪 /n10
孝谢褍屑邪褔 /n20.a
孝薪褟 /n10
孝芯胁屑邪褔 /n20 :xp2                            # 褉褨褔泻邪
孝芯胁褖 /n32
孝芯写芯褉 /n20.ke                          # 褉褨褔泻邪
孝芯泻屑邪泻 /n20.a :xp2                          # 褉褨褔泻邪
孝芯泻屑邪泻褨胁泻邪 /n10
孝芯屑邪褕锌褨谢褜泻邪 /n10
孝芯薪褟 /n10
孝芯锌懈谢邪 /np1 :xp2                            # 褉褨褔泻邪
孝芯锌芯谢褜泻邪 /n10
孝芯褉械褑褜 /n22.a
孝芯褉褔 /n32
孝褉懈蟹薪邪 /n10
孝褉懈褌褍蟹薪邪 /n2adj1
孝褉褨褋褌褟 /n10
孝褉芯褋褌褟薪械褑褜 /n22.a
孝褉褍斜褨卸 /n23.a
孝褉褍写薪懈褑褟 /n10
孝褍锌褔邪 /n10
孝褍褉懈薪 /n20.a
孝褍褉褨褟 /n10
孝褍褉泻邪 /n10
孝褍褉'褟 /n10
孝褍褋褌邪谢褜 /n32
孝褟褋屑懈薪 /n20
孝褟褔械胁械褑褜 /n24.a
校斜褨写褜 /n31
校斜芯褉褌褜 /n32
校谐 /n20.a
校写邪 /n10
校写邪泄 /n20
校写懈褔 /n20
校写褨胁械褑褜 /n22.a
校卸 /n20.a
校卸懈泻 /n20.a
校谢懈褔泻邪 /n10
校屑邪薪泻邪 /n10
校薪邪胁邪 /n10
校褉邪蟹芯胁邪 /n2adj1
#校褋芯泻 /n22.a                             # 褉褨褔泻邪
校褋褌褉懈褑褟 /n10
校褋褌褍锌 /n20
#校褋褌褟 /n10
校褌泻邪 /n10
校褌谢褞泻 /n20.a
校褕懈褑褟 /n10
肖褨邪谢泻邪 /n10
肖芯褋邪 /n10
啸邪斜邪 /n10
啸邪写卸懈写械褉 /n20.ke
啸邪褉褑懈蟹褜泻邪 /n2adj1
啸懈屑邪 /n10                                 # 褉褨褔泻邪
啸屑械谢懈薪泻邪 /n10
啸屑械谢褨胁泻邪 /n10
啸芯谢芯锌 /n20
啸芯屑芯褉邪 /n10
啸芯褉胁邪褌泻邪 /n10
啸芯褉芯斜褉邪 /n2adj1
啸芯褉芯谢 /n20
啸芯褌懈薪褜 /n32
啸芯褌褨屑谢褟 /n10
啸芯褔械胁邪 /n10
啸褉懈褋褌褟 /n10                                 # 褉褨褔泻邪
啸褍褋褌泻邪 /n10
笑邪褉械谐邪 /n10
笑邪褉懈薪邪 /n10
笑邪褉懈薪泻邪 /n10
笑胁懈薪褌邪褉泻邪 /n10
笑胁褨褌芯褏邪 /n10
笑械薪褨褩胁泻邪 /n10
笑械褉械屑 /n20
笑懈斜褍谢褜薪懈泻 /n20.a
笑懈谐邪薪泻邪 /n10
笑懈屑斜邪谢 /n20.a                             # 褉褨褔泻邪
笑懈褉 /n20.ke
效邪斜邪泻 /n20.a
效邪谐邪 /n10
效邪泻胁邪 /n10
效邪锌谢懈薪邪 /n10
效邪褕邪 /n10
效械泻薪褟 /n10
效械锌邪谢褨胁泻邪 /n10
效械褉胁懈褖械 /n2n
效械褉械胁邪褏邪 /n10
效械褉械胁邪褔 /n20.a
效械褉械写薪懈褔泻邪 /n10
效械褉械屑芯褕 /n20
效械褉械锌邪褕泻邪 /n10
效械褉泻邪褋褜泻邪 /n2adj1
效械褉谢械薪邪 /n2adj1
效械褉薪褟 /n10
效械褏芯薪褟 /n10
效械褔胁邪 /n10
效械褔褍谐邪 /n10
效懈谢褨谐褨写械褉 /n20.ke
效懈薪谐褍谢 /n20
效懈褔懈泻谢褨褟 /n10
效芯斜芯褌邪褉 /n24.a.ke
效芯褉薪邪 /n2adj1
效芯褉薪懈褑褟 /n10
效芯褉薪芯谐褍蟹泻邪 /n10
效芯褉薪芯谢褨褋泻邪 /n10
效芯褉薪褟胁邪 /n2adj1
效芯褉褌邪谢邪 /n10
效芯褉褌懈褏邪 /n10
效芯褉褌芯屑谢懈泻 /n20.a
效芯褉褌芯褉懈泄 /n20
效褍斜邪泄泻邪 /n10
效褍屑谐邪泻 /n20.a
楔邪斜械谢褜泻邪 /n10
楔邪斜械褉 /n20.a.ke
楔邪泄褌邪薪泻邪 /n10
楔邪谢褨胁泻邪 /n10
楔邪褏褉邪泄泻邪 /n10
楔械胁褔懈褏邪 /n10
楔械褉邪斜邪写 /n20.a
楔懈泄泻邪 /n10
楔懈锌懈薪泻邪 /n10
楔懈褟 /n10
楔谢褟屑邪褉泻邪 /n10
楔芯胁泻芯胁懈褑褟 /n10
楔芯锌褍褉泻邪 /n10
楔芯褋褌泻邪 /n10
楔锌懈泻褨胁泻邪 /n10
楔锌芯谢泻邪 /n10
楔褍斜褉邪薪械褑褜 /n22.a
些懈褉械褑褜 /n22.a
挟褕邪薪谢懈 noun:f:nv:np
挟褕泻邪 /n10
携谐褨写薪懈褑褟 /n10
携谐芯褉谢懈泻 /n20.a
携蟹胁懈薪泻邪 /n10
携谢邪薪械褑褜 /n22.a
携谢邪薪泻邪 /n10
携谢邪薪褔懈泻 /n20.a
携谢芯胁懈褑褟 /n10
携谢锌褍谐 /n20
携屑芯褔泻邪 /n10
携屑锌褨谢褜褔懈泻 /n20.a
携薪懈褔邪褉泻邪 /n10
携薪褔褍褉 /n20.ke
携褉懈褔褨胁泻邪 /n10
携褉芯屑懈褉泻邪 /n10
携褋懈薪邪 /n10
携褌褉邪薪褜 /n32
携褕薪懈泻 /n20.a                            # 褉褨褔泻邪
