аахенський /adj
Аахен /n20.a
абаданський /adj
Абай /n20.a
Абакан /n20.a :xp1    # місто
Абакан /n20 :xp2    # річка
абіджанський /adj
Абіджан /n20.a
абіссінець /n22.p.a.<
абіссінка /n10.p2.ko.<
абіссінський /adj
Абовян /n20.a
Абрамівська /adj g=f
Абу-Грейб noun:f:nv:np
Абу-Дабі noun:n:nv:np
Абхазія /n10
абхазький /adj
абхазько-адигейський /adj
аварець /n22.p.a.<
аварський /adj
Авдіївка /n10
авестійський /adj
Авіньйон /n20.a
Австралазія /n10
австріяк /n20.a.p.ke.<
австріячка /n10.p2.ko.<
австро-дунайський /adj
австронезійський /adj
австро-німецький /adj
австро-угорський /adj
Австро-Угорщина /n10
австрофільський /adj
Агадир /n20.a    # xv2
агарський /adj
агарянин /n20.a.pyn.ke.<
агарянка /n10.p2.ko.<
агарянський /adj
Ага /n10    # річка
агулка /n10.p2.ko.<
агульський /adj
Агул /n20
агул /n20.a.p.ke.<
Адана /n10
Аделаїда /n10
Аден /n20.a
аджарець /n22.p.a.<
Аджарія /n10
аджарка /n10.p2.ko.<
адигеєць /n22.p.a.<
адигейка /n10.p2.ko.<
адигейський /adj
Адигея /n10
адиги /np2.<
Адлер /n20.a
Адріатика /n10
адріатичний /adj
Аерофлотське /n2adj1
Азавад /n20
азанде noun:f:nv:np|noun:m:nv:anim|noun:f:nv:anim
Азанде noun:n:nv:np
азійський /adj
Азія /n10.ko
азово-керченський /adj
азово-сиваський /adj
азово-чорноморський /adj
азовський /adj
Азов /n20.a    # xv2
азорський /adj
Айдахо noun:m:nv:np
Айдін /n20.a
аймара noun:f:nv:anim:xp1    # представниця
аймара noun:f:nv:np:xp2    # мова
аймара noun:m:nv:anim:xp1    # представник
айни /np2
айнський /adj
Айова /n10
Ай-Петрі noun:f:nv:np
Акапулько noun:n:nv:np
Аквітанія /n10
аккерманський /adj
Аккерман /n20.a
Акрі noun:m:nv:np
Аксаково /n2n    # xv2
актюбінський /adj
Актюбінськ /n20.a
Алабама /n10
алазон /n20.a.p.ke.<
Аламеда /n10
Аламогордо noun:n:nv:np
Аламос /n20.a
Аланія /n10
Алан /n20
алан /n20.a.p.ke.<
албанськомовний /adj
алгонкінський /adj
Алдан /n20.a    # xp1 місто
Алдан /n20    # xp2 річка
Александрія /n10
Александров /n20.a :xp2    # місто
Александруполіс /n20.a
Алеппо noun:n:nv:np
алеутський /adj
Аліканте noun:n:nv:np
Алкантара /n10 ^noun:m
алматинський /adj
Алмати noun:n:nv:np
алтайський /adj
Алтай /n20
Алупка /n10
алупкинський /adj
алупкінський /adj
Алушта /n10
алуштинський /adj
алчевський /adj
Алчевськ /n20.a
Альбан /n20.a
Альберта /n10
Альберт /n20 :xp2    # озеро
Альбі noun:n:nv:np
Альбукерке noun:n:nv:np
Альгамбра /n10
Альєр /n20
Альє noun:m:nv:np
Алькантара /n10
Альпи /np1
альпійський /adj
альпійсько-гімалайський /adj
Аляска /n10
Амангельди noun:n:nv:np
Амбер /n20.a
Амвросіївка /n10
амвросіївський /adj
американістка /n10.p2.ko.<
американо-англійський /adj
американо-китайський /adj
американсько-китайський /adj
американсько-російський /adj
американсько-український /adj
Ам'єн /n20.a
Амман /n20.a
амстердамський /adj
Амстердам /n20.a
амудар'їнський /adj
Амудар'я /n10
амурський /adj
Амур /n20 :xp2    # річка
амхара noun:m:nv:np|noun:f:nv:np
амхарський /adj
Анадир /n20.a :xp1    # місто
Анадир /n20 :xp2    # річка
Ананурі noun:f:nv:np
ананьївський /adj
Ананьїв /n23.a
Анапа /n10
анатолійський /adj
Анатолія /n10 :xp2    # азійська частина Туреччини
Анахайм /n20.a
Ангара /n10
Ангарськ /n20.a
англо-ірландський /adj
англоканадець /n22.p.<
англосаксонець /n22.p.a.<
англо-сакський /adj
англофільство /n2n
англофільський /adj
англофіл /n20.a.p.ke.<
англофобство /n2n
англофобський /adj
англо-шотландський /adj
Ангулем /n20.a
Андалузія /n10
андалузький /adj
Андалусія /n10
Андалуські /adj ^noun g=p
андаманський /adj
Андерлехт /n20.a
Андерсон /n20.a :xp2    # місто в США
андижанський /adj
Андижан /n20.a
Анди /np1
андійський /adj
Андріївка /n10    # xv2  нас. пункт і річка
Андрусів /n21.a
Андрушівка /n10
Анкара /n10
Анкона /n10
Анталія /n10
Антананаріву noun:n:nv:np
Антарктика /n10
антарктичний /adj
Антверпен /n20.a :xp1    # місто
Антверпен /n20 :xp2    # провінція
антиавстрійський /adj
антигрузинський /adj
антимадярський /adj
антимосковський /adj
антипольський /adj
анти /np2.<
антіохійський /adj
Антіохія /n10
Антонівка /n10    # xv2
антрацитівський /adj
Аоминь /n20.a :xp1    # місто
Аоминь /n20 :xp2    # район
Аоморі noun:n:nv:np
апачі /np2
Апенніни /np1
апеннінський /adj
Апостолове /n2adj1
Апрелівка /n10    # xv2
апшеронський /adj
Арабатська /adj g=f
арабомовний /adj
арабський /adj
аравацький /adj
Арагві noun:f:nv:np
арагонець /n22.p.a.<
арагонка /n10.p2.ko.<
арагонський /adj
Арагон /n20 :xp2    # область Іспанії
аральський /adj
Аральськ /n20.a
арамейський /adj
арапахо noun:n:nv:np
Арарат /n20.a :xp1    # місто
Арарат /n20 :xp2    # гора
аратський /adj
Арбат /n20
Арбузинка /n10
Аргун /n20.a :xp1    # місто
Аргун /n20 :xp2    # річка
Арденни /np1
арзамасець /n22.p.a.<
арзамаський /adj
Арзамас /n20.a
Аризона /n10
Аркадія /n10 :xp2    # регіон
Арканзас /n20    # xv2
Арктика /n10
арктичний /adj
Арлінгтон /n20.a
Армавір /n20.a    # xv2
Армянськ /n20.a
арнаутка /n10.p2.ko.< :xp1:rare    # людина
арнаутський /adj
арнаут /n20.a.p.ke.<
Аррас /n20.a
Артанія /n10
Артемівка /n10
артемівський /adj
Артемівськ /n20.a
арумунський /adj
Архангельське /n2adj1    # xv2
архангельський /adj
Архангельськ /n20.a
Арциз /n20.a
Асканія /n10
Аскольд /n20.a :xp2    # острів в Японському морі
Асмара /n10
ассамський /adj
ассирієць /n22.p.a.<
ассирійський /adj
Астана /n10
Асті noun:n:nv:np
астраханський /adj
Астрахань /n32
астурійський /adj
Астурія /n10
Асуан /n20.a
Асунсьйон /n20.a
атапаський /adj
Атланта /n10
Атлантида /n10
Атлантика /n10
Атлаські /adj ^noun g=p
Аустерліц /n20.a
Аушвіц /n20.a
афгано-пакистанський /adj
Афіни /np1
афінський /adj
афінянин /n20.a.pyn.ke.<
афінянка /n10.p2.ko.<
Афон /n20.a :xp2    # гора в Греції
африканізація /n10
африканістка /n10.p2.ko.<
африканс /n20
афро-азійський /adj
афроамериканець /n22.p.a.<
афроамериканський /adj
Ахалкалакі noun:n:nv:np
ахеєць /n22.p.a.<
ахейський /adj
Ашгабат /n20.a
Ашхабад /n20.a
Аю-Даг /n20
Аяччо noun:n:nv:np
Бабанка /n10
Баб-ель-Мандебська /adj g=f
Баварія /n10
баварський /adj
багдадський /adj
Багдад /n20.a
Багерове /n2adj1
Багринова /adj g=f
Баден-Баден /n20.a
баденський /adj
Баден /n20.a
Базалія /n10
базельський /adj
Базель /n20.a
Байдарські /adj ^noun g=p
байкальський /adj
Байкал /n20
Байконур /n20
Байонна /n10
бакинець /n22.p.a.<
бакинський /adj
Баккара /n10
Баку noun:n:nv:np
Балабине /n2adj1
Балаклава /n10
балаклавський /adj
балаклійський /adj
Балаклія /n10
Балахівка /n10
Балеарські /adj ^noun g=p
Балкани /np1
балканський /adj
балкарець /n22.p.a.<
балкарка /n10.p2.ko.<
Балта /n10
Балтика /n10
балтиморський /adj
Балтимор /n20.a
балти /np2.<
балтієць /n22.p.a.<
балтійський /adj
Балтійськ /n20.a
балто-слов'янський /adj
балтський /adj
Балхаш /n20.a
Бангалор /n20.a
Бангкок /n20.a
Бандери /np1
Баня-Лука /n10
Баранівка /n10
баранівський /adj
барвінківський /adj
Баренців /adj_ev
Баренцове /adj
Баришівка /n10
баришівський /adj
барнаулець /n22.p.a.<
барнаульський /adj
Барнаул /n20.a
Барселона /n10
барселонський /adj
барський /adj
баскійський /adj
баскський /adj
Басра /n10
Батумі noun:n:nv:np
батумський /adj
батуринський /adj
Батурин /n20.a
Батьово /n2n
Баффало noun:n:nv:np
Баффінів /adj
бахмацький /adj
Бахмач /n20.a
бахчисарайський /adj
Бахчисарай /n20.a
башкирець /n22.p.a.<
Башкирія /n10
башкирський /adj
башкортостан /n20
Баштанка /n10
баштанський /adj
Безансон /n20.a
Безлюдівка /n10
бейрутський /adj
Бейрут /n20.a
белградський /adj
Белград /n20.a
Белз /n20.a
Белфаст /n20.a
Бельфор /n20.a
Бенгазі noun:n:nv:np
бенгалець /n22.p.a.<
Бенгалія /n10
бенгальський /adj
Бендери /np1
бенедиктинець /n22.p.a.<
Бенілюкс /n20
берберський /adj
бербер /n20.a.p.ke.<
Бергамо noun:n:nv:np
бердичівський /adj
бердянський /adj
Бердянськ /n20.a
Берегове /n2adj1
Берегомет /n20.a
Бережани /np1
бережанський /adj
Бережанщина /n10
Березанка /n10
березанський /adj
Березань /n32
Березине /n2adj1
березівський /adj
Березів /n21.a
Березна /adj ^noun g=f
Березнегувате /n2adj1
Березне /n2adj1
березний /adj
березнівський /adj
Березовиця /n10
березовський /adj
берестейський /adj
Берестейщина /n10
берестецький /adj
Берестечко /n2n
Берестя /n2n
Берингів /adj
Берислав /n20.a
Берклі noun:n:nv:np
берлінець /n22.p.a.<
берлінський /adj
Берлін /n20.a
бернський /adj
Берн /n20.a
бершадський /adj
Бершадь /n32
бесарабський /adj
Беслан /n20.a
Бессарабія /n10
бессарабський /adj
бєлгородський /adj
Бєлгород /n20.a
бєлградський /adj
Бєлорєцьк /n20.a
Биківка /n10
биківнянський /adj
Биківня /n10
Билбасівка /n10
Бистриця /n10.ko
Битків /n21.a
Бібрка /n10
Бівертон /n20.a
Бізерта /n10
бізертинський /adj
Бійськ /n20.a
біколи /np2
бікольський /adj
білгород-дністровський /adj
білгородський /adj
білгородсько-харківський /adj
Білгород /n20.a
Білицьке /n2adj1
Біличі /np2
біловезький /adj
біловодський /adj
Біловодськ /n20.a
білогірський /adj
Білогірськ /n20.a
Білогір'я /n2n
Білогорівка /n10
Білогородка /n10
Білозерка /n10
білозерський /adj
Білозерськ /n20.a
Білокоровичі /np2
Білокуракине /n2adj1
білокуракинський /adj
Білолуцьк /n20.a
біломорський /adj
Білопілля /n2n
білопільський /adj
білоріченський /adj
білорусизація /n10
Білорусія /n10
білорусько-російський /adj
Білосток /n20.a
білоцерківський /adj
Більбао noun:n:nv:np
Більшівці /np2
Біляївка /n10
біляївський /adj
Біркенау noun:m:nv:np
Бірки /np2
бірманець /n22.p.a.<
бірманський /adj
Бірма /n10
Бірмінгемський /adj
Бірмінгем /n20.a
біробіджанський /adj
Біробіджан /n20.a
Бірюкове /n2adj1
Бісівка /n10
Біскайська /adj g=f
біхарець /n22.p.a.<
біхарі noun:f:nv
Бішкек /n20.a
Благовєщенськ /n20.a
Благовіщенськ /n20.a
благодатнівський /adj
благодатський /adj
бобринецький /adj
Бобринець /n22.a
бобровицький /adj
Бобровиця /n10
бобруйський /adj
Бобруйськ /n20.a
Богданівка /n10
Богемія /n10
Богодухів /n21.a
Богородчани /np1
богородчанський /adj
Богота /n10
Богуславка /n10
Богуслав /n20.a
Бодайбо noun:n:nv:np
Боденське /adj
Бойківщина /n10
бойко /n20.p.<
Бокове-Платове /n2adj1
болгаризм /n20
болградський /adj
Болград /n20.a
Болехів /n21.a
болонський /adj
Болонья /n10
Болотня /n10
Больцано noun:n:nv:np
бомбейський /adj
Бомбей /n20.a
боннський /adj
Бонн /n20.a
Бордертаун /n20.a
бордоський /adj
Борзна /n10
борзнянський /adj
борзнянщина /n10
Бориня /n10
бориславський /adj
борисовський /adj
бориспілець /n22.p.a.<
бориспільський /adj
Бориспіль /n21.a
Борисфен /n20.a
Бородино /n20
Бородинський /adj
Бородянка /n10
бородянський /adj
бороро noun:f:nv:np
Бортничі /np2
Борщагівка /n10
борщагівський /adj
Борщів /n23.a
Боспорський /adj
бостонський /adj
Бостон /n20.a
босфорський /adj
Босфор /n20
Боулдер /n20.a
Боярка /n10
Брагинівка /n10
Бражине /n2adj1
Браззавіль /n20.a
Бразиліа noun:n:nv:np
Браїлів /n21.a
Брайан /n20.a
Брайтон-Біч noun:m:nv:np
Брайтон /n20.a
Бранденбург /n20.a.zi
бранденбурзький /adj
братиславський /adj
Братськ /n20.a
Брахмапутра /n10
брацлавський /adj
Брацлавщина /n10
Брацлав /n20.a
бременський /adj
Бремен /n20.a
Бреслау noun:n:nv:np
брестський /adj
Брест /n20.a
Бретань /n32
Бретон-Вудс /n20.a
бретонець /n22.p.a.<
бретонський /adj
Брешія /n10
Брижани /np1
Брилівка /n10
бристольський /adj
Бристоль /n20.a
брит /n20.a.p.ke.<
Бріоні noun:m:nv:np
Брісбен /n20.a
Брно noun:n:nv:np
Бровари /np2
броварський /adj
броварчанин /n20.a.pyn.ke.<
броварчанка /n10.p2.ko.<
Бродвей /n20.a
бродівський /adj
Бронкс /n20.a
Брошнів-Осада /n10
бруклінський /adj
Бруклін /n20.a
Брусилів /n21.a
брюссельський /adj
Брюссель /n20.a
Брюховичі /np2
Брянка /n10
брянський /adj
Брянськ /n20.a
бубенський /adj
Бугаївка /n10
Бугульма /n10
Буг /n20
будапештський /adj
Будапешт /n20.a
буджацький /adj
Будо-Рижани /np1
будьонівський /adj
Буенос-Айрес /n20.a
Бужин /n20.a
бузький /adj
Букачівці /np2
Букінгемський /adj
букмол /n20
Буковель /n20.a
Буковина /n10
буковинець /n22.p.a.<
булонський /adj
бундесверівський /adj
Бургас /n20.a
Бургундія /n10
Буринь /n32
Бурлук /n20.a
Бурштинський /adj
Буряківка /n10
Бурятія /n10
бурятський /adj
бурят /n20.a.p.ke.<
буський /adj
Буськ /n20.a
бутирський /adj
Бухара /n10
бухарестський /adj
Бухарест /n20.a
бухарець /n22.p.a.<
бухарський /adj
Бухенвальд /n20.a
бучацький /adj
Бучач /n20.a
Бучмани /np2
Бушер /n20.a
Буштина /n10
Буштино /n2n
вавилонський /adj
вавилонянка /n10.p2.ko.<
Вавилон /n20.a :xp1    # місто
Вавилон /n20 :xp2    # держава
Вагай /n20.a :xp1    # населений пункт
Вагай /n20 :xp2    # річка
вагри /np2.<
Вайомінг /n20
Вайра /n10
валахи /np2.<
Валдайська /adj g=f
Валдай /n20
валенсієць /n22.p.a.<
валенсійка /n10.p2.ko.<
валенсійський /adj
Валенсія /n10.ko
Валка /n10
Валки /np2
валківський /adj
Валлетта /n10
валлонка /n10.p2.ko.<
валлонський /adj
валлон /n20.a.p.ke.<
Валок /n22.a
Валуєв /n20.a
Ванкувер /n20.a :xp1    # місто в Канаді та США
Ванкувер /n20 :xp2    # острів в Тихом океані
ваньямвезі noun:n:nv:np
Ван /n20.a :xp1    # місто в Туреччині
Ван /n20 :xp2    # озеро в Туреччині
Варадеро noun:n:nv:np
Варварівка /n10
Варва /n10
варвинський /adj
Варезе noun:n:nv:np
Варна /n10
варненський /adj
Варшава /n10
варшавський /adj
Василівка /n10
василівський /adj
Василів /n23.a
Васильківка /n10
васильківський /adj
Васильків /n21.a
Васищеве /n2adj1
васуахілі noun:p:nv:ns
Ватерлоо noun:n:nv:np
ватутінський /adj
Вахрушеве /n2adj1
вашингтонець /n22.p.a.<
вашингтонка /n10.p2.ko.<
вашингтонський /adj
Вашингтон /n20.a :xp2    # місто
Вашингтон /n20 :xp3    # штат
Вашківці /np2
Введенка /n10
Ведмідь-гора /n10
Везувій /n20
веймарський /adj
великобагачанський /adj
великоберезнянський /adj
великобурлуцький /adj
великодолинське /adj
Великокам'янка /n10
великолепетиський /adj
великомихайлівський /adj
великоновосілківський /adj
великоолександрівський /adj
великописарівський /adj
Веллінгтон /n20.a
Вендичани /np1
Венето noun:f:nv:np
венеціанець /n22.p.a.<
венеціанка /n10.p2.ko.<
венеціанський /adj
венеційський /adj
Венеція /n10
вепси /np2.<
вепський /adj
Вербівка /n10
Вергулівка /n10
Верден /n20.a
Вермонт /n20.a
Вернон /n20.a
Верона /n10
веронський /adj
версалець /n22.p.a.<
версальський /adj
Версаль /n20.a
Вертеба /n10
Верхівцеве /n2adj1
верхньодвінський /adj
верхньодніпровський /adj
Верхньодніпровськ /n20.a
верхньокамський /adj
верхньолужицький /adj
верхньонімецький /adj
верхньорогачицький /adj
Верхньоторецьке /n2adj1
Верхнячка /n10
Верховина /n10
Верховинка /n10
верхоянський /adj
Вершина /n10    # xv2
веселинівський /adj
Веселинове /n2adj1
веселівський /adj
Веснівка /n10
Веснянка /n10
вестгот /n20.a.p.ke.<
Вест-Індія /n10
вест-індський /adj
вестмінстерський /adj
Вестмінстер /n20.a
вестфальський /adj
вестфал /n20.a.p.ke.<
Ветлуга /n10    # xv2 # місто/річка
Виборг /n20.a.zi
виборзький /adj
Видубицький /adj
Видубичі /np2
Вижва /n10
Вижівка /n10
Вижниця /n10
Вилки /np3
Вилок /n20.a
Винники /np2
Винник /n20.a
виноградівський /adj
Виноградівщина /n10
Вирлиця /n10
Виселок /n22.a
Виска /n10
Високопілля /n2n
високопільський /adj
Вифлеємський /adj
вишгородський /adj
Вишгород /n20.a
Вишеградський /adj
Вишеград /n20.a
Вишкове /n2adj1
вишневецький /adj
вишнівецький /adj
Вишнівець /n22.a
Віана /n10
Віареджо noun:n:nv:np
віденський /adj
Відень /n22.a
візантієць /n22.p.a.<
візантійський /adj
Візантія /n10
Війтівці /np2
Вікторія /n10    # xv3 озеро і водоспад в Африці/річка в Австралії/столиця Сейшельських островів
віленський /adj
Вілен /n20.a :xp2    # річка у Франції
вільногірський /adj
Вільно /n20
вільнюський /adj
Вільнюс /n20.a
вільнянський /adj
Вільнянськ /n20.a
Вільхівка /n10
Вільча /n10
Вільшана /n10
Вільшани /np2
Вільшанка /n10    # xv2
вільшанський /adj
Віндзор /n20.a :xp2    # місто (Англія, Канада)
вінницький /adj
Вінниця /n10
вінничанка /n10.p2.ko.<
Вінничина /n10
Вінниччина /n10
Вінніпег /n20.a.zi :xp1    # місто
Вінніпег /n20.zi :xp2    # озеро
вінчестерський /adj
Віньківці /np2
віньковецький /adj
Віргінія /n10 :xp2    # штат, іст.
Вірджинія /n10
Вісбаден /n20.a
Вісконсин /n20
Вісла /n10
Вісмар /n20.a
Віта /n10 :xp2    # річка в Україні
вітебський /adj
Вітебськ /n20.a
Віфлеєм /n20.a
Віченца /n10
Віші noun:n:nv:np    # місто у Франції, режим
Вкраїна /n10
Владивосток /n20.a.zi
владивостоцький /adj
Владикавказ /n20.a
Власівка /n10
Влтава /n10
Внуково noun:m:nv:np
внуковський /adj
Вовковинці /np2
вовчанський /adj
Вовчанськ /n20.a
Вовчок /n22.a :xp2    # річка, місто
Вовчоярівка /n10
Водла /n10    # місто і річка в Росії
Водолага /n10
Водопій /n21    # xv2
Водянка /n10    # річка
Водянське /n2adj1
вознесенський /adj
Вознесенськ /n20.a
Войкове /n2adj1
войковський /adj
Войнилів /n21.a
Волга /n10 :xp2    # річка
волгоградський /adj
Волгоград /n20.a
волгодонський /adj
Волгодонськ /n20.a
волжанин /n20.a
волзький /adj
волинський /adj
Волинь /n32
волинянин /n20.a.pyn.ke.<
Волліс noun:m:nv:np
Волнат-Крік /n20.zi
волноваський /adj
Волноваха /n10
Воловець /n22.a
Вологда /n10    # xv2
вологодський /adj
володарський /adj
Володарсько-Волинський /adj
володарсько-волинський /adj
Володарськ /n20.a    # xv2
володимирецький /adj
Володимирець /n22.a
Володимирівка /n10
володимирівський /adj
Володимир /n20.a :xp2    # міста
Волос /n20.a    # місто в Греції
волох /n20.a.p.<
волочиський /adj
Волочиськ /n20.a
волошинський /adj
Волошка /n10    # річки
волошка /n10.p2.ko.< :xp1    # мешканка Волощини
Вольфсбург /n20.a
Воля /n10 :xp2    # місцевість
Ворзель /n20.a
Воркута /n10    # xv2
воркутинський /adj
Воронежчина /n10
Воронеж /n20.a
воронезький /adj
Вороніж /n23.a
воронізький /adj
Воронове /n2adj1
Вороновиця /n10
Ворохта /n10
Ворошиловградський /adj
Ворошиловград /n20.a
Ворошиловський /adj
Ворскла /n10
Воскресенськ /n20.a
Восход /n20.a
Врадіївка /n10
врадіївський /adj
вроцлавський /adj
Вроцлав /n20.a
Врубівка /n10
врубівський /adj
Вуглегірськ /n20.a
вюртемберзький /adj
вяземський /adj
Вяземський /adj ^noun g=m :xp2    # місто в Росії
Вязьма /n10
В'ятка /n10    # xv2
в'ятський /adj
Гаага /n10
гаазький /adj
Габала /n10
гаваєць /n22.p.a.<
Гаваї /np2
гавайський /adj
Гавана /n10
гаванець /n22.p.a.<
гаванка /n10.p2.ko.<
гаванський /adj
Гаврі noun:n:nv:np
Гагаузія /n10
гагаузка /n10.p2.ko.<
гагауз /n20.a.p.ke.<
Гагра /n10
гагринський /adj
гадяцький /adj
Гадяч /n20.a
гаельський /adj
Газа /n10
Гайдарабад /n20.a :xp1    # місто
Гайдарабад /n20 :xp2    # князівство
Гайдош /n20.a
Гайд-парк /n20
Гайдук /n20.a :xp2    # місто в Росії
гайсинський /adj
Гайсин /n20.a
галапагоський /adj
Галапагос /n20
Галац /n20.a
Гала /n10    # місто в Хорватії
гала /n10 :np:xp2    # мова
гала /n10.p1.< :xp1    # представник або представниця народності
Галвестон /n20.a
Галещина /n10
Гале noun:m:nv:np
галицький /adj
Галицько-Волинський /adj
галицько-волинський /adj
галичанин /n20.a.pyn.ke.<
Галичина /n10
Галич /n20.a :xp2    # місто
Галілея /n10
галісієць /n22.p.a.<
Галісія /n10
Галіфакс /n20.a :xp2    # місто в Канаді
Галіція /n10
Галле noun:n:nv:np    # xv2
Галлія /n10
Галузія /n10
гал /n20.a.p.ke.<
Гамбург /n20.a.zi :xp1    # місто
Гамбург /n20.zi :xp2    # федеральна земля в Німеччині
гамбуржець /n22.p.a.<
гамбурзький /adj
Гамільтон /n20.a :xp2    # місто
Ганг /n20
ганда /n10
Ганза /n10
Ганнівка /n10
Ганновер /n20.a :xp1    # місто
Ганновер /n20 :xp2    # кол. королівство; регіон у Німеччині
Гаразджа /n10
гарвардський /adj
Гарвард /n20.a :xp2    # місто
Гарвард /n20 :xp3    # університет
Гарлем /n20.a
Гаронна /n10
Гаспра /n10
Гатчина /n10
Гвадалахара /n10    # xv2
гварані noun:f:nv:np
Гвіздець /n22.a
гданський /adj
Гданськ /n20.a
Гебридські /adj
Геленджик /n20.a
Гельсінкі noun:n:nv:np
Гельсінкський /adj
гельсінський /adj
генічеський /adj
Генічеськ /n20.a
генуезець /n22.p.a.<
генуезький /adj
Генуя /n10
Георгіївка /n10
Гера /n10 :xp2    # місто в Німеччині
гереро noun:p:nv:ns
Герцаївський /adj
гессенка /n10.p2.ko.< :xp1    # мешканка Гессену
гессенський /adj
Гетеборг /n20.a
гетеборзький /adj
гети /np2.<
Геттінген /n20.a
гжельський /adj
Гігант /n20.a    # міста xv2
Гімалаї /np2
гімалайський /adj
гінді noun:p:nv:ns
гіндустанець /n22.p.a.<
Гірне /n2adj1
Глазго noun:n:nv:np
глазовський /adj
Глазов /n20.a :xp2    # місто в Росії
Глеваха /n10
глинський /adj
Глинськ /n20.a
Глиняни /np1
Глобине /n2adj1
глобинський /adj
Глостершир /n20
глупанинський /adj
Глупанин /n20.a
глухівський /adj
Глухівці /np2
Глухів /n21.a
Глушець /n22.a    # річка/озеро в Україні
Гнівань /n32
Гніздичів /n23.a
Гобі noun:f:nv:np
Говерла /n10
Говори /np2
Гоголеве /n2adj1
Голанські /adj ^noun g=p
Голан /n20
Голишів /n23.a
голлівудський /adj
Голлівуд /n20.a
Голоби /np1
голованівський /adj
Голованівськ /n20.a
Головецьк /n20.a
голопристанський /adj
голосіївський /adj
Голосків /n21.a
гольмівський /adj
Гольфстрім /n20
гомельський /adj
Гомель /n20.a
гонконгський /adj
Гонолулу noun:n:nv:np
Гончарівське /n2adj1
Горбачево-Михайлівка /n10
Горинь /n32
Горі noun:n:nv:np
Горлівка /n10
горлівський /adj
Горностаївка /n10
горностаївський /adj
Городенка /n10
городенківський /adj
городнянський /adj
Городок /n20.a    # xv2
городоцький /adj
горохівський /adj
Горохів /n21.a
Горький /adj ^noun g=m :xp2    # місто
горьківський /adj
гостомельський /adj
Гостомель /n20.a
Готвальд /n20.a    # кол. назва м. Зміїв
готландський /adj
гощанський /adj
Гоща /n10
Грабовець /n22.a    # xv2
грабовець /n22.p.a.<
Градизьк /n20.a
Гранада /n10
Границя /n10    # xv2
Гребінка /n10 :xp2    # місто
гребінківський /adj
Греблина /n10
греко-латинський /adj
греко-перський /adj
греко-римський /adj
греко-турецький /adj
Гренадини /np1
Гренобль /n20.a
Гресівське /n2adj1
Гримайлів /n21.a
гринвіцький /adj
Гринвіч /n20.a
Гриців /n23.a
Гришківці /np2
Гровер /n20.a
Гродівка /n10
гродненський /adj
Гродно noun:n:nv:np
грозненський /adj
Грозний /adj ^noun g=m
Гронінген /n20.a
грузино-абхазький /adj
грузино-осетинський /adj
грузино-російський /adj
грузинсько-осетинський /adj
грузинсько-російський /adj
Грузько-Зорянське /n2adj1
Грузько-Ломівка /n10
Грушове /n2adj1
Грюнвальдський /adj
Грюнвальд /n20.a
Гуансі noun:n:nv:np
Гуантанамо noun:f:nv:np
гуарані noun:p:nv:ns
Губиниха /n10
Гудаурі noun:m:nv:np
гуджараті noun:f:nv:np
Гуджарат /n20.a :xp1    # місто
Гуджарат /n20 :xp2    # штат
гуджар /n20.a.p.ke.<
Гудзонова /adj g=f
Гудзон /n20.a :xp2    # місто
Гудзон /n20 :xp3    # річка
Гуйва /n10
гуляйпільський /adj
Гуляйполе /n2n
Гумбольдт /n20.a :xp2    # річка
гунський /adj
гун /n20.a.p.ke.<
гурзуфський /adj
Гурзуф /n20.a
гурієць /n22.p.a.<
гурійка /n10.p2.ko.<
гурійський /adj
гурмукхі noun:f:nv:np
Гусельське /n2adj1
гусятинський /adj
Гусятин /n20.a
Гутман /n20.a
Гуттенберг /n20.a
гуцулка /n10.p2.ko.< :xp1
Гуцульщина /n10
Ґале noun:m:nv:np
давньоанглійський /adj
давньобалтійський /adj
давньоверхньонімецький /adj
давньогерманський /adj
давньогрецький /adj
давньоєврейський /adj
давньоєгипетський /adj
давньоірландський /adj
давньоіталійський /adj
давньонорвезький /adj
давньоперський /adj
давньопровансальський /adj
давньоримський /adj
давньоруський /adj
давньосаксонський /adj
давньосирійський /adj
давньоскандинавський /adj
давньоугорський /adj
давньоукраїнський /adj
давньофранцузький /adj
давоський /adj
Давос /n20.a
дагестанка /n10.p2.ko.<
дагестанський /adj
Дагестан /n20
дагомеєць /n22.p.a.<
дагомейка /n10.p2.ko.<
дагомейський /adj
Дадлі noun:n:nv:np
Дакар /n20.a
Дакка /n10
Дакота /n10
Даллас /n20.a
Далмація /n10
Дамаск /n20.a
дамаський /adj
данаєць /n22.p.a.<
Данилівка /n10    # xv2
Данциг /n20.a
даоський /adj
даргинець /n22.p.a.<
даргинка /n10.p2.ko.<
даргинський /adj
Дарданелли /np2.np1
дарданелльський /adj
Дармштадт /n20.a
дарницький /adj
Дарниця /n10
Дарфур /n20
Дар'яльська /adj g=f
Даугава /n10
Дахау noun:m:nv:np
Дашава /n10
Дашів /n23.a
Двіна /n10
дворічанський /adj
Дебальцеве /n2adj1
Дебрецен /n20.a
Девенпорт /n20.a
делаварський /adj
делавар /n20.a
Делавер /n20
делійський /adj
Делі noun:n:nv:np
Делятин /n20.a
Демерджі noun:m:nv:np
Демидівка /n10
демидівський /adj
Деміївський /adj
Демре noun:n:nv:np
Демурине /n2adj1
Денвер /n20.a
деражнянський /adj
Деражня /n10
дергачівський /adj
Дергачі /np2
деревлянин /n20.a.pyn.ke.<
Дерибасівська /adj g=f
Десна /n10
деснянський /adj
деснянсько-старогутський /adj
Дессау noun:n:nv:np
детройтський /adj
Детройт /n20.a
Джакарта /n10
джанкойський /adj
Джанкой /n20.a
Джарилгач /n20.a    # xv2
Джварі noun:m:nv:np
Джезказган /n20.a
Джеймстаун /n20.a
Джейхан /n20.a
Джексон /n20.a :xp2    # місто в США
Джелалабад /n20.a
Джомолунгма /n10
Джорджтаунський /adj
Джорджтаун /n20.a    # xv3
Джурджулешти /np1
дзержинський /adj
Дзержинськ /n20.a    # xv2
диканський /adj
Диканька /n10
Димерка /n10
димерський /adj
Димер /n20.a
Димитрове /n2adj1
Діжон /n20.a
Дмитрівка /n10
Дмитровичі /np2
Дмитров /n20.a
дніпровець /n22.p.a.<
дніпровий /adj
дніпровський /adj
дніпродзержинський /adj
Дніпродзержинськ /n20.a
дніпропетровський /adj
Дніпропетровськ /n20.a
Дніпропетровщина /n10
Дніпрорудне /n2adj1
Дніпро /n20
Дніпряни /np1
дніпрянський /adj
Дністер /n22.a
дністровий /adj
дністровський /adj
Дністровськ /n20.a
дністрянський /adj
Добровеличківка /n10
добровеличківський /adj
Добромиль /n20.a
Добропілля /n2n
добропільський /adj
Добротвір /n21
Добрянка /n10    # xv3
Довбиш /n20.a
Довге /adj ^noun    # xv2
Докучаєвськ /n20.a
долинський /adj
Доманівка /n10
доманівський /adj
Домаха /n10    # xv2
Домодєдово noun:m:nv:np
донбасівець /n22.p.a.<
донбасівський /adj
донбаський /adj
Донбас /n20
донецький /adj
Донецьк /n20.a
Донець /n24.a :xp2    # річка
Донеччина /n10
донський /adj
Донузлав /n20.a
дончак /n20.a.p.<
Дон /n20
Дордонь /n20.a
доричний /adj
дорієць /n22.p.a.<
дорогожицький /adj
Дорогожичі /np2
Дорогуськ /n20.a
дортмундський /adj
Дортмунд /n20.a
драбівський /adj
Драбів /n21.a
дравідійський /adj
Драгобрат /n20
древлянин /n20.a.pyn.ke.<
древлянський /adj
дрезденський /adj
Дрезден /n20.a
Дробишеве /n2adj1
дрогобицький /adj
дрогобичанин /n20.a.pyn.ke.<
дрогобичець /n22.p.a.<
Дрогобич /n20.a
Дроздовичі /np2
Дружба /n10
Дружківка /n10
Дуала noun:n:nv:np
Дубаї noun:n:nv:np
дубайський /adj
дубівський /adj
Дубівський /adj ^noun g=m
дублінський /adj
Дублін /n20.a
Дубляни /np1
Дубна /n10
Дубненський /adj
Дубно /n20
Дубов'язівка /n10
Дубосєково noun:n:nv:np
дубровицький /adj
Дубровиця /n10
Дуванка /n10
Дувр /n20.a
дунаєвецький /adj
Дунаївці /np2
дунайський /adj
Дунай /n20
дунганка /n10.p2.ko.<
дунганський /adj
Дурбан /n20.a
Душанбе noun:n:nv:np
душанбінський /adj
Дюнкерк /n20.a
Дюссельдорф /n20.a
евенк /n20.a.p.<
Еверест /n20.a
Евертон /n20.a
еве noun:m:nv:np
егейський /adj
Единбург /n20.a.zi
единбуржець /n22.p.a.<
единбурзький /adj
Едмонтон /n20.a
екс-львів'янин /n20.a.pyn.ke.<
екс-СРСР noun:m:nv:np
еламський /adj
Еліста /n10
Еллада /n10
Ельба /n10
Ельбрус /n20
ельзасець /n22.p.a.<
ельзаска /n10.p2.ko.<
ельзас-лотаринзький /adj
ельзаський /adj
Ельзас /n20
Ель-Пасо noun:n:nv:np
Ельсінор /n20.a
Енгельсове /n2adj1
Енергодар /n20.a
енецький /adj
енець /n22.p.a.<
еолієць /n22.p.a.<
еолійка /n10.p2.ko.<
еолійський /adj
Ерзерум /n20.a
ерзянка /n10.p2.ko.<
ерзянський /adj
ерзя /n10
Ер-Ріяд /n20.a
Ерфурт /n20.a
ескімоска /n10.p2.ko.<
Ессекс /n20
ест /n20.a.p.ke.<
Есхар /n20.a
Етна /n10
Євлах /n20.a
євпаторієць /n22.p.a.<
євпаторійський /adj
Євпаторія /n10
євроазійський /adj
Євросоюз /n20
Євфрат /n20
Єзупіль /n21.a
Єкатеринбург /n20.a
єлабузький /adj
єланецький /adj
Єланець /n22.a
єлецький /adj
Єлець /n22
Єлизаветградка /n10
Єлисаветград /n20.a
єлісейський /adj
Єлловстоун /n20.a
Ємільчине /n2adj1
ємільчинський /adj
Єнакієве /n2adj1
єнакієвський /adj
єнакіївський /adj
єнісейський /adj
Єнісей /n20
єреванський /adj
Єреван /n20.a
Єрки /np2
єрусалимський /adj
Єрусалим /n20.a
Єсаулівка /n10
Єсентуки /np2
єсентуцький /adj
Жанаозен /n20.a
жашківський /adj
Жашків /n21.a
Жвирка /n10
Жданівка /n10
жданівський /adj
Жденієво /n2n
Желанне /n2adj1
желєзноводський /adj
Женева /n10
женевський /adj
Жешув /n20.a
жигулівський /adj
жидачівський /adj
Жидачів /n23.a
Жиліна /n10
Жилянська /adj g=f
Жирона /n10
житомирець /n22.p.a.<
житомирський /adj
Житомирщина /n10
Житомир /n20.a
Жмеринка /n10
жмеринський /adj
Жовква /n10
жовківський /adj
жовтоводський /adj
Жуковський /adj ^noun g=m
Жульєна /n10
Жуляни /np1
жулянський /adj
Журавне /n2adj1
заальпійський /adj
забайкалець /n22.p.a.<
Забайкалля /n2n
забайкальський /adj
забалканський /adj
Заболотів /n21.a
Заболоття /n2n
забузький /adj
Завалля /n2n
загальнопалестинський /adj
загальнопольський /adj
загальнорумунський /adj
загальносербський /adj
загальнословенський /adj
загальнофранцузький /adj
загальночеченський /adj
загальношвейцарський /adj
загальноштатівський /adj
загальноюгославський /adj
Загірці /np2
Загорськ /n20.a
загребець /n22.p.a.<
загребський /adj
Загреб /n20.a
задеснянський /adj
задніпровський /adj
задніпрянський /adj
задунаєць /n22.p.a.<
Зайцеве /n2adj1
Закавказзя /n2n
закарпатець /n22.p.a.<
закарпатський /adj
Закарпаття /n2n
Закерзоння /n2n
Заксенгаузен /n20.a
Залісне /n2adj1
Заліщики /np2
заліщицький /adj
Зальцбург /n20.zi
зальцбурзький /adj
Замбезі noun:f:nv:np
Замглай /n20.a
Замковецька /adj g=f
замоскворєцький /adj
занде noun:m:nv:anim|noun:f:nv:anim
заньківчанин /n20.a.pyn.ke.<
заньківчанський /adj
запікана /adj ^noun g=f
Заполяр'я /n2n
запоріжанка /n10.p2.ko.<
Запоріжжя /n2n
запоріжці /np2.<
запорізький /adj
запорозький /adj
Зарайськ /n20.a
Зарваниця /n10
зарічненський /adj
заставнівський /adj
західноавстралійський /adj
західноамериканський /adj
західноафриканський /adj
західнобалканський /adj
західнонімецький /adj
західносибірський /adj
західноукраїнський /adj
Зачепилівка /n10
зачепилівський /adj
Зашків /n21.a
Збараж /n20.a
збаразький /adj
збруцький /adj
збручанський /adj
Збруч /n20.a
Звенигородка /n10
звенигородський /adj
Звенигород /n20.a
Згурівка /n10
згурівський /adj
здолбунівський /adj
Здолбунів /n21.a
Зеленівка /n10
Зеленогірське /n2adj1
Зеленоград /n20.a
Зеленодольськ /n20.a
Зеленопілля /n2n
Зимогір'я /n2n
Зідьки /np3
зімбабвійський /adj
Зіньків /n21.a
зміївський /adj
Зміїв /n23.a
Знам'янка /n10
знам'янський /adj
Зноб-Новгородське /n2adj1
Золотоворітський /adj
золотоніський /adj
Золотоноша /n10
золочівський /adj
Золочів /n23.a
Зоринськ /n20.a
Зугдіді noun:n:nv:np
Зугрес /n20.a
Зуївка /n10
зулуський /adj
зулу noun:f:nv:np|noun:m:nv:anim|noun:f:nv:anim
іберієць /n22.p.a.<
іберійсько-кавказький /adj
іваничівський /adj
Іваничі /np2
Іванівка /n10
іванівський /adj
іванківський /adj
Іванків /n21.a
Іваново noun:n:nv:np
Іванопіль /n21.a
іванофранківець /n22.p.a.<
Івано-Франківський /adj
івано-франківський /adj
Івано-Франківськ /n20.a
Івано-Франківщина /n10
Івано-Франкове /n2adj1
івуарієць /n22.p.a.<
ігбо noun:f:nv:np|noun:m:nv:anim|noun:f:nv:anim
ідеологізація /n10
іжевський /adj
Іжевськ /n20.a
Ізар /n20
Ізварине /n2adj1
Ізер /n20
Ізмаїл /n20.a
ізраїльсько-іранський /adj
ізраїльсько-палестинський /adj
ізюмський /adj
ізяславський /adj
Ізяслав /n20.a
іллінецький /adj
Іллінка /n10
Іллінойс /n20
Іллінці /np2
іллірійський /adj
іллічівець /n22.p.a.<
Іллічівка /n10
іллічівський /adj
Іллічівськ /n20.a
Іловайськ /n20.a
Іль-де-Франс /n20
Ільмень /n20
Імеретія /n10
інгулецький /adj
Інгулець /n22.a
Інгул /n20
Інгурі noun:f:nv:np
інгуський /adj
Інгушетія /n10
Індигірка /n10
Індіанаполіс /n20.a
Індіана /n10
Індіан-Веллс noun:n:nv:np
індоєвропеєць /n22.p.a.<
індоєвропейський /adj
індокитайський /adj
Індокитай /n20
індо-пакистанський /adj
індо-сакський /adj
Індостан /n20
інкерманський /adj
Інкерман /n20.a
Інсбрук /n20.a
Інта /n10
інуктитут noun:m:nv:np
Ірдинь /n32
іркутський /adj
Іркутськ /n20.a
ірпінський /adj
Ірпінь /n23.a
Іртиш /n20.a
Іршава /n10
іршавський /adj
Іршанськ /n20.a
Ісламабад /n20.a
Істра /n10
Ісфаган /n20.a
Ісфахан /n20.a
Ітака /n10
ічкерійський /adj
Ічкерія /n10
ічнянський /adj
Ічня /n10
Йоганнесбург /n20.a.zi
Йокогама /n10
Йордан /n20
йоркширський /adj
Йоркшир /n20.a
Йорк /n20.a
йоруба noun:f:nv:np|noun:m:nv:anim|noun:f:nv:anim
Йосеміті noun:m:nv:np
Йосипівка /n10
Йошкар-Ола /n10
кабардинець /n22.p.a.<
кабардинський /adj
кабульський /adj
Кабул /n20.a
Кавказ /n20
Кагарлик /n20.a
кагарлицький /adj
кагульський /adj
Кадіс /n20.a
казанківський /adj
казанський /adj
Казань /n32
Казбек /n20
Казерта /n10
каїрський /adj
Каїр /n20.a
каймановий /adj
Каладжі noun:f:nv:np
Калама /n10
Каланчак /n20.a
каланчацький /adj
Калахарі noun:f:nv:np
Калгарі noun:n:nv:np
калинівський /adj
Калита /n10
Калімантан /n20.a
Калінінградський /adj
Калінінград /n20.a
Калініне /n2adj1
Калінінський /adj
каліфорнійський /adj
Каліфорнія /n10
Калмикія /n10
калмик /n20.a.p.<
калмицький /adj
калмичка /n10.p2.ko.<
Калуга /n10
калузький /adj
Калуський /adj
Калуш /n20.a
Калькутта /n10
Кальміус /n20.a
Кальярі noun:n:nv:np
Кама /n10
камба /n10
Камінь-Каширський /adj ^noun g=m
Кампучія /n10
камський /adj
Камчатка /n10
камчатський /adj
кам'янецький /adj
Кам'янець-Подільський /adj ^noun g=m
кам'янка-бузький /adj
кам'янський /adj
кам'янсько-бузький /adj
кам'янсько-дніпровський /adj
Канаверал noun:m:nv:np
канадійський /adj
канадсько-український /adj
Канари /np1
канарський /adj
Канберра /n10
Кандагар /n20.a
Канев /n20.a
Канзас /n20.a
канівець /n22.p.a.<
канівський /adj
Канкун /n20.a
Канни /np1
каннський /adj
канурі noun:f:nv:np|noun:m:nv:anim|noun:f:nv:anim
Капітанівка /n10
Капрі noun:m:nv:np
карабаський /adj
карабахець /n22.p.a.<
Карабах /n20
Караганда /n10
карагандинський /adj
Кара-Даг /n20
Карадаг /n20
карадазький /adj
караїмський /adj
караїм /n20.a.p.ke.<
Каракас /n20.a
Каракуми /np2
каракумський /adj
Карань /n32
карачаєво-балкарський /adj
карачаївець /n22.p.a.<
Карачі noun:n:nv:np
Кардіфф /n20.a
Карелія /n10
карельський /adj
карел /n20.a.p.ke.<
Кариби /np2
Каринтія /n10
Карлівка /n10
карлівський /adj
Карло-Марксове /n2adj1
Карлсбад /n20.a
Карлсруе noun:n:nv:np
Карнаухівка /n10
Кароліна /n10
каролінський /adj
Каро noun:m:nv:np
карпатець /n22.p.a.<
Карпати /np1
карпатський /adj
Карпилівка /n10
Карре noun:m:nv:np
Карське /adj
Карські /adj
карфагенський /adj
Карфаген /n20.a
Касабланка /n10
каспійський /adj
Каспій /n20
Кастилія /n10
кастильський /adj
каталанський /adj
каталонець /n22.p.a.<
Каталонія /n10
Катандзаро noun:n:nv:np
катаревус /n20
Катеринівка /n10
катеринопільський /adj
Катеринопіль /n21.a
катеринославський /adj
Катеринославщина /n10
Катеринослав /n20.a
катинський /adj
Катинь /n32
Катманду noun:n:nv:np
Катовіце noun:n:nv:np
каунаський /adj
Каунас /n20.a
Кафа /n10
кахетинський /adj
Кахетія /n10
Каховка /n10.ko
каховський /adj
Кацивелі noun:m:nv
кашмірський /adj
кашубський /adj
кашуб /n20.a.p.ke.<
Квасилів /n23.a
квебекець /n22.p.a.<
квебекський /adj
Квебек /n20.zi
Кегичівка /n10
кегичівський /adj
Кейптаун /n20.a
Келеберда /n10
кельменецький /adj
Кельменці /np2
кельнський /adj
Кельн /n20.a
кембриджський /adj
Кембридж /n20.a
Кембридзький /adj
Кемерово noun:n:nv:np
кемеровський /adj
Кемп-Девід /n20.a
Кенігсберг /n20.a
кенігсберзький /adj
Кентербері noun:n:nv:np
Кентуккі noun:m:nv:np
Кент /n20.a
керченець /n22.p.a.<
Керч-Єнікальський /adj
Керч /n32
кечуа noun:p:nv:ns
Києво-Галицький /adj
Києво-Печерський /adj
Києво-Святошинський /adj
Кизил /n20.a
Київ-Пасажирський /adj
київський /adj
Київ-Товарний /adj
Київщина /n10
Київ /n23.a.ke
кипчак /n20.a.p.<
Киргизія /n10
Кириківка /n10
Кирилівка /n10
кирилівський /adj
Кирнасівка /n10
кисловодський /adj
Кисловодськ /n20.a
Китаїв /n23.a
китайсько-тибетський /adj
кишинівець /n22.p.a.<
кишинівський /adj
Кишинів noun:m:v_naz|noun:m:v_zna
ківерцівський /adj
Ківерці /np2
Ківшарівка /n10
кікуйю noun:p:nv:ns
Кілійський /adj
Кіліманджаро noun:f:nv:np
Кілія /n10
кімбунду noun:p:nv:ns
кімерієць /n22.p.a.<
Кінешма /n10
Кіншаса /n10
Кіото noun:n:nv:np
кіотський /adj
Кірове /n2adj1
кіровоградець /n22.p.a.<
кіровоградський /adj
Кіровоградщина /n10
Кіровоград /n20.a
кіровський /adj
Кіровськ /n20.a
Кіров /n20.a
Кіто noun:n:nv:np
кіцманський /adj
Кіцмань /n32
Клавдієво-Тарасове /n2adj1
Клайпеда /n10
Клевань /n32
Клесів /n21.a
Клівленд /n20.a
кловський /adj
Клязьма /n10
Княгинівка /n10
Коба /n10
Кобеляки /np2
кобеляцький /adj
Кобе noun:n:nv:np
Кобилецька /adj ^noun g=f
Кобулеті noun:n:nv:np
ковельський /adj
Ковель /n20.a
Ковно /n2n
Ков'яги /np1
Кодак /n20.a
Кодима /n10
кодимський /adj
Кодорський /adj
Кодра /n10
Кожум'яки /np1
Козари /np2
козелецький /adj
Козельський /adj
Козельськ /n20.a
Козельщина /n10
козельщинський /adj
Козин /n20.a
Козівський /adj
Козова /adj ^noun g=f
козятинський /adj
Козятин /n20.a
Коктебельський /adj
Коктебель /n20.a
Колима /n10
Колки /np2
Коломак /n20
Коломак /n20.a
коломацький /adj
Коломбо noun:n:nv:np
коломенський /adj
коломийський /adj
Коломия /n10
Коломна /n10
Колорадо noun:m:nv:np
Колумбус /n20.a
Колхіда /n10
Кольський /adj
Кольчино /n2n
Команча /n10
Комишани /np1
Комишівка /n10
Комишня /n10
Комишуваха /n10
Комісарівка /n10
Комі noun:f:nv:np
комі noun:m:nv:np:anim|noun:f:nv:np:anim|noun:f:nv:np
Комі noun:n:nv:np
Коморські /adj ^noun g=p
Комо noun:n:nv:np
Компаніївка /n10
компаніївський /adj
Комсомольськ /n20.a
комунарський /adj
Комунарськ /n20.a
Коннектикут /n20
конотопець /n22.p.a.<
конотопський /adj
Конотоп /n20.a
Консепсьйон /n20.a
константинопольський /adj
Константинополь /n20.a
Констанц /n20.a
Контарне /n2adj1
Конча-Заспа /n10
Копайгород /n20.a
Копакабана /n10
копенгагенський /adj
Копенгаген /n20.a
Копичинці /np2
коптський /adj
копт /n20.a.p.ke.<
Кореїз /n20.a
Корениха /n10
корецький /adj
коринфський /adj
Корнин /n20.a
Коровинці /np2
Королівка /n10
коропський /adj
коростенський /adj
Коростень /n20.a
коростишівський /adj
Коростишів /n23.a
Коррез /n20.a
корсиканець /n22.p.a.<
корсиканський /adj
Корсика /n10
Корсунь-Шевченківський /adj
корсунь-шевченківський /adj
Корсунь /n20.a
Кортіна /n10
Корчмин /n20.a
Корюківка /n10
корюківський /adj
косівський /adj
Косів /n21.a
Космач /n20.a
косовар /n20.a.p.ke.<
Косово /n2n
костопільський /adj
Костопіль /n21.a
Кострижівка /n10
Кострома /n10
костромський /adj
Костянтинівка /n10
костянтинівський /adj
котелевський /adj
Котельва /n10
Котлас /n20.a
котовський /adj
Котовськ /n20.a
Кочеток /n22.a
краківець /n22.p.a.<
краківський /adj
Краків /n21.a
Краковець /n22.a
краковський /adj
краматорський /adj
Краматорськ /n20.a
красилівський /adj
Красилів /n21.a
красноармійський /adj
Красноармійськ /n20.a
Красногвардійське /n2adj1
красногвардійський /adj
Красногорівка /n10
красногорський /adj
красноградський /adj
Красноград /n20.a
краснодарський /adj
Краснодар /n20.a
краснодонський /adj
Краснодон /n20.a
Красноїльськ /n20.a
Краснокам'янка /n10
Краснокутський /adj
Краснокутськ /n20.a
Краснолиманський /adj
красноокнянський /adj
Краснопавлівка /n10
красноперекопський /adj
Красноперекопськ /n20.a
Краснопілля /n2n
краснопільський /adj
Красноріченське /n2adj1
Красноторка /n10
красноярський /adj
Красноярськ /n20.a
Красятичі /np2
Кременецько-Почаївський /adj
Кременець /n22.a
кременчужанин /n20.a.pyn.ke.<
Кременчук /n20.a.zi
кременчуцький /adj
кремінський /adj
креолка /n10.p2.ko.<
креольський /adj
креол /n20.a.p.ke.<
Кривбас /n20
кривоозерський /adj
криворіжець /n22.p.a.<
Криворіжжя /n2n
криворізький /adj
крижопільський /adj
Крижопіль /n21.a
кримець /n22.p.a.<
кримський /adj
кримськотатарський /adj
Кримськ /n20.a
кримчанка /n10.p2.ko.<
кримчацький /adj
Крим /n20
криничанський /adj
Кринка /n10
критський /adj
Крит /n20
кріпенський /adj
кролевецький /adj
Кролевець /n22.a
кронштадтський /adj
Кронштадт /n20.a
Кроулі noun:m:nv:np
Круазет noun:f:nv:np
Круглоуніверситетська /adj g=f
Крути /np1
Куала-Лумпур noun:n:nv:np
кубанський /adj
Кубань /n32
кудрявський /adj
Кудрявцівка /n10
кузбасівський /adj
Кузбас /n20
Кузнецовськ /n20.a
Куйбишеве /n2adj1
куйбишевський /adj
Кулеби /np2
Куликівка /n10
куликівський /adj
Куликове /adj
Куликове /n2adj1
Кульчиці /np3
кумицький /adj
Кумо-Маницький /adj
кумо-маницький /adj
Кунашир /n20.a
Кундуз /n20
Кунео noun:n:nv:np
Куп'янськ /n20.a
Курахівка /n10
Курахове /n2adj1
Кура /n10
Курдистан /n20.a
курдський /adj
Курдюмівка /n10
курд /n20.a.p.ke.<
Куренівка /n10
куренівський /adj
Курили /np2
Курилівка /n10
курильський /adj
курляндець /n22.p.a.<
Курпати /np2
курський /adj
Курськ /n20.a
кустанайський /adj
Кустанай /n20.a
Кутаїсі noun:n:nv:np
кутаїський /adj
Кутейникове /n2adj1
кушитський /adj
Кушугум /n20.a
Куяльник /n20.a
кхароштхи noun:p:nv:ns
кхмерський /adj
кхмер /n20.a.p.ke.<
кхоса noun:p:nv:ns
Кюрасао noun:m:nv:np
Кюсю noun:m:nv:np
ладозький /adj
Ла-Корунья /n10
Ла-Манш /n20
Лампедуза /n10
Ланівці /np2
ланкастерський /adj
лановецький /adj
Ланчин /n20.a
Лапландія /n10
лапландський /adj
Лара /n10
Ларине /n2adj1
Ла-Ріоха /n10
Лас-Вегас /n20.a
Лас-Пальмас /n20.a
латгальський /adj
латгал /n20.a.p.ke.<
Латориця /n10
Лебединець /n22.a
Лебедине /n2adj1
лебединський /adj
Левада-центр /n20.a
леверкузенський /adj
Леверкузен /n20.a
Левків /n20.a
лезгинка /n10.p2.ko.<
лезгинський /adj
лезгин /n20.a.p.ke.<
лейденський /adj
Лейден /n20.a
Лейпциг /n20.a.zi
лейпцизький /adj
лелеги /np2.<
лемки /np2.<
Лемківщина /n10
лемко /n20.p.<
Лена /n10
ленінградець /n22.p.a.<
ленінградський /adj
Ленінград /n20.a
Леон /n20.a
Лепетиха /n10
Лесбос /n20
Лета /n10
летичівський /adj
Летичів /n23.a
Либідська /adj g=f
Либідь /n31
Лиманчук /n20.a
Линовиця /n10
Липецьк /n20.a
липовецький /adj
Липовець /n22.a
липоводолинський /adj
Лисець /n22.a
лисичанський /adj
Лисичанськ /n20.a
Лисянка /n10
лисянський /adj
литовсько-руський /adj
Лихва /n10
Лихівка /n10
личаківський /adj
Личаків /n21.a
Лівадія /n10
лівансько-ізраїльський /adj
ліверпулець /n22.p.a.<
ліверпульський /adj
Ліверпуль /n20.a
лівійсько-єгипетський /adj
лівонський /adj
Ліворно noun:n:nv:np
Лідо noun:p:nv:ns
Лідс /n20.a
лієпайський /adj
Лієпая /n10
Ліллегаммер /n20.a
Лілль /n20.a
Ліма /n10
Лімож /n20.a
Лімпопо noun:f:nv:np
лімський /adj
Лімузен /n20
Лінден /n20.a
Лінц /n20.a
ліонський /adj
Ліон /n20.a
лісабонський /adj
Лісабон /n20.a
літинський /adj
Літиня /n10
Літин /n20.a
ліфляндець /n22.p.a.<
Ліфляндія /n10
Логвин /n20.a
лодзинський /adj
Лодзь /n32
Лозанна /n10
лозаннський /adj
Лозер /n20
лозівський /adj
Лозно-Олександрівка /n10
Локарно noun:n:nv:np
локачинський /adj
Локачі /np2
Ломбардія /n10
Ломуватка /n10
лондонець /n22.p.a.<
лондонський /adj
Лондон /n20.a
Лопань /n32
Лос-Аламос /n20.a
Лос-Анджелес /n20.a
Лосинівка /n10
Лось /n20.a
Лотарингія /n10
лотаринзький /adj
Лотикове /n2adj1
лохвицький /adj
Лохвиця /n10
Лох-Несс noun:m:nv:np
Луанда /n10
Луара /n10
Луаре noun:f:nv:np
Луб'янка /n10
луганець /n22.p.a.<
луганський /adj
Луганськ /n20.a
луганчанин /n20.a.pyn.ke.<
луганчанка /n10.p2.ko.<
Луганщина /n10
Лугини /np1
лугинський /adj
Лужани /np1
Лужанка /n10
лужицький /adj
лужичанин /n20.a.pyn.ke.<
Лузанівка /n10
Луїзіана /n10
луїзіанський /adj
Луки /np1
Лук'янівка /n10
лук'янівський /adj
Лутугине /n2adj1
лутугинський /adj
луцький /adj
Луцьк /n20.a
лучанин /n20.a.p.ke.<
лучанка /n10.p2.ko.<
Лхаса /n10
львівський /adj
Львівсько-Волинський /adj
Львівщина /n10
львів'янин /n20.a.pyn.ke.<
Львів /n21.a
Льєж /n20.a
Любарський /adj
Любар /n20.a
Любашівка /n10
любашівський /adj
Любеч /n20.a
любешівський /adj
Любешів /n23.a
Любимівка /n10
Любінь /n23.a
Люблинець /n22.a
люблінський /adj
Люблінщина /n10
Люблін /n20.a
любомльський /adj
Любомль /n20.a
Люстдорфська /adj g=f
Люстдорф /n20.a
Люцерн /n20.a
магаданський /adj
Магадан /n20.a
Магарач /n20.a
Магдалена /n10
Магдалинівка /n10
магдалинівський /adj
Магдебург /n20.a
магдебурзький /adj
магелланів /adj
Магнітогорськ /n20.a
Мадейра /n10
Мадрас /n20.a
мадридець /n22.p.a.<
мадридський /adj
Мадрид /n20.a
мадурський /adj
Мазатлан /n20.a
мазовецький /adj
Мазовія /n10
Майданек /n20.a
Майкоп /n20.a
Майнц /n20.a
Майн /n20
Майорка /n10
майя noun:f:nv:np
майя noun:m:nv:anim|noun:f:nv:anim
макарівський /adj
Макарів /n21.a
макасарський /adj
Макіївка /n10
макіївський /adj
Макошине /n2adj1
малагасійський /adj
малазійський /adj
малаялам noun:f:nv:np
Мале noun:m:nv:np
малинський /adj
Малин /n20.a
Малібу noun:n:nv:np
маловисківський /adj
Малокатеринівка /n10
Маломиколаївка /n10
Малоросія /n10
Малорязанцеве /n2adj1
Малотаранівка /n10
Мальорка /n10
Мамаївці /np2
Мамаїв /adj
Манагуа noun:n:nv:np
Мангеттен /n20.a
Мангуп-Кале noun:n:nv:np
Мангуп /n20.a
Мангуш /n20.a
мандинго noun:m:nv:anim|noun:f:nv:anim|noun:f:nv:np
маневицький /adj
Маневичі /np2
Маніла /n10
манільський /adj
маніпурі noun:p:nv:ns
Манітоба /n10
мансі noun:p:nv:ns
Мантуя /n10
манхеттенський /adj
Манхеттен /n20.a
Манченки /np2
манчестерський /adj
Манчестер /n20.a
Маньківка /n10
маньківський /adj
Маньчжурія /n10
маньчжурський /adj
маньчжур /n20.a.p.ke.<
маорі noun:p:nv:ns
Мапуту noun:n:nv:np
Мараморош noun:f:nv:np
маратхі noun:f:nv:np|noun:m:nv:anim|noun:f:nv:anim
Марбург /n20.a
Маріанський /adj
Марі-Галант /n20
маріїнський /adj
Маріїнськ /n20.a
маріуполець /n22.p.a.<
маріупольський /adj
Маріуполь /n20.a
Мар'ївка /n10
Мар'їнка /n10
мар'їнський /adj
Марківка /n10
Маркізькі /adj ^noun g=p
Мармарис /n20.a
марсельський /adj
Марсель /n20.a
Мар'янівка /n10
Масандра /n10
масандрівський /adj
маскаренський /adj
массачусетський /adj
Массачусетс /n20.a
Матвіївка /n10
Махачкала /n10
Машівка /n10
машівський /adj
Маямі noun:n:nv:np
Меганом /n20
мегрел /n20.a.p.ke.<
Меденичі /np1
Меджибіж /n21.a
Медіна /n10
медсестринський /adj
межівський /adj
Мейн /n20
Мекка /n10
Мекленбург /n20
Меконг /n20.a
мелітопольський /adj
Мелітополь /n20.a
мельбурнський /adj
Мельбурн /n20.a
Мемфіс /n20.a
Мена /n10
менський /adj
Мен /n20
Мерефа /n10
Меріленд /n20
Мерс-ель-Кебір /n20.a
Мерчик /n20.a
месопотамець /n20.a.p.<
Месопотамія /n10
месопотамський /adj
Мессіні noun:n:nv:np|noun:m:nv:np
Метохія /n10
Метьолкіне /n2adj1
Мехіко noun:n:nv:np
миколаївець /n22.p.a.<
Миколаївка /n10
миколаївський /adj
Миколаївщина /n10
Миколаїв /n23.a.ke
Микулинці /np2
Микуличин /n20.a
Миргород /n20.a
Мирівське /n2adj1
Миронівка /n10
миронівський /adj
Миропіль /n21.a
Михайлівка /n10
михайлівський /adj
Мізоч /n20.a
міланець /n22.p.a.<
міланський /adj
Мілан /n20.a
Мілове /n2adj1
міловський /adj
Мілуокі noun:n:nv:np
Мінангкабау noun:n:nv:np
міні-Давос /n20.a
Міннеаполіс /n20.a
Міннесота /n10
мінський /adj
Мінськ /n20.a
Мінусінськ /n20.a
Міссісіпі noun:m:nv:np|noun:f:nv:np
Міссурі noun:m:nv:np|noun:f:nv:np
місхорський /adj
Місхор /n20
місько-сільський /adj
Мітровіца /n10
Мітте noun:m:nv:np
Міусинськ /n20.a
мічиганський /adj
Мічиган /n20
Мічурінськ /n20.a
млинівський /adj
Млинів /n21.a
могилів-подільський /adj
могилівський /adj
Могилів /n23.a
Модена /n10
Можайськ /n20.a
Мозель /n20
мокша /n10
молдаванський /adj
Молдавія /n10
молдавський /adj
Молодогвардійськ /n20.a
Молочанськ /n20.a
монастирищенський /adj
Монастирище /n2n
Монблан /n20
монголознавець /n22.p.a.<
монголоїдний /adj
монголо-татарський /adj
монго noun:n:nv:np
Монмартр /n20.a
Монпарнас /n20
Монпельє noun:n:nv:np
монреальський /adj
Монреаль /n20.a
Монровія /n10
Монтана /n10
Монтевідео noun:n:nv:np
Монте-Карло noun:n:nv:np
Монтенегро noun:n:nv:np
Монтерей /n20.a
Монтрезор /n20
Монтре noun:n:nv:np
моравець /n22.p.a.<
Моравія /n10
моравський /adj
Морбіан /n20.a
Мордовія /n10
мордовський /adj
Моринці /np2
Морія /n10
моршинський /adj
Моршин /n20.a
Москва /n10
Московія /n10
московський /adj
Московщина /n10
Моспине /n2adj1
Мостиська /np1
мостиський /adj
Мотовилівка /n10
Мткварі noun:f:nv:np
Мукачеве /n2adj1
мукачівський /adj
Мукачівщина /n10
Мумбай /n20.a
мунда noun:p:nv:ns
мурманський /adj
Мурманськ /n20.a
мурованокуриловецький /adj
мурома /n10
мурома /n10.p1.ko.<
Муром /n20.a
мурсі noun:p:nv:ns
Мцхета /n10
Мюнстер /n20.a
мюнхенець /n22.p.a.<
мюнхенський /adj
Мюнхен /n20.a
Набережно-Хрещатицька /adj g=f
Наблус /n20.a
Наварра /n10
навахо noun:p:nv:ns
Нагасакі noun:n:nv:np
Нагольно-Тарасівка /n10
Нагольчик /n20.a
Нагуєвичі /np2
надвірнянський /adj
наддніпрянський /adj
Наддніпрянщина /n10
наддністрянський /adj
Надсяння /n2n
Назарет /n20.a
Назарій /n20.a
Назрань /n32
Найробі noun:n:nv:np
Нальчик /n20.a
Наманган /n20.a
Нанкін /n20.a
Нансі noun:n:nv:np
Нант /n20.a
Наполі noun:n:nv:np
Нара /n10
Нарва /n10
наришкінський /adj
Наркевичі /np2
Нарнія /n10
народицький /adj
Народичі /np2
Насау noun:n:nv:np
Наска /n10
науруанець /n22.p.a.<
ндонга noun:p:nv:ns
неаполітанець /n22.p.a.<
неаполітанський /adj
неапольський /adj
Неаполь /n20.a
Небраска /n10
Невада /n10
невари /np2.<
Нева /n10
Невіс /n20
невський /adj
недашківський /adj
недригайлівський /adj
Недригайлів /n21.a
Некрасівка /n10
Неліпівка /n10
немирівський /adj
Немирів /n21.a
Немішаєве /n2adj1
Неполоківці /np2
Нерюнгрі noun:n:nv:np
Нетішин /n20.a
Нижанковичі /np2
нижньогородський /adj
нижньодніпровський /adj
нижньодністровський /adj
нижньолужицький /adj
нижньонімецький /adj
нижньосаксонський /adj
нижньосірогозький /adj
Ніагара /n10
ніагарський /adj
нігеро-конголезький /adj
нідерландомовний /adj
нідерландсько-американський /adj
нідерландсько-канадський /adj
нідерландсько-український /adj
ніжинець /n22.p.a.<
Ніжин /n20.a
нікопольський /adj
Нікополь /n20.a
Нікосія /n10
ніло-сахарський /adj
нільський /adj
Ніл /n20.a
Німан /n20
німецько-австрійський /adj
німецько-нацистський /adj
німецько-польський /adj
німецько-російський /adj
німецько-український /adj
німецько-французький /adj
Нінся-Хуейський /adj
Ніор /n20.a
Ніцца /n10
Нічлава /n10
Нобель /n20.a
новгородець /n22.p.a.<
Новгородка /n10
новгородківський /adj
Новгород-Сіверський /adj
новгород-сіверський /adj
новгородський /adj
Новгород /n20.a
новоазовський /adj
Новоазовськ /n20.a
новоайдарський /adj
Новоайдар /n20.a
Новоамвросіївське /n2adj1
новоархангельський /adj
Новоархангельськ /n20.a
Новобогданівка /n10
новобузький /adj
Нововасилівка /n10
нововодолазький /adj
нововолинський /adj
Нововолинськ /n20.a
Нововоронцовка /n10
нововоронцовський /adj
Новогригорівка /n10
Новогродівка /n10
Новогуйвинське /n2adj1
Новодар'ївка /n10
новодністровський /adj
Новодністровськ /n20.a
Новодонецьке /n2adj1
Новодружеськ /n20.a
Новоекономічне /n2adj1
новокаховський /adj
Новокозачин /n20.a
новокостянтинівський /adj
новокраматорський /adj
новокриворізький /adj
Новокузнецьк /n20.a
Новомиколаївка /n10
новомиколаївський /adj
новомиргородський /adj
Новомиргород /n20.a
новомосковський /adj
Новомосковськ /n20.a
новоодеський /adj
Новоозерне /n2adj1
Новоозерянка /n10
Новоолександрівка /n10
новоолександрівський /adj
Новоолексіївка /n10
новоолексіївський /adj
Новооржицьке /n2adj1
Новопокровка /n10
новопсковський /adj
Новопсков /n20.a
Новоросійськ /n20.a
новосанжарський /adj
Новосвітлівка /n10
новоселицький /adj
Новоселиця /n10
Новоселівка /n10
Новоселівське /n2adj1
новосербський /adj
новосибірський /adj
Новосибірськ /n20.a
Новосілка /n10
Новосілки /np3
Новотошківське /n2adj1
новотроїцький /adj
Новотроїцьк /n20.a
Новоукраїнка /n10
новоукраїнський /adj
новоушицький /adj
Новофедорівка /n10
Новохатьське /adj ^noun
Новочеркаськ /n20.a
новояворівський /adj
Новояворівськ /n20.a
ногаєць /n22.p.a.<
норильський /adj
Норильськ /n20.a
нормандець /n22.p.a.<
Нормандія /n10
нормандський /adj
норманський /adj
норман /n20.a.p.ke.<
нортумберлендський /adj
Носівка /n10
носівський /adj
Ноттінгем /n20.a
нубієць /n22.p.a.<
Нукус /n20.a
нумідійський /adj
Ньєвр /n20
Нью-Гемпшир /n20
Нью-Делі noun:n:nv:np
Нью-Джерсі noun:n:nv:np
Нью-Йоркський /adj
нью-йоркський /adj
Нью-Йорк /n20
Нью-Йорк /n20.a
Ньюкасл /n20.a
Нью-Мексико noun:m:nv:np
Ньюпорт /n20.a
ньюфаундлендський /adj
ньямвезі noun:p:nv:ns
нюношк /n20
Нюрнберг /n20.a.zi
нюрнберзький /adj
ОАЕ noun:p:nv:ns
Обертин /n20.a
Обнінськ /n20.a
оболонський /adj
обухівський /adj
Обухів /n21.a
Об /n32
овідіопольський /adj
Овідіополь /n20.a
овруцький /adj
Овруч /n20.a
Огайо noun:m:nv:np
огамічний /adj
огузи /np2.<
Одер /n20
Одеса /n10.ko
одеський /adj
Одещина /n10
Одра /n10
Ожидів /n21.a
Океанія /n10
Окінава /n10
Оклахома /n10
Окленд /n20.a
Окни /np2
оксфордський /adj
Оксфорд /n20.a
Оксько-Донська /adj g=f
Октябрське /n2adj1
Октябр /n20.a
Олбані noun:n:nv:np
олевський /adj
Олександрівка /n10
олександрівський /adj
Олександрівськ /n20.a
олександрієць /n22.p.a.<
Олександрія /n10
Олексієво-Дружківка /n10
Олексіївка /n10
Оленівка /n10
олеський /adj
Олесько /n2n
Олеша /n10
Олика /n10
Олишівка /n10
Олімпія /n10
Оломоуц /n20.a
Ольгинка /n10
Ольстер /n20
Ольховатка /n10
ольшанський /adj
Ольштин /n20.a
омський /adj
Омськ /n20.a
Онега /n10
онезький /adj
Онтаріо noun:f:nv:np
Онуфріївка /n10
онуфріївський /adj
опішнянський /adj
Опішня /n10
Опук /n20
Оранж /n20
оратівський /adj
Оратів /n21.a
орджонікідзевський /adj
Орджонікідзе noun:n:nv:np
Ореанда /n10
Орегон /n20
Оренбург /n20.a.zi
оренбурзький /adj
оржицький /adj
Оржиця /n10
Оржів /n23.a
Орілька /n10
Оріноко noun:f:nv:np
оріхівський /adj
Оріхів /n21.a
Оріхове /n2adj1
орія /n10
Орландо noun:n:nv:np
орлеанський /adj
Орлеан /n20.a.ke
Орлівка /n10
Орлі noun:m:nv:np
Орловка /n10
орловський /adj
оромо noun:p:nv:ns
Орськ /n20.a
орхонський /adj
Орша /n10
Осака /n10
Освего noun:m:nv:np
Освеґо noun:m:nv:np
Освенцим /n20.a
осетинський /adj
осетин /n20.a.p.ke.<
Осетія /n10.ko
Осло noun:n:nv:np
Оснабрюк /n20.a
Останкіно noun:m:nv:np
останкінський /adj
остгот /n20.a.p.ke.<
Остен /n20
Остер /n22.a
Остін /n20.a
Острава /n10
Острівськ /n20.a
острозький /adj
Отинія /n10
отомі noun:p:nv:ns
Оттава /n10
О'Хара noun:m:nv:np
Охотське /adj
Охотськ /n20.a
Охтирка /n10
охтирський /adj
очаківський /adj
Очаків /n21.a
Очеретине /n2adj1
Павія /n10
Павлиш /n20.a
Павлівка /n10
Павловськ /n20.a
павлоградець /n22.p.a.<
павлоградський /adj
Павлоград /n20.a
Павлодар /n20.a
Па-де-Кале noun:f:nv:np
Падуя /n10
Паланга /n10
Палермо noun:n:nv:np
палестинка /n10
палестино-ізраїльський /adj
палестинсько-ізраїльський /adj
Палм-Біч noun:n:nv:np
Памір /n20
пампангани /np2.<
пампанганський /adj
Памплона /n10
пангасинани /np2.<
пангасинанський /adj
панджабі noun:f:nv:np
панджабський /adj
Пантаївка /n10
Пантелеймонівка /n10
Паньківська /adj g=f
Паньо noun:m:nv:np
Панютине /n2adj1
Папуа noun:f:nv:np
Парафіївка /n10
Париж /n20.a
паризький /adj
Парма /n10
партенітський /adj
Партеніт /n20.a
Патагонія /n10
патагонський /adj
Паттайя /n10
пеанів /adj_ev
пекінський /adj
Пекін /n20.a
Пелагіївка /n10
пеласги /np2.<
Пенза /n10
Пенсакола /n10
Пенсильванія /n10
первомайський /adj
Первомайськ /n20.a
перевальський /adj
Перевальськ /n20.a
Перегінське /n2adj1
Перегінськ /n20.a
Передєлкіно noun:n:nv:np
перекопський /adj
перемиський /adj
перемишльський /adj
Перемишль /n20.a
перемишлянин /n20.a.pyn.ke.<
перемишлянський /adj
пересопницький /adj
Пересопниця /n10
перечинський /adj
Перечин /n20.a
Перещепине /n2adj1
Переяслав /n20.a
Пер'є noun:m:nv:np
Періге noun:n:nv:np
Перл-Харбор /n20
пермський /adj
Перм /n32
персіянка /n10.p2.ko.<
Персія /n10
перс /n20.a
перс /n20.a.p.ke.<
Перуджа /n10
Першотравенськ /n20.a
Петербург /n20.a.zi
петербуржець /n22.p.a.<
петербурзький /adj
Петриківка /n10
Петрицький /adj ^noun g=m
Петрівка /n10
петрівський /adj
Петрівці /np2
петровський /adj
Петроград /n20.a
Петрозаводськ /n20.a
Петропавлівка /n10
петропавлівський /adj
петропавловський /adj
Петропавловськ /n20.a
Печеніжин /n20.a
печенізький /adj
Печерський /adj
печерський /adj
Печерськ /n20.a
Печора /n10
печорський /adj
Пешт /n20.a
П'ємонт /n20
Пирогів /n21.a
пирятинський /adj
Пирятин /n20.a
Писарівка /n10
південноалтайський /adj
південноамериканський /adj
південноафриканець /n22.p.a.<
Південно-Африканська /adj g=f
південноафриканський /adj
південнобузький /adj
південноєвропейський /adj
південнокореєць /n22.p.a.<
південнокримський /adj
південноосетинський /adj
південноподільський /adj
південноросійський /adj
південносибірський /adj
південноукраїнський /adj
Південноукраїнськ /n20.a
північноамериканський /adj
північноафриканський /adj
північноєвропейський /adj
північнокореєць /n22.p.a.<
північнокорейський /adj
північноморський /adj
північноосетинський /adj
північноросійський /adj
північноукраїнський /adj
Підбуж /n20.a
підволочиський /adj
Підволочиськ /n20.a
підгаєцький /adj
Підгайці /np2
Підгірці /np2
підгорецький /adj
Підгородна /adj ^noun g=f
Підгородне /n2adj1
Підкамінь /n23.a
Підкарпаття /n2n
Підляшшя /n2n
підмосковний /adj
Підмосков'я /n2n
пізанський /adj
Піза /n10
Пікаділлі noun:f:nv:np
Пікардія /n10
Пінськ /n20.a
піренеєць /n22.p.a.<
Піренеї /np2
піренейський /adj
Пісківка /n10
Пісочин /n20.a
пітерець /n22.p.a.<
пітерський /adj
Пітер /n20.a :coll
Пітсбург /n20.a.zi
Піцунда /n10
піщанський /adj
Плімут /n20.a
Пловдив /n20.a
Плоцьк /n20.a
Пномпень /n20.a
Побєда /n10
Побужжя /n2n
Побузьке /n2adj1
Поволжя /n2n
поволзький /adj
погребищенський /adj
подільський /adj
Подніпров'я /n2n
Подністров'я /n2n
Подольськ /n20.a
подоляк /n20.a.p.<
подолянин /n20.a.pyn.ke.<
по-донецьки adv
по-еллінськи adv
по-європейському adv
познанський /adj
Познань /n32
Позняки /np2
по-китайськи adv
Покотилівка /n10
Покровка /n10
покровський /adj
Поліський /adj
поліщук /n20.a.p.<
пологівський /adj
Полонне /n2adj1
полонський /adj
полоцький /adj
Полоцьк /n20.a
Полтава /n10
полтавець /n22.p.a.<
Полтавка /n10
полтавка /n10.p2.ko.<
полтавський /adj
полтавчанин /n20.a.pyn.ke.<    #> полтавець
полтавчанка /n10.p2.ko.<    #> полтавка
Полтавщина /n10
Полтва /n10
польсько-литовський /adj
польсько-німецький /adj
польсько-радянський /adj
польсько-російський /adj
польсько-словацький /adj
польсько-татарський /adj
польсько-турецький /adj
польсько-український /adj
польсько-шведський /adj
польсько-шляхетський /adj
помаки /np2.<
Померанія /n10
Поморяни /np1
Помпеї /np2
Понизівка /n10
Понінка /n10
Понорниця /n10
Попасна /adj ^noun g=f
попаснянський /adj
попільнянський /adj
Попільня /n10
Попрад /n20.a
Порицьк /n20.a
Порт-Артур /n20.a
Порт-Саїд /n20.a
Порт-Стенлі noun:n:nv:np
Порт-Судан /n20.a
португаломовний /adj
потсдамський /adj
Потсдам /n20.a
почаївський /adj
Почаїв /n23.a
Прага /n10
пражанин /n20.a.pyn.ke.<
празький /adj
пракритський /adj
пракрит /n20
преторіанський /adj
Преторія /n10
приазовський /adj
Приазов'я /n2n
Прибалтика /n10
прибалтійський /adj
прибалт /n20.a.p.ke.<
привокзальнівський /adj    # від «селище Привокзальне»
приволзький /adj
придніпровський /adj
Придніпров'я /n2n
придністровець /n22.p.a.<
придністровський /adj
Придністров'я /n2n
придністрянець /n22.p.a.<
придністрянський /adj
Придунав'я /n2n
придунайський /adj
прикарпатець /n22.p.a.<
прикарпатський /adj
Прикарпаття /n2n
прикаспійський /adj
Приколотне /n2adj1
Прилуки /np1
прилуцький /adj
Приморськ /n20.a
Принстонський /adj
Прип'ять /n32
Притисько-Микільська /adj g=f
Приуралля /n2n
причорноморський /adj
Причорномор'я /n2n
Пришиб /n20.a
Приштина /n10
Приютівка /n10
провансалець /n22.p.a.<
Прованс /n20
Протасів /adj
Прохорівка /n10
Проців /n23.a
Прудянка /n10
Пруссія /n10
пряшівський /adj
Пряшівщина /n10
псковський /adj
Псков /n20.a
Пуатьє noun:n:nv:np
пунічний /adj
Пусан /n20.a
пустомитівський /adj
путивльський /adj
Путивль /n20.a
Путила /n10
путильський /adj
Пушкіно noun:n:nv:np
пуштунський /adj
пуштун /n20.a.p.ke.<
пушту noun:f:nv:np
Пущино noun:n:nv:np
Пхеньян /n20.a
П'ятигорськ /n20.a
П'ятихатки /np3
п'ятихатський /adj
п'ятницький /adj
П'яченца /n10
рава-руський /adj
Равенна /n10
Раві noun:f:nv:np
радехівський /adj
Радехів /n21.a
раджастані noun:f:nv:np
раджастанський /adj
раджастхані noun:f:nv:np
радивилівський /adj
Радивилів /n21.a
радомишльський /adj
Радомишль /n20.a
Радуль /n32
Радушне /n2adj1
радянсько-польський /adj
радянсько-японський /adj
Райгородок /n22.a
Рамалла /n10
Рапалло noun:n:nv:np
рапануєць /n22.p.a.<
ратнівський /adj
Рафалівка /n10
рахівський /adj
Рахівщина /n10
Рахів /n21.a
Рахманівка /n10
Рачин /n20.a :xp1    # місто
Редвуд-Сіті noun:n:nv:np
Редінг /n20.a
Редмонд /n20.a
Рейк'явік /n20.a
Реймс /n20.a
рейнський /adj
Рейн /n20
рейхкомісаріат /n20.a
ренійський /adj
Ренн /n20.a
Решетилівка /n10
решетилівський /adj
ржищівський /adj
Ржищів /n23.a
Рибінськ /n20.a
Рив'єра /n10
Рига /n10
ризький /adj
Рильськ /n20.a
римський /adj
римсько-католицький /adj
Рим /n20
Рим /n20.a
Ричмонд /n20.a
рівенський /adj
Рівенщина /n10
рівненець /n22.p.a.<
рівненський /adj
рівненчанин /n20.a.pyn.ke.<
Рівненщина /n10
Рівне /n2adj1
рівнянин /n20.a.pyn.ke.<
Ріволі noun:m:nv:np
Рієка /n10
Ріміні noun:n:nv:np
Ріно noun:n:nv:np
Ріо-Гранде noun:f:nv:np
Ріо-де-Жанейро noun:n:nv:np
Ріо-Негро noun:f:nv:np
Ріоні noun:f:nv:np
ріпкинський /adj
Річмонд /n20.a
Рішельєвська /adj g=f
Ровеньки /np3
Рогань /n32
рогатинський /adj
Рогатин /n20.a
Рогачик /n20.a
Рогачов /n20.a
Рогнідинська /adj g=f
Родакове /n2adj1
Родезія /n10.ko
Родинське /n2adj1
родоський /adj
Родос /n20
рожищенський /adj
Рожище /n2n
рожнятівський /adj
Рожнятів /n21.a
роздільнянський /adj
Роздоли /np2
роздольненський /adj
Роздол /n20.a
Роздори /np2
Розівка /n10
розівський /adj
Рокині /np2
Рокитне /n2adj1
рокитнівський /adj
рокитнянський /adj
Романівка /n10
романівський /adj
романський /adj
ромашкинський /adj
Рома /n10
роменський /adj
Ромодан /n20.a
ромський /adj
Рона /n10
Росава /n10
російсько-американський /adj
російсько-білоруський /adj
російсько-британський /adj
російсько-грузинський /adj
російсько-китайський /adj
російсько-німецький /adj
російсько-український /adj
російсько-французький /adj
російсько-шведський /adj
російсько-японський /adj
Ростань /n32
ростовець /n22.p.a.<
ростовський /adj
Ростов /n20.a
Рось /n32
роттердамський /adj
Роттердам /n20.a
Рошаль /n20.a
Роше noun:m:nv:np
Руан /n20.a
Рудки /np2
Рудниця /n10
ружинський /adj
Ружин /n20.a
румеї /np2.<
румейський /adj
рунді noun:p:nv:ns
Русанівка /n10
русанівський /adj
русинка /n10.p2.ko.<
Руставі noun:n:nv:np
Русь /n32
рутенець /n22.p.a.<
рязанський /adj
Рязань /n32
Рясне-Руське /adj ^noun
саамський /adj
саам /n20.a.p.ke.<
Саарбрюккен /n20.a
сабінянка /n10.p2.ko.<
Савинці /np2
савойський /adj
Савона /n10
савранський /adj
Саврань /n32
Савчин /n20.a
Садово-Хрустальненський /adj ^noun g=m
Сайгон /n20.a
сайд-проект /n20.p
Саки /np1
саки /np2.<
Сакраменто noun:n:nv:np
Саксонія /n10.ko
сакський /adj
сакс /n20.a.p.ke.<
Салерно noun:n:nv:np
Салехард /n20.a
Саліма /n10
Салоніки /np1
Салтів /n21.a
Салькове /n2adj1
Самара /n10
самаритянин /n20.a.pyn.ke.<
самаритянський /adj
Самарканд /n20.a
самарський /adj
самарянин /n20.a.pyn.ke.<
самбірець /n22.p.a.<
самбірський /adj
самбірщина /n10
Самбір /n21.a.ke
самоїд /n20.a.p.ke.<
Сан-Августин /n20
Сан-Антоніо noun:n:nv:np
Сан-Бернардо noun:n:nv:np
Сан-Вінсенте noun:m:nv:np
Сан-Вінченцо noun:m:nv:np
Сандармох /n20.zi
Сан-Дені noun:n:nv:np
Сан-Джованні noun:m:nv:np
Сан-Джорджіо noun:f:nv:np
Сан-Дієго noun:n:nv:np
Сан-Домінго noun:n:nv:np
Санжари /np2
Сан-Жозе noun:n:nv:np
Сан-Жоржі noun:m:nv:np
Сан-Карлос noun:n:nv:np
Сан-Катрін /n20.a
Сан-Квентін /n20.a
Санкт-Моріц /n20.a
Санкт-Петербург /n20.a.zi
санкт-петербуржець /n22.p.a.<
санкт-петербурзький /adj
Сан-Леандро noun:n:nv:np
Сан-Лоренцо noun:n:nv:np
Сан-Луїс /n20.a
Сан-Луї noun:n:nv:np
Сан-Маркос /n20.a
Сан-Марко noun:m:nv:np
Сан-Матео noun:n:nv:np
Сан-Мігель /n20.a
Сан-Мікеле noun:m:nv:np
Сан-Пабло noun:m:nv:np
Сан-Паулу noun:n:nv:np
Сан-Педро noun:n:nv:np
Сан-Сальвадор /n20.a
Сан-Самуель /n20
Сан-Себастьян /n20.a
Санта-Барбара /n10
Санта-Клара /n10
Санта-Крістіна /n10
Санта-Крус /n20.a
Санта-Марія /n10
Санта-Моніка /n10
Санта-Пола /n10
Санта-Фе noun:n:nv:np
Санто-Домінго noun:n:nv:np
Сантьяго noun:n:nv:np
Сан-Фернандо noun:n:nv:np
Сан-Філі noun:m:nv:np
Сан-Франсіску noun:f:nv:np
Сан-Франсіску noun:n:nv:np
Сан-Франциско noun:n:nv:np
Сан-Франческо noun:f:nv:np
Сан-Хав'єр /n20
Сан-Хорхе noun:m:nv:np
Сан-Хосе noun:n:nv:np
Сан-Хуан /n20.a
сапотецький /adj
Саппоро noun:n:nv:np
Сарагоса /n10
Сараєво /n2n
Саранськ /n20.a
сарапульський /adj
Сарата /n10
саратовський /adj
Саратов /n20.a
саратський /adj
саргасовий /adj
сардинець /n22.p.a.<
Сардинія /n10
сардинський /adj
Сарич /n20
Сарматія /n10
сармат /n20.a.p.ke.<
сарненський /adj
Сартана /n10
сасаки /np2.<
Саскачеван /n20
Сатанівська /adj g=f
Сатанів /n21.a
саудівець /n22.p.a.<
сахалінський /adj
Сахалінськ /n20.a
Сахалін /n20
Сахновщина /n10
сахновщинський /adj
свазі noun:p:nv:ns
Свалява /n10
свалявський /adj
сватівський /adj
Сватове /n2adj1
свердловський /adj
Свердловськ /n20.a
Свеса /n10
світловодський /adj
Світловодськ /n20.a
Світлодарськ /n20.a
Світязь /n20.a
Святогірськ /n20.a
Святогорівка /n10
святотроїцький /adj
святошинський /adj
Святошин /n20.a
Сдерот /n20.a
Севан /n20.a
севастополець /n22.p.a.<
севастопольський /adj
Севастополь /n20.a
севільський /adj
Севілья /n10
севрський /adj
Сегед /n20.a
Сеговія /n10
Седнів /n23.a
Селезнівка /n10
Селенга /n10
Селидове /n2adj1
сельджук /n20.a.p.<
селькупський /adj
Семенівка /n10
семенівський /adj
Семипалатинськ /n20.a
Сенакі noun:n:nv:np
Сена /n10
Сен-Готард /n20.a
Сен-Дені noun:m:nv:np
Сен-Джуд noun:n:nv:np
Сен-Домінік noun:f:nv:np
Сен-Жермен /n20.a
Сенкевичівка /n10
Сен-Леже noun:m:nv:np
Сен-Луїс /n20.a
Сен-Луї noun:m:nv:np
Сен-Мартен /n20
Сен-Рафаель /n20
Сент-Джеймс /n20.a
Сент-Ендрюс /n20.a
Сент-Етьєн /n20.a
Сент-Луїс /n20.a
Сент-Патрік /n20.a
Сент-Пол /n20.a
Сен-Тропе noun:m:nv:np
Сент-Чарльз /n20.a
сенуфо noun:p:nv:ns
Сен-Франсуа noun:m:nv:np
сербсько-український /adj
сербсько-хорватський /adj
Сергіївка /n10
Середземний /adj
Середземномор'я /n2n
Середино-Будський /adj
середино-будський /adj
середньоазійський /adj
середньоанглійський /adj
середньоверхньонімецький /adj
середньогрецький /adj
середньоірландський /adj
середньонідерландський /adj
середньоросійський /adj
середньосибірський /adj
середньофранцузький /adj
серер /n20.a
Серет /n20.a
Серпухов /n20.a
сеульський /adj
Сеул /n20.a
Сєверне /n2adj1
Сєверний /adj ^noun g=m
Сєверо-Гундорівський /adj
сєверодонецький /adj
Сєверодонецьк /n20.a
Сєвєродвінськ /n20.a
Сєвєродонецьк /n20.a
Сєвєроморськ /n20.a
Сєдове /n2adj1
сибірський /adj
Сибір /n20
сиваський /adj
Сиваш /n20.a
Сизрань /n32
Сиктивкар /n20.a
Силезія /n10.ko
Симеїз /n20.a
Синайський /adj
сингаївський /adj
сингалезький /adj
сингалез /n20.a
сингалець /n22.p.a.<
сингальський /adj
синдхський /adj
синдх /n20.a.p.ke.<
Синевирська /adj g=f
Синевир /n20.a
синельниківський /adj
Синьовидне /n2adj1
Сиракузи /np1
Сирдар'я /n10
сирецький /adj
Сирецько-Печерський /adj
Сиротине /n2adj1
Ситківці /np2
сихівський /adj
Сихів /n21.a
сицилієць /n22.p.a.<
сицилійка /n10.p2.ko.<
сицилійський /adj
Сицилія /n10
сичуанський /adj
Сичуань noun:f:nv:np
сіамець /n22.p.a.<
сіамка /n10.p2.ko.<
Сіверський /adj
Сіверськ /n20.a
Сіверщина /n10
сіверянин /n20.a.pyn.ke.<
сідамо noun:p:nv:ns
сіднейський /adj
Сідней /n20.a
Сіетл /n20.a
сілезець /n22.p.a.<
Сілезія /n10
Сімеїз /n20.a
Сімейкине /n2adj1
сімферополець /n22.p.a.<
сімферопольський /adj
Сімферополь /n20.a
Сінайський /adj
сінгапурець /n22.p.a.<
сінгапурський /adj
Сінгапур /n20
сіньцзян-уйгурський /adj
Сіракузи /np1
Сірогози /np2
сіу noun:p:nv:ns
Січ /n32
скадовський /adj
Скадовськ /n20.a
Скалат /n20.a
Скандинавія /n10
скандинавський /adj
Скварява /n10
Сквира /n10
сквирський /adj
Скіфія /n10
скіфо-сарматський /adj
скнилівець /n22.p.a.<
скнилівський /adj
Скнилів /n21.a
Сколе noun:n:nv:np
сколівський /adj
Скоп'є noun:n:nv:np
Славгород /n20.a
Славія /n10
славський /adj
Славськ /n20.a
Славута /n10
славутицький /adj
Славутич /n20.a
славутський /adj
Слатине /n2adj1
слобожанин /n20.a.pyn.ke.<
слобожанський /adj
Слобожанщина /n10
словен /n20.a.p.ke.<
слов'яносербський /adj
Слов'яносербськ /n20.a
Слов'янськ /n20.a
Случ /n32
Смига /n10
Сміла /n10
смілянський /adj
смоленський /adj
Смоленськ /n20.a
Смоленщина /n10
Смоліне /n2adj1
Смотрич /n20.a
СНД noun:m:nv:np:abbr
Снігурівка /n10
снігурівський /adj
снятинський /adj
Снятин /n20.a
согдійський /adj
сокальський /adj
Сокальщина /n10
Сокаль /n20.a
Сокиряни /np1
сокирянський /adj
Соледар /n20.a
соловецький /adj
Соловки /np2
Солом'янка /n10
солом'янський /adj
Солоницівка /n10
солонянський /adj
Солотвино /n2n
Солотвин /n20.a
Солт-Лейк-Сіті noun:n:nv:np
Сомервіль /n20.a
сонгаї /np2.<
сонінке noun:p:nv:ns
Сопот /n20.a
Сорбонна /n10
Сорочинський /adj
Сорренто noun:m:nv:np
сосницький /adj
Сосниця /n10
Соснівка /n10
соснівський /adj
Софіївка /n10
софіївський /adj
софійський /adj
Софія /n10.ko.<
Сохо noun:m:nv:np
сочинський /adj
Сочі noun:n:nv:np
Спарта /n10
Спаська /adj g=f
сполетський /adj
Спрингфілд /n20.a
Срібнокільська /adj g=f
срібнянський /adj
СРСР noun:m:nv:np:abbr
ставищенський /adj
Ставропілля /n2n
ставропольський /adj
Ставрополь /n20.a
сталінградський /adj
Сталінград /n20.a
стамбульський /adj
Стамбул /n20.a
Станично-Луганський /adj
станіславський /adj
Станіславщина /n10
староанглійський /adj
Старобешеве /n2adj1
старобешівський /adj
старобільський /adj
Старобільськ /n20.a
староболгарський /adj
старовижівський /adj
Стародуб /n20.a
старокиївський /adj
старокостянтинівський /adj
Старомихайлівка /n10
староміський /adj
старосаксонський /adj
старосамбірський /adj
старосинявський /adj
старосирійський /adj
староскандинавський /adj
Старуня /n10
Стаффорд /n20.a
Стеблів /n23.a
Стебник /n20.a
Стелла /n10
Стемфорд /n20.a
стенфордський /adj
Стенфорд /n20.a
Степанакерт /n20.a
Степанівка /n10
Степань /n32
Степногірськ /n20.a
Стіжківське /n2adj1
стокгольмський /adj
Стокгольм /n20.a
Стоктон /n20.a
сторожинецький /adj
Сторожинець /n22.a
Стоунхендж /n20
Стоянов /n20.a
Страсбург /n20.a.zi
страсбурзький /adj
Стрижавка /n10
стрийський /adj
Стрийщина /n10
Стрий /n20
Стрипа /n10
стриянин /n20.a.pyn.ke.<
стриянка /n10.p2.ko.<
Стрілища /np1
Стрітенський /adj
Стрітівка /n10
стрітівський /adj
Стугна /n10
суахілійський /adj
суахілі noun:p:nv:ns|noun:f:nv:np
субальпійський /adj
суботівський /adj
Суботів /n21.a
Суворове /n2adj1
Судак /n20.a
судацький /adj
Судети /np1
судетський /adj
Суджа /n10
суецький /adj
Суец /n20.a
суздальський /adj
Суздаль /n20.a
Сулавесі noun:m:nv:np
Суматра /n10
сумський /adj
сумчанин /n20.a.pyn.ke.<    #> сум'янин
сумчанка /n10.p2.ko.<    #> сум'янка
Сумщина /n10
сум'янин /n20.a.pyn.ke.<
сум'янка /n10.p2.ko.<
Сунгарі noun:f:nv:np
сунданський /adj
сургутський /adj
Сургут /n20.a
сусу noun:p:nv:ns
Сутиски /np2
Суходільськ /n20.a
Суходольськ /n20.a
Сухолуччя /n2n
Сухумі noun:n:nv:np
сухумський /adj
Східниця /n10
східноафриканський /adj
східноєвропеєць /n22.p.a.<
східнокитайський /adj
східнонімецький /adj
східносередземноморський /adj
східноукраїнський /adj
Сянган /n20.a :xp1    # місто в Китаї
Сянган /n20 :xp2    # район в Китаї
Сян /n20
Таврійськ /n20.a
Таврія /n10
тагальський /adj
Таганрог /n20.a.zi
таганрозький /adj
Тагіл /n20
таджицько-афганський /adj
Таїрове /n2adj1
Таїті noun:m:nv:np
таїтянський /adj
Тайбей /n20.a
таймирський /adj
Таймир /n20
Такео noun:n:nv:np
Талаківка /n10
Талалаївка /n10
талалаївський /adj
талліннський /adj
Таллінн /n20.a
Талове /n2adj1
Тальне /n2adj1
тальнівський /adj
таманський /adj
Тамань /n32
тамашек /n20.a
тамбовський /adj
Тамбовщина /n10
Тамбов /n20.a
тамільський /adj
таміл /n20.a.p.ke.<
Тампа /n10
Тампере noun:n:nv:np
Тампіко noun:n:nv:np
Танганьїка /n10
Танжер /n20.a
Танненберг /n20.a
Тарасівка /n10
таращанський /adj
Тараща /n10
Тарнавці /np2
Таромське /n2adj1
Тартус /n20.a
Тарутине /n2adj1
тарутинський /adj
тарханкутський /adj
Тарханкут /n20
тасманійський /adj
Тасманія /n10
Татарбунари /np2
татарбунарський /adj
татарка /n10.p2.ko.<
татаро-монгольський /adj
татарстанський /adj
Татарстан /n20
татарський /adj
Татри /np1
Тахо noun:n:nv:np
Тацине /n2adj1
ташкентський /adj
Ташкент /n20.a
Ташлик /n20.a
ташлицький /adj
тбілісець /n22.p.a.<
Тбілісі noun:n:nv:np
тбіліський /adj
тверський /adj
Твер /n32
тві noun:p:nv:ns
тегеранський /adj
Тегеран /n20.a
Телаві noun:n:nv:np
телугу noun:f:nv:np
Тель-Авів /n20.a
тельманівський /adj
Тельманове /n2adj1
Темза /n10
Теміртау noun:n:nv:np
Тенеріфе noun:m:nv:np
Теннессі noun:m:nv:np
теофіпольський /adj
Теофіполь /n20.a
Теплик /n20.a
Теплогірськ /n20.a
Теплодар /n20.a
Теребля /n10
теребовлянський /adj
Теребовля /n10
Тереса /n10
Тересва /n10
Терещенківська /adj g=f
тернопілець /n22.p.a.<
Тернопілля /n2n
тернопільський /adj
тернопільчанин /n20.a.pyn.ke.<    #> тернополянин
тернопільчанка /n10.p2.ko.<    #> тернополянка
Тернопільщина /n10
Тернопіль /n21.a
тернополянин /n20.a.pyn.ke.<
тернополянка /n10.p2.ko.<
Тернувате /n2adj1
тетерівський /adj
тетіївський /adj
Тетіїв /n20.a
Тетіс /n20
техасець /n22.p.a.<
техаський /adj
Техас /n20
тибетець /n22.p.a.<
тибетський /adj
Тибет /n20
тиврівський /adj
Тиврів /n21.a
тигринья /n10
Тигр /n20
Тимор /n20
тираспольський /adj
Тирасполь /n20.a
тиролець /n22.p.a.<
Тиса /n10
тисменицький /adj
Тисмениця /n10
Тисовець /n22.a
тисовський /adj
Тифліс /n20.a
тихоокеанський /adj
тібетський /adj
Тіволі noun:n:nv:np
тів /n20.a
Тікріті noun:n:nv:np
Тіксі noun:n:nv:np
Тік /n21
Тімбукту noun:n:nv:np
тіролець /n22.p.a.<
Тіроль /n20
Тірренське /adj
Тітікака /n10
Тіхуана /n10
тлумацький /adj
Тмутаракань /n32
Тобольськ /n20.a
Товмачик /n20.a
токайський /adj
токійський /adj
Токіо noun:n:nv:np
Токмак /n20.a
токмацький /adj
Толедо noun:n:nv:np
тольтек /n20.a.p.<
Тольятті noun:n:nv:np
Томаківка /n10
томаківський /adj
Томашгород /n20.a
Томашов /n20.a
томашпільський /adj
Томашпіль /n21.a
томський /adj
Томськ /n20.a
тонганський /adj
тонга noun:p:nv:ns
Торез /n20.a
Торонто noun:n:nv:np
торонтський /adj
Торунь /n20.a
Торчин /n20.a
Тоскана /n10
тосканець /n22.p.a.<
тосканський /adj
тофалари /np2.<
Тошківка /n10
Трабзон /n20.a
Трансільванія /n10
транскаспійський /adj
Трансністрія /n10
Трафальгарський /adj
Трахтемирів /n21.a
Требухів /n21.a
Трентон /n20.a
Тренто noun:n:nv:np
Трикрати /np2
трипілець /n22.p.a.<
Триполі noun:n:nv:np
Трієст /n20.a
Трнава /n10
Троєщина /n10
троєщинець /n22.p.a.<
троєщинський /adj
Троїцько-Харцизьк /n20.a
Троїцьк /n20.a
тростянецький /adj
Тростянець /n22.a
Троя /n10
Труа noun:n:nv:np
трускавецький /adj
Трускавець /n22.a
Труханів /n21.a
тсвана noun:p:nv:ns
тсонга noun:p:nv:ns|noun:f:nv:np
Туапсе noun:n:nv:np
тувинський /adj
Тузла /n10
тузлинський /adj
Тула /n10
Тулон /n20.a
Тулуза /n10
тулузький /adj
тульський /adj
тульчинський /adj
Тульчин /n20.a
тунгуський /adj
Турбів /n21.a
турецько-татарський /adj
туринський /adj
Турин /n20.a
турівський /adj
турійський /adj
Турійськ /n20.a
Турія /n10
Турка /n10
турківський /adj
Турківщина /n10
Туркменбаші noun:n:nv:np|noun:m:nv:np:anim
Тустань /n32
тутсі noun:p:nv:ns
Тухля /n10
тушинський /adj
Тхімпху noun:n:nv:np
Тьєрі noun:m:nv:np
тюменський /adj
Тюмень /n32
тюркомовний /adj
тюрк /n20.a.p.<
Тяньаньмень noun:f:nv:np
Тянь-Шань /n20
тячівський /adj
Тячів /n23.a
угарітський /adj
углицький /adj
Углич /n20.a
Угнів /n23.a
угорсько-український /adj
угри /np2.<
Угроїди /np2
угро-фінський /adj
угро-фін /n20.a.p.ke.<
Удачне /n2adj1
удегеєць /n22.p.a.<
Удіне noun:n:nv:np
Удмуртія /n10
удмуртський /adj
удмурт /n20.a.p.ke.<
Уельва /n10
Уеска /n10
ужгородець /n22.p.a.<
ужгородський /adj
Ужгородщина /n10
Ужгород /n20.a
Узин /n20.a
Узун-Сирт /n20
уйгурський /adj
україно-американський /adj
україно-білоруський /adj
україно-молдовський /adj
україно-польський /adj
україно-російський /adj
україно-французький /adj
українсько-австрійський /adj
українсько-азербайджанський /adj
українсько-американський /adj
українсько-англійський /adj
українсько-бельгійський /adj
українсько-білоруський /adj
українсько-бразильський /adj
українсько-британський /adj
українсько-вірменський /adj
українсько-голландський /adj
українсько-грецький /adj
українсько-грузинський /adj
українсько-єврейський /adj
українсько-європейський /adj
українсько-іспанський /adj
українсько-італійський /adj
українсько-канадський /adj
українсько-китайський /adj
українсько-литовський /adj
українсько-ліванський /adj
українсько-молдавський /adj
українсько-молдовський /adj
українсько-московський /adj
українсько-натовський /adj
українсько-нігерійський /adj
українсько-німецький /adj
українсько-німецько-голландський /adj
українсько-польський /adj
українсько-російський /adj
українсько-російсько-німецький /adj
українсько-румунський /adj
українсько-руський /adj
українсько-словацький /adj
українсько-татарський /adj
українсько-турецький /adj
українсько-туркменський /adj
українсько-угорський /adj
українсько-французький /adj
українсько-чеський /adj
українсько-шведський /adj
українсько-швейцарський /adj
українсько-японський /adj
Українськ /n20.a
Улан-Батор /n20.a
Улан-Уде noun:n:nv:np
ульчі /np2.<
Ульяновка /n10
ульяновський /adj
Ульяновськ /n20.a
Улянівка /n10
уманець /n22.p.a.<
уманський /adj
Уманщина /n10
Умань /n32
умбри /np2.<
Уплісцихе noun:n:nv:np
Урало-Кавказ /n20.a
уральський /adj
Урал /n20
урарти /np2.<
урартський /adj
Урбіно noun:n:nv:np
Ургенч /n20.a
урду noun:f:nv:np
Уренгой /n20.a
уруми /np2.<
урумський /adj
Успенка /n10
успенський /adj
уссурійський /adj
Уссурійськ /n20.a
Устечко /n2n
Устилуг /n20.a
Устинівка /n10
устинівський /adj
Усть-Чорна /adj ^noun g=f
Утківка /n10
Утрехт /n20.a
Уфа /n10
Ухта /n10
Ушиця /n10
Фаллуджа /n10
Фарери /np1
Фарнборо noun:n:nv:np
Фастів /n21.a
Фащівка /n10
Федорівка /n10
Феодоро noun:n:nv:np
феодосієць /n22.p.a.<
феодосійський /adj
Феодосія /n10
Фергана /n10
Фіви /np2
філадельфійський /adj
Філадельфія /n10
філістимлянин /n20.a.pyn.ke.<
фінікієць /n22.p.a.<
фінікійка /n10.p2.ko.<
фінікійський /adj
фінікіянка /n10.p2.ko.<
Фінікс /n20.a
Фіністер /n20
Фінлі noun:f:nv:np
фінляндець /n22.p.a.<
фінно-угорський /adj
фінно-шведський /adj
фіно-угорський /adj
фіно-угрин /n20.a.ke.<
фіно-угри /np2.<
фіно-угрознавство /n2n
Фіолент /n20
Фландрія /n10
флорентієць /n22.p.a.<
флорентійка /n10.p2.ko.<
флорентійський /adj
Флоренція /n10
Флорида /n10
флоридський /adj
Фоджа /n10
Фольксбюне noun:m:nv:np
Фонтанка /n10
Фонтенбло noun:m:nv:np
фороський /adj
Форос /n20
Фрайбург /n20.a.zi
фракієць /n22.p.a.<
фракійський /adj
Фракія /n10
Франківськ /n20.a
Франківщина /n10
франко-канадець /n22.p.a.<
франко-німецький /adj
франкфуртський /adj
Франкфурт /n20.a
Франсе noun:m:nv:np
французько-німецький /adj
французько-український /adj
Фредеріксбург /n20.a
Фресно noun:n:nv:np
фризький /adj
Фріулі noun:f:nv:np
Фрунзівка /n10
фрунзівський /adj
Фудзіяма /n10
Фудзі noun:m:nv:np
Фукусіма /n10
фульбе noun:p:nv:ns
Фуншал /n20.a
Фюрстенберг /n20.a
Фюрт /n20.a
хабаровський /adj
Хабаровськ /n20.a
Хабомаї noun:p:nv:ns
Хабомай noun:p:nv:ns
Хаджибей /n20.a
Хазарія /n10
Хайфа /n10
Хакасія /n10
Халкідікі noun:m:nv:np
хамітський /adj
Ханкалі noun:n:nv:np
Ханой /n20.a
Ханти-Мансійськ /n20.a
ханти /np2.<
Харбін /n20.a
харківський /adj
Харківщина /n10
харків'янин /n20.a.pyn.ke.<
Харків /n21.a
Хартум /n20.a
Харцизьк /n20.a
Хатанга /n10
Хеврон /n20.a
Хелм /n20.a
херсонеський /adj
Херсонес /n20.a
херсонець /n22.p.a.<
херсонський /adj
Херсонщина /n10
Херсон /n20.a
Хібіни /np1
хімкинський /adj
Хімки /np3
Хіросіма /n10
Хітроу noun:m:nv:np
Хлібодарське /n2adj1
хмельницький /adj
Хмельницьк /n20.a
хмельничанин /n20.a.pyn.ke.<
хмельничанка /n10.p2.ko.<
Хмельниччина /n10
хмільницький /adj
Ходорів /n21.a
Хожув /n20.a
хозарський /adj
хозар /n20.a.p.ke.<
Хоккайдо noun:m:nv:np
Холми /np2
Холмщина /n10
Холм /n20.a
холодноярець /n22.p.a.<
холодноярський /adj
Хонсю noun:m:nv:np
Хорезм /n20
хорольський /adj
Хорол /n20.a
Хоростків /n21.a
Хорошеве /n2adj1
хортицький /adj
Хортиця /n10
Хоружівка /n10
хоружівський /adj
хотинський /adj
Хотинь /n32
Хотин /n20.a
Хрещатик /n20.a
Христинівка /n10
христинівський /adj
Християнія /n10
Христофорівка /n10
Хрустальне /n2adj1
Хуанхе noun:f:nv:np
Хургада /n10
хустський /adj
Хустщина /n10
Хуст /n20.a
Х'юстон /n20.a
Царгород /n20.a
Царицин /n20.a
Царичанка /n10
царичанський /adj
Цвіткове /n2adj1
Цвітоха /n10
Цейлон /n20
центральноазіатський /adj
центральноамериканський /adj
центральноєвропейський /adj
центральноукраїнський /adj
Цибулів /n23.a
Цинциннаті noun:n:nv:np
Цукурине /n2adj1
Цумань /n32
Цусіма /n10
Цхінвалі noun:n:nv:np
цхінвальський /adj
Цюрих /n20.a
цюрупинський /adj
Цюрупинськ /n20.a
чадський /adj
Чанаккале noun:n:nv:np
Чапаєве /n2adj1
Чапаївка /n10
Чаплинка /n10
Чарлстон /n20.a
Чатем noun:m:nv:np
Чатир-Даг /n20
Чауда noun:m:nv:np
Чебоксари /np1
челябінський /adj
Челябінськ /n20.a
чемеровецький /adj
Чемер /n20.a
Ченстохова noun:n:nv:np
ченстоховський /adj
Червоноармійськ /n20.a
Червоногородський /adj
червоноградець /n22.p.a.<
червоноградка /n10.p2.ko.<
червоноградський /adj
Червоноград /n20.a
Червоногригорівка /n10
Червонозаводське /n2adj1
Червонопартизанськ /n20.a
Черемош /n20
Черемушки /np2
Череповець /n22
Черкаси /np1
черкаський /adj
Черкащина /n10
Чернелиця /n10
Черник /n20.a
чернівецький /adj
Чернівеччина /n10
Чернівці /np2
чернівчанин /n20.a.pyn.ke.<
чернівчанка /n10.p2.ko.<
чернігівець /n22.p.a.<
чернігівський /adj
чернігівчанин /n20.a.pyn.ke.<
Чернігівщина /n10
Чернігів /n21.a.ke
черновецький /adj
черняхівський /adj
Черняхів /n21.a
черокі noun:p:nv:ns
Честерфілд /n20
Честер /n20.a
чесько-російський /adj
Четвертня /n10
Четем /n20
чехословак /n20.a.p.ke.<
чехословацький /adj
Чехословаччина /n10
Чечельник /n20.a
чечельницький /adj
чеченський /adj
Чечня /n10
Чешир /n20
чжуан noun:p:nv:ns
Чигиринщина /n10
Чигирин /n20.a
Чикаго noun:n:nv:np
чиказький /adj
Чимкент /n20.a
Чинадійово /n2n
чинук /n20.a.p.<
Чита /n10
Чкаловське /n2adj1
чоколівський /adj
Чоповичі /np2
чорнобаївський /adj
Чорнобай /n20.a
чорнобилець /n22.p.a.<
чорнобильський /adj
Чорнобиль /n20.a
Чорногора /n10
чорноліський /adj
чорноморець /n22.p.a.<
чорноморський /adj
Чорноморськ /n20.a
Чорнухине /n2adj1
чорнухинський /adj
чортківський /adj
Чортків /n21.a
Чортомлик /n20.a
Чортомлицький /adj
чугуївський /adj
Чугуїв /n23.a.ke
чуднівський /adj
Чуднів /n21.a
Чудське /adj
чудь /n32
Чукотка /n10
чукотський /adj
Чупахівка /n10
чутівський /adj
Чутове /n2adj1
Чуфут-Кале noun:n:nv:np
Шабельківка /n10
Шалигине /n2adj1
Шамбері noun:n:nv:np
Шампань /n32
шанхайський /adj
Шанхай /n20.a
Шаолінь noun:m:nv:np
Шаранта /n10
шаргородський /adj
Шаргород /n20.a
Шарджа /n10
Шарівка /n10
Шарлотт noun:n:nv:np
Шахтарськ /n20.a
шацький /adj
Шацьк /n20.a
шваб /n20.a.p.ke.<
Шварцвальд /n20.a
шведсько-український /adj
Шебелинка /n10
Шегині /np2
Шелтон /n20.a
Шенген /n20
Шеньчжень /n20.a
Шеньян /n20.a
Шепетівка /n10
шепетівський /adj
шетландський /adj
Шеффілд /n20.a
шиїтський /adj
широківський /adj
Ширяєве /n2adj1
ширяївський /adj
шишацький /adj
шорець /n22.p.a.<
Шостка /n10
шосткинський /adj
Шпіцберген /n20.a
Шпола /n10
шполянський /adj
Шрамківка /n10
шріланкієць /n22.p.a.<
Штерівка /n10
штутгартський /adj
Штутгарт /n20.a
Шуліки /np1
шумеро-вавилонський /adj
шумерський /adj
шумер /n20.a.p.ke.<
Шумськ /n20.a
Шяуляй /n20.a
Щебетовка /n10
Щербинівка /n10
Щецин /n20.a
Щирець /n22.a
Щолкіне /n2adj1
щорський /adj
Щорськ /n20.a
Щотове /n2adj1
Щучин /n20.a
Юзівка /n10
юзівський /adj
Юкатан /n20
Юнокомунарівськ /n20.a
Юр'ївка /n10
юр'ївський /adj
Юрмала /n10
юрмальський /adj
Юта /n10
Ютландія /n10
Яблунець /n22.a
Яблунівка /n10
Яблунів /n23.a
яванець /n22.p.a.<
яванський /adj
Ява /n10
Явори /np2
яворівський /adj
Яворів /n21.a
яворський /adj
Ягодин /n20.a
яготинський /adj
Яготин /n20.a
Яйла /n10
Якимівка /n10
якимівський /adj
Якутія /n10
якутський /adj
Якутськ /n20.a
Ялта /n10
ялтинець /n22.p.a.<
ялтинський /adj
Ямало-Ненецький /adj
ямальський /adj
ямпільський /adj
Ямпіль /n21.a
Янгон /n20.a
Янцзи noun:f:nv:np
японсько-китайський /adj
Яремча /n10
Яремче /adj ^noun
Яричів /n23.a
ярмолинецький /adj
Ярмолинці /np2
Ярославль /n20.a
ярославський /adj
Ярослав /n20.a
ярський /adj
ясенівський /adj
Ясенів /n23.a
Ясинівка /n10
Ясинувата /adj ^noun g=f
ясинуватський /adj
Ясіня /n10
Ясногірка /n10
Яуза /n10
