алегретто adv
грунтований /adj ^adjp:pasv:past
грунтовий /adj
грунтовний /adj.adv \
 +cs=грунтовніший
грунтовність /n30
грунтувати /v1.cf.advp.impersW :imperf
грунтуватися /vr1.cf.advp :imperf
грунт /n20.p
зберігтись verb:rev:inf:perf
зберігтися verb:rev:inf:perf
зберігти verb:inf:perf
згвалтування /n2n.p1
згвалтувати /v1.impers0 :perf
локоть /n22.p
негрунтований /adj ^adjp:pasv:past
необгрунтований /adj.adv ^adjp:pasv:past
обгрунтований /adj.adv ^adjp:pasv:past
обгрунтованість /n30
обгрунтовувати /v1.cf.advp :imperf
обгрунтовуватися /vr1.cf.advp :imperf
обгрунтування /n2n.p1
обгрунтувати /v1.impers0 :perf
обгрунтуватися /vr1 :perf
підгрунтя /n2n
прихватизатор /n20.a.p.ke.<
прихватизація /n10
прихватизувати /v1.impers0 :perf
прихватизуватися /vr1 :perf
п'яніна /n10
совєти /np2
совєцький /adj
совіти /np2
фортеп'яна /n10.p1
