аа intj
ааа intj
аааа intj
ааааа intj
аааааа intj
ааааааа intj
аби-хто /n_pron.< :pron:int:rel
аби-як adv:pron:ind
аби-який /adj :pron:ind
авже part
авіньонський /adj
автоділер /n20.a.p.ke.<
автодорожний /adj
авторітет /n20
автотюнинг /n20                             #> автотюнінг
адвалерний /adj                             #> адвалорний
аддукт /n20.p
адьютант /n20.a.p.ke.<
АероСвіт /n20 :prop                         #> Аеросвіт
ажніяк adv
азотокислий /adj                            #> азотнокислий
академик /n20.a.p.<
акарацидний /adj                            #> акарицидний
Акерман /n20.a :town:prop:geo
аккаунт /n20.p                              #> акаунт|обліковий запис
алегретто adv
Алжір /n20.ke :prop:geo
алжірський /adj
алупкінський /adj
аль-Джазіра /n10 :prop
альпага /n10                                #> альпака
альпаговий /adj                             #> альпаковий
альтеративний /adj
амерікано noun:f:nv
амігдалін /n20
анахроністичний /adj
аніруш adv
антигабсбургський /adj                      #> антигабсбурзький
аренда /n10
арендований /adj :adjp:pasv:imperf:perf
арендованість /n30
арендодавець /n22.a.p.<
арендування /n2n.p1
арендувати /v1.cf.advp.is0 :imperf:perf
арендуватися /vr1.cf.advp :imperf:perf
артгаузний /adj                             #> арт-хаусний
архидієцезіальний /adj
архидієцезія /n10.p1
архикнязь /n20.a.p.<
асирійський /adj
астеноневротичний /adj
атаман /n20.a.p.<
атаманський /adj
атташе noun:m:nv:anim
аудіодискрипція /n10
аудіочіп /n20.a.p
аутентифікаційний /adj
аутоантитілоутворення /n2n
аутокринно adv
аутоокислення /n2n
аутопоезис /n20
аутореактивний /adj
ауторегуляція /n10
аутосексуальність /n30
аутотрансфузія /n10
аутсорсінг /n20
афлотоксин /n20.p
Афродита /n10.< :prop:fname
ахілесів /adj                               #> ахіллесів
ахілесовий adj:m:v_naz/v_zn2      # lim     #> ахіллесів
ахілів /adj                                 #> ахіллів
ахіловий adj:m:v_naz/v_zn2        # lim     #> ахіллів
аятолла /n10.p1.<m
багато-хто /n_pron.< :pron:ind
баггі noun:m:nv                             #> багі
бандарлог /n20.a.p.<>
баннерний /adj
баріста /n10.p1.< :+m
барокко noun:n:nv:np
барокковий /adj
баррель /n20.a.p
Бастілія /n10 :prop
батальон /n20.p
батальонно-тактичний /adj
батік /n20
бачучи advp:imperf                          #> бачачи
бебісітер /n20.a.p.ke.<
бебісітерка /n10.p2.<
бебісітерський /adj
бебісіттер /n20.a.p.ke.<
бебісіттерка /n10.p2.<
бебісіттерський /adj
бездоходний /adj
бездоходність /n30
безклопотний /adj
безклопотність /n30
безклопотно adv
безпосередно adv
безупину adv
беладонна /n10
бельєтаж /n20.p                             #> бельетаж
бендерівець /n22.a.p.<
бендерівський /adj
бензпірен /n20.p
бензпіреновий /adj
Берегово noun:n:v_naz/v_zna:prop:geo             # lim
Берингова Берингів adj:n:v_rod              # поширене: Берингова моря
Берінгова Берінгів adj:n:v_rod
берци noun:p:v_naz/v_zna:ns             # lim
Бесарабія /n10 :prop:geo
беспілотник /n20.a.p
беттер /n20.a.p.<
беттинг /n20.p
беттинговий /adj
беттінг /n20.p
біг-ме noninfl:predic
біґборд /n20.a.p
біґ-борд /n20.a.p
бік-о-бік adv
білєт /n20.a.p
білосиній /adj
більшовізм /n20
бімономіальний /adj
бінтик /n20                                 #> бинтик
біоімплантант /n20.p                        #> біоімплантат
біржевий /adj                               #> біржовий
бірка /n10.p2                               #> бирка
бірочка /n10.p2                             #> бирочка
бісовський /adj
біткоін /n20.a.p                            #> біткоїн
біттер /n20.p.ke
благословлячи advp:imperf
близкість /n30
блище adv:compc
бліцкріг /n20.p                             #> бліцкриг
бліц-кріг /n20.p                            #> бліцкриг
блоггер /n20.a.p.ke.<                       #> блогер
бодібілдінг /n20                            #> бодибілдинг
бо-зна noninfl:predic
бозна-шо noun:inanim:n:v_naz/v_zna:pron:ind                #> бозна-що
бойзбенд /n20.p                             #> бой-бенд
бойсбенд /n20.p                             #> бой-бенд
болтштихель /n20.a.p
бонвіан /n20.a.p.<
борвмісний /adj                             #> боровмісний
Борусія /n10 :prop
боряться боротися verb:rev:imperf:pres:p:3  #> борються
боулдеринг /n20                             #> болдеринг
боулдерінг /n20                             #> болдеринг
боючись advp:rev:imperf                     #> боячись        # rv_rod
бравіссімо adv
бразілець /n22.a.p.<
Бразілія /n10 :prop:geo
бразільський /adj
брайлевський /adj
бракон'єр /n20.a.p.ke.<
бракон'єрка /n10.p2.<
бракон'єрство /n2n
бракон'єрський /adj
Братіслава /n10 :prop:geo
брейкпоінт /n20.a.p
брейк-поінт /n20.a.p
бритт /n20.a.p.<
бріколаж /n20
брітанець /n22.a.p.<
Брітанія /n10 :prop:geo
брітанський /adj
брокколі noun:f:nv
брошюра /n10.p1
Брюсель /n20.a :prop:geo
брюсельський /adj
буджакський /adj                            #> буджацький
будь-шо noun:inanim:n:v_naz:pron:ind                       #> будь-що
будьщо adv
будьякий /adj :pron:ind
буйвол noun:anim:m:v_naz                    # lim
буксируваний /adj :adjp:pasv:imperf
буллінг /n20
булліт /n20.p
булоб noninfl                                   #> було б
бурак /n20.a.p
бюстгалтер /n20.a.p.ke
Вавілон /n20.a :town:prop:geo
ВАКівський /adj
валахський /adj
валієць /n22.a.p.<                          #> валлієць
валійка /n10.p2.ko.<                        #> валлійка
валійський /adj                             #> валлійський
Вапліте noun:f:nv:prop                          #> ВАПЛІТЕ
Ватікан /n20 :prop:geo
ватіканський /adj
вахабізм /n20
вахабіт /n20.a.p.<
вахабітський /adj
Вашінгтон /n20.a :prop:geo:town
Вашінгтон /n20.a.<+
вашінгтонський /adj
ввічі adv
великодний /adj
великопосний /adj
велитенський /adj
вестибуль /n20.a.p
взаїмний /adj
взмозі adv                                      #> в змозі|могти
вибухотехник /n20.a.p.<
вигаптований /adj :adjp:pasv:perf
виглянсований /adj :adjp:pasv:perf
виїздний /adj                                   #> виїзний
вийнятковий /adj
викарбований /adj :adjp:pasv:perf
викований /adj :adjp:pasv:perf
виколядований /adj :adjp:pasv:perf
викомпонований /adj :adjp:pasv:perf
викорчований /adj :adjp:pasv:perf
Вилково noun:n:nv:prop:geo
вимудрований /adj :adjp:pasv:perf
вимуштрований /adj :adjp:pasv:perf
виполірований /adj :adjp:pasv:perf
випробований /adj :adjp:pasv:perf
вирахований /adj :adjp:pasv:perf
вирихтований /adj :adjp:pasv:perf
високодоходний /adj
високопреосвящений /adj
виторгований /adj :adjp:pasv:perf
вихідець вихідець noun:m:v_naz:anim     # lim      #> виходець
вишліфований /adj :adjp:pasv:perf
вищосортний /adj
відворотній /adj
відзеркалений /adj :adjp:pasv:perf
відзеркалення /n2n.p1
відзеркалити /v1.is0 :perf                                    # rv_zna:rv_oru:rv_dav
відзеркалитися /vr1 :perf                                     # rv_oru
відзеркалювати /v1.cf.advp :imperf                            # rv_zna:rv_oru:rv_dav
відзеркалюватися /vr1.cf.advp :imperf                         # rv_oru
відломати /v2.isNo :perf       # rv_zna:rv_oru:rv_dav
відпочатку adv                              #> від початку
відчепний /adj                              #> відчіпний
відчепність /n30                            #> відчіпність
відчудження /n2n
візігот /n20.a.p.<                              #> візигот
війско /n2n.p1
війсковий /adj
військомат /n20.p
віл-інфекція /n10                 # caps    #> ВІЛ-інфекція
віл-інфікований /adj              # caps    #> ВІЛ-інфікований
віл-інфікований /n2adj1.f.p.<     # caps
віл-позитивний /adj               # caps    #> ВІЛ-позитивний
вінниччанин /n20.a.pyn.<
вінниччанка /n10.p2.<
Вірджінія /n10
вірджінія /n10 :prop:geo
вістник /n20.a.p
вітіюватий /adj.adv
вітіюватість /n30
вітровка /n10.p2
вкраїна /n10 :prop:geo                  # caps
вміру noninfl                               #> в міру
вневдовзі adv
внз noun:m:nv                       # caps  #> ВНЗ
водотонажність /n30
вождізм /n20
воз'єднання /n2n
вольтамперний /adj                          #> вольт-амперний
ворк-шоп /n20.p
вороновий adj:m:v_naz/v_zn2     # lim       #> воронів
в-осени adv
восьмидесятий /adj :numr                    #> вісімдесятий
восьмидесятилітній /adj                     #> вісімдесятирічний
восьмидесятиліття /n2n                      #> вісімдесятиліття
восьмидесятирічний /adj                     #> вісімдесятирічний
восьмидесятник /n20.a.p.<                   #> вісімдесятник
восьмисоттисячний /adj
впринципі adv
врагс /n20.p :abbr                  # caps  #> ВРАЦС
всановлення /n2n.p1 :v-u                    #> встановлення
все'дно adv:v-u                             #> все одно
всеж part
всеж-таки adv
всенощна /n2adj1                            #> всеношна
всеодно adv
все-одно adv
всерівно adv
все-рівно adv
всетаки part
всеядний /adj
всеядність /n30
всюдисущний /adj
всюдисущність /n30
вторгення /n2n
вуайєризм /n20                              #> вуаєризм
вуайєрист /n20.a.p.<                        #> вуаєрист
вуайєристка /n10.p2.<                       #> вуаєристка
вугільнозбагачувальний /adj
вцілому adv                                 #> в цілому
вязниця /n10.p1
гавніцо /n2n
гавно /n2n
гавняний /adj
гадюшник /n20.a.p
галаконцерт /n20.p
гамаглобулін /n20                           #> гамма-глобулін
гама-ніж /n21.a.p                           #> гамма-ніж
ганделик /n20.a.p
гандж /n20.p
ганочок /n22.a.p
гармідер /n20.p.ke
гарячо adv
гауссовий /adj                              #> Гауссів
Гданьськ /n20.a :town:prop:geo
гелловін /n20                               #> Гелловін
геллоуїн /n20                               #> Гелловін
геллоуїнський /adj                          #> гелловінський
геловін /n20                                #> Гелловін
геловінський /adj                           #> гелловінський
гелоуїн /n20                                #> Гелловін
гелоуїнський /adj                           #> гелловінський
гельсінкський /adj                          #> гельсінський
геномодифікований /adj
георгієвський /adj
гердан /n20.p
героічний /adj
геройськи adv
герпес-вірус /n20.p
гигнути /v1 :perf
гирлига /n10.p1
гігават-година /n10.p1
гіляка /n10.p1
гіпотиріоз /n20
гірськоштурмовий /adj
гітлерюгенд /n20                            #> гітлер'югенд
гітлер-югенд /n20                           #> гітлер'югенд
гліссандо noun:n:nv                         #> глісандо
глітч-арт /n20                              #> глитч-арт
глітч-ефект /n20.p                          #> глитч-ефект
глютаміновий /adj                           #> глутаміновий
говнар /n24.a.p.ku.<
голандець /n22.a.p.<
Голандія /n10 :prop:geo
голандський /adj
Голівуд /n20 :prop:geo                      #> Голлівуд
голівудський /adj                           #> голлівудський
гонконгець /n22.a.p.<                       #> гонконжець
гонконгівець /n22.a.p.<                     #> гонконжець
гонконгський /adj                           #> гонконзький
горшок noun:m:v_naz/v_zna   # lim           #> горщик|горщок
горячий /adj
готентот /n20.a.p.<                         #> готтентот
гофмановий /adj                             #> Гофманів
гранднаратив /n20.p
грати /np1 /np2                             # має бути ґрати, але дуже багато випадків з г
граффіті noun:n:nv                          #> графіті
грізлі noun:m:nv:anim
грінго noun:m:nv:anim
Громоклея /n10 :prop:geo                    #> Громоклія
гуллівер /n20.a.p.ke.<
гулліверів /adj                             # caps
Гьоте /<+m                                  #> Ґете
Гьоте-інститут /n20.p                       #> Ґете-інститут
ґільбертовий /adj                           #> Ґільбертів
Ґьоте /<+m                                  #> Ґете
ґьоте-інститут /n20.p                       #> Ґете-інститут
ДАЇ noun:f:nv:abbr                          #> ДАІ
данний /adj
данні /n2adj1
двохярусний /adj                            #> двоярусний
Дебальцево noun:n:v_naz/v_zna:prop:geo           # lim
де-далі adv
дед-лайн /n20.p
деж part                                     #> де ж
де-ж part                                    #> де ж
дезинфекційний /adj
дезинфекція /n10
дезинфікувати /v1.cf.advp.is0 :imperf:perf              # rv_zna:rv_oru:rv_dav
дезинформація /n10
декретовий /adj
депаратмент /n20.p
деребан /n20
деребанити /v1.cf.advp :imperf                  # rv_zna
державнотворчий /adj
державно-творчий /adj
держдеп /n20
держдепартамент /n20            # caps      #> Держдепартамент
держземагентство /n2n           # caps      #> Держземагентство
д'Естен /n20.a.<+
дефакто adv
де-який /adj :pron:ind
дєнікінець /n22.a.p.<
дєнікінський /adj
джаган /n20.a.p
джем-сейшн /n20.p
джентельмен /n20.a.p.<
джентельменський /adj
джентлмен /n20.a.p.<
джигун /n20.a.p.<
Джім /n20.a.p.ke.< :prop:fname              #> Джим
джіп /n20.a.p
джозефсонівський /adj                       #> Джозефсонів
дзвінниця /n10.p1                           #> дзвіниця
дзиглик /n20.a.p                            #> дзиґлик
дигіталізація /n10
диджіталізація /n10
дискутивний /adj
диснеївський /adj
Дисней /n20.a.<+
Диснейленд /n20 :prop
дисціпліна /n10
дисціплінарний /adj
дитбудинівський /adj
дияконівський /adj
дівізія /n10.p1
діггер /n20.a.p.ke.<
дігер /n20.a.p.ke.<
діджеріду noun:m:nv
діджіталізація /n10
діджіталізувати /v1.cf.advp.is0 :imperf:perf      # rv_zna:rv_oru:rv_dav
діджіталізуватися /vr1.cf.advp :imperf:perf      # rv_oru
дідусевий adj:m:v_naz/v_zn2       # lim     #> дідусів
ділер /n20.a.p.ke.<
дірхем /n20.a.p
діснеєвський /adj
Дітройт /n20.a :town:prop:geo                   #> Детройт
добіса adv                                  #> до біса
довіря noun:n:v_naz/v_rod/v_zna               # lim   #> довір'я
довколо adv|prep                    # rv_rod
довподоби adv                               #> до вподоби
договорняк /n20.a.u.p                       #> договірняк
додатній /adj
дол noun:m:nv                               #> дол.
доллар /n20.a.p.ke.ikl
домовленність /n30.p
Донбас-арена /n10 :prop
дооколі adv
доокруги adv
допамін /n20                                #> дофамін
допемісія /n10.p1
допомогати /v2.cf.advp :imperf
допплерівський /adj
доречи adv                                  #> до речі
доречі adv                                  #> до речі
дорожний /adj
д'останку adv                               #> до останку
достаточний /adj
Достоєвскій /n2adj1.<+
досьогодні adv
доход доход noun:m:v_naz/v_zna          # lim
доходний /adj
доходність /n30
дріжджевий /adj
дріжжі /np2
дрогобиччанин /n20.a.pyn.<
духм'яний /adj
духовноінтелектуальний /adj
душева /n2adj1.p                            #> душова
егеж intj|part
ейфоричний /adj
еквімольний /adj
екзит-пул /n20.p                            #> екзит-пол
екзіт-пол /n20.p
екібана /n10.p1                             #> ікебана
екклезіологічний /adj
екклезіологія /n10
екскорт /n20.p
екскурія /n10.p1
експер /n20.a.p.ke.<
експерементальний /adj
експерементувати /v1.cf.advp :imperf                # rv_oru
експонт /n20.a.p
експортно-орієнтований /adj
експорто-орієнтований /adj
експресо noun:n:nv
експрессо noun:n:nv
екстренний /adj
екстренно adv
екстримальний /adj
Ель-Ніньо noun:m:nv:np:prop                 #> Ель-Ніньйо
емменталь /n20
емотікон /n20.p                             #> емотикон
енергічний /adj
енергоекономічний /adj
енергоекономічність /n30
ентранжизм /n20
еспрессо noun:n:nv
ессенціальний /adj
естаблішмент /n20                           #> істеблішмент
естеблішмент /n20                           #> істеблішмент
єврокомісія /n10                            # caps  #> Єврокомісія
європарламент /n20                          # caps  #> Європарламент
Єгіпет /n22.a :prop:geo
Єнакієво noun:n:v_naz/v_zna:prop:geo             # lim
єнакієвський /adj                           #> єнакіївський
єпіскоп /n20.a.p.ke.<
єпіскопство /n2n
єпіскопський /adj
єрархічний /adj
єрузалимський /adj
жаккард /n20.p
жеж noninfl                                 #> же ж
жень-шень /n20
живописувати /v1.cf.advp :imperf       # rv_zna
житловокомунальний /adj
життєвоважливий /adj
життєво-важливий /adj
життєвонеобхідний /adj
життєво-необхідний /adj
життєзначущий /adj
життєсмисловий /adj
жовчокам'яний /adj
жосткий /adj.adv
заарендувати /v1.is0 :perf
забов'язаний /adj :adjp:pasv:perf
забов'язання /n2n.p1
забов'язати /v1.isNo :perf
забов'язувати /v1.cf.advp :imperf
забомбити /v1.is0 :perf
заборговувати /v1.cf.advp :imperf
заввиграшки adv
завтрішній /adj
загорання /n2n.p1
загорати /v2.cf.advp :imperf
загоратися /vr2.cf.advp :imperf
загорожений /adj :adjp:pasv:perf            #> загороджений
задирикуватий /adj
задирикуватість /n30
задирикувато adv
задуже adv
задужо adv
зажатість /n30
заздалегіть adv
зазделегідь adv
залюбування /n2n
замизганий /adj :adjp:pasv:perf \
 +cs=замизганіший
заможній /adj                               #> заможний
заньковчанин /n20.a.pyn.<                   #> заньківчанин
заняти /v1.isTo :perf                   # lim
занятий /adj                   # rv_oru     #> зайнятий
занятість /n30                              #> зайнятість
запомоговий /adj
запоріжський /adj
запорожський /adj
зара adv                                                    #> зараз
заріктися /vr1 :perf tag=inf|impr|futr|past:[fnp]'         #> заректися
зарін /n20
заробітня /adj
зато conj:coord                                             #> зате
західній /adj
зачіпити /v1.it1.is0.it1l :perf                               # rv_zna:rv_oru:rv_dav
зачіпитися /vr1.it1 :perf                                     # rv_oru:rv_dav
зачіплений /adj :adjp:pasv:perf
зачіплення /n2n.p1
защо adv                                    #> за що
зберігла зберігти verb:perf:past:f
зберіглася зберігтися verb:rev:perf:past:f
зберіглися зберігтися verb:rev:perf:past:p
зберіглося зберігтися verb:rev:perf:past:n
зберігти verb:inf:perf                  # lim        # rv_zna:rv_oru
зберігтися verb:rev:inf:perf            # lim     # rv_oru
зворотньопропорційний /adj
зворухобити /v1.is0 :perf                                     # rv_zna:rv_oru:rv_dav
зворухобитися /vr1 :perf                                      # rv_oru
зворухоблений /adj :adjp:pasv:perf
зворухоблення /n2n
зворухоблювати /v1.cf.advp :imperf                            # rv_zna:rv_oru:rv_dav
звязаний /adj
звязковий /adj
звязок /n22.p
здавен adv
здзвонюватися /vr1.cf.advp :imperf
здоровї здоровя noun:inanim:n:v_mis/v_dav
здоровю здоровя noun:inanim:n:v_dav/v_mis
здоровя здоровя noun:inanim:n:v_naz/v_rod/v_zna/v_kly
здоровям здоровя noun:inanim:n:v_oru
зененхунд /n20.a.p.<>
зєднання /n2n.p1
зза prep                   # rv_rod         #> з-за|через
з-закордону adv
зізіфус /n20.a.p
зісватати /v2 :perf
зміж prep               # rv_rod            #> з-між
знакомий /adj
знова adv
зобовязання /n2n.p1
зоопарківський /adj
зпід prep                           # rv_rod
зпоміж adv
з-середини adv
зчасом adv
зчеплювати /v1.cf.advp :imperf              #> зчіплювати
зчеплюватися /vr1.cf.advp :imperf           #> зчіплюватися
зчепний /adj                                #> зчіпний
зчепність /n30                              #> зчіпність
зштовхнутися /vr1 :perf                     #> зіштовхнутися
зштовхувальний /adj                         #> зіштовхувальний
зштовхування /n2n                           #> зіштовхування
зявитися /vr1 :perf
ІваноФранківськ /n20.a :prop:geo:town
ІваноФранківський /adj
ІВМ noninfl:prop
Ігоревич /n20.a.p.< :prop:pname             #> Ігорьович
ієзуїтський /adj
ієна /n10.p1                                #> єна
ізза prep                  # rv_rod         #> із-за|через
ізотерика /n10
ізотеричний /adj
ІІ number:latin
ІІІ number:latin
ІКЕА noninfl:foreign:prop
іменно adv
імігрант /n20.a.p.<
іміграція /n10
імігрувати /v1.cf.advp :imperf:perf
іміджовий /adj
імплантант /n20.p                           #> імплантат
імплатант /n20.a.p
імя noun:n:v_naz/v_zna           # lim
інавгурований /adj :adjp:pasv:imperf:perf
інвентарізація /n10
індивідум /n20.a.p.<
індіанин /n20.a.pyn.<
індокачка /n10.p2.<>
ініциатива /n10.p1
іноваційний /adj
іноваційність /n30
інстинктовно adv
інтепретація /n10.p1
інтердисциплінарний /adj
інтердисциплінарність /n30
інтересно adv:predic
інтерконнектор /n20.a.p.ke
інтернетпроект /n20.p                       #> інтернет-проєкт
інтерпритація /n10.p1
інтіфада /n10.p1                            #> інтифада
інтравертний /adj                           #> інтровертний
інфотеймент /n20
інфо-центр /n20.p.ke
інціатива /n10.p1
ІР-адреса /n10.p1
історіописання /n2n
ІТ-шник /n20.a.p.<
ІУ number:latin                             #> IV
Їй-Богу intj:insert
їй-Богу intj:insert
їстивний /adj
йельський /adj                              #> єльський
йєльський /adj                              #> єльський
йєті noun:anim:m:nv
йоршик /n20.a.p                             #> йоржик
казацький /adj
казачество /n2n
казачок /n22.a.p.<
ка-зна noninfl:predic
казна-шо noun:inanim:n:v_naz/v_zna:pron:ind                #> казна-що
казнащо noun:inanim:n:v_naz/v_zna:pron:int:rel      # lim
ка-зна-що adv
кайєнський /adj                            # перець
камінюка /n10.p1                            #> каменюка
кам'янсько-бузький /adj                     #> кам'янка-бузький
каннабіноїд /n20.p
каннабіс /n20
каннабісовий /adj
канський /adj
капучіно noun:n:nv                          #> капучино
карабахський /adj                           #> карабаський
карімат /n20.a.p                            #> каримат
каролінгський /adj                          #> каролінзький
каррі noun:m:nv
Кастілія /n10 :prop:geo
кастільський /adj
катеначчо noun:f:nv:np                      #> катеначо
кат-зна adv
кат-ма adv
квадрацикл /n20.a.p                         #> квадроцикл
квазикласичний /adj
квіллінг /n20                               #> квілінг
келейний /adj                               #> келійний
Кембрідж /n20.a :town                   #> Кембридж
Кембрідж /n20                           #> Кембридж
кембріджський /adj                          #> кембридзький
кембрідзький /adj                           #> кембридзький
керчинський /adj
кесаревий adj:m:v_naz/v_zn2   # lim         #> кесарів
Києв noun:m:v_naz/v_zna:prop:geo            # lim
києво-руський /adj
Килійський /adj
кинжал /n20.a.p
кирилічний /adj                             #> кириличний
Кирило-Методієвський /adj
Кирило-Мефодієвський /adj
кік-боксинг /n20
кікбоксінг /n20
кіллер /n20.a.p.ke.<
кіокушінкай noun:n:nv:np
Кірібаті noun:n:nv:np:prop:geo
кластерізація /n10
клієнт-орієнтований /adj
клієнт-орієнтованість /n30
клопотливий /adj
клопотливо adv
клубочучи advp:imperf
кметливий /adj
кметливість /n30
кобилчина /n10.p1.<>
Козеріг /n21.a
козеріг /n21.a.p.ke.<>
коліжанка /n10.p2.<                         #> колежанка
коллайдер /n20.a.p.ke
колл-центр /n20.p.ke
Колюмбія /n10 :prop:geo
компаньон /n20.a.p.<
Конан-Дойл /n20.a.<+
Конан-Дойль /n20.a.<+
конвертатор /n20.a.p.ke
кондомінімум /n20.p
Конектикат /n20 :prop:geo
конкурентноздатний /adj
конкурентноздатність /n30
конкурентноспроможний /adj
конкурентноспроможність /n30
константувати /v1 :perf
конхіліологія /n10
концентромір /n20.a.p.ke
конц-табір /n21.p.ke
коньюнктура /n10
коньюнктурний /adj
кон'юктивіт /n20.p
кон'юктура /n10.p1
кон'юктурний /adj
кон'юктурність /n30
кон'юктурно adv
Копернік /n20.a.<+
коричневатий /adj                           #> коричнюватий
коричнуватий /adj
коричньовий /adj
корнельський /adj                           #> корнелльський
королевський /adj
коронакриза /n10
коронахворий /n2adj1.f.p.<
короновірус /n20
короновірусний /adj
Корреспондент /n20 :prop
крайньо-правий /adj
краудфандінг /n20
краудфандінговий /adj
Кременчузі Кременчуг noun:m:v_mis:prop:geo   # lim          # правильно Кременчуці
крепатура /n10
кримінальнопроцесуальний /adj
Кріт /n20 :prop:geo
крон-принц /n20.a.p.<
крон-принцеса /n10.p1.<
крос-культурний /adj
крюінговий /adj
ксеноімплантант /n20.p                      #> ксеноімплантат
куди-завгодно adv
кудись-інде adv:pron:ind
кукурузка /n10
Кутуньо /<+m                                #> Кутуньйо
Кьольн /n20.a :town:prop:geo                #> Кельн
кьорлінг /n20                               #> керлінг
кювез /n20.a.p                              #> кувез
кювезик /n20.a.p                            #> кувезик
лайтконтакт /n20                            #> лайт-контакт
лако-фарбовий /adj
ламборджині noun:f:nv                       #> ламборгіні
латте noun:n:nv
леґінь /n20.a.p.<
лезбійка /n10.p2.ko.<
лезбійський /adj
лекше adv:compc:predic
летючи advp:imperf
Лєрмонтов /n2adj2.<+m                       #> Лермонтов
лібретто noun:n:nv
лікерогорілчаний /adj
лінгуіне noun:f:nv                          #> лінгвіне
лінукс /n20.a                               #> Лінукс
ліпоксація /n10.p1
ліпсинг /n20                                #> ліпсинк
лісопасовищний /adj                         #> лісо-пасовищний
ліччі noun:m:nv                             #> лічі
лоббі noun:n:nv
логроллінг /n20                             #> логролінг
локоть /n22.p
ломати /v2.cf.advp :imperf              # rv_zna:rv_oru:rv_dav
лонґселер /n20.a.p.ke
луїсеньо noun:f:nv:np                       #> луїсеньйо
лучше лучше adv:compc:predic
льєжський /adj                              #> льєзький
Любешов /n20.a :town:prop:geo               #> Любешів
мабудь adv:insert
мавп'ятник /n20.a.p                         #> мавпятник
мавп'ячий /adj                              #> мавпячий
магдебургський /adj
Магнітскій /n2adj1.<+                       #> Магнітський
Маґнітскій /n2adj1.<+                       #> Магнітський
Мадрід /n20.a :town:prop:geo
мадрідець /n20.a.p.<                        #> мадридець
мадрідський /adj                            #> мадридський
мадьяр /n20.a.p.ke.<
мадьярський /adj
Майамі noun:m:nv:np:town:prop:geo           #> Маямі
майстерзінгер /n20.a.p.ke.<
МакДоналдз /n20.a.u :prop                   #> МакДональдз
Макдональдз /n20.a.u :prop                  #> МакДональдз
макдональдз /n20.a.u.p                      #> МакДональдз
МакДональдс /n20.a.u :prop                  #> МакДональдз
макдональдс /n20.a.u.p                      #> МакДональдз
МакДонах /n20.a.<+                      #> Макдонах
макіато noun:n:nv
МакКарті /<+m                           #> Маккарті
МакКартні /<+m                          #> Маккартні
МакКейн /n20.a.<+                           #> Маккейн
МакКой /n20.a.<+d                           #> Маккой
Мак-Ларен /n20.a :prop
малазієць /n22.a.p.<
малазійка /n10.p2.<
малазійський /adj
малозабезпеченність /n30
малоімовірний /adj.adv
мало-хто /n_pron.< :pron:ind
мало-що adv
Мальдиви /np2 :prop:geo
Манджурія /n10 :prop:geo                        #> Маньчжурія
марганцево-кислий /adj
маріхуана /n10
масачусетський /adj
Массандра /n10 :prop:geo                        #> Масандра
маштаб /n20.p
маштабний /adj.adv
маштабність /n30
МВД noun:n:nv:abbr:prop                     #> МВС
МГУ noun:m:nv:abbr:prop                     #> МДУ
мейстер /n20.a.p.<
Мексіка /n10 :prop:geo
мексіканець /n22.a.p.<                      #> мексиканець
мексіканський /adj                          #> мексиканський
Мелашчин /adj
менхенгладбахський /adj
месідж /n20.a.u.p                           #> меседж|месидж
месседж /n20.a.u.p                          #> меседж
мессія /n10.p1.<m
милосердіє /n2n
мислиннєвий /adj
міжнародно-визнаний /adj
міжнародно-договірний /adj
міжнародно-економічний /adj
міжнародно-протиправний /adj
мікрочіп /n20.a.p
міністрка /n10.p2.<                         #> міністерка
мінусовка /n10.p2
Мінюст /n20 :prop
місдімінор /n20.p.ke                        #> місдимінор
місцевизначення /n2n
місцеіснування /n2n.p1
міськкоопторг /n20.p
міттельштанд /n20.p
Мічіган /n20 :prop:geo                      #> Мічиган
мічіганський /adj                           #> мічиганський
модньо adv                                  #> модно
молебен /n22.a.u.p
Мондіаль /n20                               #> мундіаль
монсиньйор /n20.a.p.ke.<
монтморілоніт /n20
Монтреаль /n20.a :town:prop:geo
мотопароплан /n20.a.p
Моуріньо /<+m                               #> Моурінью
моцарелла /n10
музеїфікація /n10
мумійо noun:m:nv                            #> муміє
Мусоліні /<+m                               #> Муссоліні
м'ягкенький /adj                            #> м'якенький
м'ягкенько adv                              #> м'якенько
м'ягко adv
м'ясомолочний /adj
наврядчи adv
навряд-чи adv
навсебіч adv
надвірній /adj
надобраніч intj
надсилу adv                                 #> над силу
надурняк adv
нажаль noninfl:insert                       #> на жаль
назло adv                                   #> на зло
найймовірніший /adj :comps
наймовірніше adv:comps
найпізнійше найпізнійше adv:comps:predic
найтяжкий /adj
накшталт noninfl
наніч adv
наостаток adv
наплаву adv                                 #> на плаву
наповну adv
напостійно adv
напр adv:insert                             # втрачена крапка з "напр."
на-правду adv
напротязі prep                              # rv_rod
нарізко adv                                 #> нарізно
наркоділер /n20.a.p.ke.<
насамоті adv
насмерть adv
насьогодні adv
натоміть adv
наувазі noninfl                             #> на увазі
нафтізин /n20
націобудівництво /n2n
націобудуючий /adj :adjp:actv:imperf
націогенез /n20
націозахисний /adj
націократія /n10
націокультурний /adj
націотвірний /adj
націотворення /n2n
націотворчий /adj
націоцентризм /n20
націоцентричний /adj.adv
націоцентричність /n30
націст /n20.a.p.<
націстський /adj
небагато-хто /n_pron.< :pron:ind
небагато-що /n_pron :pron:ind
неважно adv                                 #> неважливо|байдуже|однаково|поганенько|так собі
неварто noninfl                             #> не варто
невгаваючи adv                              #> не вгаваючи
невзмозі adv                                #> не в змозі|не могти
невистачати /v2.cf :imperf
невистачити /v1 :perf
невідворотній /adj
невідворотньо adv
невідчепний /adj                            #> невідчіпний
невідчепність /n30                          #> невідчіпність
невідчепно adv                              #> невідчіпно
нев'їздний /adj                             #> нев'їзний
негаусівський /adj
недивлячись advp:rev:imperf
недивно adv
недовподоби adv
недопустити /v1 :perf
недород noun:m:v_naz/v_zna  # lim           #> недорід
недородний /adj                             #> недорідний
не-Евклідів /adj                            #> неевклідів
незаможній /adj                             #> незаможний
незворотній /adj
незворотньо adv                             #> незворотно
нездатен noninfl                            #> не здатен
незовсім adv
незрівняний /adj
нейманів /adj               # caps
нейрогуморальний /adj
неконкурентноздатний /adj
некон'юктурний /adj
неминучо adv
неможе noninfl                              #> не може
неможна noninfl:predic                     #> не можна
ненарожденний /adj
непорівняно adv
непринятий /adj
несоромно adv                               #> не соромно
неставати /v1.cf :imperf
нетреба noninfl                             #> не треба
нижчоліговий /adj
низькодоходний /adj
нідочого noninfl                            #> ні до чого
ніжнобузковий /adj
ніжнозелений /adj
ніжносалатовий /adj
нічо adv                                                    #> нічого
нічогісенько adv
норвежський /adj
нутріціолог /n20.a.p.<
НьюЙорк /n20.a :town:prop:geo
нью-мексіканський /adj
Нью-Мексіко noun:m:nv:np
ньюсмейкер /n20.a.p.ke.<
ньюс-мейкер /n20.a.p.ke.<
ньюсмейкерство /n2n
обєднання /n2n.p1
обєкт /n20.a.p
об'єктно-орієнтований /adj
облрибкомбінат /n20.p
обовязковий /adj.adv
обовязок /n22.p
одинаковий /adj
один-на-один adv
одноплемінець /n22.a.p.<
окклюдер /n20.a.p.ke
олієжировий /adj
олійноекстракційний /adj
олійно-екстракційний /adj
олітературнення /n2n                        #> олітературення
онко-гематологічний /adj
ооо intj
оооо intj
ооооо intj
оптиковолоконний /adj
оптикоелектронний /adj
організуючись advp:rev:imperf
орігамі noun:m:nv|noun:f:nv
оруеллізм /n20                              #> орвеллізм
Освенцім /n20.a :xp1:town                   # місто
Освенцім /n20 :xp2                          # табір
освенцімський /adj
Освєнцім /n20.a :xp1:town                   # місто
Освєнцім /n20 :xp2                          # табір
основанья основанья noun:n:v_rod            # lim
от-кутюр noninfl:foreign                    #> от кутюр
отово part                                                  #> ото
оффшор /n20.p.ke
оффшорний /adj
очі-в-очі adv                               #> очі в очі
памятати /v2.cf.advp :imperf
пам'ятко-охоронний /adj
памятник /n20.a.p
память /n32
панєвразійський /adj                        #> пан'євразійський
пан-євразійський /adj                       #> пан'євразійський
панєвропейський /adj                        #> пан'європейський
пан-європейський /adj                       #> пан'європейський
пані-матка /n10.p2.ko.<
пан-отець /n22.a.p.<
папарацці /<
папіломовірус /n20.p
папіломовірусний /adj
паратриатлон /n20
ПАРЕ noun:f:nv:np:prop:abbr                 #> ПАРЄ
парижський /adj
парохіальний /adj
партійнодержавний /adj
парфюм /n20.p
парфюмер /n20.a.p.ke.<
парфюмерія /n10
парфюмерка /n10.p2.<
парфюмерний /adj
паталогічний /adj                           #> патологічний
пауерліфтер /n20.a.p.ke.<                   #> паверліфтер
пауерліфтерка /n10.p2.<                     #> паверліфтерка
пауерліфтинг /n20                           #> паверліфтинг
пеллета /n10.p1                             #> пелета
пентхауз /n20.a.p
передматчовий /adj                          #> передматчевий
передювілейний /adj
переіменування /n2n.p1
перекоти-поле /n2n
перепорядкування /n2n
переслуховування /n2n
перетурбація /n10.p1
перисто-розсічений /adj
перкьольт /n20.p                            #> перкельт
перовскіт /n20.p
перовскітний /adj
Пєтровскій /n2adj1.<+
піаніссімо noninfl
півзахисний /adj
півтора-дві numr:p:nv           # rg_m/rg_n
півтори-два numr:p:nv           # rg_f
підгорання /n2n.p1
підгорати /v2.cf.advp :imperf
під'їздний /adj
підкаст /n20.p                              #> подкаст
підкастинг /n20                             #> подкастинг
підножний /adj
підчас adv                                  #> під час
підчеплювати /v1.cf.advp :imperf            #> підчіплювати
пізнійше adv:compc:predic
піккардійський /adj
Пілзень /n22.a :prop:geo                         #> Плзень
пілігрім /n20.a.p.<
пілігрімський /adj
пільзеньський /adj                          #> плзенський
пінгвинятко /n2n.p2.ovi.<>                  #> пінгвінятко
пітчінг /n20.p                              #> пітчинг
піцца /n10.p1
піццерія /n10.p1
пішоходний /adj
пласкопаралельний /adj
пласко-паралельний /adj
плейліст /n20.a.p
плодовоовочевий /adj
плоско-паралельний /adj
побутовізм /n20.p
повномаштабний /adj
по-гіпократівськи adv                       #> по-гіппократівськи
погодній /adj
подвірній /adj
подорозі adv
подруге adv                                     #> по-друге
пожадальний /adj
поздовжний /adj
позіція /n10.p1
покишо noninfl                                              #> поки що
покищо adv                                      #> поки що
поклон noun:m:v_naz/v_zna     # lim         #> поклін
полбяний /adj                               #> полб'яний
по-людські adv
поляглий /adj                               #> полеглий
по-мавп'ячому adv
по-малу adv
помаранчовий /adj                           #> помаранчевий
по-над adv                                  #> понад
пообіді adv
по-одному adv                               #> по одному
поперше adv
по-під adv                                  #> попід
по-порядку adv
по-правді adv                               #> по правді
по-при prep                                                 # rv_zna:rv_mis:rv_rod
популіський /adj
порівнянно adv                              #> порівняно
порожний /adj
посвоєму adv
поскорше adv
по-сусідству adv                            #> по сусідству
по-суті adv
потретє adv
потроллити /v1 :perf                                    # rv_zna:rv_oru
по-трохи adv
по-троху adv
по-трошки adv
почерзі adv
по-черзі adv
по-щирості adv
праксиологія /n10
праобраз /n20.p                             #> прообраз
предімплантаційний /adj
президенство /n2n
прем'єрміністр /n20.a.p.ke.<
прем'єр-міністрка /n10.p2.<                 #> прем'єр-міністерка
пресавтомат /n20.a.p
пресінг /n20
престіссімо adv
прецендент /n20.p
прецидентний /adj
приамбула /n10.p1
Приватбанк /n20                             #> ПриватБанк
приватдоцент /n20.a.p.<
приватній /adj.adv
привеликий /adj
придорожний /adj
принаймі adv
приняти /v1.isTo :perf
принятий /adj :adjp:pasv:perf
принятися /vr1 :perf
приняття /n2n
приоритетний /adj
приорітетний /adj
природозаповідний /adj
природоресурсний /adj                       #> природноресурсний
пріоритезація /n10
пріоритезувати /v1.cf.advp :imperf                      # rv_zna:rv_oru:rv_dav
пріорітет /n20.p
пріорітетний /adj
продезинфікований /adj :adjp:pasv:perf
продезинфікувати /v1.is0 :perf                      # rv_zna:rv_oru:rv_dav
прокрустовий adj:m:v_naz/v_zn2     # lim    #> прокрустів
пропагандиський /adj
проплата /n10.p1
пропозіція /n10.p1
простигосподи intj
просторо-часовий /adj
протопоп noun:m:v_naz:anim          # lim
професійнотехнічний /adj
проффесор /n20.a.p.ke.<
прочищування /n2n
прочищувати /v1.cf.advp :imperf                         # rv_zna:rv_oru:rv_dav
пружній /adj.adv
публічноправовий /adj
пуско-налагоджувальний /adj
п'яніна /n10
п'яніно noun:n:nv:np
пятниця /n10.p1
рагс /n20.p
радіактивний /adj
раллі noun:n:nv                             #> ралі
рванути /v1 :perf                                           # rv_zna:rv_oru:rv_dav
ребрендінг /n20
резигнація /n10
релігіозний /adj
реселлер /n20.a.p.<
рестлінг /n20                       #> реслінг
ретейлер /n20.a.p.ke.<
реторика /n10.p1
ретрівер /n20.a.p.ke.<>
рецепшен /n20.p
речовізм /n20 :coll
рибохорона /n10                             #> рибоохорона
ризик-орієнтований /adj
римокатолицизм /n20
римокатолицький /adj
ритмендблюз /n20
рів'єра /n10.p1
рієлтер /n20.a.p.ke.<
рієлтерський /adj
різото noun:n:nv
різотто noun:n:nv
рікота /n10
рікотта /n10
рінгтон /n20.p
рістрето noun:n:nv
рістретто noun:n:nv
рітейл /n20
рітейлер /n20.a.p.ke.<
рітейлерський /adj
рітейловий /adj
рН noninfl
розвязання /n2n.p1
розвязати /v1.isNo :perf
розвязка /n10.p2
розиграш /n20.p                             #> розіграш
розстанути /v1 :perf
рок-ен-рол /n20.p
рокенрольний /adj
рок'н'рол /n20.p
рок-н-ролл /n20
рок-н-рольщик /n20.a.p.<
росповсюдження /n2n
росподіл /n20.p
руднометалургійний /adj
руккола /n10
садо-мазохізм /n20
сайєнтолог /n20.a.p.<
сайєнтологічний /adj
сайєнтологія /n10
самміт /n20.p
самозагорання /n2n
само-собою adv
самотний /adj
санкт-петербургський /adj                   #> санкт-петербурзький
Сан-Франціско noun:n:nv:np:prop:geo
свіжовидрукований /adj                      #> свіжовидрукуваний
світлоповітряний /adj
світлошумовий /adj
світодіодний /adj
Свят-Вечір /n21 :prop
свят-вечір /n21.a.p.ke                      #> святвечір
свят-вечірній /adj                          #> святвечірній
святовечірній /adj                          #> святвечірній
священий /adj
священомученик /n20.a.p.<
священослужитель /n20.a.p.<
секвойя /n10                                #> секвоя
сельбуд /n20.p                              #> сільбуд
семидесятий /adj :numr                      #> сімдесятий
семидесятиліття /n2n
семидесятиріччя /n2n
семинарія /n10.p1
сепаратиський /adj
середньостатичний /adj                      #> середньостатистичний
середньотонажний /adj
серйоз /n20
серцевосудинний /adj
серьйозний /adj
сигвей /n20.a.p
симулякра симулякр noun:m:v_rod
симферопільський /adj
Симферополь /n20.a :prop:geo:town
Сиріус /n20.a :prop
сігвей /n20.a.p
сіквел /n20.p
сінгл /n20.a.p
сінематека /n10.p1
сінематограф /n20.a.p
сінокос noun:m:v_naz/v_zna  # lim
сінокосний /adj
сінтоїстський /adj                          #> синтоїстський
сірієць /n22.a.p.<
сірійський /adj
сірозелений /adj
сіцілієць /n22.a.p.<
сіцілійський /adj
Сіцілія /n10 :prop:geo
Скандінавія /n10 :prop:geo
скандінавський /adj
скількісь numr:p:v_naz/v_zna:pron:ind   # lim
скінченно-елементний /adj
скрінінг /n20.p
скрінінговий /adj
скріншот /n20.p
славянський /adj
слав'янський /adj
словянський /adj
слухо-моторний /adj
сніговобілий /adj
сніжнобілий /adj
советський /adj
совєцкій /adj
соц-арт /n20
соціальнокультурний /adj
соціальнопсихологічний /adj
спагетті noun:n:nv                          #> спагеті
спаніель /n20.a.p.<>
спеціально-дозвільний /adj
спецпризначинець /n22.a.p.<
спиртогорілчаний /adj
сплючи advp:imperf
спражній /adj
СССР noun:m:nv:np:prop:geo:abbr             #> СРСР
стаккато noun:n:nv                          #> стакато
старожитний /adj
сторітеллінг /n20                           #> сторітелінг
Стразбург /n20.a.zi :town
студенокський /adj                          #> студеноцький
студенство /n2n
студенський /adj
судовоправовий /adj
суннітський /adj
суперякісний /adj
суперяскравий /adj
сухопутній /adj.adv
східній /adj
сьогодняшній /adj
сьодні adv                                                  #> сьогодні
сюда adv
сюхвилинний /adj
сюхвилинність /n30
сюхвилинно adv
таеквандо noun:n:nv                         #> тхеквондо
тай noninfl                                 #> та й
так-званий /adj
таксамо adv
такшо noninfl                                               #> тому|тож
Таллін /n20.a :town                         #> Таллінн
тама adv:pron:dem|part                                     #> там
татовий adj:m:v_naz/v_zn2         # lim     #> татів
Тенеріфе noun:n:nv:prop:geo
Тенессі noun:m:nv:prop:geo                  #> Теннессі
Теннесі noun:m:nv:prop:geo                  #> Теннессі
теперешній /adj
теппінг /n20
тико adv                                    #> тілько
тимбільше adv                               #> тим більше
тисаагтелекський /adj                       #> тисаагтелецький
тисячелітній /adj                           #> тисячолітній
тисячеліття /n2n.p1                         #> тисячоліття
Тібет /n20 :prop:geo
тіки adv|part                                               #> тільки
тікі adv|part                                               #> тільки
тількищо adv
тільки-що adv
тількі adv|conj:subord|conj:coord|part
тімома /n10
тойво noninfl
тонаж /n20
торговля /n10
торрент /n20.a.p
торрент-клієнт /n20.a.p
торрент-мережа /n10.p1
торрент-трекер /n20.a.p.ke
то-що part
траекторія /n10.p1
трансєвропейський /adj
трейдінг /n20
трендсеттер /n20.a.p.ke.<
трендсеттерка /n10.p2.<
триатлон /n20
триатлоніст /n20.a.p.<
триатлоністка /n10.p2.<
трицять /numr
тріазольний /adj
тріквел /n20.p                              #> триквел
трікстер /n20.a.p.<
трікстерство /n2n
трікстерський /adj
трільйон /n20.a.p :numr
троллінг /n20
троцкізм /n20
трудоголик /n20.a.p.<
Турін /n20.a :town:prop:geo
турінський /adj                             #> туринський
Туркменистан /n20 :prop:geo
тута adv                                                    #> тут
тшінецький /adj
тюнинг /n20                                 #> тюнінг
тюнингований /adj :adjp:pasv:imperf         #> тюнінгований
тюнинговий /adj                             #> тюнінговий
тюрський /adj
УІІІ number:latin                           #> VIII
уїкенд /n20.p
Уїмблдон /n20 :prop
уїмблдонський /adj
Украіна /n10 :prop:geo
УНСоюз /n20 :prop
уорент-офіцер /n20.a.p.ke.<                 #> ворент-офіцер
усе'дно adv:v-u                             #> усе 'дно
усетаки adv
УССР noun:f:nv:np:prop:geo:abbr             #> УРСР
усього-навсього part
фаллопластика /n10
фандрайзер /n20.a.p.ke                      #> фандрейзер
фандрайзинг /n20                            #> фандрейзинг
фандрайзинговий /adj                        #> фандрейзинговий
фандрайзинґ /n20                            #> фандрейзинг
фандрейзінг /n20                            #> фандрейзинг
фараонський /adj
фейєрверк /n20.a.p                          #> феєрверк
фельєтон /n20.a.p                           #> фейлетон
феменістка /n10.p2.<
Фернандіньо /<m :fname                      #> Фернандінью
філіпіка /n10.p1                            #> філіппіка
фінляндизований /adj :adjp:pasv:imperf:perf
фінляндизуватися /vr1.cf.advp :imperf:perf
фінляндізація /n10
фінн /n20.a.p.<
фінно-угорський /adj
фіто-санітарний /adj
Флоріда /n10 :prop:geo
флорідський /adj                            #> флоридський
фолкльор /n20.ke
форм-фактор /n20.a.p.ke
форсмажор /n20.p.ke
форсмажорний /adj
фортисімо adv
фортісимо adv
фортісімо adv
фортіссімо adv
французський /adj
фрейлен noun:f:nv
фрізбі noun:m:nv                            #> фрисбі
фрісбі noun:m:nv                            #> фрисбі
фрістайліст /n20.a.p.<
фрістайлістка /n10.p2.<
фуллерен /n20.p
фьорд /n20.a.p                              #> фіорд
Фюзеллі /<+m
халапеньо noun:m:nv                         #> халапеньйо
Халхін-Гол /n20                             #> Халхин-Гол
хаммер /n20.a.p                             #> хамер
харчевий /adj
хвилеводний /adj
хелловін /n20                               #> Гелловін
хеллоуїн /n20                               #> Гелловін
хеллоуїнський /adj                          #> гелловінський
хеловін /n20                                #> Гелловін
хеловінський /adj                           #> гелловінський
хелоуїн /n20                                #> Гелловін
хелоуїнський /adj                           #> гелловінський
Хельсінкі noun:n:nv
хеппі-енд /n20.p
хеттрик /n20.a.p
хеттський /adj                              #> хетський
ХІ number:latin
хібашо noninfl                                              #> хіба що
ХІІ number:latin
ХІІІ number:latin
хіппі noun:m:nv:anim|noun:f:nv:anim         #> хіпі
хіппівський /adj                            #> хіпівський
ХІУ number:latin
ХІХ number:latin
хлібо-булочний /adj
Хмельницьк noun:m:v_naz/v_zna:prop:geo # lim     #> Хмельницький
хмельниччанин /n20.a.pyn.<
хоббі noun:n:nv
хоббіт /n20.a.p.<                           #> гобіт
холдінг /n20.p
холдінговий /adj
хостінг /n20.p
хочби conj:subord                           #> хоч би
Х-промені /np2                              #> X-промені
хрестово-купольний /adj
хто-зна noninfl:predic
хтозна-шо noun:inanim:n:v_naz/v_zna:pron:ind               #> хтозна-що
ХУІ number:latin
ХУІІ number:latin
ХУІІІ number:latin
ХУШ number:latin
ХХ number:latin
ХХІ number:latin
ХХІІ number:latin
ХХІІІ number:latin
ХХ-річчя /n2n
цедулка /n10.p2
цео part                                                    #> це
цетральний /adj
ціаністий /adj
цівільний /adj
ціркуляція /n10.p1
Ціцерон /n20.a.<+
Цурюпинськ /n20.a :prop:geo
цурюпинський /adj
цюріський /adj
час-від-часу adv                            #> час від часу
час-до-часу adv                             #> час до часу
чвертьложечки noun:f:nv:np                  #> чверть ложечки
ЧВК noun:f:nv:abbr                          #> ПВК
черепномозковий /adj
черлідер /n20.a.p.ke.< :+f
черлідинг /n20
чернигівський /adj
черчилівський /adj
Черчілль /n20.a.<+
Черчіль /n20.a.<+
чикагський /adj                             #> чиказький
чи-то conj:coord
чізбургер /n20.a.p.ke
чіпізація /n10                              #> чипізація
чіпований /adj :adjp:pasv:perf              #> чипований
чіповий /adj                                #> чиповий
чіпсет /n20.a.p                             #> чипсет
чіпси /np2
чіпування /n2n                              #> чипування
чіпувати /v1.cf.advp :imperf                #> чипувати
чіхуахуа noun:f:nv:anim|noun:m:nv:anim
член-кореспондент /n20.a.p.< :xp2           # мають відмінюватися обидві частини
чорнетка /n10.p2
чорт-зна noninfl:predic
чортзна-шо noun:inanim:n:v_naz/v_zna:pron:ind              #> чортзна-що
чотирьохопорний /adj                        #> чотириопорний
шампіньон /n20.a.p                          #> шампіньйон
шансоньєтка /n10.p2.<
шахид /n20.a.p.<
шахидка /n10.p2.<
Швайцарія /n10 :prop:geo
швецький /adj
ше adv|part                                                 #> ще
шевченковий /adj                            #> Шевченків
шестидесятий /adj :numr                     #> шістдесятий
шестидесятник /n20.a.p.<                    #> шістдесятник
шестидесятництво /n2n
шестидесятниця /n10.p1.<                    #> шістдесятниця
шефкухар /n24.a.p.ku.<
шефмеханік /n20.a.p.<
шефпілот /n20.a.p.<
шефповар /n20.a.p.ke.<
шефредактор /n20.a.p.ke.<
шефредакторка /n10.p2.<
шиїсят /numr                                                #> шістдесят
шиловидний /adj                             #> шилоподібний
Широкино noun:n:nv:prop:geo                 #> Широкине
Широкіне /n2adj1 :prop:geo                  #> Широкине
Широкіно noun:n:nv:prop:geo                 #> Широкине
шіснадцять /numr
шляхо-ремонтний /adj
шоб conj:subord|part                                        #> щоб
шоби conj:subord|part                                       #> щоб
шодо prep              # rv_rod                             #> щодо
шоппінг /n20
шосткінський /adj
шось noun:inanim:n:v_naz/v_zna:pron:int                    #> щось
шо-шо noun:inanim:n:v_naz/v_zna:pron:int:rel               #> що-що
шпінат /n20
штабквартира /n10.p1
штаб-ротмістр /n20.a.p.ke.<                 #> штабс-ротмістр
штаб-ротмістрський /adj
што noun:n:v_naz/v_zna:pron:int:rel          # lim
штоллен /n20.a.p
штраф-майданчик /n20.a.p
штрих-пунктирний /adj
штурмбаннфюрер /n20.a.p.ke.<
щей noninfl                                 #> ще й
Щецін /n20.a :prop:geo
щовісім adv
щодва adv                                   #> що два
щодвадцять adv
щодватижні adv                              #> що два тижні
щодві adv                                   #> що дві
щодвігодини adv                             #> що дві години
щодев'ять adv
щодесять adv                                #> що десять
що-дня adv
що-до prep                  # rv_rod
щож noninfl                                 #> що ж
щождо noninfl
щоп'ятнадцять adv                           #> що п'ятнадцять
щоп'ять adv                                 #> що п'ять
що-раз adv
що-разу adv
що-року adv
що-сили adv
щосім adv
щосто adv
щотри adv                                   #> що три
щотригодини adv                             #> що три години
щотридцять adv
щотримісяці adv                             #> що три місяці
щотритижні adv                              #> що три тижні
що-хвилини adv
щочотири adv                                #> що чотири
щошість adv
югославянський /adj
яїчко /n2n.p2
якслід adv                                  #> як слід
якшо conj:subord                                            #> якщо
яскравочервоний /adj
ясневельможний /adj
ясносиній /adj                              #> ясно-синій /adj
