# мови, за винятком присутніх в інших словниках

авадхі noun:f:nv:np
адангме noun:f:nv:np
акан noun:f:nv:np
аккадський /adj
арауканський /adj
астурський /adj
афарський /adj
африхілі noun:f:nv:np
#ачеський /adj
ачолі noun:f:nv:np
балійський /adj
балучі noun:f:nv:np
бамбара noun:f:nv:np
бамілеке noun:f:nv:np
батак noun:f:nv:np:xp2
беджа noun:f:nv:np
бемба noun:f:nv:np
біні noun:f:nv:np
біслама noun:f:nv:np
брадж noun:f:nv:np
бугійський /adj
бходжпурі noun:f:nv:np
вакашський /adj
валамо noun:f:nv:np
варай noun:f:nv:np
вашо noun:f:nv:np
венда noun:f:nv:np
водський /adj
ваддялайсет noun:f:nv:np
волоф noun:f:nv:np
гайо noun:f:nv:np
гбайя noun:f:nv:np:ua_1992      #> гбая
гбая noun:f:nv:np:ua_2019
гєез noun:f:nv:np
гіндустані noun:f:nv:np
гонді noun:f:nv:np
горонтало noun:f:nv:np
гребо noun:f:nv:np
даяк noun:f:nv:np
дзонгха noun:f:nv:np
дівехі noun:f:nv:np
дінка noun:f:nv:np
діула noun:f:nv:np
догрі noun:f:nv:np
евондо noun:f:nv:np
екаджук noun:f:nv:np
ефік noun:f:nv:np
зенага noun:f:nv:np
зуньї noun:f:nv:np
іджо noun:f:nv:np
ілоканський /adj
інуп'як noun:f:nv:np
іудео-арабський /adj    #> юдео-арабський
іудео-перський /adj    #> юдео-перський
кабильський /adj
каддо noun:f:nv:np
калааллісут noun:f:nv:np
каренський /adj
качін noun:f:nv:np
кіньяруанда noun:f:nv:np
кірунді noun:f:nv:np
койсанський /adj
конкані noun:f:nv:np
косрае noun:f:nv:np
кпеллє noun:f:nv:np
#крі noun:f:nv:np
#крік noun:f:nv:np
#кру noun:f:nv:np
кунама noun:f:nv:np
курукх noun:f:nv:np
кутенаї noun:f:nv:np
кучін noun:f:nv:np
кушітський /adj
кхасі noun:f:nv:np
ладіно noun:f:nv:np
ламба noun:f:nv:np
лахнда noun:f:nv:np
лімбургійський /adj
лінгала noun:f:nv:np
ложбан noun:f:nv:np
луба-катанга noun:f:nv:np
луба-лулуа noun:f:nv:np
луїсеньо noun:f:nv:np
лунда noun:f:nv:np
луо noun:f:nv:np
лушей noun:f:nv:np
магавк noun:f:nv:np
магадхі noun:f:nv:np
майтхілі noun:f:nv:np
мандарський /adj
мандінго noun:f:nv:np
манобо noun:f:nv:np
марварі noun:f:nv:np
менде noun:f:nv:np
мікмак noun:f:nv:np
мінангкабау noun:f:nv
мірандський /adj
мон-кхмерський /adj
моссі noun:f:nv:np
науру noun:f:nv:np
нахуатль noun:f:nv:np
ндебелє noun:f:nv:np
нзіма noun:f:nv:np
ніаська noun:f:nv:np
ніґеро-кордофанський /adj
ніуе noun:f:nv:np
ньоро noun:f:nv:np
ньянджа noun:f:nv:np
ньянколе noun:f:nv:np
оджібва noun:f:nv:np
окситанський /adj
осейдж noun:f:nv:np
палауанський /adj
пампанга noun:f:nv:np
пап'яменто noun:f:nv:np
пехлеві noun:f:nv:np
понапе noun:f:nv:np
портуґальсько-креольський /adj
рапануї noun:f:nv:np
раротонга noun:f:nv:np
рогінджа noun:f:nv:np
Кімі /<m
інарі noun:f:nv:np
луле noun:f:nv:np
скольт noun:f:nv:np
салішський /adj
санго noun:f:nv:np
сандаве noun:f:nv:np
сантальський /adj
сасакський /adj
себуанський /adj
сіксіка noun:f:nv:np
слейв noun:f:nv:np
сонгай noun:f:nv:np
сукума noun:f:nv:np
терено noun:f:nv:np
тетум noun:f:nv:np
тлінгіт noun:f:nv:np
токелау noun:f:nv:np
ток-пісін noun:f:nv:np
тувалу noun:f:nv:np
тумбука noun:f:nv:np
умбунду noun:f:nv:np
фарсі noun:f:nv:np
фіджі noun:f:nv:np
фінікійсько-пунічний /adj
франко-креольський /adj
фріульський /adj
фула noun:f:nv:np
хайда noun:f:nv:np
хауса noun:f:nv:np
хілігайнон noun:f:nv:np
хімачалі noun:f:nv:np
хірі-моту noun:f:nv:np
хітіті noun:f:nv:np
хмонг noun:f:nv:np
хотаносакський /adj
хупа noun:f:nv:np
цимшиан noun:f:nv:np
чагатайський /adj
чаморро noun:f:nv:np
чейєнн noun:f:nv:np:ua_1992         #> чеєнн
чеєнн noun:f:nv:np:ua_2019
чібча noun:f:nv:np
чіпев'ян noun:f:nv:np
чокто noun:f:nv:np
чукський /adj
шанський /adj
шона noun:f:nv:np
юдео-арабський /adj
юдео-перський /adj
юпік noun:f:nv:np

# скрипти

бопомофо noun:m:nv:np
буґійський /adj
бухід noun:m:nv:np
ваї noun:m:nv:np
естрангело noun:m:nv:np
кая noun:m:nv:np
#лі noun:m:nv:np
кирт noun:m:nv:np
кхутсурі noun:m:nv:np
асомтаврулі noun:m:nv:np
нускхурі noun:m:nv:np
лепча noun:m:nv:np
ронг noun:m:nv:np
лоло noun:m:nv:np
кхароштхи noun:m:nv:np
манде noun:m:nv:np
мандейський /adj
мероїтський /adj
пахау noun:m:nv:np
пхагс-па noun:m:nv:np
ронго-ронго noun:m:nv:np
сараті noun:m:nv:np
сілоті noun:m:nv:np
нагрі noun:m:nv:np
блісса noun:m:nv:np
таана noun:m:nv:np
тагбанва noun:m:nv:np
тай-лі noun:m:nv:np
тифінаг noun:m:nv:np
хангул noun:m:nv:np
хануну noun:m:nv:np
харапський /adj
хінді noun:m:nv:np
шумеро-аккадський /adj
кокні noun:m:nv:np:xp2
гельський /adj
койне noun:m:nv:np
ріксмол /n20
себуано noun:m:nv:np
