# Хортиця /n10 :tm
# Оболонь /n32 :tm
# Корона /n10 :tm
# Торчин /n20.a :tm
# Миргородська /n2adj1 :tm
# Чернігівське /n2adj1 :tm
# Яготинське /n2adj1 :tm
# Моршинська /n2adj1 :tm
# Епіцентр /n20.ke :tm
# Чумак /n20.a :tm
# Садочок /n22.a :tm
# Фора /n10 :tm
# Живчик /n20.a :tm
# Люкс /n20 :tm
# Любимов /n20.a :tm
# Світоч /n20.a :tm
# Фокстрот /n20 :tm
# Верес /n20.a :tm
# Галичина /n10 :tm
# Єва /n10 :tm
# Бердичівське /n2adj1 :tm
# Микулинецьке /n2adj1 :tm
# Фуршет /n20 :tm
# Ятрань /n32
# Воля /n10 :tm
# Рудь /n32? :tm
# Шостка /n10 :tm
# Флінт /n20.a :tm
# Щедро noun:n:nv:np:tm
# Шабо noun:n:nv:np:tm
# Артемівське /n2adj1 :tm
А-БА-БА-ГА-ЛА-МА-ГА /n10            # :tm
А-Ба-Ба-Га-Ла-Ма-Га /n10 :bad
Абабагаламага /n10 :bad
а-ба-ба-га-ла-ма-га /n10 :prop:bad
абабагаламагівський /adj
абабагаламагський /adj
Абсурдистан /n20
Аваль /n20.a         # :tm
Авеста /n10
авестійський /adj
Авіант /n20         # :tm
АВК noun:m:nv:np        # :tm
АвтоЗАЗ /n20.ke         # :tm
АвтоКрАЗ /n20.ke         # :tm
Агріколь noninfl
Агропродсервіс /n20
Адідас noun:m:nv:np        # :tm
АЕК noun:m:nv:np            # ФК
аеровіт /n20
Аеросвіт /n20         # :tm
Азіада /n10.p1
Азовінтекс /n20
Азовмаш /n20         # :tm
Азовсталь /n32         # :tm
Аїда /n10 :xp2
АйБіЕм noun:f:nv:np        # :tm
Айдар /n20.ke
Айнтрахт /n20.a         # :tm
Аль-Акса /n10
Аль-Арабія /n10
Альбасете noun:m:nv        # :tm
Альбіон /n20
Альгемайне noninfl:foreign
Альдебаран /n20.a
Аль-Джазіра /n10
Аль-Каєда /n10
Аль-Каїда /n10
аль-Кайда /n10
Аль-Кудс /n20.a
Альма /n10.ko
Альтаїр /n20.a.ke
Альфа-Банк /n20
Амазон /n20
Амальтея /n10
Амарето noun:m:nv:np
Амаркорд noun:m:nv
Амізон /n20
Аміксин /n20
амлодипін /n20
анаферон /n20
Андромеда /n10 :xp2     # сузір'я
Анжі noun:m:nv:np|noun:n:nv:np
аннібалова /adj
Антанта /n10
Антарес /n20.a
антибютівський /adj
антинатовець /n22.a.p.<
антинатовський /adj
антинашоукраїнський /adj
антирухівський /adj
антисвободівський /adj
антифа noun:m:nv
Антонич-фест /n20
АПК-Інформ /n20
АПОЕЛ noun:m:nv:np
Арабія /n10
Арктур /n20.a.ke
Арсенал /n20            # xv2: футб. клуб; Мистецький Арсенал
Артек /n20.zi
Артемвугілля /n2n
Арун /n20
аскофен /n20
аспаркам /n20
Ассошіейтед noninfl:foreign
Аталанта /n10 ^noun:m               # ФК
АТБ noun:m:nv:np        # :tm
АТВ noun:m:nv                   # телеканал
Атлантіс /n20.a
Атлант-М noun:m:nv:np
Атлетико noun:m:nv:np
Атлетік /n20.a
Атлетіко noun:m:nv:np
Атомпрофспілка /n10
АТР noun:m:nv:np            # :tm         # канал
Ауді noun:f:nv|noun:n:nv
Аустрія /n10                # ФК
ацетазоламід /n20
ацикловір /n20.ke
Ашан /n20
Аякс /n20.a
баасист /n20.a.p.<
Баєр /n20.a.ke
Бакуріані noun:m:nv:np
Балтія /n10
Бандерштат /n20.u                       # фестиваль
Банкова /n2adj1
Барбаросса /n10
барбовал /n20
Бастилія /n10
БАТЕ noun:m:nv:np        # :tm          # футбольний клуб
батьківщинівець /n22.a.p.<
Беверлі noun:n:nv:np
Бейсік /n20.a
белалгін /n20
белатамінал /n20
Белтрансгаз /n20
Бенфіка /n10.ko
Березіль /n21.a           # театр
Берлінале noun:m:nv:np
Бернабеу noun:m:nv:np
бетадин /n20
Бетельгейзе noun:f:nv:np
Бетіс /n20                  # ФК Реал Бетіс
Бешикташ /n20
БіБіСі noun:f:nv:np                     #> Бі-Бі-Сі
Бі-Бі-Сі noun:f:nv:np
Бі-бі-сі noun:f:nv:np                   #> Бі-Бі-Сі
Біг-Бен /n20.a
Біґ-Бен /n20.a :ua_2019
Біла /n10
Білокам'яна /n2adj1
Більд /n20
біоспорин /n20
бісептол /n20
Бітлз noun:p:nv:ns
бла-бла-кар /n20.ke
Блекберн /n20.a
блеризм /n20
Блетчлі noun:n:nv
БМВ noun:n:nv|noun:m:nv|noun:f:nv        # :tm       # BMW
Боавішта /n10
Боїнг /n20.a.p
Боїнґ /n20.a.p :ua_2019
Боллівуд /n20.a
боллівудський /adj
Боруссія /n10
брежнєвізм /n20
брежнєвщина /n10
Брент /n20                                          # марка нафти
Бригідки /np3
Брокбізнесбанк /n20
Бромвіч noun:m:nv:np
бромкамфора /n10
Бронек /n20.a
бронхолітин /n20
бубабістський /adj
Бу-Ба-Бу noun:n:nv:np
Бу-ба-бу noun:n:nv:np
бульбівець /n22.a.p.<
бульбівський /adj
Бундесбанк /n20
Бурже noun:m:nv:np
бутамід /n20
БЮТ-Батьківщина /n10
бютівський /adj
вайберський /adj
ваківський /adj :coll
Валгалла /n10
Валлетта /n10
валуєвщина /n10
Вальєкано noun:m:nv:np      # ФК Райо Вальєкано
ватрівчанин /n20.a.pyn.<
Ваффен noninfl:foreign
Ваффен-СС noun:p:nv:ns
Вашем noninfl:foreign           # Яд Вашем
веберівський /adj
Вега /n10
вектра /n10                                 # Опель Вектра
Вемблі noun:m:nv:np
Венера /n10 :xp2        # планета
Веста /n10 :xp2    # планета
Вестінгауз /n20.a
Вест-Пойнт /n20.a
Вестфалія /n10
віагра /n10
Візейр /n20.ke
Вікілікс noun:m:nv:np
Вікісховище /n2n
Вікка /n10                              # телеканал
вілозен /n20
Вільяреал /n20.a
Вільярреал /n20             # ФК
Вімблдон /n20.a :xp1        # місто
Вімблдон /n20 :xp2        # турнір
вімблдонський /adj
віндовз /n20.a ^noun:f :coll
віндовс /n20.a ^noun:f :coll
вінізоль /n20
вінкапан /n20
вінкатон /n20
віпратокс /n20
віпросал /n20
вірапін /n20
віролекс /n20
віскен /n20
ВКонтакте noun:f:nv:np
Вконтакте noun:f:nv:np:bad
ВКонтакті noun:f:nv:np
Вконтакті noun:f:nv:np:bad
Водоекотехпром /n20
Водотеплосервіс /n20
Водохрестя /n2n
Воздвиження /n2n
Волиньгаз /n20
вольво noun:f:nv|noun:n:nv|noun:m:nv
вольтарен /n20
Воплі noun:p:nv:ns
Вотергейт /n20
Вотерґейт /n20 :ua_2019
Вояджер /n20.a.ke
ВТБ noun:m:nv:np        # :tm       # ВТБ банк
Вудсток /n20
Гадес /n20.a
Газекспорт /n20
Газовик-Скала noun:m:nv:np
Газпром /n20
Газпромбанк /n20
Газпромзбут /n20
газпромівець /n22.a.p.<
газпромівський /adj
галактикос noninfl:foreign
галактікос noninfl:foreign
Галата /n10
Галатасарай /n20.a
Галатея /n10 :xp2               # супутник нептуна
галахічний /adj
Галнафтогаз /n20
Гардіан noun:f:nv:np
Гаудеамус /n20.a
Гаяне noun:f:nv:np
Гелловін /n20
гелловінський /adj
Генасамблея /n10
геральд noninfl
Геркулес /n20 :xp2              # сузір'я
Гете-інститут /n20.p            #> Ґете-інститут
гітлер'югенд /n20
Гіяди /np1
Глобал noninfl:foreign
Гогольфест /n20
Гоголь-фест /n20
Голден noninfl:foreign
Головархів /n20
Головдержслужба /n10
Головкиївміськбуд /n20
Гольдберг-варіації /np1
Гоміндан /n20
гомінданівець /n22.a.p.<
гомінданівський /adj
Гоміньдан /n20
гоміньданівець /n22.a.p.<
гоміньданівський /adj
Грааль /n20.a
Градобанк /n20
Грані-Т noun:f:nv:np
Гранослов /n20
Греммі noun:f:nv:np             #> Ґреммі
Грінпіс /n20
Громадське /n2adj1
Гугл /n20.a
Гуморина /n10
гууамівець /n22.a.p.<
гууамівський /adj
Ґете-інститут /n20.p
Ґоміньдан /n20
ґоміньданівець /n22.a.p.<
ґоміньданівський /adj
Ґреммі noun:f:nv:np
Ґуґл /n20
Даун /n20.a
Даунінг-стріт /n20
ДахаБраха noun:m:nv:np|noun:f:nv:np
ДДТ noun:m:nv:np          # (гурт)
Дейвіс-центр /n20.ke
дейлі noninfl
Делойт noun:f:nv:np             # компанія "Делойт енд Туш"
ДемАльянс /n20                  # Демократичний альянс
Демальянс /n20                  # Демократичний альянс
Депортиво noun:m:nv:np
Депортіво noun:f:nv:np
Державіаадміністрація /n10
Державіаслужба /n10
Державтоінспекція /n10
Держархбудінспекція /n10
Держатомнагляд /n20
Держатомрегулювання noun:f:nv:np # Державна інспекція ядерного регулювання України
Держаудитслужба /n10            # Державна аудиторська служба України
Держбуд /n20
Держбюро noun:n:nv:np
Держветфітослужба /n10
Держводагентство /n2n
Держводгосп /n20
Держгеокадастр /n20.ke
Держгеонадра /np1
Держгідрографія /n10
Держгірпромнагляд /n20
Держдеп /n20
Держдепартамент /n20
Держдума /n10
Держенергоефективність /n30
Держенергонагляд /n20           # Державна інспекція енергетичного нагляду України
Держземагентство /n2n           # Державне агентство земельних ресурсів України - поставити це замість леми "держземагентство"
держземагентство /n2n
держзембанк /n20.p
Держземінспекція /n10
Держінвестпроект /n20
Держінформнаук noun:n:nv:np      # Державне агенство з питань електронного урядування України
держказначейство /n2n.p1
Держкіно noun:n:nv:np
Держкомархів /n20.p
Держкомветмедицини noun:m:nv:np
Держкомзв'язок /n22
Держкомзем /n20
Держкомінформ /n20
Держкомкордон /n20
Держкомліс /n20
Держкомлісгосп /n20
Держкомпідприємництва noun:m:nv:np
Держкомрезерв /n20
Держкомрелігій noun:m:nv:np
Держкомрибгосп /n20
Держкомспорт /n20
Держкомстат /n20
Держкомтелерадіо noun:m:nv:np
Держлікінспекція /n10           # Державна інспекція з контролю якості лікарських засобів
Держлікслужба /n10                  # Державна служба України з лікарських засобів та контролю за наркотиками
Держлісагентство /n2n
Держмитниця /n10
Держмитслужба /n10
Держнаглядохоронпраці noun:m:nv:np
Держнацпроект /n20 :ua_1992
ДержНС noun:f:nv:np        # Державна служба України з надзвичайних ситуацій
Держпідприємництво /n2n         # Державна служба України з питань регуляторної політики та розвитку підприємництва
Держплан /n20
Держпраці noun:m:nv:np
Держпраці noun:f:nv:np
Держприкордонслужба /n10
держпродспоживслужба /n10
Держпром /n20
Держрибагентство /n2n
Держрибгосп /n20
Держсанепідемслужба /n10        # Державна санітарно-епідемічна служба України
держсанепідслужба /n10
Держсільгоспінспекція /n10      # Державна інспекція сільського господарства
Держспецзв'язку noun:f:nv:np
Держспецтрансслужба /n10        # Державна спеціальна служба транспорту
Держспоживзахист /n20
Держспоживінспекція /n10
Держспоживслужба /n10           # Державна служба з питань безпечності харчових продуктів та захисту прав споживачів
Держспоживстандарт /n20
Держстат /n20
Держтелерадіо noun:n:nv:np
Держтехногенбезпеки noun:f:nv:np # Державна інспекція техногенної безпеки України
Держтурадміністрація /n10
Держфільмофонд /n20
Держфінмоніторинг /n20          # Державна служба фінансового моніторингу
Держфінпослуг noun:f:nv:np
Дженерал noninfl:foreign
Дженералз noninfl:foreign
Дженоа noun:m:nv:np         # ФК
Джиро noun:n:nv:np     # велоперегони
Дзержинськвугілля /n2n
Дзідзьо noun:m:nv:np
Дзінтарі noun:m:nv:np
Дивосвіт /n20.p
Дивослово /n2n
Динамо noun:n:nv
Діва /n10                   # сузір'я
Діскавері noun:m:nv:np
діснеївський /adj
Діснейленд /n20
Дніпроавіа noun:f:nv:np
Дніпро-Азот /n20                        # клуб
Дніпроазот /n20
Дніпробуд /n20
Дніпроводоканал /n20
Дніпрогаз /n20
Дніпрогес /n20
Дніпроград /n20.a               # вісник
Дніпроенерго noun:n:nv:np
Дніпрообленерго noun:n:nv:np
Дніпроспецсталь /n32
Добропіллявугілля /n2n
Добряна /n10         # :tm
Довженко-центр /n20
Дойчебанк /n20
Донбасаеро noun:f:nv:np
Донбасантрацит /n20
Донбас-Арена /n10
Донбас-арена /n10
Донбасенерго noun:n:nv:np
Донгорбанк /n20
Донецьквугілля /n2n
Донецькміськтепломережа /n10
Донецькобленерго noun:n:nv:np
Донецьксталь /n32
Донміськбанк /n20
Доу-Джонс /n20.a
Дракон /n20.a    # сузір'я
ДТЕК noun:f:nv:np         # Донбасская топливно-энергетическая компания (DTEK)
Ей-Бі-Сі noun:f:nv:np
Екклезіаст /n20.a
Експарка /n10 ^noun:m
Експо noun:f:nv             # виставка
Експоцентр /n20.ke
Електроважмаш /n20
Ель-Ніньйо noun:m:nv:np
емвеесівський /adj :coll
емгебіст /n20.a.p.< :coll
еменесівець /n22.a.p.< :coll
еменесівський /adj :coll
емзеесівський /adj :coll
Емполі noun:m:nv:np
Ен-Бі-Сі noun:f:nv:np
Ен-бі-сі noun:f:nv:np
ендепіст /n20.a.p.<
Енеїда /n10
Енергоатом /n20
Енергоінвест /n20
Енерджі noninfl:foreign
Енігма /n10
енкаведешний /adj :coll
енкаведешник /n20.a.p.< :coll
енкеведист /n20.a.p.<
еноксапарин /n20
ентеросгель /n20
Ентерпрайзис noninfl:foreign
Ентерпрайзіс noninfl:foreign
Ерида /n10 :xp2                  # планета
есдеківець /n22.a.p.<
Еспаньйол /n20              # ФК
етопозид /n20
Євбаз /n20
Євразхолдинг /n20
Євратом /n20
Євроатом /n20
Євробаскет /n20
Євробачення /n2n.p1
Єврогазбанк /n20
Єврокар /n20.a.ke
Єврокомісія /n10
Єврокон /n20
Євроконтроль /n20
Євромайдан /n20
євромайдан /n20.p
Євроньюз noun:m:nv:np
Європарламент /n20
Європол /n20
ЄвроПравда /n10
Євроспорт /n20
Євростат /n20
Євросуд /n20
Євроюст /n20
Єнакієвець /n22.a           # спортклуб
Жальгіріс /n20
жирондинець /n22.a.p.<
Житомиробленерго noun:n:nv:np
заєдист /n20.a.p.< :coll
заєдистський /adj
ЗАЗ /n20
Закарпатгаз /n20
Закарпаттяобленерго noun:n:nv:np
Запоріжжяобленерго noun:n:nv:np
запоріжсталівець /n22.a.p.<
запоріжсталівський /adj
Запоріжсталь /n32
Західенерго noun:n:nv:np
Західінкомбанк /n20
Земля /n10
зенітівець /n22.a.p.<
зенітівський /adj
ЗІК /n20.a                      # телеканал
ЗіК /n20.a                      # телеканал
Зіка /n10 ^noun:m               # вірус, ліс
Зіка /n10
Зінгер /n20.a                           # машинка
Змія /n10
Зовнішекономбанк /n20
Івано-Франківськавтодор /n20.ke
Івано-Франківськводоекотехпром /n20
Івано-Франківськгаз /n20
Івано-Франківськміськсвітло /n2n
Івано-Франківськстандартметрологія /n10
Івано-Франківськтеплокомуненерго noun:n:nv:np
Івано-Франківськцемент /n20
Іж noun:n:nv:np                 # марка мотоцикла
Ікарус /n20
Іліада /n10
Іллічівець /n22.a
Ілліч-сталь /n32
Імексбанк /n20
Інваспорт /n20
індарівський /adj
Індевор noun:m:nv:np
Інтел noun:f:nv:np              # компанія
Інтер /n20.a.ke         # :tm
інтербачення /n2n
інтерівець /n22.a.p.< :coll
інтерівський /adj
Інтерконтиненталь /n20
ІнтерКрАЗ /n20         # :tm
Інтермаркет /n20
Інтернаціонал /n20.p            # xv2
Інтернаціонале noun:m:nv:np
Інтернешнл noninfl:foreign
Інтерньюз noninfl:foreign
Інтерпайп /n20
Інтерпол /n20
інтерполівський /adj
Інтерсіті noun:m:nv:np
Інтертоп /n20         # :tm
Інтертото noun:m:nv:np
Інтерфакс /n20
Інтерфакс-Україна noun:n:nv:np
Іо noun:m:nv:np
Іоланта /n10
Ірця /n10
Ітера /n10
Йордан /n20 :xp1            # свято
Йордань /n32
Казантип /n20
казантипський /adj
Кайзерслаутерн /n20.a
Кайрат /n20.a
Калісто noun:m:nv:np
Калі-юґа /n10
Кальварія /n10
КамАЗ /n20.p
камаз /n20
Камелот /n20                # фортеця, можливо треба ж.р.?
каптоприл /n20
кардура /n10
Карітас /n20
Кармен-сюїта /n10
Карпатбуд /n20
Кассіні noun:m:nv:np
Квазар-Мікро noun:f:nv:np
кварталівець /n22.a.p.<
кварталівський /adj
Кейблгейт /n20
Кейблґейт /n20
К'єво noun:m:nv:np
Київавтодор /n20.ke
Київводоканал /n20
Київгаз /n20
Київгенплан /n20
Київдержадміністрація /n10
Київенерго noun:n:nv:np
Київенергохолдинг /n20
Київжитлоспецексплуатація /n10
Київзеленбуд /n20
Київ-Конті noun:f:nv:np        # :tm
Київміськадміністрація /n10
Київміськбуд /n20
Київміськдержадміністрація /n10
Київміськрада /n10
Київмлин /n20
Київнаукфільм /n20
Київобленерго noun:n:nv:np
Київпастранс /n20
Київпроект /n20 :ua_1992
Київрада /n10
київрадівський /adj
Київспецтранс /n20
Київстар /n20.ke         # :tm
Київтрактородеталь /n32
Київтранспарксервіс /n20
Київхліб /n20
кисельовщина /n10
Кін-дза-дза noun:m:nv:np
Кіндзмараулі noun:n:nv:np
Кінотавр /n20.ke
кінотаврський /adj
Кіровоградобленерго noun:n:nv:np
кленбутерол /n20
клопідогрель /n20
Коблево /n2n         # :tm
Кобол /n20
Козоріг /n21.a
Кока-Кола /n10
Комерсант-Україна noun:f:nv
Коммерсант-Україна noun:m:nv
Конкорд /n20.a.p
Консуело noun:m:nv:np
Конті noun:f:nv:np        # :tm
Коран /n20.ke
корвітин /n20
кордарон /n20
кортикотонін /n20
Космотрас /n20
КрАЗ /n20
Краснодонвугілля /n2n
Кредитпромбанк /n20
Кредобанк /n20
Криворіжсталь /n32
Крименерго noun:n:nv:np
Кримсода /n10
Кримтеплиця /n10
КРТ noun:m:nv
ксенікал /n20
кунівець /n22.a.p.<
курбан-байрам /n20.p
куркумін /n20
КЮЗ noun:n:nv:np                    # :tm
Лада /n10.p1 :xp2                   # авто і річка в Польщі
лазівець /n22.a.p.<
Ласунка /n10                        # :tm
Лаціо noun:m:nv:np
Лев /n20.a :xp2                     # сузір'я
Левада-Центр /n20.ke
Лего noun:m:nv
Лейкерс noun:m:nv:np
лексус /n20.a.p
Ленфільм /n20
Леополіс /n20.a
Лефортово noun:m:nv:np
Лисичанськнафтооргсинтез /n20
Ліберасьйон noun:f:nv:np
Лікуд /n20
Лінукс /n20.a
ЛітАкцент /n20              # портал
Локо-Експрес /n20
Лувр /n20.ke
Луганськвугілля /n2n
Луганськобленерго noun:n:nv:np
Луганськтепловоз /n20
Лужники /np2
Лукойл /n20
лукойлівський /adj
Луцькрада /n10
Луцьктепло noun:n:nv:np
Львівавтодор /n20.ke
Львіввікнопласт /n20
Львівводоканал /n20
Львіввугілля /n2n
Львівгаз /n20
Львівелектротранс /n20
Львівліс /n20
Львівобленерго noun:n:nv:np
Львівприлад /n20
Львівсвітло noun:n:nv:np
Львівсистеменерго noun:n:nv:np
Львівтеплоенерго noun:n:nv:np
Львівтеплокомуненерго noun:n:nv:np
Львівтрансгаз /n20
Люфтганза /n10
МАЗ /n20
Мазепа-фест /n20
Мазох-кафе noun:n:nv
Майдан /n20
Майкрософт noun:f:nv:np
МакДональдз /n20.a
Макдональдз /n20.a
Макіїввугілля /n2n
Маккабі noun:m:nv:np
Мальборо noun:f:nv
Мамай-фест /n20
Манас /n20
манкуніанський /adj
марвелівський /adj
Маріотт /n20.a
Марс /n20.a :xp2                  # планета
МАУ noun:f:nv:np
Махабхарата /n10
Махаон-Україна /n10
Мегабанк /n20
Меркосур /n20.ke
Меркурій /n20 :xp2              # планета
мерседес /n20.a.p
Мерседес-Бенц noun:m:nv:np
мерседесівський /adj
мерсісайдець /n22.a.p.<
Металург /n20.a.zi              # клуб
Метінвест /n20
метотрексат /n20
Метрополітен-опера noun:f:nv:np
метформін /n20
Мівіна /n10         # :tm
Міддлсбро noun:m:nv:np
Мідлсбро noun:m:nv:np
міланіст /n20.a.p.<
Мінавтопром /n20
Мінагрополітики noun:n:nv:np
Мінвуглепром /n20
Міндоходів noun:n:nv:np
Мінекобезпеки noun:n:nv:np
Мінекоенерго noun:n:nv:np
Мінекології noun:n:nv:np
мінекономіки noun:n:nv:np
Мінекономрозвитку noun:n:nv:np
Міненергетики noun:n:nv:np
Міненерго noun:n:nv:np
Міненерговугілля /n2n
Міненерговугілля noun:n:nv:np
міненерговугільпром /n20
мінзв'язку noun:n:nv:np
мінздоров'я noun:n:nv:np
Мінінформполітики noun:n:nv:np
Мінінфраструктури noun:n:nv:np
мінкульт /n20
мінкультури noun:n:nv
Мінмолодьспорт /n20 ^noun:n
Мінмолодьспорту noun:n:nv:np
міноборони noun:n:nv
міносвіти noun:n:nv:np
Мінпалива noun:n:nv:np
Мінпаливенерго noun:n:nv:np
Мінпраці noun:n:nv:np
Мінприроди noun:n:nv:np
Мінпромполітики noun:n:nv:np
Мінрегіон /n20
Мінрегіон noun:n:nv:np    # Міністерство регіонального розвитку, будівництва та житлово-комунального господарства України
Мінрегіонбуд /n20
Мінрегіонрозвитку noun:n:nv:np
Мінсім'ї noun:n:nv:np
Мінсоцполітики noun:n:nv:np
Мінтранс /n20
Мінтрансзв'язку noun:n:nv:np
мінтрансівський /adj :coll
Мінтранспорту noun:n:nv:np
мінфін /n20
мін'юст /n20
мірамістин /n20
Міранда /n10 :xp2
Місяць /n20.a
Міцубісі noun:f:nv
Мобілочка /n10         # :tm
Могилянка /n10
молодопольський /adj
Морава /n10
Мороша /n10         # :tm
Моссад /n20
Мосфільм /n20
моторола /n10.p1                # телефон
Мотор-Січ /n32
Мулен noninfl:foreign
Мундіаль /n20.p
мхатівський /adj
МЮ noun:m:nv:np           # Манчестер Юнайтед
Набукко noun:m:nv:np
Наркомзаг /n20
Наркомос /n20
народофронтівець /n22.a.p.<
натовський /adj
Наутілус /n20.a
Нафтогаз /n20
Нафтогазвидобування /n2n
нафтогазівський /adj
Нафтогазмережа /n10
Нафтуся /n10.ku
Нахтігаль noun:m:nv:np
Нахтіґаль noun:m:nv:np
Нацбанк /n20
Нацгвардія /n10
Нацдержслужба /n10              # Національне агенство України з питань державної служби
Нацкомісія /n10
Нацкомфінпослуг noun:f:nv:np    # Національна комісія, що здійснює державне регулювання у сфері ринків фінансових послуг
Нацрада /n10
Нептун /n20.a :xp2          # планета
Нереїда /n10
Нетеча /n10
Нефтчі noun:m:nv:np
НІБУЛОН /n20  # компанія
Нібулон /n20  # компанія
Ніко noun:f:nv:np
Нора-Друк /n20
Норд-Ост /n20
Нотр-Дам noun:m:nv:np
но-шпа /n10
НПК-Галичина /n10
НТВ noun:m:nv
нуклекс /n20
Нью-Васюки /np2
облавтодор /n20.p.ke
Обозреватель /n20.a
Овен /n22.p.a
Одеса-Броди noun:m:nv:np
Одесаобленерго noun:n:nv:np
Одигітрія /n10
озельтамівір /n20.ke
Озерка /n10    # ринок у Дніпрі
ОККО noun:f:nv:np        # :tm
Октоберфест /n20
Олд noninfl:foreign
Олейна /n10         # :tm
Олімпіакос /n20.a
Олімпік /n20.a
Олком /n20         # :tm
омепразол /n20
Опілля /n2n         # :tm
Опоблок /n20.zi
Оранта /n10         # :tm
Оріон /n20.a
Осасуна noun:m:nv:np
Офелія /n10
Охматдит /n20
Ощадбанк /n20         # :tm
Павлоградвугілля /n2n
паклітаксел /n20
Пале-Рояль /n20.a
Паллада /n10 :xp2           # планета
Панатінаїкос /n20.a
Пандора /n10
пантенол /n20
ПАОК noun:m:nv:np
пармезанець /n22.a.p.<
Парсіфаль noun:f:nv:np
Парфенон /n20.p
Пасха /n10
Пахтакор /n20.ke
Пегас /n20.a :xp2           # сузір'я
пеерпівець /n22.a.p
пеерпіст /n20.a.p.<
пежо noun:m:nv:np
ПЕН-клуб /n20
пепсі noun:m:nv:np
Перкалаба /n10
Першинг /n20.a.p
Першинґ /n20.a.p
Песах /n20.a
П'єта noun:f:nv:np
Пирогоща /n10
Південмаш /n20
Південмашзавод /n20
південмашівець /n22.a.p.<
південмашівський /adj
Південнорудний /adj g=m             # трест
Південнотрубний /adj g=m                    # Нікопольський південнотрубний завод
північноатлантичний /adj
Піднебесна /n2adj1
Пікардійська /adj                           # лише для Пікардійська Терція
Піно noun:m:nv:np
Пласт /n20
Платинум noninfl:foreign
Плуто noun:m:nv:np:anim
Плутон /n20.a                               # планета
Познякижитлобуд /n20
Покрова /n10
Поліграфкнига /n10
Поліграфтехніка /n10
Полтававодоканал /n20
Полтаваобленерго noun:n:nv:np
Понте noun:m:nv:np
порист /n20.a.p.<                           # учасник ПОРА
Порта /n10
постдіснеївський /adj
ППБ noun:f:nv:np        # :tm
Правекс /n20
Правекс-Банк /n20
Прадо noun:m:nv:np
Прайм noninfl:foreign
Преображення /n2n
Приват /n20 :coll        # :tm
ПриватБанк /n20         # :tm
приватбанківський /adj
Прикарпаттяобленерго noun:n:nv:np
прімера /n10                                # іспанська ліга
прімеро noun:m:nv:np                        # іспанська ліга
Проксима /n10
Промінвестбанк /n20
пропофол /n20
Просперо noun:m:nv:np
Простоквашино noun:n:nv:np
протефлазід /n20
ПСВ noun:m:nv:np
псевдоатовець /n22.a.p.<
ПСЖ noun:m:nv:np
путін'юґенд /n20
Радбез /n20
Радіо-Канада noun:f:nv:np
Раднарком /n20
Райффайзен noun:m:nv:np
Райффайзенбанк /n20
рактопамін /n20
рапаміцин /n20
раундап /n20.p
РБК-Україна noun:n:nv:np
регіональський /adj
Рейнджерз noun:m:nv:np
Рейнджерс noun:m:nv:np
рексолін /n20
ремантадин /n20
Рено noun:f:nv:np
Риби /np1
Рівнеазот /n20
Рівнеенерго noun:n:nv:np
Рівнерада /n10
Ріголетто noun:f:nv:np
Ріґолетто noun:f:nv:np
Різницька /n2adj1
Рішельєвський /adj
Рокфеллер-центр /n20.ke
Росатом /n20
Россільгоспнагляд /n20
Росспівробітництво /n2n
Росспоживнагляд /n20
Ростсельмаш /n20
росукренергівський /adj
РосУкрЕнерго noun:f:nv:np
РосУкренерго noun:n:nv:np
Росукренерго noun:n:nv:np
Рошен /n20         # :tm
РРТ noun:m:nv
РТР noun:m:nv:np
Рудольфінерхаус /n20.a
Руна /n10         # :tm
Русенборг /n20
Русенборґ /n20 :ua_2019
Сакартвело noun:f:nv:np
Самопоміч /n30
Сампдорія /n10
Сандора /n10         # :tm
Сан-Карло noun:m:nv
Санкт-Паулі noun:m:nv
Сан-Сіро noun:n:nv:np
Санта-Україна /n10
сапатист /n20.a.p.<
сапераві noun:m:nv:np
Сатурн /n20.a :xp2                    # планета
сациві noun:m:nv:np
Сбербанк /n20
Свобода /n10
свободівець /n22.a.p.<
свободівка /n10.p2.<
свободівський /adj
свободовець /n24.a.p.<
Свято-Введенський /adj
Свято-Дмитрівський /adj
Свято-Іллінський /adj
Свято-Миколаївський /adj
Свято-Михайлівський /adj
Свято-Пантелеймонівський /adj
Свято-Троїцький /adj
Свято-Успенський /adj
Севастопольенерго noun:n:nv:np
Селтік /n20
Сельта /n10
Сент-Антоні noun:n:nv
Сент-Йохан /n20.a
Сент-Міклош /n20.a
Сибнефть /n32
сибутрамін /n20
силденафіл /n20
силікс /n20
сильноукраїнець /n22.a.p.<
Сі noun:f:nv:np
Сі-Бі-Ес noun:f:nv:np
Сі-Ен-Ен noun:n:nv:np
Сі-ен-ен noun:f:nv:np
Сільпо noun:n:nv:np        # :tm
Сіменс /n20
Сіріус /n20.a
Скорпіон /n20.a
Скотланд-Ярд /n20               #> Скотленд-Ярд
Скотленд-Ярд /n20
Славське-рок noun:m:nv
Слован /n20         # ФК
Слов'яночка /n10         # :tm
смолоскипівський /adj
Совіньйон noun:m:nv:np
Содом /n20.a
Соні-центр /n20.p.ke
Сосьєдад noun:m:nv:np
Сотбі noun:m:nv:np
сото-сю noun:f:nv:np
Соцінтерн /n20
Спас /n20 :xp2                  # свято
Спасо-Преображенський /adj
Спортинг /n20                   # ФК
Спортинґ /n20 :ua_2019          # ФК
Ставропігійський /adj
СТБ noun:m:nv:np        # :tm
Стейт noninfl:foreign                       # «Голден Стейт» тощо
Стожари /np2
Стрілець /n22.a :xp2
Стуруа noun:m:nv:np
Стяуа noun:m:nv:np
субітекс /n20
Сумигаз /n20
Сумиобленерго noun:n:nv:np
Сумитеплосервіс /n20
Сумихімпром /n20
Сушия /n10         # :tm
Східенерго noun:n:nv:np
Сцилла /n10
Таврида /n10
таврія /n10
Тадж-Махал /n20
Таймс noninfl:foreign
Таймс /n20.a.u
таміфлю noun:m:nv:np
Тампа-Бей noninfl:foreign
Танака noun:m:nv:np:anim
Татнафта /n10
Таун /n20.a.ke
ТВі noun:m:nv
теддіст /n20.a.p.<
Телекритика /n10
Телець /n22.a
Терези /np1
Термоприлад /n20
Тернопільобленерго noun:n:nv:np
ТЕТ noun:m:nv:np
Тетрис /n20.a
Техно-Центр /n20
Титанік /n20.a
ТІМ-СКУФ noun:m:nv:np                   # клуб
ткемалі noun:m:nv:np
ТНК-Україна /n10
Тоніс /n20
Торіно noun:m:nv:np
торнадівець /n22.a.p.<
Тоттенгем /n20
Тоттенхем /n20
Трабзонспор /n20.ke
Травіата /n10
Трансвааль-парк /n20
трастузумаб /n20
Траффорд /n20.a
Третьяковка /n10
Тримор'я /n2n
Троїце-Сергієвий /adj
тульчинка /n10         # :tm
Турбоатом /n20
УАЗ noun:m:nv             # Ульяновський автомобільний завод
Убер /n20.a
Удінезе noun:m:nv:np
Уемблі noun:m:nv:np
уенерівець /n22.a.p.<
уенерівський /adj
Укоопспілка /n10
Укравіатранс /n20
Укравто noun:f:nv
Укравтобуспром /n20
Укравтогаз /n20
Укравтодор /n20.ke
Украеронавігація /n10
Украерорух /n20
Укратомпром /n20
Укрвинпром /n20
Укргаз /n20
Укргазбанк /n20
Укргазвидобування noun:n:nv
УкрГазЕнерго noun:n:nv:np
Укргаз-енерго noun:n:nv:np
Укргазмережа /n10
Укргазпром /n20
Укргідроенерго noun:n:nv:np
Укргідрометцентр /n20.ke
Укрдержархів /n20
Укрдержреєстр /n20.ke
Укрдержстрах /n20
Укрексімбанк /n20
Укренерго noun:n:nv:np
Укренергобуд /n20
Укренергомаш /n20
Укрзалізниця /n10
Укрзахідпроектреставрація /n10 :ua_1992
Укрінвестбуд /n20
Укрінтеренерго noun:n:nv:np
Укрінформ /n20
Укркінохроніка /n10
Укрмедпром /n20
Укрморпорт /n20
Укрнафта /n10
укрнафтівський /adj
Укрнафтогаз /n20
Укроборонекспорт /n20
Укроборонпром /n20
Укроборонсервіс /n20
Укрпатент /n20
Укрпиво noun:n:nv:np
Укрпошта /n10
Укрпромбанк /n20
Укрпрофоздоровниця /n10
Укррічфлот /n20
Укррудпром /n20
УкрСиббанк /n20
Укрсиббанк /n20
Укрсоцбанк /n20
Укрспецекспорт /n20
Укрспирт /n20
Укртатнафта /n10
Укртелеком /n20         # :tm
Укртелефільм /n20
Укртрансбезпека /n10                               # Державна служба України з безпеки на транспорті
Укртрансбуд /n20
Укртрансгаз /n20
Укртрансконтейнер /n20.a.ke
Укртранснафта /n10
Укртютюн /n20
Укрфармація /n10
Укрчастотнагляд /n20
Уралмаш /n20
Уран /n20.a
успіння /n2n
Фанні noun:f:nv:np        # :tm
Фармак /n20
фебеерівський /adj :coll
Феєноорд /n20
Феєнорд /n20
Фейєноорд /n20            #> Феєноорд
Фемен /n20
Фенербахче noun:m:nv:np
Ферро-ЗНТУ noun:m:nv:np                 # клуб
фестал /n20
Філон /n20.a :xp1
Фіорентина /n10
флараксин /n20
флоровський /adj                # монастир
Фоззі noun:m:nv:xp2             # супермаркет/компанія
Фоліо noun:n:nv:np
ФОМ-Україна /n10
Форбс /n20
Фріндж /n20    # фестиваль
Фулхем /n20.a
Хаббл /n20.a
Хайтарма /n10
ХАМАС noun:m:nv:np
ХАМАС /n20
Хамас /n20
Хапоель /n20.a
Харківобленерго noun:n:nv:np
Харон /n20.a :xp2               # супутник
Хванчкара /n10
Хезболла /n10
Хелловін /n20
хелловінський /adj
Херсонобленерго noun:n:nv:np
Хілтон /n20.a :xp2
хлодитан /n20
хлорохін /n20
Хмельницькобленерго noun:n:nv:np
Холл noninfl:foreign
Хонда /n10 :xp2
Хоффенхайм /n20
цайтунг noninfl:foreign
цайтунґ noninfl:foreign
центральнорадівець /n22.a.p.<
центральнорадівський /adj
Центрвиборчком /n20
Центренерго noun:n:nv:np
центробанк /n20.p
центробанківський /adj
Церера /n10 :xp2            # планета
цефтріаксон /n20
цисплатин /n20
цитрамон /n20
Челленджер /n20.a.ke
Челсі noun:m:nv:np
Чепіга /n10 :xp2            # сузір'я
Черкасиводоканал /n20
Черкасигаз /n20
Черкасиобленерго noun:n:nv:np
Черкаситеплокомуненерго noun:n:nv:np
Чернівціводоканал /n20
Чернівцігаз /n20
Чернівціобленерго noun:n:nv:np
Чернігівобленерго noun:n:nv:np
Чорноморнафтогаз /n20
Чотиридесятниця /n10
Шальке noun:m:nv:np
Шанель /n32
Шардоне noun:m:nv:np
Шевроле noun:f:nv
Шоа noninfl:foreign
Шпігель /n20                # журнал    #> Шпіґель
Шпіґель /n20                # журнал
Шувар /n20.ke                      # ринок
Шустов /n20.a         # :tm
Ювентус /n20.a
ЮКОС noun:m:nv:np
ЮКОС /n20
Юкрейн noninfl:foreign
юнайтед noninfl:foreign
Юпітер /n20.a.ke :xp2             # планета
ягеллонський /adj
Яд noninfl:foreign               # Яд Вашем
Яндекс /n20.a
Ясенсвіт /n20         # :tm
