Афанасьєв /n2adj2.<+ - Чужбинський /n2adj1.<+
Бог /n20.a.< - Дух /n20.a.<
Бог /n20.a.< - Син /n20.a.<
Бог /n20.a.< - Отець /n22.a.<
Богдан /n20.a.< - Зиновій /n20.a.<
Бульба /n10.<+m - Боровець /n22.a.<+m
Галичанка /n10 - ЛНУ
Гвінея /n10 - Бісау
Гулак /n20.a.ke.<+m - Артемовський /n2adj1.<+
Дячук /n20.a.<+ - Ставицький /n2adj1.<+
Жак /n20.a.< - Анрі
Жан /n20.a.ke.< - Жак /n20.a.<
Жан /n20.a.ke.< - Клод /n20.a.ke.<
Жан /n20.a.ke.< - Луї
Жан /n20.a.ke.< - Марі
Жан /n20.a.ke.< - Мішель /n20.a.<
Жан /n20.a.ke.< - П'єр /n20.a.ke.<
Жан /n20.a.ke.< - Поль /n20.a.<
Захер /n20.a.ke.<+ - Мазох /n20.a.<+
Зета /n10.<+ - Джонс /<f
Івасик /n20.a.< - Телесик /n20.a.<
Карабас /n20.a.< - Барабас /n20.a.<
Карпенко /n20.<+ - Карий /n2adj1.<+
Квітка /n10.<+m - Основ'яненко /n20.<+m
Київ /n23.a - Московський /n2adj1
Мустафа /n10.<m - ефенді
Наталка /n10.< - Полтавка /n10.<
Нафтовик /n20.a - Укрнафта /n10
Немирович /n20.a.<+m - Данченко /n20.<+m
Нечуй /n20.a.<+ - Левицький /n2adj1.<+
Одеса /n10 - мама /n10
П'єр /n20.a.ke.< - Марі
Полонська /n2adj1.<+ - Василенко
Пуща /n10 - Водиця /n10
Римський /n2adj1.<+ - Корсаков /n2adj2.<+m
Рудня /n10 - Мигальська /n2adj1
Склодовська /n2adj1.<+ - Кюрі
