邪斜邪泻邪胁褨褉 /n20.ke
邪蟹邪褌褨芯锌褉懈薪 /n20
邪谢芯锌褍褉懈薪芯谢 /n20
邪谢褜褎邪泻邪谢褜褑懈写芯谢 /n20
邪屑褨泻褋懈薪 /n20
邪屑褨褌芯蟹懈薪芯斜械褉邪屑褨写 /n20
邪屑谢芯写懈锌褨薪 /n20
邪屑芯泻褋懈褑懈谢褨薪 /n20
邪薪邪褎械褉芯薪 /n20
邪薪褍蟹芯谢 /n20
邪褉懈锌褨锌褉邪蟹芯谢 /n20
邪褋锌邪褉邪谐褨薪邪蟹邪 /n10
邪褋锌邪褉谐褨薪 /n20
邪褌芯褉胁邪褋褌邪褌懈薪 /n20
邪褑械褌邪蟹芯谢邪屑褨写 /n20
邪褑懈泻谢芯胁褨褉 /n20.ke
斜邪褉邪谢谐褨薪 /n20
斜邪褑懈谢褨薪 /n20
斜械谢邪谢谐褨薪 /n20
斜械谢邪褌邪屑褨薪邪谢 /n20
斜械褌邪写懈薪 /n20
斜褨芯褋锌芯褉懈薪 /n20
斜褨褋械锌褌芯谢 /n20
斜褨褋芯锌褉芯谢芯谢 /n20
斜褉芯薪褏芯谢褨褌懈薪 /n20
斜褍写械褋芯薪褨写 /n20
斜褍褌邪屑褨写 /n20
胁邪谢褋邪褉褌邪薪 /n20
胁邪褉褎邪褉懈薪 /n20.p
胁械褉邪锌邪屑褨谢 /n20
胁褨薪褨蟹芯谢褜 /n20
胁褨薪泻邪锌邪薪 /n20
胁褨薪泻邪褌芯薪 /n20
胁褨锌褉邪泻褋懈薪 /n20
胁褨锌褉邪褌芯泻褋 /n20
胁褨锌褉芯褋邪谢 /n20
胁褨褉邪锌褨薪 /n20
胁褨褉芯谢械泻褋 /n20
胁褨褋泻械薪 /n20
谐邪斜邪锌械薪褌懈薪 /n20
谐械屑褑懈褌邪斜褨薪 /n20
写邪斜褨谐邪褌褉邪薪 /n20
写邪褉褍薪邪胁褨褉 /n20.ke
写械谐屑褨褑懈写 /n20
写械泻邪屑械褌芯泻褋懈薪 /n20
写懈谐芯泻褋懈薪 /n20
写懈谢褌褨邪蟹械屑 /n20
写褨邪蟹械锌邪屑 /n20
写褨芯泻褋懈写懈薪 /n20
写芯泻褋懈褑懈泻谢褨薪 /n20
写芯泻褋懈褑懈泻谢褨薪芯胁懈泄 /adj
械写芯泻褋邪斜邪薪 /n20
械谢褜褌褉芯屑斜芯锌邪谐 /n20
械薪邪谢邪锌褉懈谢 /n20
械薪芯泻褋邪锌邪褉懈薪 /n20
械薪褌械褉芯褋谐械谢褜 /n20
械褉谐芯泻邪谢褜褑懈褎械褉芯谢 /n20
械褉谐芯褌邪屑褨薪 /n20.p
械褉懈褌褉械屑邪 /n10
械褋褌褉褨芯谢 /n20
械褌邪泻褉懈写懈薪 /n20
械褌懈薪褨谢械褋褌褉邪写褨芯谢 /n20
械褌芯褉懈泻芯泻褋懈斜 /n20
械褎邪胁褨褉械薪蟹 /n20
蟹邪薪邪屑褨胁褨褉 /n20
褨褌褉邪泻芯薪邪蟹芯谢 /n20
泄芯写芯锌褨褉芯薪 /n20
泻邪薪写械褋邪褉褌邪薪 /n20
泻邪褉斜邪屑邪蟹械锌褨薪 /n20
泻胁械褌褨邪锌褨薪 /n20
泻械褌芯泻芯薪邪蟹芯谢 /n20
泻械褌芯锌褉芯褎械薪 /n20
泻械褌芯褉芯谢邪泻 /n20
泻谢邪褉懈褌褉芯屑褨褑懈薪 /n20
泻谢械薪斜褍褌械褉芯谢 /n20
泻谢褨薪写邪屑褨褑懈薪 /n20
泻谢芯蟹邪锌褨薪 /n20
泻谢芯锌褨写芯谐褉械谢褜 /n20
泻芯械薪蟹懈屑 /n20.p
泻芯褉胁褨褌懈薪 /n20
泻芯褉写邪褉芯薪 /n20
泻芯褉褌懈泻芯褌芯薪褨薪 /n20
泻褋械薪褨泻邪谢 /n20
泻褍褉泻褍屑褨薪 /n20
谢邪屑芯褌褉懈写卸懈薪 /n20
谢械胁械褌懈褉邪褑械褌邪屑 /n20
谢械胁芯薪芯褉谐械褋褌褉械谢 /n20
谢械胁芯褌懈褉芯泻褋懈薪 /n20
谢械胁芯褎谢芯泻褋邪褑懈薪 /n20
谢褨蟹懈薪芯锌褉懈谢 /n20
谢褨薪械蟹芯谢褨写 /n20
谢褨褉邪谐谢褍褌懈写 /n20
谢芯蟹邪褉褌邪薪 /n20
谢芯锌褨薪邪胁褨褉 /n20.ke
谢芯褉邪褌邪写懈薪 /n20
屑械谢芯泻褋懈泻邪屑 /n20
屑械屑邪薪褌懈薪 /n20
屑械褉蟹谢芯褌邪谢芯屑 /n20
屑械褌懈谢锌褉械写薪褨蟹芯谢芯薪 /n20
屑械褌芯锌褉芯谢芯谢 /n20
屑械褌褉芯薪褨写邪蟹芯谢 /n20
屑械褌褎芯褉屑褨薪 /n20
屑褨谢写褉芯薪邪褌 /n20
屑褨褉邪屑褨褋褌懈薪 /n20
屑芯泻褋懈褎谢芯泻褋邪褑懈薪 /n20
屑芯薪褌械谢褍泻邪褋褌 /n20
屑褍泻邪谢褌懈薪 /n20
薪邪褎褌懈蟹懈薪 /n20
薪械芯薪褨泻芯褌懈薪芯褩写懈 /np2
薪褨薪谐褨写褉懈薪 /n20
薪褨褎械写懈锌褨薪 /n20
芯泻褋邪蟹械锌邪屑 /n20
芯泻褋懈泻芯写芯薪 /n20
芯泻褋懈褌械褌褉邪褑懈泻谢褨薪 /n20
芯屑械锌褉邪蟹芯谢 /n20
锌邪泻谢褨褌邪泻褋械谢 /n20
锌邪泻谢芯斜褍褌褉邪蟹芯谢 /n20
锌邪薪邪写芯谢 /n20
锌邪薪褌械薪芯谢 /n20
锌械薪褌芯斜邪褉斜褨褌邪谢 /n20
锌械褉懈薪写芯锌褉懈谢 /n20
锌褨芯谐谢褨褌邪蟹芯薪 /n20
锌褉械谐邪斜邪谢褨薪 /n20
锌褉芯锌芯褎芯谢 /n20
锌褉芯锌褉邪薪芯谢芯谢 /n20
锌褉芯褋褌邪谐谢邪薪写懈薪 /n20.p
锌褉芯褋褌邪褑懈泻谢褨薪 /n20
锌褉芯褌械褎谢邪蟹褨写 /n20
褉邪泻褌芯锌邪屑褨薪 /n20
褉邪屑褨锌褉懈谢 /n20
褉邪锌邪屑褨褑懈薪 /n20
褉邪褍薪写邪锌 /n20.p
褉械泻褋芯谢褨薪 /n20
褉械谢邪泻褋芯蟹邪薪 /n20
褉械屑邪薪褌邪写懈薪 /n20
褉械屑写械褋懈胁褨褉 /n20.ke
褉械屑写械褋褨胁褨褉 /n20.ke              #> 褉械屑写械褋懈胁褨褉
褉懈斜邪胁褨褉懈薪 /n20
褉懈胁邪褉芯泻褋邪斜邪薪 /n20
褉懈褋锌械褉懈写芯薪 /n20
褉懈褌芯薪邪胁褨褉 /n20.ke
褋懈斜褍褌褉邪屑褨薪 /n20
褋懈谢写械薪邪褎褨谢 /n20
褋懈谢褨泻褋 /n20
褋懈屑胁邪褋褌邪褌懈薪 /n20
褋褍斜褍褌械泻褋 /n20
褋褍谢褜褎邪泻胁邪蟹芯谢 /n20
褋褍屑邪褌褉懈锌褌邪薪 /n20
褌懈泻谢芯锌褨写懈薪 /n20
褌懈屑芯谢芯谢 /n20
褌褉懈屑械斜褍褌懈薪 /n20
褌褉懈屑械褌邪蟹懈写懈薪 /n20
褌褉懈褎谢褞芯锌械褉邪蟹懈薪 /n20
褎邪胁褨锌褨褉邪胁褨褉 /n20.ke
褎邪屑芯褌懈写懈薪 /n20
褎谢邪褉邪泻褋懈薪 /n20
褎谢褍褌邪屑褨写 /n20
褏谢芯写懈褌邪薪 /n20
褏谢芯褉芯褏褨薪 /n20
褏谢芯褉褎械薪褨褉邪屑褨薪 /n20
褏芯薪写褉芯褩褌懈薪 /n20
褑械褌懈褉懈蟹懈薪 /n20
褑械褎褌褉懈邪泻褋芯薪 /n20
褑械褎褌褉褨邪泻褋芯薪 /n20
褑械褎褍褉芯泻褋懈屑 /n20
褑懈泻谢芯褋锌芯褉懈薪 /n20
褑懈泻谢芯褎芯褋褎邪屑褨写 /n20
褑懈泻谢芯褎芯褋褎邪屑褨写薪懈泄 /adj
褑懈泻谢芯褎芯褋褎邪薪 /n20
褑懈屑械褌懈写懈薪 /n20
褑懈褋锌谢邪褌懈薪 /n20
褑懈褌褉邪屑芯薪 /n20
