# Іменникові займенники
я я noun:anim:s:v_naz:&pron:pers:1
мене я noun:anim:s:v_rod/v_zna:&pron:pers:1
мені я noun:anim:s:v_dav/v_mis:&pron:pers:1
мною я noun:anim:s:v_oru:&pron:pers:1

ти ти noun:anim:s:v_naz/v_kly:&pron:pers:2
тебе ти noun:anim:s:v_rod/v_zna:&pron:pers:2
тобі ти noun:anim:s:v_dav/v_mis:&pron:pers:2
тобою ти noun:anim:s:v_oru:&pron:pers:2

він він noun:m:v_naz:&pron:pers:3
його він noun:m:v_rod/v_zna:&pron:pers:3
нього він noun:m:v_rod/v_zna:&pron:pers:3
йому він noun:m:v_dav:&pron:pers:3
ньому він noun:m:v_mis:&pron:pers:3
ним він noun:m:v_oru:&pron:pers:3
нім він noun:m:v_mis:&pron:pers:3

вона вона noun:f:v_naz:&pron:pers:3
її вона noun:f:v_rod/v_zna:&pron:pers:3
неї вона noun:f:v_rod/v_zna:&pron:pers:3
їй вона noun:f:v_dav:&pron:pers:3
нею вона noun:f:v_oru:&pron:pers:3
ній вона noun:f:v_mis:&pron:pers:3

воно воно noun:n:v_naz:&pron:pers:3
його воно noun:n:v_rod/v_zna:&pron:pers:3
нього воно noun:n:v_rod/v_zna:&pron:pers:3
йому воно noun:n:v_dav:&pron:pers:3
ньому воно noun:n:v_mis:&pron:pers:3
ним воно noun:n:v_oru:&pron:pers:3

ми ми noun:p:v_naz:&pron:pers:1
нас ми noun:p:v_rod/v_zna/v_mis:&pron:pers:1
нам ми noun:p:v_dav:&pron:pers:1
нами ми noun:p:v_oru:&pron:pers:1

ви ви noun:p:v_naz/v_kly:&pron:pers:2
вас ви noun:p:v_rod/v_zna/v_mis:&pron:pers:2
вам ви noun:p:v_dav:&pron:pers:2
вами ви noun:p:v_oru:&pron:pers:2

вони вони noun:p:v_naz:&pron:pers:3
їх вони noun:p:v_rod/v_zna:&pron:pers:3
них вони noun:p:v_rod/v_zna/v_mis:&pron:pers:3
їм вони noun:p:v_dav:&pron:pers:3
ними вони noun:p:v_oru:&pron:pers:3

хто хто conj:subord
хто хто noun:anim:m:v_naz:&pron:int:rel
кого хто noun:anim:m:v_rod/v_zna:&pron:int:rel
кому хто noun:anim:m:v_dav:&pron:int:rel
ким хто noun:anim:m:v_oru:&pron:int:rel
кім хто noun:anim:m:v_mis:&pron:int:rel

що що conj:subord
що що noun:inanim:n:v_naz/v_zna:&pron:int:rel
віщо що noun:inanim:n:v_zna:&pron:int:rel
чого що noun:inanim:n:v_rod:&pron:int:rel
чому що noun:inanim:n:v_dav/v_mis:&pron:int:rel
чим що noun:inanim:n:v_oru:&pron:int:rel
чім що noun:inanim:n:v_mis:&pron:int:rel

абихто абихто noun:anim:m:v_naz:&pron:ind
абикого абихто noun:anim:m:v_rod/v_zna:&pron:ind
абикому абихто noun:anim:m:v_dav:&pron:ind
абиким абихто noun:anim:m:v_oru:&pron:ind

абищо абищо noun:inanim:n:v_naz/v_zna:&pron:ind
абичого абищо noun:inanim:n:v_rod:&pron:ind
абичому абищо noun:inanim:n:v_dav:&pron:ind
абичим абищо noun:inanim:n:v_oru:&pron:ind

аніхто аніхто noun:anim:m:v_naz:&pron:neg
анікого аніхто noun:anim:m:v_rod/v_zna:&pron:neg
анікому аніхто noun:anim:m:v_dav:&pron:neg
аніким аніхто noun:anim:m:v_oru:&pron:neg

аніщо аніщо noun:inanim:n:v_naz/v_zna:&pron:neg
анічого аніщо noun:inanim:n:v_rod/v_zna:&pron:neg
анічому аніщо noun:inanim:n:v_dav:&pron:neg
анічим аніщо noun:inanim:n:v_oru:&pron:neg

небагато-хто небагато-хто noun:anim:m:v_naz:&pron:ind
небагато-кого небагато-хто noun:anim:m:v_rod/v_zna:&pron:ind
небагато-кому небагато-хто noun:anim:m:v_dav/v_mis:&pron:ind
небагато-ким небагато-хто noun:anim:m:v_oru:&pron:ind
небагато-кім небагато-хто noun:anim:m:v_mis:&pron:ind

невість-хто невість-хто noun:anim:m:v_naz:&pron:ind
невість-кого невість-хто noun:anim:m:v_rod/v_zna:&pron:ind
невість-кому невість-хто noun:anim:m:v_dav/v_mis:&pron:ind
невість-ким невість-хто noun:anim:m:v_oru:&pron:ind
невість-кім невість-хто noun:anim:m:v_mis:&pron:ind

невіть-хто невіть-хто noun:anim:m:v_naz:&pron:ind
невіть-кого невіть-хто noun:anim:m:v_rod/v_zna:&pron:ind
невіть-кому невіть-хто noun:anim:m:v_dav/v_mis:&pron:ind
невіть-ким невіть-хто noun:anim:m:v_oru:&pron:ind
невіть-кім невіть-хто noun:anim:m:v_mis:&pron:ind

будь-хто будь-хто noun:anim:m:v_naz:&pron:ind
будь-кого будь-хто noun:anim:m:v_rod/v_zna:&pron:ind
будь-кому будь-хто noun:anim:m:v_dav/v_mis:&pron:ind
будь-ким будь-хто noun:anim:m:v_oru:&pron:ind
будь-кім будь-хто noun:anim:m:v_mis:&pron:ind

будь-що будь-що adv:&pron:ind
будь-що будь-що noun:inanim:n:v_naz/v_zna:&pron:ind
будь-чого будь-що noun:inanim:n:v_rod:&pron:ind
будь-чому будь-що noun:inanim:n:v_dav/v_mis:&pron:ind
будь-чим будь-що noun:inanim:n:v_oru:&pron:ind
будь-чім будь-що noun:inanim:n:v_mis:&pron:ind

будлі-хто будлі-хто noun:anim:m:v_naz:&pron:ind
будлі-кого будлі-хто noun:anim:m:v_rod/v_zna:&pron:ind
будлі-кому будлі-хто noun:anim:m:v_dav/v_mis:&pron:ind
будлі-ким будлі-хто noun:anim:m:v_oru:&pron:ind
будлі-кім будлі-хто noun:anim:m:v_mis:&pron:ind

будлі-що будлі-що adv:&pron:ind
будлі-що будлі-що noun:inanim:n:v_naz/v_zna:&pron:ind
будлі-чого будлі-що noun:inanim:n:v_rod:&pron:ind
будлі-чому будлі-що noun:inanim:n:v_dav/v_mis:&pron:ind
будлі-чим будлі-що noun:inanim:n:v_oru:&pron:ind
будлі-чім будлі-що noun:inanim:n:v_mis:&pron:ind


бозна-хто бозна-хто noun:anim:m:v_naz:&pron:ind
бозна-кого бозна-хто noun:anim:m:v_rod/v_zna:&pron:ind
бозна-кому бозна-хто noun:anim:m:v_dav/v_mis:&pron:ind
бозна-ким бозна-хто noun:anim:m:v_oru:&pron:ind
бозна-кім бозна-хто noun:anim:m:v_mis:&pron:ind

бозна-що бозна-що noun:inanim:n:v_naz/v_zna:&pron:ind
бозна-чого бозна-що noun:inanim:n:v_rod:&pron:ind
бозна-чому бозна-що noun:inanim:n:v_dav/v_mis:&pron:ind
бозна-чим бозна-що noun:inanim:n:v_oru:&pron:ind
бозна-чім бозна-що noun:inanim:n:v_mis:&pron:ind

чортзна-хто чортзна-хто noun:anim:m:v_naz:&pron:ind
чортзна-кого чортзна-хто noun:anim:m:v_rod/v_zna:&pron:ind
чортзна-кому чортзна-хто noun:anim:m:v_dav/v_mis:&pron:ind
чортзна-ким чортзна-хто noun:anim:m:v_oru:&pron:ind
чортзна-кім чортзна-хто noun:anim:m:v_mis:&pron:ind

чортзна-що чортзна-що noun:inanim:n:v_naz/v_zna:&pron:ind
чортзна-чого чортзна-що noun:inanim:n:v_rod:&pron:inanim:ind
чортзна-чому чортзна-що noun:inanim:n:v_dav/v_mis:&pron:ind
чортзна-чим чортзна-що noun:inanim:n:v_oru:&pron:ind
чортзна-чім чортзна-що noun:inanim:n:v_mis:&pron:ind

хтозна-що хтозна-що noun:inanim:n:v_naz/v_zna:&pron:ind
хтозна-чого хтозна-що noun:inanim:n:v_rod:&pron:ind
хтозна-чому хтозна-що noun:inanim:n:v_dav/v_mis:&pron:ind
хтозна-чим хтозна-що noun:inanim:n:v_oru:&pron:ind
хтозна-чім хтозна-що noun:inanim:n:v_mis:&pron:ind

хтозна-хто хтозна-хто noun:anim:m:v_naz:&pron:ind
хтозна-кого хтозна-хто noun:anim:m:v_rod/v_zna:&pron:ind
хтозна-кому хтозна-хто noun:anim:m:v_dav/v_mis:&pron:ind
хтозна-ким хтозна-хто noun:anim:m:v_oru:&pron:ind
хтозна-кім хтозна-хто noun:anim:m:v_mis:&pron:ind

невідь-що невідь-що noun:inanim:n:v_naz/v_zna:&pron:ind
невідь-чого невідь-що noun:inanim:n:v_rod:&pron:ind
невідь-чому невідь-що noun:inanim:n:v_dav/v_mis:&pron:ind
невідь-чим невідь-що noun:inanim:n:v_oru:&pron:ind
невідь-чім невідь-що noun:inanim:n:v_mis:&pron:ind

невідь-хто невідь-хто noun:anim:m:v_naz:&pron:ind
невідь-кого невідь-хто noun:anim:m:v_rod/v_zna:&pron:ind
невідь-кому невідь-хто noun:anim:m:v_dav/v_mis:&pron:ind
невідь-ким невідь-хто noun:anim:m:v_oru:&pron:ind
невідь-кім невідь-хто noun:anim:m:v_mis:&pron:ind

казна-що казна-що noun:inanim:n:v_naz/v_zna:&pron:ind
казна-чого казна-що noun:inanim:n:v_rod:&pron:ind
казна-чому казна-що noun:inanim:n:v_dav/v_mis:&pron:ind
казна-чим казна-що noun:inanim:n:v_oru:&pron:ind
казна-чім казна-що noun:inanim:n:v_mis:&pron:ind

казна-хто казна-хто noun:anim:m:v_naz:&pron:ind
казна-кого казна-хто noun:anim:m:v_rod/v_zna:&pron:ind
казна-кому казна-хто noun:anim:m:v_dav/v_mis:&pron:ind
казна-ким казна-хто noun:anim:m:v_oru:&pron:ind
казна-кім казна-хто noun:anim:m:v_mis:&pron:ind

хтось хтось noun:anim:m:v_naz:&pron:ind
когось хтось noun:anim:m:v_rod/v_zna:&pron:ind
комусь хтось noun:anim:m:v_dav/v_mis:&pron:ind
кимось хтось noun:anim:m:v_oru:&pron:ind
кимсь хтось noun:anim:m:v_oru:&pron:ind
кімсь хтось noun:anim:m:v_mis:&pron:ind
кімось хтось noun:anim:m:v_mis:&pron:ind

щось щось noun:inanim:n:v_naz/v_zna:&pron:ind
чогось щось noun:inanim:n:v_rod/v_zna:&pron:ind
віщось щось noun:inanim:n:v_zna:&pron:ind
чомусь щось noun:inanim:n:v_dav/v_mis:&pron:ind
чимось щось noun:inanim:n:v_oru:&pron:ind
чимсь щось noun:inanim:n:v_oru:&pron:ind
чімсь щось noun:inanim:n:v_mis:&pron:ind
чімось щось noun:inanim:n:v_mis:&pron:ind

неабищо неабищо noun:inanim:n:v_naz:&pron:neg
неабичого неабищо noun:inanim:n:v_rod/v_zna:&pron:neg
неабичому неабищо noun:inanim:n:v_dav:&pron:neg
неабичим неабищо noun:inanim:n:v_oru:&pron:neg

хто-небудь хто-небудь noun:anim:m:v_naz:&pron:ind
кого-небудь хто-небудь noun:anim:m:v_rod/v_zna:&pron:ind
кому-небудь хто-небудь noun:anim:m:v_dav/v_mis:&pron:ind
ким-небудь хто-небудь noun:anim:m:v_oru:&pron:ind
кім-небудь хто-небудь noun:anim:m:v_mis:&pron:ind

що-небудь що-небудь noun:inanim:n:v_naz/v_zna:&pron:ind
чого-небудь що-небудь noun:inanim:n:v_rod/v_zna:&pron:ind
віщо-небудь що-небудь noun:inanim:n:v_zna:&pron:ind
чому-небудь що-небудь noun:inanim:n:v_dav/v_mis:&pron:ind
чим-небудь що-небудь noun:inanim:n:v_oru:&pron:ind
чім-небудь що-небудь noun:inanim:n:v_mis:&pron:ind

ніхто ніхто noun:anim:m:v_naz:&pron:neg
нікого ніхто noun:anim:m:v_rod/v_zna:&pron:neg
нікому ніхто noun:anim:m:v_dav:&pron:neg
ніким ніхто noun:anim:m:v_oru:&pron:neg

нічого нічого adv
нічого нічого predic

нікого нікого noun:anim:m:v_rod/v_zna:&pron:emph
нікому нікому noun:anim:m:v_dav:&pron:emph
ніким ніким noun:anim:m:v_oru:&pron:emph

ніщо ніщо noun:inanim:n:v_naz/v_zna:&pron:neg
нічого ніщо noun:inanim:n:v_rod/v_zna:&pron:neg
нічому ніщо noun:inanim:n:v_dav:&pron:neg
нічим ніщо noun:inanim:n:v_oru:&pron:neg

нічого нічого noun:inanim:n:v_rod/v_zna:&pron:emph
нічому нічому noun:inanim:n:v_dav:&pron:emph
нічим нічим noun:inanim:n:v_oru:&pron:emph

дехто дехто noun:anim:m:v_naz:&pron:ind
декого дехто noun:anim:m:v_rod/v_zna:&pron:ind
декому дехто noun:anim:m:v_dav/v_mis:&pron:ind
деким дехто noun:anim:m:v_oru:&pron:ind
декім дехто noun:anim:m:v_mis:&pron:ind

дещо дещо adv:&pron:ind
дещо дещо noun:inanim:n:v_naz/v_zna:&pron:ind
дечого дещо noun:inanim:n:v_rod:&pron:ind
дечому дещо noun:inanim:n:v_dav/v_mis:&pron:ind
дечим дещо noun:inanim:n:v_oru:&pron:ind
дечім дещо noun:inanim:n:v_mis:&pron:ind

нікогісінько нікогісінько noun:anim:m:v_naz/v_rod/v_zna:&pron:neg
анікогісінько анікогісінько noun:anim:m:v_naz/v_rod/v_zna:&pron:neg
нічогісінько нічогісінько noun:inanim:n:v_naz/v_rod/v_zna:&pron:neg
анічогісінько анічогісінько noun:inanim:n:v_naz/v_rod/v_zna:&pron:neg

себе себе noun:v_rod/v_zna:&pron:refl
собі себе noun:v_dav/v_mis:&pron:refl
собою себе noun:v_oru:&pron:refl


# Прикметникові займенники

# Присвійні займенники його, її є незмінними
його adj:m:nv//f:nv//n:nv:&pron:pos
її adj:m:nv//f:nv//n:nv:&pron:pos

сам /adj_pron :&pron:def
наш /adj_pron :&pron:pos
ваш /adj_pron :&pron:pos

наші /n2adj1.< :&pron:pos

цей /adj_pron :&pron:dem
оцей /adj_pron :&pron:dem

той /adj_pron :&pron:dem
позатой /adj_pron :&pron:dem
тамтой /adj_pron :&pron:dem
отой /adj_pron :&pron:dem

весь /adj_pron :&pron:gen
увесь /adj_pron :&pron:gen
ввесь /adj_pron :&pron:gen

все adv:v-u|conj:coord:v-u|part:v-u
усе adv:v-u|conj:coord:v-u|part:v-u

все все noun:inanim:n:v_naz:&pron:gen:v-u
всього все noun:inanim:n:v_rod:&pron:gen:v-u
всьому все noun:inanim:n:v_dav:&pron:gen:v-u
все все noun:inanim:n:v_zna:&pron:gen:v-u
всім все noun:inanim:n:v_oru:&pron:gen:v-u
всім все noun:inanim:n:v_mis:&pron:gen:v-u
всьому все noun:inanim:n:v_mis:&pron:gen:v-u

усе усе noun:inanim:n:v_naz:&pron:gen:v-u
усього усе noun:inanim:n:v_rod:&pron:gen:v-u
усьому усе noun:inanim:n:v_dav:&pron:gen:v-u
усе усе noun:inanim:n:v_zna:&pron:gen:v-u
усім усе noun:inanim:n:v_oru:&pron:gen:v-u
усім усе noun:inanim:n:v_mis:&pron:gen:v-u
усьому усе noun:inanim:n:v_mis:&pron:gen:v-u

всі всі noun:anim:p:v_naz:&pron:gen:v-u
всіх всі noun:anim:p:v_rod:&pron:gen:v-u
всім всі noun:anim:p:v_dav:&pron:gen:v-u
всіх всі noun:anim:p:v_zna:&pron:gen:v-u
всіма всі noun:anim:p:v_oru:&pron:gen:v-u
всіх всі noun:anim:p:v_mis:&pron:gen:v-u

усі усі noun:anim:p:v_naz:&pron:gen:v-u
усіх усі noun:anim:p:v_rod:&pron:gen:v-u
усім усі noun:anim:p:v_dav:&pron:gen:v-u
усіх усі noun:anim:p:v_zna:&pron:gen:v-u
усіма усі noun:anim:p:v_oru:&pron:gen:v-u
усіх усі noun:anim:p:v_mis:&pron:gen:v-u

це це noun:inanim:n:v_naz:&pron:dem
цього це noun:inanim:n:v_rod:&pron:dem
цьому це noun:inanim:n:v_dav:&pron:dem
це це noun:inanim:n:v_zna:&pron:dem
цим це noun:inanim:n:v_oru:&pron:dem
цім це noun:inanim:n:v_mis:&pron:dem
цьому це noun:inanim:n:v_mis:&pron:dem

те те noun:inanim:n:v_naz:&pron:dem
того те noun:inanim:n:v_rod:&pron:dem
тому те noun:inanim:n:v_dav:&pron:dem
те те noun:inanim:n:v_zna:&pron:dem
тим те noun:inanim:n:v_oru:&pron:dem
тім те noun:inanim:n:v_mis:&pron:dem
тому те noun:inanim:n:v_mis:&pron:dem

інше /n2adj1 :&pron:def
інший /adj :&pron:def
інший /n2adj1.f.p.< :xp1:&pron:def
інший /n2adj1.f.p :inanim:xp2:&pron:def
кожний /adj :&pron:gen
кожний /n2adj1.f.p.< :xp1:&pron:gen
кожний /n2adj1.f.p :inanim:xp2:&pron:gen


кудись adv:&pron:ind
звідкись adv:&pron:ind

абиде adv:&pron:ind
абиколи adv:&pron:ind
абикуди adv:&pron:ind

аніде adv:&pron:neg
анізащо adv:&pron:neg
аніколи adv:&pron:neg

бозна-де adv:&pron:ind:coll
бозна-як adv:&pron:ind:coll
бозна-коли adv:&pron:ind:coll
бозна-куди adv:&pron:ind:coll
бозна-звідки adv:&pron:ind:coll

будь-де adv:&pron:ind
будь-як adv:&pron:ind
будь-коли adv:&pron:ind
будь-куди adv:&pron:ind
будь-звідки adv:&pron:ind

будлі-де adv:&pron:ind
будлі-як adv:&pron:ind
будлі-коли adv:&pron:ind
будлі-куди adv:&pron:ind
будлі-звідки adv:&pron:ind

чортзна-де adv:&pron:ind
чортзна-як adv:&pron:ind
чортзна-коли adv:&pron:ind
чортзна-куди adv:&pron:ind
чортзна-звідки adv:&pron:ind
чортзна-відкіля adv:&pron:ind:coll
чортзна-відкіль adv:&pron:ind:coll
чортзна-відколи adv:&pron:ind:coll

хтозна-де adv:&pron:ind
хтозна-як adv:&pron:ind
хтозна-коли adv:&pron:ind
хтозна-куди adv:&pron:ind
хтозна-звідки adv:&pron:ind
хтозна-чому adv:&pron:ind
хтозна-відкіля adv:&pron:ind:coll
хтозна-відкіль adv:&pron:ind:coll
хтозна-відколи adv:&pron:ind:coll

невідь-де adv:&pron:ind
невідь-як adv:&pron:ind
невідь-коли adv:&pron:ind
невідь-куди adv:&pron:ind
невідь-звідки adv:&pron:ind

казна-де adv:&pron:ind
казна-як adv:&pron:ind
казна-коли adv:&pron:ind
казна-куди adv:&pron:ind
казна-звідки adv:&pron:ind

всяк adv:rare:v-u
усяк adv:rare:v-u

всяк всякий adj:m:v_naz/v_zn2:short:&pron:gen:v-u
усяк усякий adj:m:v_naz/v_zn2:short:&pron:gen:v-u

чомусь adv:&pron:ind

# числівникові займенники

небагато небагато numr:p:v_naz/v_zna:&pron:ind
небагатьох небагато numr:p:v_rod/v_zna/v_mis:&pron:ind
небагатьом небагато numr:p:v_dav:&pron:ind
небагатьма небагато numr:p:v_oru:&pron:ind

багато багато numr:p:v_naz/v_zna:&pron:ind
багатьох багато numr:p:v_rod/v_zna/v_mis:&pron:ind
багатьом багато numr:p:v_dav:&pron:ind
багатьма багато numr:p:v_oru:&pron:ind

декілька декілька numr:p:v_naz/v_zna:&pron:ind
декількох декілька numr:p:v_rod/v_zna/v_mis:&pron:ind
декільком декілька numr:p:v_dav:&pron:ind
декількома декілька numr:p:v_oru:&pron:ind

кілька кілька numr:p:v_naz/v_zna:&pron:ind
кількох кілька numr:p:v_rod/v_zna/v_mis:&pron:ind
кільком кілька numr:p:v_dav:&pron:ind
кількома кілька numr:p:v_oru:&pron:ind

скількись adv:&pron:ind
скількись скількись numr:v_naz/v_zna:&pron:ind
скількохсь скількись numr:v_rod/v_zna/v_mis:&pron:ind
скількохось скількись numr:v_rod/v_zna/v_mis:&pron:ind
скількомсь скількись numr:v_dav:&pron:ind
скількомось скількись numr:v_dav:&pron:ind
скількомась скількись numr:v_oru:&pron:ind

скільки скільки numr:p:v_naz/v_zna:&pron:int
скількох скільки numr:p:v_rod/v_zna/v_mis:&pron:int
скільком скільки numr:p:v_dav:&pron:int
скількома скільки numr:p:v_oru:&pron:int

стільки adv:&pron:dem
стільки стільки numr:p:v_naz/v_zna:&pron:dem
стількох стільки numr:p:v_rod/v_zna/v_mis:&pron:dem
стільком стільки numr:p:v_dav:&pron:dem
стількома стільки numr:p:v_oru:&pron:dem

стільки-то adv:&pron:dem
стільки-то стільки-то numr:p:v_naz/v_zna:&pron:dem
стількох-то стільки-то numr:p:v_rod/v_zna/v_mis:&pron:dem
стільком-то стільки-то numr:p:v_dav:&pron:dem
стількома-то стільки-то numr:p:v_oru:&pron:dem

скільки-небудь скільки-небудь numr:p:v_naz/v_zna:&pron:ind
скількох-небудь скільки-небудь numr:p:v_rod/v_zna/v_mis:&pron:ind
скільком-небудь скільки-небудь numr:p:v_dav:&pron:ind
скількома-небудь скільки-небудь numr:p:v_oru:&pron:ind

хтозна-скільки adv:&pron:ind
хтозна-скільки хтозна-скільки numr:v_naz/v_zna:&pron:ind
хтозна-скількох хтозна-скільки numr:v_rod/v_zna/v_mis:&pron:ind
хтозна-скільком хтозна-скільки numr:v_dav:&pron:ind
хтозна-скількома хтозна-скільки numr:v_oru:&pron:ind

бозна-скільки adv:&pron:ind
бозна-скільки бозна-скільки numr:v_naz/v_zna:&pron:ind
бозна-скількох бозна-скільки numr:v_rod/v_zna/v_mis:&pron:ind
бозна-скільком бозна-скільки numr:v_dav:&pron:ind
бозна-скількома бозна-скільки numr:v_oru:&pron:ind

чортзна-скільки adv:&pron:ind
чортзна-скільки чортзна-скільки numr:v_naz/v_zna:&pron:ind
чортзна-скількох чортзна-скільки numr:v_rod/v_zna/v_mis:&pron:ind
чортзна-скільком чортзна-скільки numr:v_dav:&pron:ind
чортзна-скількома чортзна-скільки numr:v_oru:&pron:ind

казна-скільки adv:&pron:ind
казна-скільки казна-скільки numr:v_naz/v_zna:&pron:ind
казна-скількох казна-скільки numr:v_rod/v_zna/v_mis:&pron:ind
казна-скільком казна-скільки numr:v_dav:&pron:ind
казна-скількома казна-скільки numr:v_oru:&pron:ind

невідь-скільки adv:&pron:ind
невідь-скільки невідь-скільки numr:v_naz/v_zna:&pron:ind
невідь-скількох невідь-скільки numr:v_rod/v_zna/v_mis:&pron:ind
невідь-скільком невідь-скільки numr:v_dav:&pron:ind
невідь-скількома невідь-скільки numr:v_oru:&pron:ind

півстільки numr:nv:coll


# Числівники

один /numr
один /numr ^adj :&pron:dem:ind

обоє обоє numr:p:v_naz/v_zna
обох обоє numr:p:v_rod/v_zna/v_mis
обом обоє numr:p:v_dav
обома обоє numr:p:v_oru

обидва обидва numr:m:v_naz/v_zna
обидві обидва numr:f:v_naz/v_zna
обох обидва numr:p:v_rod/v_zna/v_mis
обом обидва numr:p:v_dav
обома обидва numr:p:v_oru

годину-дві adv
годину-другу adv
місяць-другий adv
тиждень-другий adv
рік-другий adv
вдвічі-втричі adv
день-два adv


# Числівники
обидвоє обидвоє numr:p:v_naz/v_zna:rare
обидвох обидвоє numr:p:v_rod/v_zna/v_mis:rare
обидвом обидвоє numr:p:v_dav:rare
обидвома обидвоє numr:p:v_oru:rare

два два numr:m:v_naz/v_zna//n:v_naz/v_zna
дві два numr:f:v_naz/v_zna
двох два numr:m:v_rod/v_zna/v_mis//n:v_rod/v_zna/v_mis//f:v_rod/v_zna/v_mis
двом два numr:m:v_dav//n:v_dav//f:v_dav
двома два numr:m:v_oru//n:v_oru//f:v_oru

двоє двоє numr:p:v_naz/v_zna
двох двоє numr:p:v_rod/v_zna/v_mis
двом двоє numr:p:v_dav
двома двоє numr:p:v_oru

троє троє numr:p:v_naz/v_zna
трьом троє numr:p:v_dav
трьох троє numr:p:v_rod/v_zna/v_mis
трьома троє numr:p:v_oru

три три numr:p:v_naz/v_zna
трьом три numr:p:v_dav
трьох три numr:p:v_rod/v_zna/v_mis
трьома три numr:p:v_oru

чотири чотири numr:p:v_naz/v_zna
чотирма чотири numr:p:v_oru
чотирьох чотири numr:p:v_oru/v_zna/v_mis
чотирьом чотири numr:p:v_dav
шість шість numr:p:v_naz/v_zna
шести шість numr:p:v_rod/v_dav/v_mis
шістьом шість numr:p:v_dav
шістьох шість numr:p:v_rod/v_zna/v_mis
шістьма шість numr:p:v_oru
шістьома шість numr:p:v_oru
сім сім numr:p:v_naz/v_zna
семи сім numr:p:v_rod/v_dav/v_mis
сімох сім numr:p:v_rod/v_zna/v_mis
сімом сім numr:p:v_dav
сьома сім numr:p:v_oru
сімома сім numr:p:v_oru
вісім вісім numr:p:v_naz/v_zna
восьми вісім numr:p:v_rod/v_dav/v_mis
вісьмох вісім numr:p:v_rod/v_zna/v_mis
вісьмом вісім numr:p:v_dav
вісьма вісім numr:p:v_oru
вісьмома вісім numr:p:v_oru

четверо четверо numr:p:v_naz/v_zna
чотирма четверо numr:p:v_oru
чотирьох четверо numr:p:v_rod/v_zna/v_mis
чотирьом четверо numr:p:v_dav
п'ятеро п'ятеро numr:p:v_naz/v_zna
шестеро шестеро numr:p:v_naz/v_zna
семеро семеро numr:p:v_naz/v_zna
восьмеро восьмеро numr:p:v_naz/v_zna
дев'ятеро дев'ятеро numr:p:v_naz/v_zna
десятеро numr:p:v_naz/v_zna

одинадцятеро одинадцятеро numr:p:v_naz/v_zna
дванадцятеро дванадцятеро numr:p:v_naz/v_zna
тринадцятеро numr:p:v_naz/v_zna
чотирнадцятеро чотирнадцятеро numr:p:v_naz/v_zna
п'ятнадцятеро п'ятнадцятеро numr:p:v_naz/v_zna
шістнадцятеро шістнадцятеро numr:p:v_naz/v_zna
сімнадцятеро сімнадцятеро numr:p:v_naz/v_zna
вісімнадцятеро вісімнадцятеро numr:p:v_naz/v_zna
дев'ятнадцятеро дев'ятнадцятеро numr:p:v_naz/v_zna
двадцятеро двадцятеро numr:p:v_naz/v_zna
тридцятеро тридцятеро numr:p:v_naz/v_zna

сорок сорок numr:p:v_naz/v_zna
сорока сорок numr:p:v_rod/v_dav/v_zna/v_oru/v_mis
дев'яносто дев'яносто numr:p:v_naz/v_zna
дев'яноста дев'яносто numr:p:v_rod/v_dav/v_oru/v_mis

сто сто numr:p:v_naz/v_zna
ста сто numr:p:v_rod/v_dav/v_oru/v_mis
двісті двісті numr:p:v_naz
двохсот двісті numr:p:v_rod/v_zna
двомстам двісті numr:p:v_dav
двомастами двісті numr:p:v_oru
двохстах двісті numr:p:v_mis
триста триста numr:p:v_naz/v_zna
трьохсот триста numr:p:v_rod/v_zna
трьомстам триста numr:p:v_dav
трьомастами триста numr:p:v_oru
трьохстах триста numr:p:v_mis
чотириста чотириста numr:p:v_naz/v_zna
чотирьохсот чотириста numr:p:v_rod/v_zna
чотирьомстам чотириста numr:p:v_dav
чотирмастами чотириста numr:p:v_oru
чотирьохстах чотириста numr:p:v_mis
п'ятсот п'ятсот numr:p:v_naz/v_zna
п'ятисот п'ятсот numr:p:v_rod
п'ятистам п'ятсот numr:p:v_dav
п'ятьмастами п'ятсот numr:p:v_oru
п'ятистах п'ятсот numr:p:v_mis
шістсот шістсот numr:p:v_naz/v_zna
шестисот шістсот numr:p:v_rod
шестистам шістсот numr:p:v_dav
шестистах шістсот numr:p:v_mis
шістьмастами шістсот numr:p:v_oru
сімсот сімсот numr:p:v_naz/v_zna
семисот сімсот numr:p:v_rod
семистам сімсот numr:p:v_dav
семистах сімсот numr:p:v_mis
семистами сімсот numr:p:v_oru
сімомастами сімсот numr:p:v_oru
вісімсот вісімсот numr:p:v_naz/v_zna
восьмисот вісімсот numr:p:v_rod
восьмистам вісімсот numr:p:v_dav
восьмистах вісімсот numr:p:v_mis
восьмистами вісімсот numr:p:v_oru
дев'ятсот дев'ятсот numr:p:v_naz/v_zna
дев'ятисот дев'ятсот numr:p:v_rod
дев'ятистам дев'ятсот numr:p:v_dav
дев'ятьмастами дев'ятсот numr:p:v_oru
дев'ятьомастами дев'ятсот numr:p:v_oru
дев'ятистах дев'ятсот numr:p:v_mis

кількасот кількасот numr:p:v_naz/v_zna
кількохсот кількасот numr:p:v_rod
кількомстам кількасот numr:p:v_dav
кількомастами кількасот numr:p:v_oru
кількохстах кількасот numr:p:v_mis

півтора numr:m:nv//n:nv
півтори numr:f:nv
півтора-два numr:m:nv//n:nv

півста numr:nv:np:coll
півтораста numr:p:nv

один-два один-два numr:p:v_naz/v_zna
два-три два-три numr:p:v_naz/v_zna
дві-три два-три numr:p:v_naz/v_zna
двома-трьома два-три numr:p:v_oru
двох-трьох два-три numr:p:v_rod/v_zna/v_mis
три-чотири три-чотири numr:p:v_naz/v_zna


# Прислівники
вдвічі adv
удвічі adv
втричі adv:v-u
утричі adv:v-u
вдвоє adv
удвоє adv
втроє adv:v-u
утроє adv:v-u
вчетверо adv:v-u
учетверо adv:v-u
вп'ятеро adv:v-u
уп'ятеро adv:v-u
вшестеро adv:v-u
ушестеро adv:v-u
всемеро adv:v-u
усемеро adv:v-u
ввосьмеро adv:v-u
увосьмеро adv:v-u
вдев'ятеро adv:v-u
удев'ятеро adv:v-u
вдесятеро adv:v-u
удесятеро adv:v-u
вдвох adv
удвох adv
втрьох adv
утрьох adv
вчотирьох adv:v-u
учотирьох adv:v-u
вп'ятьох adv:v-u
уп'ятьох adv:v-u
вшістьох adv:v-u
ушістьох adv:v-u
всімох adv:v-u
усімох adv:v-u
ввісьмох adv:v-u
увісьмох adv:v-u
вдев'ятьох adv:v-u
удев'ятьох adv:v-u
вдесятьох adv:v-u
удесятьох adv:v-u

вдруге adv:v-u
удруге adv:v-u
втретє adv:v-u
утретє adv:v-u
вчетверте adv:v-u
учетверте adv:v-u
вп'яте adv:v-u
уп'яте adv:v-u
вшосте adv:v-u
ушосте adv:v-u
всьоме adv:v-u
усьоме adv:v-u
ввосьме adv:v-u
увосьме adv:v-u
вдев'яте adv:v-u
удев'яте adv:v-u
вдесяте adv:v-u
удесяте adv:v-u

щодесять adv

#вище високо adv:compr
#найвище високо adv:super
#якнайвище високо adv:super
#щонайвище високо adv:super


# Прийменники
без без prep:rv_rod
біля біля prep:rv_rod
в в prep:rv_zna:rv_mis:rv_rod:v-u
у у prep:rv_zna:rv_mis:rv_rod:v-u
уві уві prep:rv_zna:rv_mis:rv_rod:v-u
вві вві prep:rv_zna:rv_mis:rv_rod:v-u
від від prep:rv_rod
відповідно відповідно prep:rv_dav
внаслідок внаслідок prep:rv_rod:v-u
унаслідок унаслідок prep:rv_rod:v-u
вподовж вподовж prep:rv_rod:v-u
уподовж уподовж prep:rv_rod:v-u
впродовж впродовж prep:rv_rod:v-u|adv
упродовж упродовж prep:rv_rod:v-u|adv
вздовж вздовж prep:rv_rod:v-u|adv
уздовж уздовж prep:rv_rod:v-u|adv
впоперек впоперек prep:rv_rod:v-u|adv
упоперек упоперек prep:rv_rod:v-u|adv
вслід вслід prep:rv_dav:v-u
услід услід prep:rv_dav:v-u
всупереч всупереч prep:rv_dav:v-u
усупереч усупереч prep:rv_dav:v-u
для для prep:rv_rod
до до prep:rv_rod
довкола довкола prep:rv_rod
з з prep:rv_rod:rv_zna:rv_oru
за за prep:rv_rod:rv_zna:rv_oru
із із prep:rv_rod:rv_zna:rv_oru
зі зі prep:rv_rod:rv_zna:rv_oru
зо зо prep:rv_rod:rv_zna:rv_oru
завдяки завдяки prep:rv_dav
задля задля prep:rv_rod
залежно залежно prep:rv_rod
замість замість prep:rv_rod
заради заради prep:rv_rod
#згідно згідно prep:rv_rod
зверху зверху prep:rv_rod
здовж здовж prep:rv_rod|adv
з-за з-за prep:rv_rod
із-за із-за prep:rv_rod
з-над з-над prep:rv_rod
з-перед з-перед prep:rv_rod
з-під з-під prep:rv_rod
з-попід з-попід prep:rv_rod
з-позад з-позад prep:rv_rod
із-під із-під prep:rv_rod
з-поза з-поза prep:rv_rod
з-поміж з-поміж prep:rv_rod
з-понад з-понад prep:rv_rod
з-поперед з-поперед prep:rv_rod
з-посеред з-посеред prep:rv_rod
з-проміж з-проміж prep:rv_rod
з-серед з-серед prep:rv_rod
ззаду ззаду prep:rv_rod
зсередини зсередини prep:rv_rod
ізсередини ізсередини prep:rv_rod
кінець кінець prep:rv_rod
коло коло prep:rv_rod
край край prep:rv_rod
крізь крізь prep:rv_zna
крім крім prep:rv_rod
круг круг prep:rv_rod
кругом кругом prep:rv_rod
між між prep:rv_rod:rv_zna:rv_oru
проміж проміж prep:rv_rod:rv_zna:rv_oru
поміж поміж prep:rv_rod:rv_zna:rv_oru
на на prep:rv_zna:rv_mis
навколо prep:rv_rod
навкруг prep:rv_rod
навпаки навпаки prep:rv_dav
навперейми навперейми prep:rv_dav
над над prep:rv_oru:rv_zna
наді наді prep:rv_oru:rv_zna
надо надо prep:rv_oru:rv_zna
наперед наперед prep:rv_rod
напередодні напередодні prep:rv_rod
наперекір наперекір prep:rv_dav
напереріз напереріз prep:rv_dav
наприкінці наприкінці prep:rv_rod
напроти напроти prep:rv_rod
навпроти навпроти prep:rv_rod
насеред насеред prep:rv_rod
насупроти насупроти prep:rv_rod
невважаючи невважаючи prep:rv_zna
нижче нижче prep:rv_zna
о о prep:rv_zna:rv_mis
о о intj
об об prep:rv_zna:rv_mis
обабіч обабіч prep:rv_rod
обіч обіч prep:rv_rod
обік обік prep:rv_rod|adv
од од prep:rv_rod
окрай окрай prep:rv_rod
окрім окрім prep:rv_rod
округ округ prep:rv_rod
округи округи prep:rv_rod
опісля опісля prep:rv_rod
опріч опріч prep:rv_rod|adv
перед перед prep:rv_oru:rv_zna
переді перед prep:rv_oru:rv_zna
під під prep:rv_zna:rv_oru
після після prep:rv_rod|adv
по по prep:rv_mis:rv_zna
побік побік prep:rv_rod
побіч побіч prep:rv_rod
поблизу поблизу prep:rv_rod
поверх поверх prep:rv_rod
повз повз prep:rv_zna
повздовж повздовж prep:rv_rod
подовж подовж prep:rv_rod|adv
поза поза prep:rv_zna:rv_oru
позад позад prep:rv_rod|adv
позаду позаду prep:rv_rod|adv
поздовж поздовж prep:rv_rod
покрай покрай prep:rv_rod
понад понад prep:rv_oru:rv_zna
понадо понадо prep:rv_oru:rv_zna
понижче понижче prep:rv_rod
поперек поперек prep:rv_rod
поперед поперед prep:rv_rod:rv_zna:rv_oru|adv
попереду попереду prep:rv_rod|adv
попід попід prep:rv_zna:rv_oru
попліч попліч prep:rv_rod:rv_oru
попри попри prep:rv_zna
поруч поруч prep:rv_rod
поряд поряд prep:rv_rod
посеред посеред prep:rv_rod|adv
посередині посередині prep:rv_rod
при при prep:rv_mis
про про prep:rv_zna
протягом протягом prep:rv_rod|adv
просто просто prep:rv_rod|part
проти проти prep:rv_rod
раніше раніше prep:rv_rod
серед серед prep:rv_rod
спереду спереду prep:rv_rod
супроти супроти prep:rv_rod
супротив супротив prep:rv_rod|adv
через через prep:rv_zna
шляхом шляхом prep:rv_rod
щодо щодо prep:rv_rod

незважаючи незважаючи prep


# вставні слова
здається здається insert
здавалося insert
бачу бачу insert
безумовно безумовно insert
безперечно безперечно insert
правда правда insert
видно видно insert|predic
мабуть мабуть insert
може може insert
очевидно очевидно insert
либонь либонь adv|insert
кажуть кажуть insert
щоправда щоправда insert
сподіваюся сподіваюся insert
даруйте даруйте insert
зрозумійте зрозумійте insert
мовляв мовляв insert
нарешті нарешті insert
навпаки навпаки insert
отже отже insert
наприклад наприклад insert
значить значить insert
виходить виходить insert
однак однак insert
проте проте insert
чуєте чуєте insert
бачиш бачиш insert
по-моєму по-моєму insert
по-твоєму по-твоєму insert
по-вашому по-вашому insert
по-перше по-перше insert
по-друге по-друге insert


# частки і сполучники
# Однолітерні слова
а а conj:coord|part|intj
б б part
ж ж conj:coord
ж ж part
і і conj:coord|part
й й conj:coord|part

най най part:rare

# решта
аби conj:subord
аби-но conj:subord
абощо part
або conj:coord
авжеж part
адже part|conj:subord
ажень part
аж part|conj:subord
але conj:coord|intj|part:rare
амінь part|noun:n:nv:np
аніж conj:subord
ані-ні part
ані conj:coord|part
ану intj|part
атож part
ато part
ач intj|part
іч intj
ич intj|part
аякже part
ба intj|part|conj:subord
би part
бодай part
бо conj:subord|part
буцім conj:subord|part
буцімто conj:subord|part
відколи adv:&pron:int:rel|conj:subord
власне insert|part
властиво part|insert|predic
все-таки conj:coord:v-u
усе-таки conj:coord:v-u
все-таки part:v-u
усе-таки part:v-u
втім adv:v-u|conj:coord:v-u
геть adv|intj|part
геть-то adv
дедалі adv|part
де adv:&pron:int:rel|part
доки adv:&pron:int:rel|conj:subord
допоки adv|conj:subord
еге part|intj
же part|conj:coord
зате conj:coord
затим adv
ібн part
коли adv:&pron:int:rel|conj:subord|part
ледве adv|part|conj:subord
ледь adv|conj:subord
лиш part|conj:subord
лише part|conj:subord
лишень part|conj:subord
мерсі part
мов conj:subord|part
мовби conj:subord|part
мовбито conj:subord|part
навіть part
нате part
натомість adv
начебто conj:subord|part
начеб conj:subord|part
наче conj:subord|part
неначе conj:subord|part
на part|intj
невже part
немов conj:subord|part
немовби conj:subord|part
немовбито conj:subord|part
неначебто conj:subord|part
нехай part|conj:subord
нехай-но part|conj:subord
не part
ніби conj:subord|part
нібито conj:subord|part
ніж conj:subord
ні-ні part
ні part
нумо intj|part
ну intj|part
однак conj:coord
одначе conj:coord
онде part|adv
он part
оскільки conj:subord
ось part
отже part|conj:subord
отож-то conj:subord
отож part|conj:subord
ото part
от part
оце part
позаяк conj:subord
покіль adv|conj:subord
попросту adv|part
прецінь part|adv|insert|conj:coord
причім adv|conj:subord
причому adv|conj:subord
проте conj:coord|adv
раз adv|conj:subord
саме adv|part
себто conj:subord
сиріч conj:subord
справді adv|insert|part
також adv|conj:coord
так adv:&pron:dem|part|conj:coord:subord
там adv:&pron:dem|part
там-то adv:&pron:dem
та conj:coord|part
теє part
теж adv|part
тим-то conj:subord
тільки adv|conj:subord|part
тільки-но adv|part|conj:subord
тобто conj:subord|part
тож conj:subord|part
тому conj:subord|adv
тощо part
то conj:subord
утім adv:v-u|conj:coord:v-u
хай part|conj:subord
хіба conj:subord|part
хоча conj:subord|part
хоч conj:subord|part
цебто conj:subord|part
чи conj:coord:subord|part
щоби conj:subord|part
щоб conj:subord|part
щойно adv|conj:subord|part
іно adv:rare|conj:subord:rare
йно adv:rare|conj:subord:rare
щоправда conj:subord
якби conj:subord
як-от part
якраз adv|part
якщо conj:subord
як adv:&pron:int:rel|conj:subord|part
а-ля conj:subord

ге part|intj
се part
осе part
отсе part
так-таки part
ачей part
так-так part|intj
всього-на-всього part
усього-на-всього part
но part|intj
онно part
оно part
так-то part|adv
то-то part
отто part
осісьо part
угу part
чень part
чортзна чортзна part
як-таки part

# рідковживані
ув ув prep:rv_zna:rv_mis:rv_rod
з-між з-між prep:rv_rod
ві ві prep:rv_zna:rv_mis
звиш звиш prep:rv_rod:rv_zna:rare
поконець поконець prep:rv_rod:rare
межи межи prep:rv_oru:rv_rod:rv_zna:rare
помежи помежи prep:rv_oru:rv_rod:rv_zna:rare
пред пред prep:rv_oru:rv_zna:rare
передо передо prep:rv_oru:rv_zna:rare
предо предо prep:rv_oru:rv_zna:rare
підо підо prep:rv_oru:rv_zna
во во prep:rv_zna:rv_mis:rare

обойко numr:p:nv:coll
обоєчко numr:p:nv:coll
двойко numr:p:nv:coll
двоєчко numr:p:nv:coll
двійко numr:p:nv:coll
п'ятірко numr:p:nv:coll
трійко numr:p:nv:coll
тройко numr:p:nv:coll
четвірко numr:p:nv:coll
семерко numr:p:nv:coll
декілько numr:p:v_naz/v_zna:coll
кількадесятеро numr:p:v_naz/v_zna:coll
кільканадцятеро numr:p:v_naz/v_zna:coll

доперва adv:rare|part:rare
суціль adv:rare
долів adv:rare
