абізяна /n10.p1.<>
абьюз /n20
абьюзер /n20.a.p.<
аб'юз /n20
аб'юзер /n20.a.p.ke.<
аб'юзерка /n10.p2.<
аб'юзивний /adj
ава /n10.p1                                 # аватарка
авва /n10.p1.<m
автозак /n20.a.p.zi
агась intj
агритися /vr1.cf :imperf
аддон /n20.p
айн noninfl:foreign
айпі noninfl
ака noninfl
акаем /n20.a.p
акимат /n20.p                           # мерія
акімат /n20.p                           # мерія
актівіті noun:n:nv
алкан /n20.a.p.<                    # :xp2 людина
алкаш /n20.a.p.<
алкашка /n10.p2.ko.< 
алкашня /n10
алконавт /n20.a.p.<
аль-денте adv
альткоїн /n20.a.p
амбал /n20.a.p.ke.<
америкос /n20.a.p.<
аморалка /n10
аналоговнєт noninfl:foreign
андердог /n20.a.p.<
андеркард /n20
анон /n20.a.p.<
антивакс /n20.a.p.<
антиваксер /n20.a.p.ke.<
антидрон-рушниця /n10.p1
анфоловити /v1 :imperf                                    # rv_zna
анфоловнути /v1 :perf                                       # rv_zna
апгрейд /n20.p
апгрейдити /v1.cf.advp.it0 :imperf     # rv_zna:rv_oru:rv_dav
апгрейдитися /vr1.cf.advp :imperf     # rv_oru
апгрейднути /v1 :perf                                         # rv_zna:rv_oru:rv_dav
апгрейднутися /vr1 :perf                                      # rv_oru
апдейт /n20.p
апдейтити /v1.cf.advp.it0 :imperf     # rv_zna:rv_oru:rv_dav
аплікуха /n10.p1
апофігей /n20
аранж /n20
арта /n10
асасинка /n10.p2.<
асвабадітєль /n20.a.p.<
асист /n20.a.u.p
аська /n10
атачмент /n20.p
аусвайс /n20.p
аутплейсмент /n20.p
аутфіт /n20.p
афган /n20
афігєнний /adj.adv
афтепаті noun:n:nv:np
ацтой noninfl
ачівка /n10.p2
ачівмент /n20.p
баблішко /n2n
бабло /n2n
бавовнятко /n2n
баг /n20.p
багбаунті noninfl:foreign
багіня /n10.p1.<
бадяга /n10.p1
бадяжити /v1.cf.advp :imperf     # rv_zna:rv_oru:rv_dav
баєр /n20.a.p.ke.< :ua_2019
базарити /v1.cf.advp :imperf
базворд /n20.p
базлати /v2.cf.advp :imperf
байєр /n20.a.p.ke.<
байкшеринг /n20
байтити /v1.it1.cf.advp :imperf
бакс /n20.a.p
баксик /n20.a.p
балдьожний /adj
бамбіна /n10.<
бамбіно noun:m:nv:anim
бан /n20.p
бандерлог /n20.a.p.<
бандеромобіль /n20.a.p
бандерпіч /n30.p
бандерштадт /n20
бандьор /n20.a.p.ke.<
банерка /n10
банити /v1.cf.advp.it0 :imperf          # rv_zna:rv_oru:rv_dav
барбершоп /n20.p
бардзо adv
барзо adv
баркемп /n20.p
батл /n20.p
баттл /n20.p
батя /n10.ku.<m
батяня /n10.ku.<m
бауер /n20.a.p.ke.<
башка /n10
башльовий /adj
башляти /v2.cf.advp :imperf
бевушний /adj
бегінерка /n10.p2.<
беемпе noun:n:nv
беемпеха /n10.p1
беемпешка /n10.p2
безбаштовий /adj
безнадьога /n10
безпонтовий /adj.adv
безпрєдєл /n20
бейгл /n20.p
бекап /n20.p
бекап /n20.a.p
бекграунд /n20
бекграунд /n20.p
бекдор /n20.p.ke
беклог /n20
бек-офісний /adj
бекпекер /n20.a.p.ke.<
бекпекерський /adj
бекстейдж /n20.p
бекстоп /n20
бектрекінг /n20
бенефіти /np2
бердвочерка /n10.p2.<
беркутня /n10
беспредєл /n20
беспрєдєл /n20
бест noninfl
беттінговий /adj
беушний /adj
беха /n10
бєзпрєдєл /n20
бикота /n10
бігморда /n10.p1
біг-морда /n10.p1
бігтех /n20
бімба /n10
бімер /n20.a.p
бітл /n20.a.p.<
біч /n20.a.p.<
блатар /n24.a.p.ke.<
блатняк /n20.a.p
блатняцький /adj
блатувати /v1.cf.advp :imperf
блаугранас noninfl
блек /n20            # блек-метал
блекаутний /adj
бленд /n20.p
блєдіна /n10.p1
блін noninfl:&insert
блокер /n20.a.p
блонд /n20
блонда /n10.<
блутус /n20
бляхер /n20.a.p.ke.<
бодишеймерський /adj
бодишеймити /v1.it1.cf.advp :imperf           # rv_zna
бодишеймінг /n20
бодікамера /n10.p1
бодішеймер /n20.a.p.<
бодішеймити /v1.it1.cf.advp :imperf           # rv_zna
бодішеймінг /n20
бодун /n20.a
бодяжити /v1.cf.advp.it0 :imperf        # rv_zna:rv_oru:rv_dav
бодяжитися /vr1.cf :imperf              # rv_oru
бодяжний /adj
бойз noninfl:foreign
боксінг /n20
бомбер /n20.a.p.ke
бомбічний /adj
бомбонути /v1 :perf                     # обікрасти      # rv_zna
бондхолдер /n20.a.p.ke.<
бортанути /v1 :perf                      # rv_zna:rv_oru:rv_dav
ботан /n20.a.p.<
ботва /n10                                      # (боти збірне)
ботовкид /n20.p
бот-юзер /n20.a.p.ke.<
брателло /n2n.p1.<m
братело /n2n.p1.<m
брательник /n20.a.<
братішка /n10.p2.<m
бред /n20
брейн-дрейн /n20
брейнстормити /v1.cf.advp.it1 :imperf
брендбук /n20.p
брендвойс /n20.p
брендмейкер /n20.a.p.ke.<
бренчінг /n20.p
брехалівка /n10.p2
брєд /n20
брєдятина /n10
брєдятіна /n10
бро noun:anim:m:v_kly               # lim
бродкастер /n20.a.p.ke.<
броник /n20.a.p
бронік /n20.a.p
будєт noninfl
будун /n20
булити /v1.cf.advp :imperf
бульбулятор /n20.a.p.ke
бумбокс /n20.a.p
бумер /n20.a.p.ke                           # машина
бумер /n20.a.p.ke.<                         # бебі-бумер
бундес /n20
бундесфрау /<f
буржуїн /n20.a.p.ke.<
бухарик /n20.a.p.<
бухати /v2.cf.advp :imperf:xp2              # буха́ти
бухий /adj
бухло /n2n
буш noninfl
бьордвотчер /n20.a.p.ke.<
бьордвотчінг /n20
б'юті noninfl
вагнер /n20.a.p.ke.<
важняк /n20.a.p.<
вайб /n20.p
вангування /n2n
вангувати /v1.cf.advp :imperf                      # rv_zna:rv_dav
ванька /n10.p2.<
вапше noninfl
вапшє adv
варік /n20.a.p
ватнік /n20.a.p.<
ваще noninfl
ващє noninfl
вдупляти /v2.cf.advp :imperf
вевешний /adj
ведмежатниця /n10.p1.<
везуха /n10
вейджер /n20.a.u.p
вейпити /v1.cf :imperf                          # rv_zna
велікій /adj
вендинг /n20
вендинговий /adj
вендінг-автомат /n20.a.p
вендор /n20.a.p.ke.<
вєлік /n20.a.p
вжучити /v1.it1.is0 :perf                      # rv_zna:rv_oru:rv_dav
вздрючити /v1.it0 :perf                        # rv_zna
взувачка /n10.p2 :v-u
вилоносець /n22.a.p.<
вилоносний /adj
вимахуватися /vr1.cf.advp :imperf              # rv_oru
випендритися /vr1 :perf
випендрьож /n20
випендрювання /n2n.p1
випендрюватися /vr1.cf.advp :imperf            # rv_oru
випивон /n20
випивончик /n20.a
вирубити /v1.it1 :perf        # rv_zna:rv_oru:rv_dav
вирубитися /vr1.it1 :perf        # rv_oru
вирулити /v1.it1 :perf
вирулювання /n2n
вирулювати /v1.cf.advp :imperf        # rv_oru
висновковувати /v1.cf.advp :imperf
висновковуватися /vr1.cf.advp :imperf
висяк /n20.p
вихарити /v1.is0.it1 :perf
вихарювати /v1.cf.advp.isNo :imperf
вишестоящій /adj
вишибала /n10.p1.piv.<m
вишиватництво /n2n
відбиванка /n10
відбувайло /n20.<
відгрохати /v2 :perf                      # rv_zna:rv_dav
віддуплитися /vr1.it1 :perf
віддуплятися /vr2.cf.advp :imperf
відик /n20.a.p
відказник /n20.a.p.<
відкат /n20.p
відключка /n10.p2
відкобзонити /v1 :perf
відковбасити /v1 :perf                      # rv_zna
відлабати /v2 :perf                         # rv_zna
відлуп /n20
відмазаний /adj :&adjp:pasv:perf
відмазати /v1.isNo :perf   # rv_zna:rv_oru
відмазатися /vr1 :perf   # rv_oru
відмазка /n10.p2
відмазування /n2n
відмазувати /v1.cf.advp :imperf   # rv_zna
відмазуватися /vr1.cf.advp :imperf   # rv_oru
відморозитися /vr1.it0 :perf
відморозок /n22.p.a.<
відмудохати /v2 :perf                      # rv_zna:rv_oru
відос /n20.p
відосик /n20.a.p
відосік /n20.a.p
відпанаханий /adj :&adjp:pasv:perf
відпанахати /v2.isNo :perf                      # rv_zna:rv_oru
відстьобнути /v1.isTo :perf                     # rv_zna:rv_oru
відстьобувати /v1.cf.advp :imperf               # rv_zna:rv_oru
відфренджений /adj :&adjp:pasv:perf
відфрендити /v1.is0.it0 :perf                   # rv_zna
відхаймарсити /v1 :perf                         # rv_zna:rv_oru
відчикати /v2 :perf                             # rv_zna:rv_oru:rv_dav
відяха /n10
віздє adv:&pron:gen
віктимблеймер /n20.a.p.<
віктимблеймити /v1.it1.cf.advp :imperf
віктимблеймінг /n20
вінгер /n20.a.p.ke.<
вінда /n10
віп /n20.a.p.<
віпівський /adj
віртуал /n20.a.p.<                  # :xp1 людина
віртуал /n20                        # :xp2 асбтр.
віртуалка /n10.p2
віскарик /n20.a
вкурвитися /vr1.it1 :perf
вкурити /v1 :perf               # rv_zna
влом adv
внєзапно adv
вніч adv
вобше adv
водяра /n10
вопше adv
вордівський /adj
воркаут /n20
воронок /n22.p.a
вот noninfl
вохрівець /n22.a.p.<
впадло adv
вперьод adv
вписка /n10
впіндюрити /v1.is0.it0 :perf                      # rv_zna:rv_oru:rv_dav
впрочім adv:&insert|conj:coord
врубитися /vr1.it1 :perf
всандалити /v1.it0 :perf                      # rv_zna:rv_oru:rv_dav
всігда adv:&pron:gen
втарабанити /v1 :perf                      # rv_zna:rv_oru:rv_dav
втіхаря adv
вторинка /n10
вуменізм /n20
вумний /adj
вундервафля /n10
вурка /n10.p2.<m
вшарити /v1.it0 :perf
вшивість /n30
вшистко adv
вштирити /v1.is0 :perf                      # rv_zna:rv_oru:rv_dav
габела noninfl:&predic
газбулька /n10
газлайтер /n20.a.p.<
газлайтерка /n10.p2.<
газлайтинговий /adj
газлайтити /v1.it1.cf.advp :imperf
гайд /n20.a.p.<                 # :xp1 людина
гайд /n20.a.p                   # :xp2 книжка
галімий /adj.adv
галюн /n20.a.p
галюник /n20.a.p
гандон /n20.a.p
гарасмент /n20
гардлайнер /n20.a.p.ke.<
гарнявчик /n20.a.p.<
гебешний /adj
гебешник /n20.a.p.<
гебешниця /n10.p1.<
гебня /n10
гебнявий /adj
гег /n20.p
геерушний /adj
геерушник /n20.a.p.<
геймдев /n20
геймдизайнер /n20.a.p.ke.<
геймплей /n20.a.u
геймплейний /adj
гейропа /n10
гейтер /n20.a.p.<
гемблер /n20.a.p.ke.<
гемблінг /n20
гемблінговий /adj
гепіенд /n20
гицлярня /n10.p2
гік /n20.a.p.<
гіперлуп /n20.a.u.p
гіфка /n10.p2
глемпінг /n20
глубокомислєнно adv
глюк /n20.p
глючити /v1.cf :imperf
глючний /adj
голівар /n20.p.ke
гомік /n20.a.p.<
гомосовєтікус /n20.a.p.<
гомо-совєтікус /n20.a.p.<
гон /n20
гондон /n20.a.p
гониво /n2n
гоп /n20.a.p.<                          # гопник
гопник /n20.a.p.<
гопницький /adj
гопнік /n20.a.p.<
гопота /n10
гопотня /n10
горючка /n10
гостинг /n20
гострайтер /n20.a.p.ke.<
готовик /n20.a
готовченко /n20.p.<
гоу noninfl
грабанути /v1 :perf                      # rv_zna
гравіцапа /n10.p1
грамарнацистка /n10.p2.<
грамар-наці noun:m:nv:anim|noun:f:nv:anim
грандфінал /n20.p
графітірайтер /n20.a.p.ke.<
граф'янка /n10.p2.<
гребучість /n30
грейдинг /n20
грейс-період /n20.p
грендслем /n20.p
гречкодавець /n22.a.p.<
грінкарта /n10.p1
груповуха /n10.p1
грьобаний /adj
гуглкарта /n10.p1
гудбай intj
гульбанити /v1.cf.advp :imperf
гурто noun:n:nv
гуртяга /n10.p1
гьорлфренд /<f
ґайдлайн /n20.p
ґеймпад /n20.a.p
ґік /n20.a.p.<
ґоуст-райтер /n20.a.p.ke.<
дабл noninfl
давністика /n10
ДАІвець /n22.a.p.<
дайв /n20
дайош intj
данс /n20
даркнет /n20
даркстор /n20.a.p.ke
датацентр /n20.p.ke
даун /n20.a.p.<
даунтаун /n20.p
даунхіл /n20
дашборд /n20.p
движ /n20
движуха /n10
двіж /n20
двіжняк /n20.p
двіжуха /n10.p1
двушка /n10.p2
деанон /n20.p
девайс /n20.a.p
деескалувати /v1.cf.advp :imperf:perf                           # rv_zna:rv_oru
деза /n10
дембель /n20.a              # :xp2 демобілізація
дембель /n20.a.p.<          # :xp1 людина
дембельнутися /vr1 :perf
дембельський /adj
демолювати /v1.cf.advp :imperf                                  # rv_zna:rv_oru:rv_dav
денс noninfl
депеушник /n20.a.p.<
депісизація /n10
депресняк /n20.a.p
депресуха /n10
десек'юритизація /n10
дефейс /n20
дешборд /n20.p
дєвка /n10.p2.<
дєвочка /n10.p2.<
дєд /n20.a.p.<
дєдушка /n10.<m
дєло /n2n.p1
дємбєль /n20.a
дєрєвня /n10.p2
дєрібан /n20
дєтка /n10.<+m
джейлбрейк /n20.p
джемувати /v1.cf.advp :imperf
дженерик /n20.a.p
джеррімендеринг /n20
джетлаг /n20
джетлег /n20
джинса /n10
джипіеска /n10.p2
джобер /n20.a.p.ke.<
джоберський /adj
джун /n20.a.p.<
джуніор /n20.a.p.<
дизлайк /n20.p
дик noninfl
дик intj
динамівка /n10.p2.<
дипфейк /n20.p
диркалка /n10.p2
дирчик /n20.a.p
дисклеймер /n20.p.ke
дисциплінарка /n10
дівайс /n20.p
діверсіті noninfl
діджеїнг /n20
діпфейк /n20.p
діч /n30.p
днрівець /n22.a.p.<
довбанутий /adj
довбень /n22.a.p.<
довбодятел /n22.a.p.<
довбонутий /adj
доганятися /vr2.cf.advp :imperf                 # rv_oru
догнатися /vr4 :perf                            # rv_oru
договірняк /n20.a.u.p
доколє intj
домушник /n20.a.p.<
домушниця /n10.p1.<
донат /n20.p 
донатити /v1.it0.cf.is0 :imperf                 # rv_zna:rv_dav
донейт /n20.p
донейтити /v1.cf.advp :imperf                   # rv_zna:rv_dav
дос-атака /n10.p1
доскролити /v1 :perf                            # rv_zna:rv_oru
досовковий /adj
дофіга adv
доходяжний /adj
драй noninfl:foreign
драйвити /v1.cf :imperf                             # rv_zna:rv_oru
драмеді noun:f:nv
драмер /n20.a.p.ke.<
драстуйте intj
дрег-квін noun:f:nv:anim
дрег-королева /n10.p1.<
дрег-рейсінг /n20
дредлок /n20.a.p
дрифтинг /n20
дрищ /n20.a.p.<
дріфтинг /n20
дроп /n20.p
дропати /v2.cf.advp :imperf
дропнути /v1 :perf
дружбан /n20.a.p.<
дрючити /v1.cf.it0.advp :imperf                      # rv_zna:rv_oru
дубак /n20.a #холод
дубар /n24.a.ku                     # холод
дудл /n20.p
думскролінг /n20
дупель /n22.a                       # п'яний в дупель, дупля не ріже
дурбецалка /n10.<
дурдом /n20
дурка /n10.p2                       # :xp2 божевільня
дуркувати /v1.cf.advp :imperf
душозгубний /adj
евер adv
едьютейнмент /n20
ейблізм /n20
ейбліст /n20.a.p.<
ейчар /n20.a.p.ke.<
ейчарка /n10.p2.<
екаунт /n20.p
екзорсизм /n20
екск'юз /n20.p
експанзія /n10.p1
експерд /n20.a.p.<
експлойт /n20.p
екстракшн /n20
екшен /n20.p
екшн /n20.p
емведист /n20.a.p.<
емейл /n20.a.p
емка /n10
емо noun:f:nv:np
енкаведе noun:n:nv:np
ентертеймент /n20
ерефівський /adj
ерефія /n10
есемемник /n20.a.p.<
есемемниця /n10.p1.<
есенгешний /adj
есендешний /adj
есересерівський /adj
есересерія /n10
есесерівський /adj
ескалювати /v1.cf.advp :imperf:perf                      # rv_zna
естімейт /n20.p
ето noninfl
ефбеерівець /n22.a.p.<
ефбеерівський /adj
ефемка /n10.p2
євротусовка /n10.p2
єврочелендж /n20.p
єрунда noninfl
єстєственно adv
жбан /n20.a.p
жбаник /n20.a.p
ждун /n20.a.p.<
женщіна /n10.p1.<
жесть /n32
жестяк /n20.a
жизнь noninfl
жизня noninfl
житєйський /adj
жлоб /n20.a.p.ke.<
жлобитися /vr1.cf.advp :imperf
жлобиха /n10.p1.<
жлобізм /n20
жлобливий /adj
жлобство /n2n
жлобський /adj
жлобяра /n10.p1.< :+m
жмот /n20.a.p.<
жмотитися /vr1.cf.advp.it1 :imperf
жмурик /n20.a.p.<
жратва /n10
жрачка /n10
жужик /n20.a.p.<
жуть /n32
жучити /v1.it0.cf.advp.is0 :imperf                      # rv_zna:rv_oru
забабаханий /adj :&adjp:pasv:perf
забабахати /v2.isNo :perf          # rv_zna:rv_oru:rv_dav
забакланити /v1 :perf
забалдіти /v2 :perf
забанений /adj :&adjp:pasv:perf
забанити /v1.is0.it0.it1b :perf               # rv_zna
забашляний /adj :&adjp:pasv:perf
забашляти /v2.isNo :perf                      # rv_zna:rv_dav
забембаний /adj :&adjp:pasv:perf
забембати /v2 :perf                         # rv_zna:rv_oru
забичений /adj
забичкувати /v1.cf.advp :imperf
забімбаний /adj :&adjp:pasv:perf
забугорний /adj
забулдига /n10.p1.<m
забулити /v1.is0 :perf                      # rv_zna
завзятюще adv
завтикати /v2.isNo :perf
заглючити /v1 :perf
задвохсотити /v1.is0 :perf                      # rv_zna:rv_oru
задвохсотитися /vr1 :perf
задвохсочений /adj
заджавелінити /v1 :perf                         # rv_zna:rv_oru
задолиз /n20.a.p.<
задонатити /v1.it1.is0 :perf                            # rv_zna:rv_dav
задрафтований /adj :&adjp:pasv:perf
задрипанськ /n20.a.p
задрипанський /adj
задрот /n20.a.p.<
задротський /adj
заєдинник /n20.a.p.<
зажилити /v1 :perf                      # rv_zna:rv_oru:rv_dav
зажраний /adj
зажратися /vr2 :perf
зазвіздитися /vr1 :perf
зазіпувати /v1.is0 :perf                      # rv_zna:rv_oru:rv_dav
заказуха /n10.p1
заказушність /n30
заканселити /v1.is0 :perf                     # rv_zna:rv_oru:rv_dav
закенселити /v1.is0 :perf                     # rv_zna:rv_oru:rv_dav
закидон /n20.p
закимарити /v1 :perf
заковбасити /v1 :imperf p=3                   # rv_zna
заколупати /v2 :perf                          # rv_zna:rv_oru:rv_dav
законтачений /adj :&adjp:pasv:perf
законтачити /v1.is0 :perf
закусон /n20.p
закусь /n32.p
залабати /v2 :perf                           # rv_zna:rv_oru:rv_dav
залайкати /v2 :perf                          # rv_zna:rv_dav
залахати /v2 :perf
залогінитися /vr1 :perf                      # rv_oru
зальот /n20.p
зальотниця /n10.p1.<
зальотчиця /n10.p1.<
замануха /n10.p1
замаханий /adj :&adjp:pasv:perf
замахатися /vr2 :perf
замовняк /n20.a.p
заможновладець /n22.a.p.<
занадтий /adj
заначений /adj :&adjp:pasv:perf
заначити /v1.is0 :perf                      # rv_zna
заниканий /adj :&adjp:pasv:perf
заникати /v2.isNo :perf                   # :xp2 зани́кати    # rv_zna:rv_oru:rv_dav
заникатися /vr1 :perf
заничка /n10.p2
заничкувати /v1.is0 :perf                      # rv_zna
занориш /n20.a.p
занюханий /adj
заочка /n10
западенський /adj
западло /n2n
западлянка /n10.p2
запоребрик /n20.a
запоребриковий /adj
запостити /v1.it0 :perf:xp1              # запо́стити                         # rv_zna:rv_oru:rv_dav
заправдівець /n22.a.p.<
заруба /n10.p1
засандалити /v1.it0 :perf                      # rv_zna:rv_dav
засейвити /v1 :perf
заселфитися /vr1 :perf
засідайлівка /n10.p2
засідалівка /n10.p2
затрьохсотити /v1.is0 :perf                      # rv_zna:rv_oru
затрьохсотитися /vr1 :perf
заукраїнець /n22.a.p.<
заучка /n10.p2.<
зафігарити /v1.it0 :perf                      # rv_zna:rv_oru:rv_dav
зафігачити /v1 :perf                      # rv_zna:rv_oru:rv_dav
зафоловити /v1.it1 :perf                      # rv_zna
зафренджений /adj :&adjp:pasv:perf
зафрендити /v1.is0.it0 :perf                      # rv_zna
захавати /v2 :perf                      # rv_zna
захейтити /v1.it0 :perf                      # rv_zna
зачекінитися /vr1 :perf
зачепер /n20.a.p.ke.<
зачепінг /n20
зашибісь intj|adv
зашквар /n20.p.ke
зашкварений /adj :&adjp:pasv:perf
зашкварний /adj
зашкварювати /v1.cf.advp :imperf
заюзаний /adj :&adjp:pasv:perf
заюзаність /n30
зблатувати /v1 :perf
звєзда /n10.p1.<
звізда /n10.p1.<
звізданутий /adj
звукач /n20.a.p.<
звьозди /np2.<
здрейфити /v1 :perf
здриснути /v1 :perf
зеленіт /n20.a.p.<
зефан /n20.a.p.<
зіга /n10.p1
зіганути /v1 :perf
зіплайн /n20.p
злабати /v2 :perf                      # rv_zna
змоскалення /n2n
зовнішка /n10
зомбак /n20.a.p.<
зомбоновини /np1
зомбоящик /n20.a.p
зрадоперемога /n10.p1
зроз adv
зубарити /v1.cf.advp :imperf
ібо conj:subord
івент /n20.p
івенторка /n10.<
ігнор /n20.p.ke
ігнорити /v1 :imperf                      # rv_zna
імейл /n20.a.p              # .a for ua_2019
іміджборд /n20.p
іміджмейкінг /n20
імпортозамістити /v1.is0 :perf                      # rv_zna:rv_oru:rv_dav
інвайт-код /n20.p
інгліш /n20
індастріал noninfl
інкумбент /n20.a.p.<
інста-блог /n20.p.zi
інстаграмер /n20.a.p.<
інстаграмниця /n10.p1.<
інста-сторіз noun:p:nv
інтелледженс /n20
інтерконект /n20.p
інтертеймент /n20
інтертейнмент /n20
інфлуенсер /n20.a.p.<
інфлюенсер /n20.a.p.ke.<
інфлюенсерка /n10.p2.<
інфлюєнсер /n20.a.p.<
інфотейнмент /n20
інцел /n20.a.p.<
інцельний /adj
ісключітєльно adv
ісконний /adj.adv
ітак noninfl
іхтамнет /n20.a.p.<
іхтамнєт /n20.a.p.<
йовбак /n20.a.p.<
йолка /n10.p2
йомайо intj
йо-майо intj
йопересете intj
кавелик /n20.a.p
кагбе part
кагебе noun:n:nv:np
кагебешний /adj
кагебешник /n20.a.p.<
кагебіст /n20.a.p.ke.<
кадебе noun:n:nv:np:prop
казьонка /n10
казьонний /adj
кайфанути /v1 :perf
калаш /n20.a.p
камбек /n20.p
кампейн /n20
канати /v2 :imperf p=3
канєш noninfl
канєшна noninfl
канєшно adv
канселити /v1.cf.advp :imperf                      # rv_zna
канселнути /v1 :perf                               # rv_zna
капєц intj
капкейк /n20.p
капслок /n20
капхолдер /n20.a.p.ke
капча /n10.p1
кар /n20.a.ke
каратєль /n20.a.p.<
караулка /n10.p2
кармічно adv
кароч noninfl
кароче noninfl
карочє adv
карпулінг /n20
каршеринг /n20
каршерінг /n20
кастомер /n20.a.p.ke.<
кастомізація /n10
кастомізувати /v1.cf.advp :imperf:perf                      # rv_zna:rv_oru:rv_dav
кастомний /adj
кастувати /v1.cf.advp.is0 :imperf:perf
катити /v2 :imperf p=3
кацапізм /n20.p
кацапстан /n20
качок /n22.a.p.<
кваліфаєр /n20.a.p.ke.< :ua_2019
кваліфаєрка /n10.p2.<
кваліфайєр /n20.a.p.ke.< :ua_1992
кваліфайн /n20.p
кваліфай-раунд /n20.p
квартирник /n20.a.p.<                           # :xp1
квартирник /n20.a.p                             # :xp2
квартирниця /n10.p1.<
квестер /n20.a.p.ke.<
квіз /n20.p
квір /n20.a.p.ke.<
кежуал noninfl
кейтерінг /n20
кейтерінговий /adj
кекнути /v1 :perf                      # rv_zna:rv_oru:rv_dav
кемп /n20.p
кенселити /v1.cf.advp :imperf                      # rv_zna:rv_oru:rv_dav
кенселнути /v1 :perf                      # rv_zna:rv_oru:rv_dav
кенсельнути /v1 :perf                               # rv_zna:rv_dav
кент /n20.a.p.<
кешбек /n20.p
кешлес noninfl:foreign
кидалово /n2n
кимарити /v1.cf.advp :imperf
кирдик /n20.a.p
кислотниця /n10.p1.<
кімарнути /v1 :perf
кінк /n20.p
кіннотчик /n20.a.p.<
кінопродакшн noun:m:nv:np
кіпер /n20.a.p.ke.<
кічевий /adj
кічмен /n20.a.p.<
клаб /n20.p
клабер /n20.a.p.ke.<
клава /n10.p1
класнючий /adj
кликуха /n10.p1
клікабельний /adj
клікбейт /n20.p
клікбейтний /adj
клікбейтовий /adj
клінінг /n20
кльовий /adj
кльово intj|adv
ковбасити /v1.cf.advp :imperf                      # rv_zna:rv_oru
ковбаситися /vr1.cf.advp.it0 :imperf
кодити /v1.cf :imperf                      # rv_zna
козлуватий /adj
колєйка /n10.p2
колійовець /n22.a.p.<
колійовий /adj
колорад /n20.a.p.<
комент /n20.p
коментабельний /adj
комп /n20.a.p
комп'ютинг /n20
комсюк /n20.a.p.<
комьюніті noninfl:foreign
ком'юніті noun:n:nv
конектитися /vr1.cf.advp.it0 :imperf                      # rv_oru
конєшно adv:compb:&insert
конс'юмеризм /n20
контачити /v1.cf.advp :imperf
контрактер /n20.a.p.ke.<
контрибутор /n20.a.p.ke.<
концепткар /n20.a.p.ke
кончений /adj
коп /n20.a.p.<
копіпаст /n20
копіпастер /n20.a.p.ke.<
копіпастерка /n10.p2.<
копіпастити /v1 :imperf                                     # rv_zna
копіпейст /n20.p
копіум /n20
копродакшн /n20.p
корефан /n20.a.p.<
кореш /n20.a.p.<
корєш /n20.a.p.<
корисняк /n20.p
короч noninfl
короче noninfl
корочє noninfl
корочч noninfl
косячити /v1.cf :imperf
коуч /n20.a.p.<
коучинг /n20
кофаундер /n20.a.p.<
кохве noun:m:nv:np
коцати /v2.cf.advp :imperf                      # rv_zna:rv_oru:rv_dav
крайняк /n20
кранти intj:&predic
красава /n10.p1
красівий /adj
красіво adv
краудпаблішинг /n20
краулер /n20.a.p.ke
крафтовик /n20.a.p.<
краш /n20.a.p.<
крашиха /n10.p1.<
креакл /n20.a.p.<
креативити /v1.cf.advp :imperf
креативізація /n10
креатор /n20.a.p.ke.<
креаторський /adj
крейзанутий /adj \
 +cs=крейзанутіший
крейзі noninfl
крейзонутий /adj
кремлядь /n32.p
кримнаш /n20.a.p.<
кримнашист /n20.a.p.<
кринж /n20
кришувальниця /n10.p1.<
кріейтер /n20.a.p.ke.<
кріейтор /n20.a.p.ke.<
крінж /n20
крінжовий /adj
кріпово adv
кровосісь /n20.a.p.<
крокси /np2
крузервейт /n20
ксеноморф /n20.a.p.<
ксива /n10.p1
кста noninfl
кстаті noninfl
кузькіна /adj g=f
кукуха /n10
кул adv|intj
кульно adv
культяпка /n10.p2
кумарити /v1.cf.advp :imperf
кумпанія /n10.p1
курсач /n20.p
кучмовоз /n20.a.p
лаба /n10.p1
лабати /v2.cf.advp :imperf       # rv_zna:rv_oru:rv_dav
лабуда /n10
лабух /n20.a.p.<
лаве noun:n:nv:np
лавсторі noun:f:nv
лав-сторі noun:f:nv
лагати /v2.cf.advp :imperf
лажа /n10
лажанутися /vr1 :perf
лажати /v2.cf.advp :imperf
лажатися /vr2.cf.advp :imperf
лажовий /adj
лазертаг /n20
лайк /n20.p
лайкання /n2n
лайкати /v2.cf.advp :imperf         # rv_zna
лайкнути /v1 :perf                  # rv_zna
лайкозалежність /n30
лайнап /n20
лайн-ап /n20.p
лайт noninfl:foreign
лайтовий /adj
лайтово adv
лайфгак /n20.p
лайф-коуч /n20.a.p.<
лайфовий /adj
лайфстайл /n20
лайфхак /n20.p
лайфхакер /n20.a.p.ke.<
лайфхакерка /n10.p2.<
лакшері noninfl
ламанутися /vr1 :perf
ламер /n20.a.p.ke.<
ламерський /adj
ланчбокс /n20.a.p
лаптеногий /n2adj1.p.<
лаптестан /n20
латинос /n20.a.p.<
лафа /n10
лахати /v2.cf.advp.isNo :imperf
легалайз /n20
легпром /n20
лейба /n10.p1
лейбл /n20.a.p
лешмейкер /n20.a.p.<
лешмейкерка /n10.p2.<
либа /n10.p1
либитися /vr1.cf :imperf
литвинівець /n22.p.a.<
лібераст /n20.a.p.<
ліберастка /n10.p2.<
лібфем /n20
лібфемка /n10.p2.ko.<
лівати /v2.cf.advp :imperf
ліверпуліанець /n22.a.p.<
лідогенераторка /n10.p2.<
лінк /n20.p
ліпсинк /n20
лічка /n10
логін /n20.a.u.p
логолавка /n10.p2
лого-лавка /n10.p2
лог-файл /n20.p
лоєр /n20.a.p.ke.<
лол noninfl
ломанутися /vr1 :imperf
лонглист /n20.a
лонг-лист /n20.a
лонгліст /n20.a
лонг-ліст /n20.a
лонгплей /n20.p
лопухнутися /vr1 :perf
лоуфай noninfl
лох /n20.a.p.<
лоханутися /vr1 :perf
лохотрон /n20.a.u.p
лохотронник /n20.a.p.<
лохотронський /adj
лохотронщик /n20.a.p.<
лохторат /n20
лузер /n20.a.p.ke.<
лузерство /n2n
лузерський /adj
лукізм /n20
лукіст /n20.a.p.<
лулз /n20.p
лутбокс /n20.p
луччий /adj.adv
льогкий /adj
льогко adv
люксус /n20.p
лягавка /n10.p2
лямурний /adj
магучій /adj
майданарбайтер /n20.a.p.ke.<
майданутий /adj
майндсет /n20
майстеринг /n20
макбук /n20.a.p
малмазія /n10
малолєтка /n10.p2.<
мальчік /n20.a.p.<
малява /n10.p1
мамаша /n10.p1.<
мандраж /n20.p
мандражити /v1.cf :imperf                                   # rv_zna
маневруха /n10.p1
марафет /n20
марафетити /v1.cf.advp :imperf                              # rv_zna:rv_oru:rv_dav
маркетплейс /n20.a.p
мародерити /v1.cf :imperf                      # rv_zna
маскот /n20.a.p
маслати /v2.cf.advp :imperf
масліт /n20
маст noninfl
мастхев noun:m:nv
масшутер /n20.a.p.<
матан /n20
матюгальник /n20.a.p
маунтінбайк /n20.a.p
махач /n20.p
махіна /n10
мда intj
мдя intj
мегафайт /n20.p
медійці /np2.<
мейд noninfl:foreign
мейк /n20.p # мейкап
мейкап /n20
мейкер /n20.a.p.ke.<
мейл /n20.p
мемарня /n10.p2
мемас /n20.a.p
мемасик /n20.a.p
менеджерити /v1.cf :imperf                                  # rv_zna
менсплейнінг /n20
менспредер /n20.a.p.<
менспрединг /n20
менспредінг /n20
мент /n20.a.p.ke.<                 # :xp1 міліціонер
ментівський /adj
ментовський /adj
ментура /n10
ментяра /n10.p1.<m
мерс /n20.a.p
мерч /n20
мерчант /n20.a.p.<
мерчендайзер /n20.a.p.ke.<
мессер /n20.a.p.ke
мєждусобойчик /n20.a.p
мєнт /n20.a.p.<
мєнтовський /adj
мідл /n20.a.p.< 
мідшор /n20.p.ke
міжнародка /n10
мізінформація /n10
міні-кар /n20.a.p.ke
Мінстець /n20.a
мінуснути /v1 :perf                      # rv_zna:rv_oru
місклік /n20.a.u.p
місклікати /v2.cf.advp :imperf
місклікнути /v1 :perf
мітбол /n20.a.p
мітельштанд /n20.p
младореформатор /n20.a.p.ke.<
мобік /n20.a.p.<
мобіла /n10.p1
могилізація /n10
могилізований /adj
моддинг /n20
моддінг /n20
модер /n20.a.p.ke.<
модинг /n20
модінг /n20
мозги noninfl
мокруха /n10.p1
молодьож /n32
мордор /n20
моск /n20
москалізм /n20.a.p
московитянин /n20.a.pyn.<
московіт /n20.a.p.<
московітський /adj
мотолига /n10.p1
моцик /n20.a.p
мочилово /n2n
муд /n20.p
мудакуватий /adj
мудохатися /vr2.cf.advp :imperf                      # rv_oru
мужчіна /n10.<m
музло /n2n
музон /n20
мультитаскерка /n10.p2.<
мундіаль /n20.p
муніція /n10
мурзілка /n10.p2
мурижити /v1.cf.advp.it0 :imperf                      # rv_zna:rv_oru:rv_dav
мусор /n20.a.p.ke.<
мусорський /adj
мут /n20
мутка /n10.p2
муть /n32
мухлювати /v1.cf.advp :imperf
мучачо noun:m:nv:np
набанячений /adj :&adjp:pasv:perf
наблатикатися /vr2 :perf
навальохати /v2.isNo :perf
наваяти /v2 :perf           # rv_zna:rv_oru:rv_dav
навігувати /v1.cf.advp :imperf           # rv_oru
наволонтерити /v1 :perf                         # rv_zna:rv_rod
наворот /n20.p
наворочений /adj \
 +cs=навороченіший
навороченість /n30
нагетси /np2
наголяса adv
нада noninfl
надонатити /v1.it1.is0 :perf                        # rv_dav
надратися /vr1 :perf                                # rv_oru
наївняк /n20.a.p.<
наївняцький /adj
найлуччий /adj
накосячити /v1 :perf
налажати /v2.isNo :perf
налайкати /v2 :perf
нальотчиця /n10.p1.<
намародерений /adj :&adjp:pasv:perf
намародерити /v1.is0 :perf                              # rv_zna:rv_rod:rv_oru:rv_dav
намахати /v2.isNo :perf                      # rv_zna:rv_oru
намекатися /vr2 :perf
напарювати /v1.cf.advp.isNo :imperf                      # rv_zna:rv_oru:rv_dav
напряг /n20
напряжно adv
напряжонка /n10
нарваність /n30
нарєчіє /n2n
нарик /n20.a.p.<
наркота /n10
наркотня /n10
наркоша /n10.p1.ko.< :+m
насєлєніє /n2n
насинячитися /vr1.it0 :perf
настамнєт /n20.a.p.<
натендерити /v1 :perf                           # rv_zna:rv_rod
натюрель noninfl
нафандрейзити /v1 :perf
нафіг adv
нафіга adv
нафігачитися /vr1.it0 :perf                      # rv_oru
нафік adv
нахіба adv:&pron:int:rel
нацбол /n20.a.p.<
нацик /n20.a.p.<
нашенський /adj
нашист /n20.a.p.<
небашльовий /adj
невдобно adv
недопатріот /n20.a.p.<
недофлот /n20
некльовий /adj
неміряно adv
неоендецький /adj
неосовковий /adj
непонятка /n10.p2
непруха /n10
нерд /n20.a.p.<
нероздуплений /adj
нескладуха /n10.p1
несовдепівський /adj
несовковий /adj
нетворк /n20.p
нетворкінг /n20
нетлінка /n10.p2
нефарт /n20
нефіг noninfl:&predic
нефігово adv
неформат /n20
нехайповий /adj
нехилий /adj
нєа noninfl
нє-а part
нєт noninfl
нєтлєнка /n10.p2
нєфіг noninfl
нижчеплінтусний /adj
ничка /n10.p2
ніззя noninfl
нізя noninfl
нікомуненалежність /n30
ніфіга adv
ніхрєна noninfl
нічьо noninfl
ніштяк /n20.p
новобуд /n20.p
нормас adv:&predic
нормуль adv:&predic
носибельний /adj \
 +cs=носибельніший
ноу noninfl:foreign
ноунейм /n20.a.p.<
ноутпед /n20.a.p
нуб /n20.a.p.<
нулячий /adj
ньюз noninfl:foreign
ньюзмейкер /n20.a.p.ke.<
ньюзмейкерський /adj
ньюзрум /n20.p
нюдовий /adj
нюдс /n20.a.p
н'юсмейкер /n20.a.p.ke.<
няшка /n10.p2
обдирайлівка /n10.p2
обдовбаний /adj :&adjp:pasv:perf
обдовбатися /vr2 :perf                                  # rv_oru
обдовбашений /adj :&adjp:pasv:perf
обеес'єшник /n20.a.p.<
обично adv
обідно adv
обіймашки /np2
обілечувати /v1.cf :imperf                              # rv_zna
обковбашений /adj :&adjp:pasv:perf
облажатися /vr2 :perf                                   # rv_oru
обліківка /n10.p2
обліковка /n10.p2
обнімашки /np2
обстібати /v2 :perf                      # rv_zna:rv_oru
обфускація /n10
общак /n20.a.u.p
общєпонятний /adj
однушка /n10.p2
одобрямс /n20.p
окєй adv 
окєй intj
олд /n20.a.p.<
олдовий /adj
олдскул /n20
олдскульний /adj
олдскульність /n30
омг noninfl
ОМОНівець /n22.a.p.<
омонівець /n22.a.p.<
омонівський /adj
опен-ейр /n20.p.ke
операційка /n10.p2
опініон-мейкер /n20.a.p.ke.<
опупіти /v2 :perf
орбанізація /n10
орговик /n20.a.p.<
оркостан /n20
остограмитися /vr1 :perf
остограмлення /n2n
остограмлюватися /vr1.cf.advp :imperf
отвєтка /n10.p2
отєчєство /n2n
офігенний /adj.adv \
 +cs=офігенніший
офігєнний /adj
офігівати /v2.cf.advp.isNo.shrt :imperf
офігіти /v2 :perf
офісмен /n20.a.p.<
офтоп /n20.p
офтопити /v1.cf :imperf
офтопік /n20.p
оффтоп /n20.p
оффтопити /v1.cf :imperf
оффтопік /n20.p
охреніти /v2 :perf
очєнь adv
очінь adv
Ощад /n20                                   # Ощадбанк
паблік noninfl
паблік /n20.a.p
паблісіті noun:n:nv:np
паблішинг /n20
падік /n20.a.p
падонківський /adj
пайплайн /n20.p
пакращення /n2n.p1
палево /n2n
пальонка /n10
пальтішко /n2n.p2
панкейк /n20.p
папаша /n10.p1.<m
папереднік /n20.a.p.<
папєрєднік /n20.a.p.<
папік /n20.a.p.<
патамуша noninfl
паті noun:f:nv|noun:n:nv
пауербанк /n20.a.p
пахан /n20.a.p.<
паханат /n20.p
паханський /adj
пахота /n10
пацанва /n10
пацанка /n10.p2.<
пацик /n20.a.p.<
пацифік /n20.p
педевешний /adj
педик /n20.a.p.<
педикуватий /adj
пензлювати /v1.cf.advp :imperf
пенсійник /n20.a.p.<
передоз /n20
перекимарити /v1.it1.is0 :perf
перемарш /n20
перепихнутися /vr1 :perf
перепостити /v1.is0 :perf:xp1       # перепо́стити                # rv_zna:rv_oru:rv_dav
пересидка /n10
перк /n20.p
персьют /n20
перфект noninfl
перформер /n20.a.p.ke.<
петеушник /n20.a.p.<
петеушниця /n10.p1.<
печалька /n10
півасік /n20.a
підгон /n20.p
підмарафетити /v1 :perf                                 # rv_zna:rv_oru:rv_dav
підмахувати /v1.cf.advp :imperf                         # rv_oru:rv_dav
підрулювати /v1.cf.advp :imperf
підтанцівка /n10.p2
піїсят піїсят numr:p:v_naz/v_zna
пікапер /n20.a.p.ke.<
пікча /n10.p1
пікчер /n20.a
піндос /n20.a.p.<
піндоський /adj
піпл /n20.p
піратити /v1.cf.advp :imperf
післясовковий /adj
пітч /n20
пітчингувати /v1.cf.advp :imperf                          # rv_zna
пішкарус /n20
планокур /n20.a.p.ke.<
плейлист /n20.a.p
плей-лист /n20.a.p
плейсмент /n20
плз noninfl
пліз intj
плогінг /n20
плохіш /n20.a.p.<
плюндрація /n10
плюс-сайз noninfl
плюха /n10.p1
побанячити /v1.it0 :perf
по-барабану adv
побєда /n10
побєдобесіє /n2n
побєдобєсіє /n2n
побіда /n10
побрейнстормити /v1 :perf
побутовуха /n10
побухати /v2 :perf
повангувати /v1 :perf
повербанк /n20.a.p
повимахуватися /vr1 :perf                               # rv_oru
повипендрюватися /vr1 :perf                             # rv_oru
повкалувати /v1 :perf
повномасштабка /n10
поворотник /n20.a.p
поготівля /n10
погоцати /v2 :perf
подкастер /n20.a.p.<
подлянка /n10.p2
подобіє /n2n
подуркувати /v1 :perf
пожиттєвка /n10
пожлобитися /vr1 :perf
поймати /v2.isNo :perf                                  # rv_zna
пока noninfl
поковбаситися /vr1.it0 :perf
полахати /v2 :perf
полюбе adv
по-модньому adv
поморозитися /vr1.it1 :perf
понт /n20.p
понтовий /adj.adv \
 +cs=понтовіший
понятійка /n10.p2
поп-ап noninfl
попензлювати /v1 :perf
поплава /n10
попобухати /v2 :perf
попонтувати /v1 :perf
попонтуватися /vr1 :perf                                # rv_oru
порєбрік /n20.a.p
порнуха /n10.p1
порнушка /n10.p2
порнушний /adj
порохобот /n20.a.p.<
поруйнація /n10
поскрінити /v1.it0.it1b :perf                           # rv_zna:rv_dav:rv_oru
постинг /n20
постити /v1.it0 :imperf              # по́стити                         # rv_zna:rv_oru:rv_dav
постібатися /vr2 :perf
постпродакшен /n20
постпродакшн /n20
потестити /v1.it0 :perf                                                 # rv_zna:rv_oru:rv_dav
потрясний /adj
потрясно adv
потусити /v1.it1 :perf
поул /n20.p
поул-позишн /n20
по-фєнє adv
пофіг adv
пофігізм /n20
пофігіст /n20.a.p.<
пофігістичний /adj.adv
пофігістка /n10.p2.<
пофігістський /adj
пофігу adv
пофік adv
пофіксити /v1.is0.it0.it1b :perf                          # rv_zna:rv_oru:rv_dav
пофрілансити /v1.it0 :perf
похавати /v2 :perf                                      # rv_rod
почекун /n20.a.p.<
почілити /v1.it1.is0 :perf
пошерити /v1.it0.is0 :perf                          # rv_zna:rv_oru:rv_dav
пошлятина /n10
пошлячка /n10.p2.<
поюзати /v2 :perf        # rv_zna:rv_oru
ппц noninfl
правопохоронець /n22.a.p.<
правосек /n20.a.p.<
правосєк /n20.a.p.<
православіє /n2n
прайм /n20
прайс /n20.p
прайсовий /adj
прапор /n20.a.p.ke.<
прев'ю noun:n:nv
през /n20.a.p.<
преЗЕдент /n20.a.p.<
препродакшен /n20
препродакшн /n20
пресуха /n10.p1
прибабаханий /adj :&adjp:pasv:perf
прибалдіти /v2 :perf
прибамбас /n20.p
прибамбашений /adj :&adjp:pasv:perf
прибарахлитися /vr1.it1 :perf                          # rv_oru
придибенція /n10.p1
придовбатися /vr2 :perf
прикид /n20.p
приколдес /n20.p
прильот /n20.p
принтований /adj :&adjp:pasv:imperf
припахати /v2 :perf                                     # rv_zna:rv_oru
присобачений /adj :&adjp:pasv:perf
присобачити /v1.is0.it0 :perf                          # rv_zna:rv_oru:rv_dav
присутствіє /n2n
прифігіти /v2 :perf
прихватизатор /n20.a.p.ke.<
прихватизаційний /adj
прихватизація /n10
прихватизований /adj :&adjp:pasv:perf
прихватизувати /v1.cf.advp.is0 :imperf:perf                          # rv_zna:rv_oru
прихватизуватися /vr1.cf.advp :imperf:perf                          # rv_oru
прицьомка /n10.p2                           # сленг МЗС, від «при цьому»
причетниця /n10.p1.<
пришизіти /v2 :perf
прікольно adv
провтикати /v2 :perf                          # rv_zna
прога /n10.p1
програмер /n20.a.p.ke.<
продакт-менеджер /n20.a.p.ke.<
продакт-плейсмент /n20
продакшен /n20.p
продакшн /n20.p
продинамити /v1 :perf     # rv_zna:rv_oru:rv_dav
продюсинг /n20
проканати /v2 :perf
проксіз noun:p:nv:anim
пролайф noninfl
пролайфер /n20.a.p.<
пролайферка /n10.p2.<
пролайферство /n2n
пролайферський /adj
промоутинг /n20
промоутити /v1.cf :imperf                                   # rv_zna:rv_oru
пропрієтарний /adj
просачкувати /v1 :perf
проссати /v3 :perf                                          # rv_zna
протестити /v1.it0 :perf                                                # rv_zna:rv_oru:rv_dav
противсіх /n20.a.p.<
противсіхство /n2n
противсішка /n10.p2.<
протилетунський /adj
профайл /n20.p
прохалявити /v1.it0 :perf
проц /n20.a.p
прочойс noninfl
прочойсер /n20.a.p.<
прочойсерка /n10.p2.<
прочойсерський /adj
прошлангувати /v1 :perf
пруф /n20.p
пруфлінк /n20.p
пруфпік /n20
пруха /n10
псіхушка /n10.p2
пулінг /n20
путіноїд /n20.a.p.<
путлер /n20.a.<
путлерюгенд /n20
путлєр /n20.a.ke.<
пуш-повідомлення /n2n.p1
пшек /n20.a.p.<
пшепрашам noninfl:foreign
радіво /n2n.p1
радіовисильня /n10.p2
радфем /n20
радфемівський /adj
радфемінізм /n20
радфеміністичний /adj
радфеміністка /n10.p2.<
ракетобезпечний /adj
рандомний /adj
рандомно adv
рафик /n20.a.p
раша /n10
рашенський /adj
рашка /n10
реаліті noninfl
ребутнути /v1 :perf                                             # rv_zna:rv_dav
регіоналівський /adj
регулярка /n10
рейдернути /v1 :perf                                        # rv_zna:rv_oru
рекламожер /n20.a.p.ke.<
рекординг /n20.p
релакс /n20
релокація /n10.p1
релокейт /n20
релокований /adj :&adjp:pasv:imperf:perf
релокувати /v1.cf.advp.is0 :imperf:perf                          # rv_zna:rv_dav
релокуватися /vr1.cf.advp :imperf:perf
рендер /n20.p.ke
репачина /n10
реплай /n20.p
реплайнути /v1 :perf                                           # rv_dav
републікування /n2n
рерайт /n20.p
ресайклінг /n20
реселер /n20.a.p.<
ресепшн noninfl
респект /n20
респектище /n2n
рестлер /n20.a.p.ke.<
рефайл /n20.p
реферер /n20.a.p.ke.<
реюньйон /n20.p
рєшала /n10.p1.<m
ржака /n10
ржачний /adj
риги /np2.<
рисачити /v1.cf.advp.it0 :imperf
рідерка /n10.p2.<
рідінгфобія /n10
ріпнутися /vr1 :perf
рішала /n10.ko.< :+m
рішалово /n2n
роад-шоу noun:n:nv
родіна /n10
розбабахати /v2.isNo :perf                          # rv_zna:rv_oru:rv_dav
розбодяжений /adj :&adjp:pasv:perf
розбодяжити /v1.is0.it0 :perf                       # rv_zna:rv_oru:rv_dav
розборка /n10.p2
розважайлівка /n10.p2
розважалівка /n10.p2
розводняк /n20.p
роздовбай /n20.a.p.<
роздуплитися /vr1 :perf
роздуплятися /vr2.cf.advp :imperf
розковбас /n20
розковбашений /adj :&adjp:pasv:perf
розкурочений /adj :&adjp:pasv:perf
розкурочити /v1.is0.it0 :perf                          # rv_zna:rv_oru:rv_dav
розкурочувати /v1.cf.advp :imperf                          # rv_zna:rv_oru:rv_dav
розмародерений /adj :&adjp:pasv:perf
розмародерити /v1 :perf                            # rv_zna
розпальцівка /n10.p2
розпальцьований /adj
розпальцьовка /n10.p2
розрулений /adj :&adjp:pasv:perf
розрулити /v1.is0.it1 :perf          # rv_zna:rv_oru:rv_dav
розрулитися /vr1.it1 :perf p=4          # rv_oru
розрулювання /n2n
розрулювати /v1.cf.advp :imperf                     # rv_zna:rv_oru:rv_dav
розрулюватися /vr1.cf.advp :imperf                  # rv_oru
розслабон /n20
розслабуха /n10
розтендерити /v1.is0 :perf                          # rv_zna
розфігачити /v1.is0 :perf                          # rv_zna:rv_oru:rv_dav
розфренджувати /v1.cf.advp :imperf                          # rv_zna
розшарити /v1.it0 :perf                          # rv_zna:rv_oru:rv_dav
Ролінги /np2.<
російсько-совковий /adj
росіянець /n22.a.p.<
росіянський /adj
рофл /n20.a.u.p
рофлити /v1.it0.is0 :imperf
рохля /n10.p2
ружжо /n2n
рулити /v1.cf :imperf          # rv_oru
рульний /adj
рульожка /n10.p2
русня /n10
русскій noninfl
руфер /n20.a.p.ke.<
руферка /n10.p2.<
руферський /adj
руфінг /n20
сабж /n20.p
садо-мазо noun:n:nv
сайдмен /n20.a.p.<
сайд-проєкт /n20.p
сай-фай /n20
салабон /n20.a.p.<
салабонський /adj
салага /n10.p1.<m
самашедший /adj
самольот /n20.a.p
самопальний /adj
санітайзер /n20.a.p.ke
сасний /adj
саунд /n20
саундбар /n20.a.p.ke
саундчек /n20.p
СБУшник /n20.a.p.<
сбушник /n20.a.p.<
свайпати /v2.cf.advp :imperf
свєжак /n20.a.p
свинособака /n10.p1.<
свиноцуценя /n40.p.<>
світчер /n20.a.p.ke.<
світчерка /n10.p2.<
священноначаліє /n2n
сейв /n20.p
сейшенити /v1.cf.advp :imperf
сейшн /n20.p
секстер /n20.a.p.<
сек'юриті noun:m:nv|noun:m:nv:anim
сек'юріті noun:m:nv|noun:m:nv:anim
селебретіз noun:p:nv:ns:anim
селебриті noun:p:nv:ns:anim
селебритіз noun:p:nv:ns:anim
селебритіс noun:p:nv:ns:anim
селебріті noun:m:nv:ns:anim|noun:f:nv:ns:anim
селебрітіз noun:p:nv:ns:anim
селебрітіс noun:p:nv:ns:anim
селфач /n20.a.p
селфитися /vr1.cf.advp :imperf
селф-мейд noninfl
сепар /n20.a.p.ke.<
сепарка /n10.p2.<
сепарня /n10
сепарюга /n10.p1.< :+m
сервак /n20.a.p
серіаломан /n20.a.p.<
сетинг /n20
сетінг /n20
сет-топ-бокс /n20.a.p
сємки /np3
сєпар /n20.a.p.ke.<
сєпарський /adj
сєпарша /n10.p1.<
синячити /v1.it0.cf.advp :imperf
сідішка /n10.p2
сімп /n20.a.p.<
сімпити /v1.cf :imperf
сініор /n20.a.p.<
сіньйор /n20.a.p.<
сіті-менеджер /n20.a.p.ke.<
сітком /n20.p
січас adv
скам /n20
скапуститися /vr1 :perf
скетчбук /n20.a.p
скіл /n20.a.p
скін /n20.a.p.<                     # :xp1 скінхед
скін /n20.p :xp2                    # :xp2 в інтерфейсі програм
скінні noninfl
скомунячений /adj :&adjp:pasv:perf
скомунячити /v1.is0.it0 :perf                          # rv_zna
скрайберка /n10.p2.<
скрейпінг /n20
скрепа /n10.p1
скрепний /adj
скрєпа /n10.p1
скрєпний /adj
скриптинг /n20
скрін /n20.p
скролити /v1.cf.advp.it0 :imperf                # rv_zna:rv_oru
скролінг /n20
слайс /n20.p
слатшеймити /v1.it1.cf.advp :imperf
слатшеймінг /n20
слей noninfl
слем-данк /n20.p
слідачка /n10.p2.<
сліпер /n20.a.p.ke
слухабельний /adj \
 +cs=слухабельніший
слухальце /n2n.p2
слюр /n20.p
смарт /n20.a
СММник /n20.a.p.<
смотрящий /n2adj1.f.p.<
смотрящій /n2adj1.p.<
снепчат /n20
сніппет /n20.p
сноупарк /n20.p
совдепівський /adj
совдепія /n10
совєтікус /n20.a.p
совєтчина /n10
совєцькій /adj
совкізм /n20
совковість /n30.p
совок /n22.a.p.<
совок /n22.a.u :xp2                    # СРСР
солдаут /n20
соляра /n10
сонграйтер /n20.a.p.ke.<
сонграйтерка /n10.p2.<
соотєчєствєннік /n20.a.p.<
сорі noninfl
соросята /np1.<
соррі intj
сорс /n20.p
софт /n20
софтверний /adj
софтовий /adj
спайс /n20
спацерувати /v1.cf.advp :imperf
спекульнути /v1 :perf                                         # rv_oru
спелчекер /n20.a.p.ke
спецура /n10
спєцназ /n20
спиногриз /n20.a.p.<
спіонерити /v2.is0 :perf                          # rv_zna
спліт /n20
спойлер /n20.p.ke
спойлерити /v1.cf.advp.it1 :imperf
спойлити /v1.cf.advp.it1 :imperf
споттер /n20.a.p.ke.<
старлетка /n10.p2.<
стартапер /n20.a.p.ke.<
стартаперство /n2n
стейблкоїн /n20.a.p
стейкголдер /n20.a.p.ke.<
стейтмент /n20.p
стекінг /n20
стендапер /n20.a.p.ke.<
стендаперка /n10.p2.<
стенити /v1.cf :imperf
стентований /adj
стибрити /v1.is0 :perf                          # rv_zna
стирити /v1.is0 :perf                           # rv_zna
столовик /n20.a.p.<
стопітсот noninfl
стопітьсот noninfl
стоп-моушн noninfl
стопудово adv
стоп'ятсот noninfl
стоп'ятьсот noninfl
сторі noun:f:nv
сторіборд /n20.p
сторіз noun:p:nv
сторіс noun:p:nv
стримити /v1.cf.advp :imperf
стрім /n20.p
стрітстайлер /n20.a.p.ke.<
стріт-фуд /n20
стрьом /n20.p
стрьомний /adj.adv
стрьомнуватий /adj
студики /np2.<
стьоб /n20
стьобний /adj.adv
стьоб-реальність /n30
суперпрофі noun:m:nv:anim
суперсейв /n20.p
суперфуд /n20.p
сурйозний /adj
сфолити /v1 :perf
схавати /v2 :perf             # rv_zna:rv_oru
схалявити /v1 :perf
схематоз /n20.p
схематозний /adj
схематозник /n20.a.p.<
сходняк /n20.p
сюрвеєр /n20.a.p.ke.<
сюрвеєрський /adj
тайм-брейк /n20.p
таймлайн /n20.p
тайм-лайн /n20.p
тайм-слот /n20.p
тайпістка /n10.p2.<
такоє noninfl
таргет /n20
тату noun:n:nv
татуха /n10.p1
татушка /n10.p2
таунхауз /n20.a.p
тафгай /n20.a.p.<
тачпад /n20.p
тач-панель /n32.p
тачскрин /n20.a.p
тачскрін /n20.p
тач-скрін /n20.p
тваринізм /n20
твітерський /adj
твіттеряни /np1.<
твітувати /v1.cf.advp :imperf
тейк /n20.p
телемило /n2n
телепузик /n20.a.p.<
телепул /n20
телефрик /n20.a.p.<
телеящик /n20.a
телик /n20.a.p
темплейт /n20.p
теплак /n20.a.p
терорашист /n20.a.p.<
тест-драйв /n20.p
тєлік /n20.a.p
тєрпіла /n10.p1.< :+m
тизер /n20.a.u.p.ke
типок /n22.a.p.<
типу part
тирити /v1.cf.advp :imperf                      # rv_zna
тізер /n20.a.u.p.ke
тікет /n20.a.p
тільт /n20
тімбилдінг /n20
тімбілдинг /n20
тімбілдінг /n20
тіпа noninfl:&insert
тіпок /n22.a.p.<
тобіш noninfl
товаріщ /n20.a.p.<
тоддлер /n20.a.p.ke.<
толераст /n20.a.p.<
тольки adv|conj:subord|conj:coord|part
топікстартерка /n10.p2.<
топтун /n20.a.p.ke.<
тормозок /n22.a.p
торчати /v1.cf.advp :imperf
торчок /n22.a.p.<
точняк /n20.a.p.ke.<            # людина з технічною освітою чи відповідним складом розуму, розм. технар
точняк adv                      # точно
тошнотик /n20.a.p
трабл /n20.p
траблмейкер /n20.a.p.ke.<
траблшутерка /n10.p2.<
тралік /n20.a.p
трампономіка /n10
трасовичка /n10.p2.<
тревел-шоу noun:n:nv
трейд-юніон /n20.p
тремпель /n20.a.p
тренд-хантерка /n10.p2.<
трешак /n20
трешевий /adj \
 +cs=трешевіший
трешевий /adj
трешевість /n30
трєніки /np2
триб'ют /n20
тригерити /v1.cf.advp :imperf                          # rv_zna:rv_oru
триндець /n22.a
тріаж /n20
тролік /n20.a.p
труселі /np2
трусєлі /np2
трушний /adj
трюльник /n20.a                   # 3 очки
трюльники /np2
тулбар /n20.a.p.ke
тулчейн /n20.p
тусня /n10
тусняк /n20.p
тутика adv
тушканізація /n10
тьолка /n10.p2.<
тягомотина /n10
тян noun:anim:f:nv:np
тянка /n10.p2.<
уанет /n20
уберменш /n20.a.p.< 
уважаємий /adj
уважуха noninfl
угарно adv
уересерівський /adj
ужас noninfl
ужос noninfl
узувачка /n10.p2 :v-u
уклоніст /n20.a.p.<
укри /np2.<
укронацист /n20.a.p.<
укроп /n20.a.p.<
укропівець /n22.a.p.<
ульотість /n30
ульотний /adj.adv
умнік /n20.a.p.<
унтерменш /n20.a.p.<
урка /n10.p2.<m
устаканений /adj :&adjp:pasv:perf
устаканити /v1.is0 :perf                          # rv_zna:rv_oru:rv_dav
устаканитися /vr1 :perf                           # rv_oru
устаканюватися /vr1.cf.advp :imperf               # rv_oru
ухилянт /n20.a.p.<
учебка /n10.p2
училка /n10.p2.<
ушльопок /n22.a.p.<
фабінг /n20
фавікон /n20.p
фаєр /n20.a.u.p.ke
файєр /n20.a.u.p.ke
факап /n20.p
факапити /v1.cf :imperf                                     # rv_zna:rv_oru:rv_dav
фактчек /n20
фактчекер /n20.a.p.ke.<
фактчекерка /n10.p2.<
фактчекінг /n20
факт-чекінг /n20
фактчекінговий /adj
фантастіш noninfl
фанфік /n20.p
фанфікер /n20.a.p.<
фанфікшен /n20
фанфікшн /n20
фапати /v2.cf.advp :imperf
фаундер /n20.a.p.ke.<
ФБ-пост /n20.p
феесбешний /adj
феесбешник /n20.a.p.<
феесбешниця /n10.p1.<
феесбістка /n10.p2.<
фейкмейкер /n20.a.p.ke.<
фейкмейкерство /n2n
фейкомет /n20.a.p
фейл /n20
фейр-плей /n20
фейс /n20.p
фейсбучити /v1.cf.advp :imperf
фейсизм /n20
фейсик /n20.a
фейспалм /n20.p
фембой /n20.a.p.<
феменка /n10.p2.ko.<
фемка /n10.p2.<
фенечка /n10.p2
фенічка /n10.p2
феня /n10
ферштейн noninfl:foreign
фетфоб /n20.a.p.<
фетфобія /n10
фетфобка /n10.p2.<
фетфобний /adj
фетшеймер /n20.a.p.<
фетшеймерський /adj
фетшеймити /v1.it1.cf.advp :imperf                          # rv_zna
фетшеймінг /n20
фешн-інфлюенсерка /n10.p2.<
фєня /n10
фігарити /v1.cf.advp :imperf                          # rv_zna:rv_oru:rv_dav
фігачити /v1.cf.advp :imperf                          # rv_zna:rv_oru:rv_dav
фігзна noninfl:&predic
фід /n20.p
фідбек /n20.p
фікрайтер /n20.a.p.ke.<
фіксер /n20.a.p.ke.<
фіксерка /n10.p2.<
фільммейкер /n20.a.p.ke.<
фіфті-фіфті noninfl:&predic
фіча /n10.p1
фішинг /n20
фішинговий /adj
флегмат /n20.a.p.<
флейм /n20.p
флексити /v1.cf.advp :imperf
флешбек /n20.p
флешносій /n20.a.p
флікер /n20.a.p.ke
флуд /n20.p
флудер /n20.a.p.ke.<
флудерка /n10.p2.<
фолловер /n20.a.p.ke.<
фолловити /v1.cf.advp :imperf                          # rv_zna
фоловер /n20.a.p.ke.<
фоловерка /n10.p2.<
фоловити /v1.cf.it1 :imperf                            # rv_zna
фомка /n10.p2
форева noninfl
форсайт /n20
форсайтний /adj
форсити /v1.cf.advp :imperf                          # rv_zna:rv_oru:rv_dav
фотік /n20.a.p
фотнути /v1 :perf                                            # rv_zna:rv_oru
фотожаба /n10.p1
френд /n20.a.p.<
френдиня /n10.p1.<
френдити /v1.cf :imperf                         # rv_zna
френдитися /vr1 :imperf
френдлі adv
френдстрічка /n10.p2
френд-стрічка /n10.p2
фрик /n20.a.p.<
фрикуватий /adj
фрідайвінг /n20
фрік /n20.a.p.<
фрікер /n20.a.p.ke.<
фрікінг /n20
фрікуватий /adj
фрілансити /v1.cf.advp.it0 :imperf
фрірайд /n20.p
фрірайдер /n20.a.p.<
ФСБшник /n20.a.p.<
фсбшник /n20.a.p
фсьо noninfl
фудкорт /n20.p
фуд-корт /n20.p
фудмаркет /n20.p
фултайм noninfl
фуричити /v1.cf :imperf
фуфлижити /v1.cf.advp :imperf
фуфлижний /adj
фуфлижник /n20.a.p.<
фуфлижниця /n10.p1.<
фуфло /n2n
фуфловий /adj
фуфломіцин /n20.p
фуфлятина /n10
хавальник /n20.a.p
хавати /v2.cf.advp :imperf                          # rv_zna
хавчик /n20.a.p
хаєр /n20.p.ke
хаза /n10.p1
хай-енд noninfl
хайкінг /n20
хайлайт /n20.p
хайп /n20.p
хайпанути /v1 :perf
хайпити /v1.cf :imperf
хайповий /adj.adv
хайпожер /n20.a.p.ke.<
хайпонути /v1 :perf
хайпувати /v1.cf.advp :imperf
хай-фай noninfl
хакінг /n20
халатник /n20.a.p.<
халтурщик /n20.a.p.<
халявити /v1.cf.advp :imperf
халявний /adj
халявник /n20.a.p.<
халявно adv
хана noninfl
ханурик /n20.a.p.<
харашо adv|part
хард adv                        # важко
хард /n20.p                     # жорсткий диск
хардкорний /adj
хардкорниця /n10.p1.<
хардлайнер /n20.a.p.ke.<
хардфорк /n20.p
харити /v1.cf.advp :imperf
харитися /vr1.cf.advp.it0 :imperf
харлей /n20.a.p
харя /n10.p1
хаус noninfl
хахлацький /adj
хахол /n22.a.p.ke.<
хвамілія /n10
хвостизм /n20
хв'юрер /n20.a.p.ke.<
хебешний /adj
хевівейт /n20
хедлайнер /n20.a.p.ke.<
хедхантинг /n20
хейт /n20
хейтер /n20.a.p.ke.<
хейтерство /n2n
хейтерський /adj
хейтити /v1 :imperf
хейтспіч /n20
хелпанути /v1 :perf                                          # rv_dav:rv_oru
хендмейд /n20
хенд-мейд /n20
хепі foreign:noninfl
хеппенінг /n20
хеппі noninfl
херня /n10
хз noninfl:abbr                 # хто знає
хитрозроблений /adj
хіккі noninfl
хімічка /n10.p2.<
хіндсайт /n20
хіпарка /n10.p2.<
хіпувати /v1.cf.advp :imperf
хітмейкер /n20.a.p.ke.<
хлюпик /n20.a.p.<
хлюпік /n20.a.p.<
холівар /n20.p.ke
холодомор /n20.ke
хорор /n20.a.u.p.ke
хоррор /n20.a.u.p.ke
хостити /v1.cf.it1 :imperf                              # rv_zna:rv_dav:rv_oru
хоститися /vr1.cf.advp :imperf                          # rv_oru
хотєлка /n10.p2
хотілка /n10.p2
хот-спот /n20.p
хоумскулер /n20.a.p.ke.<
хоумскулінг /n20
хохлацький /adj
хохма /n10.p1
хреновий /adj.adv \
 +cs=хреновіший
хрєн noninfl
хрєново adv
хрєнь /n32
хріновина /n10.p1
хріново adv
хрінуватий /adj
хрінь /n32
хромбук /n20.a.p
хтивка /n10.p2
хтонь /n32
хуна /n10.p1
цапанути /v1 :perf                          # rv_zna:rv_oru
цвай noninfl:foreign
цейво part
цеківський /adj
цекіст /n20.a.p.<
цековський /adj
чайлдфрі noninfl
чайлдфрішник /n20.a.p.<
чайлдфрішниця /n10.p1.<
чарм /n20
чекап /n20.p
чекін /n20
чекінитися /vr1.cf.advp :imperf
чек-лист /n20.a.p
чекнути /v1 :perf                                   # rv_zna
чекпойнт /n20.p
чек-пойнт /n20.p
челендж /n20.p
челенджер /n20.a.p.ke.<
челенж /n20.p
чепе noun:n:nv
чесслово noninfl
чефір /n20
чєловєк /n20.a.p.<
чистоган /n20
читер /n20.a.p.<
читерити /v1.cf.advp :imperf
читерка /n10.p2.<
читерство /n2n
читерський /adj
чікі-пікі adv
чікса /n10.p1
чілити /v1.it0.is0 :imperf
чіт /n20.p
чітер /n20.a.p.<
чітерка /n10.p2.<
чітерство /n2n
чітерський /adj
чіфдом /n20
членовоз /n20.a.p
чмирити /v1.it1.cf.advp :imperf                          # rv_zna:rv_oru
чмо /n2n
чмобик /n20.a.p.<
чмобік /n20.a.p.<
чмоня /n10.p1.< :+m
чмошний /adj
чмошник /n20.a.p.<
чмошниця /n10.p1.<
чо noninfl
чокер /n20.a.p
чокнутий /adj
чопер /n20.a.p.ke
чорнобаїти /v1 :imperf                          # rv_zna:rv_oru
чось noninfl
чотко adv
чувіха /n10.p1.<
чурка /n10.p2.<m
чучмек /n20.a.p.<
чьо noninfl
чьотко adv
шабашка /n10.p2
шакалити /v1.cf :imperf
шалава /n10.p1.<
шалман /n20.p
шара /n10
шарабахнути /v1 :perf                                            # rv_zna:rv_oru:rv_dav
шарага /n10.p1
шаражка /n10.p2
шарашка /n10.p2
шаритися /vr1.it0.cf.advp :imperf
шатдаун /n20.a.u.p
шатл-бас /n20.a.p
шеймити /v1.it1 :imperf                          # rv_zna
шелтер /n20.a.p.ke
шеринг /n20
шерити /v1.cf :imperf                          # rv_zna:rv_oru
шерінг /n20
шестьорка /n10.p2.<
шиза /n10
шизанутий /adj
шизанутися /vr1 :perf
шизанутість /n30
шизик /n20.a.p.<
шизік /n20.a.p.<
шизіти /v2.cf.advp :imperf
шизонутий /adj
шизонутися /vr1 :perf
шизофашизм /n20
шизуха /n10
шингл /n20.a.p
ширка /n10
ширнутися /vr1 :perf
шкари /np2
шкет /n20.a.p.<
шконка /n10.p2
шлангувати /v1.cf.advp :imperf
шлепер /n20.a.p.ke.<                    # :xp1 злодій нижчої касти
шльопер /n20.a.p.ke.<
шляхопрокладач /n20.a.p
шляхотський /adj
шмаль /n32
шманати /v2.cf.advp :imperf                          # rv_zna
шмара /n10.p1.<
шмон /n20.p
шмонати /v2.cf.advp :imperf                          # rv_zna
шмоточниця /n10.p1.<
шниряти /v2.cf.advp :imperf                          # rv_oru
шнобель /n20.a.p
шняга /n10.p1
шобла /n10.p1
шобло /n2n.p1
шолі noninfl
шольцування /n2n
шопер /n20.a.p.ke.<
шопінголік /n20.a.p.<
шоппінг /n20
шортлист /n20.a.p
шорт-лист /n20.a.p
шортліст /n20.a.p
шорт-ліст /n20.a.p
шота noninfl
шото noninfl
шоуранер /n20.a.p.ke.<
шоуранерка /n10.p2.<
шоураннер /n20.a.p.<
шпійон /n22.a.p
шпрехати /v2.cf.advp :imperf
штемп /n20.a.p.<
штиблет /n20.a.p
штин /n20
штиняти /v2.cf.advp :imperf                          # rv_oru
штирити /v1.cf :imperf                          # rv_zna
шугатися /vr2.cf.advp :imperf                          # rv_rod
шурупати /v2.cf.advp :imperf
шутер /n20.a.u.p :xp1                            # :xp1 гра-стрілялка
шухер /n20.ke
ща noninfl
щас noninfl
щипач /n20.a.p.<
щурятництво /n2n
щурятничати /v2.cf.advp :imperf
юзабіліті noninfl
юзати /v2.cf.advp :imperf        # rv_zna:rv_oru
юзер /n20.a.p.ke.<
юзербар /n20.a.p.ke
юзерка /n10.p2.<
юзернейм /n20.p
юнармія /n10
юніт /n20.p
юніт-тест /n20.p
юніт-тестування /n2n.p1
юрик /n20.a.p.<                  # :xp2 юридична особа
юсб noninfl
ядерка /n10
